ARM GAS  C:\Users\hgray\AppData\Local\Temp\ccXoq8g7.s 			page 1


   1              		.cpu cortex-m0
   2              		.eabi_attribute 20, 1
   3              		.eabi_attribute 21, 1
   4              		.eabi_attribute 23, 3
   5              		.eabi_attribute 24, 1
   6              		.eabi_attribute 25, 1
   7              		.eabi_attribute 26, 1
   8              		.eabi_attribute 30, 2
   9              		.eabi_attribute 34, 0
  10              		.eabi_attribute 18, 4
  11              		.file	"board.c"
  12              		.section	.gnu.lto_.profile.1824caa0,"",%progbits
  13 0000 789C6363 		.ascii	"x\234cc```\001bF\006\027}\000\001/\000\177"
  13      60606001 
  13      62460617 
  13      7D00012F 
  13      007F
  14              		.text
  15              		.section	.gnu.lto_.icf.1824caa0,"",%progbits
  16 0000 789C6363 		.ascii	"x\234cc``\020a@\000f\206]\333\276\275\344`\374\260g"
  16      60601061 
  16      40006686 
  16      5DDBBEBD 
  16      E460FCB0 
  17 0015 CB7546A6 		.ascii	"\313uF\246\033\347:ZY\030\000i4\011g"
  17      1BE73A5A 
  17      59180069 
  17      340967
  18              		.text
  19              		.section	.gnu.lto_.jmpfuncs.1824caa0,"",%progbits
  20 0000 789C6363 		.ascii	"x\234cc``\340e@\000f f\0041\230\200\030\000\002H\000"
  20      6060E065 
  20      40006620 
  20      66043198 
  20      80180002 
  21 0016 1A       		.ascii	"\032"
  22              		.text
  23              		.section	.gnu.lto_.inline.1824caa0,"",%progbits
  24 0000 789C6363 		.ascii	"x\234cc``pa@\000f\006\006]\035F\006\246\220\005\023"
  24      60607061 
  24      40006606 
  24      065D1D46 
  24      06A69005 
  25 0015 5819D816 		.ascii	"X\031\330\026\3103\201\004\031\031X\305\200b@\026\\"
  25      C8338104 
  25      191958C5 
  25      80624016 
  25      5C
  26 0026 840B4630 		.ascii	"\204\013F0103\241\3121\000\000\335\314\004\307"
  26      313033A1 
  26      CA310000 
  26      DDCC04C7 
  27              		.text
  28              		.section	.gnu.lto_.pureconst.1824caa0,"",%progbits
  29 0000 789C6363 		.ascii	"x\234cc```\007bf\006)F\011&\006\000\001\235\000F"
  29      60606007 
  29      62660629 
ARM GAS  C:\Users\hgray\AppData\Local\Temp\ccXoq8g7.s 			page 2


  29      46092606 
  29      00019D00 
  30              		.text
  31              		.section	.gnu.lto_stm32_gpio_init.1824caa0,"",%progbits
  32 0000 789CA598 		.ascii	"x\234\245\230\333SSG\034\307\317o\317\311E@\354C;\343"
  32      DB535347 
  32      1CC7CF6F 
  32      CFC94540 
  32      EC433BE3 
  33 0014 B43EF8E2 		.ascii	"\264>\370\342\203\235\216i\355K\037:\343Ckg:\235\266"
  33      839D8E69 
  33      ED4B1F3A 
  33      E3436B67 
  33      3A9DB6
  34 0027 D3EA74DA 		.ascii	"\323\352t\332\207\216\243\266\265\314t\212S\377\000"
  34      878EA3B6 
  34      B5CC748A 
  34      53FF00
  35 0036 0E17258A 		.ascii	"\016\027%\212V\212\022\024\243\306*\025A\210x\001\271"
  35      568A1214 
  35      A3C62A15 
  35      41887801 
  35      B9
  36 0047 2680B7B6 		.ascii	"&\200\267\266r\021\201ZQ\244\240D\024\024\304\013h!"
  36      7211815A 
  36      51A4A044 
  36      1414C40B 
  36      6821
  37 0059 DDFD9DDD 		.ascii	"\335\375\235\335\220C\210ec\206\204\344\\>\337\335\337"
  37      90438865 
  37      638684E4 
  37      5C3EDFDD 
  37      DF
  38 006a 6F3FE710 		.ascii	"o?\347\020\254\212\242,{EQ>\242\277_\243OP\025 \331"
  38      AC8AA22C 
  38      7B45513E 
  38      A2BF5FA3 
  38      4F501520 
  39 007f CD8A926A 		.ascii	"\315\212\222j'\000\354\215n\007%\205@\012lUw\252\320"
  39      2700EC8D 
  39      6E072585 
  39      400A6C55 
  39      77AAD0
  40 0092 90D95F49 		.ascii	"\220\331_I\026\037\326\351\303\237\3670n\257\336\252"
  40      161FD6E9 
  40      C39FF730 
  40      6EAFDEAA 
  41 00a2 AB6E5551 		.ascii	"\253nUQ\\\364\311\036p\002\026+\364\270\336\262\311"
  41      5CF4C91E 
  41      7002162B 
  41      F4B8DEB2 
  41      C9
  42 00b3 DCB956CD 		.ascii	"\334\271V\315\330\016'\301\252\000}\343m\263\370\365"
  42      D80E27C1 
  42      AA007DE3 
  42      6DB3F8F5 
  43 00c3 C960A6EE 		.ascii	"\311`\246\356\277v\010\362>y\003\024\267\012\204\275"
ARM GAS  C:\Users\hgray\AppData\Local\Temp\ccXoq8g7.s 			page 3


  43      BF7608F2 
  43      3E790314 
  43      B70A84BD 
  44 00d3 A8EC4563 		.ascii	"\250\354Ec/\212\342\244\347\320d\335\257lV\011{\227"
  44      2F8AE2A4 
  44      E7D064DD 
  44      AF6C5609 
  44      7B97
  45 00e5 EE57EE40 		.ascii	"\356W\356@C\325@\335\267\214\224\257\002\015pmlh\261"
  45      43D540DD 
  45      B78C94AF 
  45      020D706D 
  45      6C68B1
  46 00f8 65D16C02 		.ascii	"e\321l\002,\257\313\333t\327n|\324=N]\243\233\016y\313"
  46      2CAFCBDB 
  46      74D76E7C 
  46      D43D4E5D 
  46      A39B0E79 
  47 010d F68007F6 		.ascii	"\366\200\007\366\245\322\261.t\253*\224\303\0028\005"
  47      A5D2B12E 
  47      74AB2A94 
  47      C3023805 
  48 011d 0B14767C 		.ascii	"\013\024v|\316\211\366\257\035%z\006\270U\015*\350a"
  48      CE89F6AF 
  48      1D257A06 
  48      B8550D2A 
  48      E861
  49 012f B9380138 		.ascii	"\2718\0018\015\016\232\225>\266\011\214(b\244\345\014"
  49      0D0E9A95 
  49      3EB6098C 
  49      2862A4E5 
  49      0C
  50 0140 565C9DC3 		.ascii	"V\\\235\303\360\000\272>F\240\222b\350\220\332\267\340"
  50      F000BA3E 
  50      46A09262 
  50      E890DAB7 
  50      E0
  51 0151 61526155 		.ascii	"aRaUSa\325\340\240\011\014\364\320.\303Ie\2734\250\231"
  51      5361D5E0 
  51      A0090CF4 
  51      D02EC349 
  51      65BB34A8 
  52 0166 22D58223 		.ascii	"\"\325\202#\274&\032(Pg\014\261\352\210\317bLE\225\032"
  52      BC261A28 
  52      50670CB1 
  52      EA88CF62 
  52      4C45951A 
  53 017a A60FE1AC 		.ascii	"\246\017\341\254i\340\237V\023\215\262^\244\002\365"
  53      69E09F56 
  53      138DB25E 
  53      A402F5
  54 0189 53E80656 		.ascii	"S\350\006V\001M\351\207\264\205\034s)\343\230[es\260"
  54      014DE987 
  54      B4851C73 
  54      29E3985B 
  54      6573B0
  55 019c 006BE248 		.ascii	"\000k\342HS~_\"\373h\205\205\364c\326\255\302T\242."
ARM GAS  C:\Users\hgray\AppData\Local\Temp\ccXoq8g7.s 			page 4


  55      537E5F22 
  55      FB688585 
  55      F463D6AD 
  55      C254A22E 
  56 01b0 C396978F 		.ascii	"\303\226\227\217\344\225\300\242\203\272\236\246\373"
  56      E495C0A2 
  56      83BA9EA6 
  56      FB
  57 01bd 3B8B5F3D 		.ascii	";\213_=\220\256_\3205\267j\203\263\240\322e\007gh~#"
  57      90AE5FD0 
  57      35B76A83 
  57      B3A0D265 
  57      0767687E 
  58 01d2 CB6741E7 		.ascii	"\313gA\347`\021[\225i\271F\201l\300\026\260\006\347"
  58      60115B95 
  58      69B94681 
  58      6CC016B0 
  58      06E7
  59 01e4 E97E1AEE 		.ascii	"\351~\032\356\011\322\361\030\371\003\223\336\200\246"
  59      09D2F118 
  59      F90393DE 
  59      80A6
  60 01f2 2EC78460 		.ascii	".\307\204`\335\376GZd\202\035.\314\220\360;&\204Z0\007"
  60      DDFE475A 
  60      64821D2E 
  60      CC90F03B 
  60      26845A30 
  61 0207 09E94F7D 		.ascii	"\011\351O}\243\211)\023\372|\272\301\303ZE\267\215_"
  61      A3892913 
  61      FA7CBAC1 
  61      C35A45B7 
  61      8D5F
  62 0219 1A72C6B3 		.ascii	"\032r\306\263B\275\344V\343\340Oj\326\037\274J\215\371"
  62      42BDE456 
  62      E3E04F6A 
  62      D61FBC4A 
  62      8DF9
  63 022b C1E1045A 		.ascii	"\301\341\004Z\246l]\367x]_\272\325x\270\210\265\"\306"
  63      A66C5DF7 
  63      785D5FBA 
  63      D578B888 
  63      B522C6
  64 023e 99CF0A72 		.ascii	"\231\317\012r\312\355\224\266\213\356Od\343h\002\207"
  64      CAED94B6 
  64      8BEE4F64 
  64      E3680287 
  65 024e E15633A4 		.ascii	"\341V3\244\030\335\330\333Q\010!\3752P\323\356\243V"
  65      18DDD8DB 
  65      510821FD 
  65      3250D3EE 
  65      A356
  66 0260 36385602 		.ascii	"68V\0024\321\245B\270\241\320\002Vhe\220V,@h\0066<\254"
  66      34D1A542 
  66      B8A1D002 
  66      56686590 
  66      562C4068 
  67 0278 B4B32990 		.ascii	"\264\263)\220HGK;\227\300\312\005\227\370`o6\3579\227"
ARM GAS  C:\Users\hgray\AppData\Local\Temp\ccXoq8g7.s 			page 5


  67      48474B3B 
  67      97C0CA05 
  67      97F8606F 
  67      36EF3997 
  68 028c 68AC46CF 		.ascii	"h\254F\317\341\334\371\254\261m8X\025\221\012\\\306"
  68      E1DCF9AC 
  68      B16D3858 
  68      15910A5C 
  68      C6
  69 029d 35E91DAC 		.ascii	"5\351\035\254\034\237k\230\243@\273X4%t\230<oV\001k"
  69      1C9F6B98 
  69      A340BB58 
  69      34257498 
  69      3C6F5601 
  70 02b2 18BE03F1 		.ascii	"\030\276\003\361\032\307w\"~\307\275+]!1\365\236y\360"
  70      1AC77722 
  70      7EC7BD2B 
  70      5D2131F5 
  70      9E79F0
  71 02c5 9788A88D 		.ascii	"\227\210\250\215%\342\012FXx\304\337\030\321\354\364"
  71      25E20A46 
  71      5878C4DF 
  71      18D1ECF4 
  72 02d5 551223A2 		.ascii	"U\022#\242\275\250\243\310\012WEDS,\021]\030a\345\021"
  72      BDA8A3C8 
  72      0A574544 
  72      532C115D 
  72      1861E511 
  73 02e9 D730A2E0 		.ascii	"\3270\242\340\351\263a\325\210\010\006U\270.\002\256"
  73      E9B361D5 
  73      88080655 
  73      B82E02AE 
  74 02f9 C712D08D 		.ascii	"\307\022\320\215\0016\036p\203.\221P\331\207b\341\365"
  74      01361E70 
  74      832E9150 
  74      D98762E1 
  74      F5
  75 030a 20CFCE79 		.ascii	" \317\316y\377\204\363&b\341\365\"o\016\347\365a\001"
  75      FF84F326 
  75      62E1F522 
  75      6F0EE7F5 
  75      6101
  76 031c BAFB6A86 		.ascii	"\272\373j\206-\2416\372\011\334\344bz](&.\336\320e\202"
  76      2DA136FA 
  76      09DCE462 
  76      7A5D2826 
  76      2EDED065 
  77 0331 2D6725FC 		.ascii	"-g%\374\242!u)\270\205\242z**\002v~)p\262KA\2779QV\377"
  77      A2217529 
  77      B885A27A 
  77      2A2A0276 
  77      7E2970B2 
  78 034c 0052FFDF 		.ascii	"\000R\377\337\367\333Q|\2576|\037\300\342\304E\361\375"
  78      F7DB517C 
  78      AF367C1F 
  78      C0E2C445 
  78      F1FD
ARM GAS  C:\Users\hgray\AppData\Local\Temp\ccXoq8g7.s 			page 6


  79 035e 8EF0FDEE 		.ascii	"\216\360\375\356s|\177L}\247\243a\363\234\321\367AZ"
  79      737C7F4C 
  79      7DA7A361 
  79      F39CD1F7 
  79      415A
  80 0370 C0210619 		.ascii	"\300!\006\031\302Y\326\356\310\276\014\242q\375a\215"
  80      C259D6EE 
  80      C8BE0CA2 
  80      71FD618D 
  81 0380 73E5775E 		.ascii	"s\345w^\264\230\005\277'\004\037d\347\337\017_\012h"
  81      B49805BF 
  81      27041F64 
  81      E7DF0F5F 
  81      0A68
  82 0392 B4041197 		.ascii	"\264\004\021\227\302\2600\032y#\270\024F\3523O&\030"
  82      C2B0301A 
  82      7923B814 
  82      46EA334F 
  82      2618
  83 03a4 4B61D806 		.ascii	"Ka\330\006\017L:\313\362G\205\316\310\177\210\374\266"
  83      0F4C3ACB 
  83      F24785CE 
  83      C87F88FC 
  83      B6
  84 03b5 D202A766 		.ascii	"\322\002\247f\360;\250\316\026xd\322Y6\342\261\320\031"
  84      F03BA8CE 
  84      167864D2 
  84      5936E2B1 
  84      D019
  85 03c7 239ED092 		.ascii	"#\236\320\222\230\355\225\345\215\011{\2217\036a\257"
  85      98ED95E5 
  85      8D097B91 
  85      371E61AF 
  86 03d7 2CEFA9B0 		.ascii	",\357\251\260\027y\317\"\354\225\345\375+\354E\336\004"
  86      1779CF22 
  86      EC95E5FD 
  86      2BEC45DE 
  86      04
  87 03e8 E73171AA 		.ascii	"\3471q\252\271\252\267L\252\006^D\325I\224\252\356\266"
  87      B9AAB74C 
  87      AA065E44 
  87      D54994AA 
  87      EEB6
  88 03fa A7731E57 		.ascii	"\247s\036W5\233\251\0324'\312\252\252\223\331\251\232"
  88      359BA91A 
  88      3427CAAA 
  88      AA93D9A9 
  88      9A
  89 040b 4A665635 		.ascii	"JfV5`\250\232FX%\342\243\250\232N\270\252\031$\272\252"
  89      60A89A46 
  89      5825E2A3 
  89      A89A4EB8 
  89      AA1924BA 
  90 0420 CD255636 		.ascii	"\315%V6\0326\317\031U\335H\254\260\211P\010}\241\333"
  90      1A36CF19 
  90      55DD48AC 
  90      B0895008 
ARM GAS  C:\Users\hgray\AppData\Local\Temp\ccXoq8g7.s 			page 7


  90      7DA1DB
  91 0433 B31F3FF1 		.ascii	"\263\037?\361\331D\227\202a]j\331\024\374\314lj&\341"
  91      D9449782 
  91      615D6AD9 
  91      14FCCC6C 
  91      6A26E1
  92 0446 A66E64A7 		.ascii	"\246nd\247;\311tSg\017\304\256o&\\T\304m!L\244\007["
  92      3BC97453 
  92      670FC4AE 
  92      6F265C54 
  92      C46D214C 
  93 045d 7A27405C 		.ascii	"z'@\\\263k\364y\220E\302]\225L\330J\270\252\230\260"
  93      B36BF479 
  93      9045C25D 
  93      954CD84A 
  93      B8AA98B0 
  94 0471 0D13BC63 		.ascii	"\015\023\274c7wZ\205\252\365\257\303\317$\334T\311\200"
  94      37775A85 
  94      AAF5AFC3 
  94      CF24DC54 
  94      C980
  95 0483 ED848B8A 		.ascii	"\355\204\213\212\001\331\030\2201\271\275/\236\337w"
  95      01D91890 
  95      31B9BD2F 
  95      9EDF77
  96 0492 C755F885 		.ascii	"\307U\370\205\204\233+\311\317!\\\\\344\357 \323\305"
  96      849B2BC9 
  96      CF215C5C 
  96      E4EF20D3 
  96      C5
  97 04a3 95C4ED24 		.ascii	"\225\304\355$\334[\304\345\222\351\336J\342\\\204k\213"
  97      DC5BC4E5 
  97      92E9DE4A 
  97      E25C846B 
  97      8B
  98 04b4 B83CA381 		.ascii	"\270<\243\2017n\244%\212\006\276\014\273\210aU\200{"
  98      376EA425 
  98      8A06BE0C 
  98      BB886155 
  98      807B
  99 04c6 3C69F298 		.ascii	"<i\362\230.\323\330=\336\215\306\365\370z\256Z\270\307"
  99      2ED3D83D 
  99      DE8DC6F5 
  99      F87AAE5A 
  99      B8C7
 100 04d8 BB98C7F9 		.ascii	"\273\230\307\371\346DY\217\367\314\322cw\024\217G\015"
 100      E644598F 
 100      F7CCD263 
 100      77148F47 
 100      0D
 101 04e9 8FF76269 		.ascii	"\217\367bi\022\242x\274Ox\274\3779\036\367S\217\351"
 101      12A278BC 
 101      4F78BCFF 
 101      391EF753 
 101      8FE9
 102 04fb 68D83C67 		.ascii	"h\330<g\364\330C=>\300\012\177\000\273\226\325\222\336"
 102      F4D8433D 
ARM GAS  C:\Users\hgray\AppData\Local\Temp\ccXoq8g7.s 			page 8


 102      3EC00A7F 
 102      00BB96D5 
 102      92DE
 103 050d 1DBADAD2 		.ascii	"\035\272\332\322\"\204\272\226\223Q\326e7\213\374\253"
 103      2284BA96 
 103      9351D665 
 103      378BFCAB 
 104 051d 10D9C3CE 		.ascii	"\020\331\303\316?\030!\262\004\021\027\302!a2\362\012"
 104      3F1821B2 
 104      041117C2 
 104      216132F2 
 104      0A
 105 052e C279B5B1 		.ascii	"\302y\265\261\360~\023\336\"\3570\345\231\357\247\262"
 105      F07E13DE 
 105      22EF30E5 
 105      99EFA7B2 
 106 053e BC42A129 		.ascii	"\274B\241)\362\216\220\351\367SY^\221\320\022y\305\021"
 106      F28E90E9 
 106      F753595E 
 106      91D01279 
 106      C511
 107 0550 5ACAF28E 		.ascii	"Z\312\362\216\012/\221W\022\341\245,\257T\210\211</"
 107      0A2F9157 
 107      12E1A52C 
 107      AF548889 
 107      3C2F
 108 0562 99BA9F8E 		.ascii	"\231\272\237\216r\017w\207\233\307\226Y\354\036\036"
 108      720F7787 
 108      9BC79659 
 108      EC1E1E
 109 0571 43638A06 		.ascii	"Cc\212\006z\275q\334\303B\346a\0311%\312zx|\226\036"
 109      7ABD71DC 
 109      C342E661 
 109      193125CA 
 109      7A787C96 
 110 0586 9E88E261 		.ascii	"\236\210\342aq\036zx\022+17\212\207\247\204\207\345"
 110      711E7A78 
 110      122B3137 
 110      8A87A784 
 110      87E5
 111 0598 CFF1B0B3 		.ascii	"\317\361\260\263\324\312F\303\3469\243\207\025\324\303"
 111      D4CA46C3 
 111      E639A387 
 111      15D4C3
 112 05a7 D3ACCEA7 		.ascii	"\323\254\316\247\261K9Oj\032\343D\227\312\302\272\264"
 112      B14B394F 
 112      6A1AE344 
 112      97CAC2BA 
 112      B4
 113 05b8 BFD47F2A 		.ascii	"\277\324\177*\301\354a\245\360\260\202\235_\025\341"
 113      C1EC61A5 
 113      F0B0829D 
 113      5F15E1
 114 05c7 A10411FB 		.ascii	"\241\004\021\373^-<D^M\204\207\262\274Z\341!\362\352"
 114      5E2D3C44 
 114      5E4D8487 
 114      B2BC5AE1 
ARM GAS  C:\Users\hgray\AppData\Local\Temp\ccXoq8g7.s 			page 9


 114      21F2EA
 115 05da F002BFAD 		.ascii	"\360\002\277\255\355~\007\377V\325\212\177\352\372L"
 115      ED7E07FF 
 115      56D58A7F 
 115      EAFA4C
 116 05e9 3750D908 		.ascii	"7P\331\010\277P\023#\352#\324\224\3455\0105\221\327"
 116      BF501323 
 116      EA23D494 
 116      E5350835 
 116      91D7
 117 05fb 18A1A62C 		.ascii	"\030\241\246,\357\214P\023yg#\324\224\345\235\023j\""
 117      EF8C5013 
 117      796723D4 
 117      94E59D13 
 117      6A22
 118 060d EF7C989A 		.ascii	"\357|\230\232\305y\206\232\307Lj\036g\237\356\261\257"
 118      C579869A 
 118      C74C6A1E 
 118      679FEEB1 
 118      AF
 119 061e 906EFCA7 		.ascii	"\220n\374\247\030\332\341\244K0\273Y!\212\362\356\222"
 119      18DAE1A4 
 119      4B30BB59 
 119      218AF2EE 
 119      92
 120 062f 250EFAB3 		.ascii	"%\016\372\263\366\373\2445I\311\033\336zg\251#y\203"
 120      F6FBA435 
 120      49C91BDE 
 120      7A67A923 
 120      7983
 121 0641 E3FBD53F 		.ascii	"\343\373\325?8\326$\257\376\351\233\015\216\025+W\255"
 121      38D624AF 
 121      FEE99B0D 
 121      8E152B57 
 121      AD
 122 0652 58F9F1DB 		.ascii	"X\371\361\333K?xs\325\373\037\256x\357\323/\226\177"
 122      4B3F7873 
 122      D5FB1FAE 
 122      78EFD32F 
 122      967F
 123 0664 FE95B16F 		.ascii	"\376\225\261o\311Z\305\262n}R\362z\353\332\344\037\277"
 123      C95AC5B2 
 123      6E7D52F2 
 123      7AEBDAE4 
 123      1FBF
 124 0676 4B5AF71F 		.ascii	"KZ\367\037\210\025\014 "
 124      88150C20 
 125              		.text
 126              		.section	.gnu.lto___early_init.1824caa0,"",%progbits
 127 0000 789C6363 		.ascii	"x\234cc``\270\004\304v@,\015\304\214\314\014\214L\023"
 127      6060B804 
 127      C476402C 
 127      0DC48CCC 
 127      0C8C4C13 
 128 0014 CE313034 		.ascii	"\316104r012\202\030\015\034\214\014\365L\214\365\214"
 128      72303132 
 128      82180D1C 
ARM GAS  C:\Users\hgray\AppData\Local\Temp\ccXoq8g7.s 			page 10


 128      8C0CF54C 
 128      8CF58C
 129 0027 3DCC5398 		.ascii	"=\314S\230\031\017\265?\333\311\244\271\274\001\010"
 129      190FB53F 
 129      DBC9A4B9 
 129      BC0108
 130 0036 0E4CBFC2 		.ascii	"\016L\277\302\327\326\320*1\207\231\201a\032\020\203"
 130      D7D6D02A 
 130      31879981 
 130      611A1083 
 131 0046 00E36646 		.ascii	"\000\343fFM\006\240\262G\033\377M\345ec\201\2103nad"
 131      4D06A0B2 
 131      471BFF4D 
 131      E5656381 
 131      88336E61 
 132 005b 63600432 		.ascii	"c`\0042\326_b=\320\360\357\177{\303\2013\213\031\357"
 132      D65F623D 
 132      D0F0EF7F 
 132      7BC38133 
 132      8B19EF
 133 006e FAB13030 		.ascii	"\372\26100t\000\345\201\2264\034`\350df\002\261\232"
 133      7400E581 
 133      96341C60 
 133      E8646602 
 133      B19A
 134 0080 0F30BC61 		.ascii	"\0170\274al^\260y.3X\027\320\250\235;\337\334f\257\377"
 134      6C5EB079 
 134      2E335817 
 134      D0A89D3B 
 134      DFDC66AF 
 135 0095 DBC03187 		.ascii	"\333\3001\207\231q\0323\320\030\306\255\214\365\014"
 135      99711A33 
 135      D018C6AD 
 135      8CF50C
 136 00a4 7380CA41 		.ascii	"s\200\312A\012\267\312bW\307\004T\267\015\252\356\035"
 136      0AB7CA62 
 136      57C70454 
 136      B70DAAEE 
 136      1D
 137 00b5 63D382DD 		.ascii	"c\323\202\335s\031\301\012A\240\003h\012\320*\240\022"
 137      7319C10A 
 137      41A00368 
 137      0AD02AA0 
 137      12
 138 00c6 1B3D3D7D 		.ascii	"\033==} J\316\310L\312\314/6\2640\322\317/\326\317H"
 138      204ACEC8 
 138      4CCACC2F 
 138      36B430D2 
 138      CF2FD6CF 
 139 00db CCD14FCA 		.ascii	"\314\321O\312O,J)\326\017\016\211\017\016\36156r3\210"
 139      4F2C4A29 
 139      D60F0E89 
 139      0F0EF135 
 139      36723388 
 140 00ef 77F10C76 		.ascii	"w\361\014v\366\017s\015\212\204\310\351%3\000\000\030"
 140      F60F730D 
 140      8A84C8E9 
ARM GAS  C:\Users\hgray\AppData\Local\Temp\ccXoq8g7.s 			page 11


 140      25330000 
 140      18
 141 0100 EB5A07   		.ascii	"\353Z\007"
 142              		.text
 143              		.section	.gnu.lto_boardInit.1824caa0,"",%progbits
 144 0000 789C6363 		.ascii	"x\234cc``\250\003b; \226\006bFf\006F\246\011\347\030"
 144      6060A803 
 144      623B2096 
 144      06624666 
 144      0646A609 
 145 0016 181A3998 		.ascii	"\030\0329\230\030\031A\214\006\016F\206z&\306z\306\036"
 145      1819418C 
 145      060E4686 
 145      7A26C67A 
 145      C61E
 146 0028 E629CC8C 		.ascii	"\346)\314\214\207\332\237\355d\322\\\336\000\004\007"
 146      87DA9FED 
 146      64D25CDE 
 146      000407
 147 0037 A66F106A 		.ascii	"\246o\020jkh\225\230\303\314\3000\015\210A\200q3\243"
 147      6B689598 
 147      C3CCC030 
 147      0D884180 
 147      7133A3
 148 004a 260350D9 		.ascii	"&\003P\331\243\215\377\246\362\262\261@\304\031\267"
 148      A38DFFA6 
 148      F2B2B140 
 148      C419B7
 149 0059 30B23130 		.ascii	"0\26210\002\031\353/\261\036h\370\367\277\275\341\300"
 149      0219EB2F 
 149      B11E68F8 
 149      F7BFBDE1 
 149      C0
 150 006a 97458C5B 		.ascii	"\227E\214[\203\230\030\030:\200\362@K\032\0160t23\201"
 150      83981818 
 150      3A80F240 
 150      4B1A0E30 
 150      74323381 
 151 007e 58CD0718 		.ascii	"X\315\007\030\33616)\200\265\200@\0073#H\030\250\324"
 151      DE313629 
 151      80B58040 
 151      07332348 
 151      18A8D4
 152 0091 464F4F1F 		.ascii	"FOO\037\210\22232\2232\363\213\015-\214\364\363\213"
 152      88923332 
 152      9332F38B 
 152      0D2D8CF4 
 152      F38B
 153 00a3 F5331273 		.ascii	"\3653\022s\364\223\362\023\213R\212\365\203C\342\203"
 153      F493F213 
 153      8B528AF5 
 153      8343E283 
 154 00b3 437C8D8D 		.ascii	"C|\215\215\334\014\342]<\203\235\375\303\\\203\"!rz"
 154      DC0CE25D 
 154      3C839DFD 
 154      C35C8322 
 154      21727A
ARM GAS  C:\Users\hgray\AppData\Local\Temp\ccXoq8g7.s 			page 12


 155 00c6 C90C00F6 		.ascii	"\311\014\000\366e>\""
 155      653E22
 156              		.text
 157              		.section	.gnu.lto_.symbol_nodes.1824caa0,"",%progbits
 158 0000 789C55C8 		.ascii	"x\234U\310\273\011\200P\020\005\321\271o\341\325\245"
 158      BB098050 
 158      1005D1B9 
 158      6FE1D5A5 
 159 0010 7558CC6E 		.ascii	"uX\314n\011\326`\027\232\011\306\346~\002+\021\027\301"
 159      09D66017 
 159      9A09C6E6 
 159      7E022B11 
 159      17C1
 160 0022 C0601838 		.ascii	"\300`\0308\025\3502\312&\207~\205\334\030s\324\264]"
 160      15E832CA 
 160      26877E85 
 160      DC1873D4 
 160      B45D
 161 0034 AECFA668 		.ascii	"\256\317\246hS\016y\371\211N\271\275\002\021\015\230"
 161      530E79F9 
 161      894EB9BD 
 161      02110D98 
 162 0044 60B86E99 		.ascii	"`\270n\231\214%\317\003}A\030\263"
 162      8C25CF03 
 162      7D4118B3 
 163              		.text
 164              		.section	.gnu.lto_.refs.1824caa0,"",%progbits
 165 0000 789C6363 		.ascii	"x\234cc```\004b\006\000\000D\000\010"
 165      60606004 
 165      62060000 
 165      440008
 166              		.text
 167              		.section	.gnu.lto_.decls.1824caa0,"",%progbits
 168 0000 789CAD58 		.ascii	"x\234\255X{T\024\327\031\237;ww\201\345\345\001O\302"
 168      7B5414D7 
 168      199F3B77 
 168      7781E5E5 
 168      014FC2
 169 0013 49CC29CD 		.ascii	"I\314)\315!\206?\032\021\322&\2364\3559\012\030iM\240"
 169      21863F1A 
 169      11D2269E 
 169      34ED390A 
 169      18694DA0 
 170 0027 8B699B86 		.ascii	"\213i\233\206\323\015\302\0329\005\226\302\332\232\223"
 170      D30DC21A 
 170      390596C2 
 170      DA9A93
 171 0036 3F3A3C04 		.ascii	"?:<\004\037\240\202(\362\360\201h\242b\360\211\312K"
 171      1FA08228 
 171      F2F08168 
 171      A262F089 
 171      CA4B
 172 0048 57105010 		.ascii	"W\020P\020DT\020\025\330\030\304G| *\242(\364\273\367"
 172      44541015 
 172      D818C447 
 172      7C202AA2 
 172      28F4BBF7 
ARM GAS  C:\Users\hgray\AppData\Local\Temp\ccXoq8g7.s 			page 13


 173 005c CE32B3C3 		.ascii	"\3162\263\303\322\244m\346\354\2673\337\235\337\375"
 173      D2A46DE6 
 173      ECB733DF 
 173      9DDFFD
 174 006b BEEF7E8F 		.ascii	"\276\357~\217\373\315\214\206\343\270\274\2278.\033"
 174      FBCD8C86 
 174      E3B8BC97 
 174      382E1B
 175 007a 73DC2F10 		.ascii	"s\334/\020\307\215\301\241\202\261\023\234t\020\276"
 175      C78DC1A1 
 175      82B1139C 
 175      7410BE
 176 0089 0AA806E8 		.ascii	"\012\250\006\350\270\342\236\365\370'\314u\205\363g"
 176      B8E29EF5 
 176      F827CC75 
 176      85F367
 177 0098 406F020D 		.ascii	"@o\002\015\001=\002j\005\362\000\232\0124\0350\277\001"
 177      013D026A 
 177      05F2009A 
 177      0A341D30 
 177      BF01
 178 00aa D201FD01 		.ascii	"\322\001\375\001(\034\350\015 7\270\367\000\250\017"
 178      281CE80D 
 178      2037B8F7 
 178      00A80F
 179 00b9 E877C0BF 		.ascii	"\350w\300\277\014\364s\240W\200\274\200^\003\362\006"
 179      0CF473A0 
 179      5780BC80 
 179      5E03F206 
 180 00c9 FA19D03C 		.ascii	"\372\031\320<\240\020\240\371@\037\002\361\242m\177"
 180      A010A0F9 
 180      401F02F1 
 180      A26D7F
 181 00d8 866BF871 		.ascii	"\206k\370q\177A\266v}\011<\026\355\372\024\256+\305"
 181      7F41B676 
 181      7D093C16 
 181      EDFA14AE 
 181      2BC5
 182 00ea 712CAEA7 		.ascii	"q,\256\247j\222\365\374K\224\367\231\310#q\355\312#"
 182      6A92F5FC 
 182      4B94F799 
 182      C82371ED 
 182      CA23
 183 00fc 17A38ADA 		.ascii	"\027\243\212\332\364s\256\275\250\033\201-h\012C#\366"
 183      F473AEBD 
 183      A81B812D 
 183      680A4323 
 183      F6
 184 010d 0F674294 		.ascii	"\017gB\224\037\263\036\210\215\303(\317N\"\2240\326"
 184      1FB31E88 
 184      8DC328CF 
 184      4E229430 
 184      D6
 185 011e 29E235FC 		.ascii	")\3425\374\363\242\014\336*\227\376D\001H.\225\335g"
 185      F3A20CDE 
 185      2A97FE44 
 185      01482E95 
ARM GAS  C:\Users\hgray\AppData\Local\Temp\ccXoq8g7.s 			page 14


 185      DD67
 186 0130 EAAC0767 		.ascii	"\352\254\007g\025/.\002Y5R\221\266\312d\223ll\345\306"
 186      152F2E02 
 186      59355291 
 186      B6CA6493 
 186      6C6CE5C6 
 187 0144 6F8F9B29 		.ascii	"o\217\233)-\022\211N\250,.\273\241\262\240\036\340\347"
 187      2D12894E 
 187      A82C2EBB 
 187      A1B2A01E 
 187      E0E7
 188 0156 72DC5AC7 		.ascii	"r\334Z\3078:z\377y\347Q\214a\231p=\220\337t\226\307"
 188      383A7AFF 
 188      79E7518C 
 188      6199703D 
 188      90DF7496 
 189 016b 1EF4BA7E 		.ascii	"\036\364\272~\325\262-\332\031{\004v8n\306\034:\214"
 189      D5B22DDA 
 189      197B0476 
 189      386EC61C 
 189      3A8C
 190 017d B0D5A1F5 		.ascii	"\260\325\241\365cO\314\356\2530\362\320\"\036\330\366"
 190      634FCCEE 
 190      AB30F2D0 
 190      221ED8F6 
 191 018d 81339B9C 		.ascii	"\2013\233\234\201\235\252ES\200\335\2239\226\253\366"
 191      819DAA45 
 191      5380DD93 
 191      3996ABF6 
 192 019d DA4026AE 		.ascii	"\332@&\256M\025\246\360\350\263\227P\005\232\206\216"
 192      4D15A6F0 
 192      E8B39750 
 192      059A868E 
 193 01ad A269604E 		.ascii	"\242i`N%\362\202\377x\025\223\324\220\276\355\254\346"
 193      25F282FF 
 193      781593D4 
 193      90BEEDAC 
 193      E6
 194 01be F5AD82D9 		.ascii	"\365\255\202\331\"\230\307\012|K+o\012\202VE@\250\034"
 194      2298C70A 
 194      7C4B2B6F 
 194      0A825645 
 194      40A81C
 195 01d1 617404CD 		.ascii	"at\004\315 K('\252\321!dA\350 \352\205\365U\241\327"
 195      204B2827 
 195      AAD12164 
 195      41E820EA 
 195      85F555A1 
 196 01e6 61F283BB 		.ascii	"a\362\203\273kZ\335q.\242\026\237}r\177\267\003H\332"
 196      6B5ADD71 
 196      2EA2169F 
 196      7D727FB7 
 196      0348DA
 197 01f9 0A923A2A 		.ascii	"\012\222:*]\012\004s\012\030\300SQ\325\222\250j\245"
 197      5D0A0473 
 197      0A18C053 
 197      51D592A8 
ARM GAS  C:\Users\hgray\AppData\Local\Temp\ccXoq8g7.s 			page 15


 197      6AA5
 198 020b A81A2AEA 		.ascii	"\250\032*\352L\177\367\227\270\230I\312K\336\324\347"
 198      4C7FF797 
 198      B89849CA 
 198      4BDED4E7 
 199 021b 0292F681 		.ascii	"\002\222\366\201\244\332\020\033A\307$A\307\224\202"
 199      A4DA101B 
 199      41C72441 
 199      C79482
 200 022a 8E5341C2 		.ascii	"\216SA\302\315\252\253\356\270\224IZ\263{\3451'\220"
 200      CDAAABEE 
 200      B894495A 
 200      B37BE531 
 200      2790
 201 023c 641104F3 		.ascii	"d\021\004\363\215\275\336#\251\351YB1\242>@fI\224Y\364"
 201      8DBDDE23 
 201      A9E95942 
 201      31A23E40 
 201      66499459 
 202 0251 2C3A4145 		.ascii	",:AE\234K\333W\204\231wUd\225-\005\337\2711\357z\003"
 202      9C4BDB57 
 202      84997755 
 202      64952D05 
 202      DFB931EF 
 203 0267 5B75A4BA 		.ascii	"[u\244\272A\315\356\316\004vx\343\262\257\021~\314\364"
 203      41CDEECE 
 203      047678E3 
 203      B2AF117E 
 203      CCF4
 204 0279 759FDA55 		.ascii	"u\237\332UJf\276\251E$7\334ah\357\235\212\247\256l\210"
 204      4A66BEA9 
 204      452437DC 
 204      6168EF9D 
 204      8AA7AE6C 
 205 028e 20DAD70C 		.ascii	" \332\327\014nw\300#\024\316\367v\215\\uCZ\337\345\202"
 205      6E77C023 
 205      14CEF776 
 205      8D5C7543 
 205      5ADFE582 
 206 02a2 90226C4D 		.ascii	"\220\"lM\025\234\346q\250\016\002U\013\201BM\310\227"
 206      159CE671 
 206      A80E0255 
 206      0B81424D 
 206      C897
 207 02b4 4C2226A2 		.ascii	"L\"&\242F\030l\200\301\257HL\315ON\3756\177P\020\274"
 207      46186C80 
 207      C1AF484C 
 207      CD4F4EFD 
 207      367F5010 
 208 02c9 D169A445 		.ascii	"\321i\244E\247\244e\274\251e1\335\265={\233\006\337"
 208      A7A465BC 
 208      A96531DD 
 208      B53D7B9B 
 208      06DF
 209 02db A549C557 		.ascii	"\245I\305W\025^\257\347'\323\3212\271\216\236\327\033"
 209      155EAFE7 
 209      27D3D132 
ARM GAS  C:\Users\hgray\AppData\Local\Temp\ccXoq8g7.s 			page 16


 209      B98E9ED7 
 209      1B
 210 02ec 9611AF9F 		.ascii	"\226\021\257\237\001\035\315\222\016P\311\224ll\337"
 210      011DCD92 
 210      0E50C994 
 210      6C6CDF
 211 02fb 1FAC05A1 		.ascii	"\037\254\005\241\251?J(L(|\330}\313\211\371\315\027"
 211      A93F4A28 
 211      4C287CD8 
 211      7DCB89F9 
 211      CD17
 212 030d D8E68EE2 		.ascii	"\330\346\216\34225n\307\324+-7\366\267;\340K\214\261"
 212      32356EC7 
 212      D42B2D37 
 212      F6B73BE0 
 212      4B8CB1
 213 0320 FADB83F9 		.ascii	"\372\333\203\371;\257\342\332\200\033\266\260{\331u"
 213      3BAFE2DA 
 213      801BB6B0 
 213      7BD975
 214 032f 8F1F3AE3 		.ascii	"\217\037:\343>\306\334K\273nqf@/\"dE\316z\036\337\022"
 214      3EC6DC4B 
 214      BB6E7166 
 214      402F2264 
 214      45CE7A1E 
 215 0345 85B4D5AD 		.ascii	"\205\264\325\255t\302\017\030c\255\017\017V\037+Ot\245"
 215      74C20F18 
 215      63AD0F0F 
 215      561F2B4F 
 215      74A5
 216 0357 3BE1A7EC 		.ascii	";\341\247\354^\361\315\212u\356XPQ\246\240\352Q\223"
 216      5EF1CD8A 
 216      75EE5850 
 216      51A6A0EA 
 216      5193
 217 0369 185B4760 		.ascii	"\030[G`\253\257\224\373\341\025\354\326\256\212\254"
 217      ABAF94FB 
 217      E115ECD6 
 217      AE8AAC
 218 0378 6FD53887 		.ascii	"o\3258\2071\337\035I\033R\341\015\214i\253\264\\w\303"
 218      31DF1D49 
 218      1B52E10D 
 218      8C69ABB4 
 218      5C77C3
 219 038b 858CD9D9 		.ascii	"\205\214\331\331_\264\332\205I\230\005\354`\311\336"
 219      5FB4DA85 
 219      499805EC 
 219      60C9DE
 220 039a 2D88E58E 		.ascii	"-\210\345\216\031\003\177\241\342\342rg\274\231b\247"
 220      19037FA1 
 220      E2E27267 
 220      BC9962A7 
 221 03aa DCED3ED8 		.ascii	"\334\355>\330\354\200|||<}\254\207\257\217\3176!-U0"
 221      EC807C7C 
 221      7C3C7DAC 
 221      87AF8FCF 
 221      36212D55 
ARM GAS  C:\Users\hgray\AppData\Local\Temp\ccXoq8g7.s 			page 17


 222 03bf 7766E2CC 		.ascii	"wf\342\314oVf\011[k\021j\205\020t@\010\372\221\247\344"
 222      6F566609 
 222      5B6B116A 
 222      85107440 
 222      08FA91A7 
 223 03d4 E58BB498 		.ascii	"\345\213\264\230\353\310?\307\246\264/\206RI\303\024"
 223      EBC83FC7 
 223      A6B42F86 
 223      5249C314 
 224 03e4 DEA5845F 		.ascii	"\336\245\204_\232\000o\212\221\340\365J\370I\012\367"
 224      9A006F8A 
 224      91E0F54A 
 224      F8490AF7 
 225 03f4 27E86CBA 		.ascii	"'\350l\272\217\000!\025\207\276\005\200\205\336#p\010"
 225      8F002115 
 225      87BE0580 
 225      85DE2370 
 225      08
 226 0405 311A8068 		.ascii	"1\032\200h\337B>\350&\320 \320m\240{@}@\337\003}\007"
 226      DF423EE8 
 226      26D020D0 
 226      6DA07B40 
 226      7D40DF03 
 227 041b 7417E83E 		.ascii	"t\027\350>\320\003\240\033@\327\201\356 \037Zs\314\230"
 227      D003A01B 
 227      40D781EE 
 227      201F5A73 
 227      CC98
 228 042d 5A99316D 		.ascii	"Z\2311mJc\316N\260}P/\301{\224p?%\372\266\014\335k\027"
 228      4A63CE4E 
 228      B07D502F 
 228      C17B9470 
 228      3F25FAB6 
 229 0445 ED2F816B 		.ascii	"\355/\201ke^\274\252\004_\231`\311e\031\274\323~\214"
 229      655EBCAA 
 229      045F9960 
 229      C96519BC 
 229      D37E8C
 230 0458 64C2DB65 		.ascii	"d\302\333e\313\274f\337\3476\206\313\204_P\302\333\225"
 230      CBBC66DF 
 230      E73686CB 
 230      845F50C2 
 230      DB95
 231 046a C29B64E8 		.ascii	"\302\233d\350\313\366\343/C\017\312\320\347\355\313"
 231      CBF6E32F 
 231      430FCAD0 
 231      E7EDCB
 232 0479 66A6B0FD 		.ascii	"f\246\260\375\240\247\327#\031R\200\3008q/\220\2427"
 232      A0A7D723 
 232      195280C0 
 232      38712F90 
 232      A237
 233 048b 7AD3635B 		.ascii	"z\323c[\252pj&\025v\316~\370d\252\237\311\342\321m\337"
 233      AA706A26 
 233      1576CE7E 
 233      F864AA9F 
 233      C9E2D16D 
ARM GAS  C:\Users\hgray\AppData\Local\Temp\ccXoq8g7.s 			page 18


 234 04a0 C5140DF5 		.ascii	"\305\024\015\365\362x\317\236ng\334M\353\205\317=\337"
 234      F278CF9E 
 234      6E67DC4D 
 234      EB85CF3D 
 234      DF
 235 04b1 E7833C7D 		.ascii	"\347\203<}\355&$z\014y\370S\345\244\270\344[\032\350"
 235      ED26247A 
 235      0C79F853 
 235      E5A4B8E4 
 235      5B1AE8
 236 04c4 BCE81108 		.ascii	"\274\350\021\010}(m\200\304\001\324\264\276\027\243"
 236      7D286D80 
 236      C401D4B4 
 236      BE17A3
 237 04d3 16679795 		.ascii	"\026g\227\225\343\333*\005Z\227\301\241!\344B[\012\234"
 237      E3DB2A05 
 237      5A97C1A1 
 237      21E4425B 
 237      0A9C
 238 04e5 01BC6F2C 		.ascii	"\001\274o,\327\342\212o\261=\342Z\312\241S\256\370\036"
 238      D7E28A6F 
 238      B13DE25A 
 238      CAA153AE 
 238      F81E
 239 04f7 63B2726B 		.ascii	"c\262rkkU\370\021cJ\362\2633\324\370\251\270\343\344"
 239      6B55F811 
 239      634AF2B3 
 239      33D4F8A9 
 239      B8E3E4
 240 050a ACDDA7C5 		.ascii	"\254\335\247\305#\214\331\270\273\363\231\023~\301\230"
 240      238CD9B8 
 240      BBF39913 
 240      7EC198
 241 0519 1DCF4606 		.ascii	"\035\317F\006H\233\231N\332\014\2265\231\351\254\311"
 241      489B994E 
 241      DA0C9635 
 241      99E9ACC9 
 242 0529 1C6F3EFD 		.ascii	"\034o>\375\225\013NUS\257\225\025<\177\356nm\000\360"
 242      950B4E55 
 242      53AF9515 
 242      3C7FEE6E 
 242      6D00F0
 243 053c 3CA0F6E5 		.ascii	"<\240\366\345\306\237\006P2\357K&\321\275z\024\006_"
 243      C69F0650 
 243      32EF4B26 
 243      D1BD7A14 
 243      065F
 244 054e C89ACCF4 		.ascii	"\310\232\314\364\274\014\322\000\004\036\264H\353\237"
 244      BC0CD200 
 244      041EB448 
 244      EB9F
 245 055c 2EEEFFC7 		.ascii	".\356\377\307\262\257\364k\361j\246#\245m\375\303Iu"
 245      B2AFF46B 
 245      F16AA623 
 245      A56DFDC3 
 245      4975
 246 056e A44DAEA3 		.ascii	"\244M\256\243'\340$m2\251\240#\205\037\327\001*\231"
ARM GAS  C:\Users\hgray\AppData\Local\Temp\ccXoq8g7.s 			page 19


 246      27E0246D 
 246      32A9A023 
 246      851FD701 
 246      2A99
 247 0580 9294E16D 		.ascii	"\222\224\341m\325\2168\217*Q\015\355,\357pC\260W\312"
 247      D58E388F 
 247      2A510DED 
 247      2CEF7043 
 247      B057CA
 248 0593 3280E764 		.ascii	"2\200\347d.O\347Y\370W\200\302\014\336\007-\347\255"
 248      2E4FE759 
 248      F85780C2 
 248      0CDE072D 
 248      E7AD
 249 05a5 5B0C5865 		.ascii	"[\014Xe\356-\305\325%\255\231\302\326\023\210\352[\006"
 249      EE2DC5D5 
 249      25AD99C2 
 249      D61388EA 
 249      5B06
 250 05b7 FAC88C71 		.ascii	"\372\310\214q;\345;\001\231p\373\325|x\364\300\024\374"
 250      3BE53B01 
 250      9970FBD5 
 250      7C78F4C0 
 250      14FC
 251 05c9 1CD90357 		.ascii	"\034\331\003W\310\013\244PK\262\005@\362\372\000\263"
 251      C80BA450 
 251      4BB20540 
 251      F2FA00B3 
 252 05d9 1B6BBF3F 		.ascii	"\033k\277?\244\205]~\252/\023\333Q\350QB\213\205t\326"
 252      A4855D7E 
 252      AA2F13DB 
 252      51E85142 
 252      8B8574D6 
 253 05ed 67203793 		.ascii	"g 7\223\237j\177;\"b\207\012\335\222\251\025D\373\310"
 253      9F6A7F3B 
 253      2262870A 
 253      DD92A915 
 253      44FBC8
 254 0600 E4E81C82 		.ascii	"\344\350\034\202\206<\244E!\271\204\240\211K\262\300"
 254      863CA445 
 254      21B984A0 
 254      894BB2C0 
 255 0610 252BC125 		.ascii	"%+\301%\253xy\206\267\026z\321\242\006\224\255\321\250"
 255      AB787986 
 255      B7167AD1 
 255      A20694AD 
 255      D1A8
 256 0622 A532E790 		.ascii	"\2452\347\220\323T\020\232<\271P\316F\"LJ\253\273X\356"
 256      D354109A 
 256      3CB950CE 
 256      46224C4A 
 256      ABBB58EE 
 257 0636 822FD168 		.ascii	"\202/\321h\241\353\315{S\034\361U\306ln)kVc\013c\252"
 257      A1EBCD7B 
 257      531CF155 
 257      C66C6E29 
 257      6B56630B 
ARM GAS  C:\Users\hgray\AppData\Local\Temp\ccXoq8g7.s 			page 20


 258 064c 4ACBDA79 		.ascii	"J\313\332y\334\317\230=\025\003\253\020\276\307\230"
 258      DCCF983D 
 258      1503AB10 
 258      BEC798
 259 065b 07197B4D 		.ascii	"\007\031{M\3701\273^\323\266\345\212\243\3309\3113\356"
 259      F831BB5E 
 259      D3B6E58A 
 259      A3D839C9 
 259      33EE
 260 066d 70715F0E 		.ascii	"pq_\016\217G\350M\227\314\266\324\263jD;\246'\351\231"
 260      8F47E84D 
 260      97CCB6D4 
 260      B36A443B 
 260      A627E999 
 261 0681 D6AED95F 		.ascii	"\326\256\331_ \372\226l-\353 \300E\374\177j\014\265"
 261      20FA966C 
 261      2DEB20C0 
 261      45FC7F6A 
 261      0CB5
 262 0693 AF4A1BD1 		.ascii	"\257J\033\321\032%zb\307|\366\212\004_k\037.\337`e\350"
 262      1A257A62 
 262      C77CF68A 
 262      045F6B1F 
 262      2EDF6065 
 263 06a8 6C257A62 		.ascii	"l%zb#\251\235&\301\207\221\002.o\3666\333\337z~\232"
 263      23A99D26 
 263      C1879102 
 263      2E6FF636 
 263      DBDF7A7E 
 264 06bd B8BF1689 		.ascii	"\270\277\026\211\311\277\031\"\275\005\342\222\007T"
 264      C9BF1922 
 264      BD05E292 
 264      0754
 265 06cb 0C540094 		.ascii	"\014T\000\224\017\264\021h\033P!\320&\240\255\274\274"
 265      0FB41168 
 265      1B5021D0 
 265      26A0ADBC 
 265      BC
 266 06dc FF36C9B4 		.ascii	"\3776\311\264?Qj\227u\0321o\012X3(\342\3554\203\036"
 266      3F516A97 
 266      751A316F 
 266      0A583328 
 266      E2ED3483 
 267 06f1 790C72ED 		.ascii	"y\014r\355\306@\336\021e\2127(\301\355\023\274t[\346"
 267      C640DE11 
 267      658A3728 
 267      C1ED13BC 
 267      745BE6
 268 0704 D41CFB4E 		.ascii	"\324\034\373N\265\012\207\262\031-\3242\370j\310\330"
 268      B50A87B2 
 268      192DD432 
 268      F86AC8D8 
 269 0714 A7F69D6A 		.ascii	"\247\366\235j\3554\346\226\341Cj,h\350~v\354\360\216"
 269      ED34E696 
 269      E1436A2C 
 269      68E87E76 
 269      ECF08E
ARM GAS  C:\Users\hgray\AppData\Local\Temp\ccXoq8g7.s 			page 21


 270 0727 1A07E4EB 		.ascii	"\032\007\344\353)\226v\021m\004;`r\211\264I\221\305"
 270      29967611 
 270      6D043B60 
 270      7289B449 
 270      91C5
 271 0739 4F120DB4 		.ascii	"O\022\015\264\035\202\360\277\006\004l\331TV\366\000"
 271      1D82F0BF 
 271      06046CD9 
 271      5456F600 
 272 0749 CB5BCB0E 		.ascii	"\313[\313\016^\336Z\276\342]\254F\300%\340\257\256H"
 272      5EDE5ABE 
 272      E25DAC46 
 272      C025E0AF 
 272      AE48
 273 075b DFACC159 		.ascii	"\337\254\301Y\032\326]*\257&\3638\2071\367\327\325\267"
 273      1AD65D2A 
 273      AF26F338 
 273      8731F7D7 
 273      D5B7
 274 076d F0780363 		.ascii	"\360x\003c\372/\245\346kp\021c\326\276\350\0224x;c\262"
 274      FA2FA5E6 
 274      6B701163 
 274      D6BEE812 
 274      34783B63 
 275 0782 EE0F17AB 		.ascii	"\356\017\027\253p)c\216\326\334\015`O\260\323\310kk"
 275      7029638E 
 275      D6DC0D60 
 275      4FB0D3C8 
 275      6B6B
 276 0794 F703B3F8 		.ascii	"\367\003\263\370niA\300w\245>\351p\305\373)\324)\345"
 276      6E6941C0 
 276      77A53EE9 
 276      70C5FB29 
 276      D429E5
 277 07a7 D2501DA9 		.ascii	"\322P\035\251CO\353\243+\331\340\306\012\336_\337\230"
 277      434FEBA3 
 277      2BD9E0C6 
 277      0ADE5FDF 
 277      98
 278 07b8 2EAC8DA4 		.ascii	".\254\215\244;\334^\360\330\201I\334.\356\263;\260\260"
 278      3BDC5EF0 
 278      D88149DC 
 278      2EEEB33B 
 278      B0B0
 279 07ca DD8B8277 		.ascii	"\335\213\202w*\301"
 279      2AC1
 280 07d0 B2AAB2F1 		.ascii	"\262\252\262\361t\031x\372\033\236\334; \272\3710\270"
 280      741978FA 
 280      1B9EDC3B 
 280      20BAF930 
 280      B8
 281 07e1 F910B8F1 		.ascii	"\371\020\270\361(\320A\240r\240\375@G\200\366\3314\202"
 281      28D041A0 
 281      72A0FD40 
 281      4780F6D9 
 281      3482
 282 07f3 CB92BEDD 		.ascii	"\313\222\276\335J}W\224\3065I\340=J\260\262a\\\223\260"
ARM GAS  C:\Users\hgray\AppData\Local\Temp\ccXoq8g7.s 			page 22


 282      4A7D5794 
 282      C63549E0 
 282      3D4AB0B2 
 282      615C93B0 
 283 0807 BBEC0B96 		.ascii	"\273\354\013\226?Q5\254\307$\253\016(k\210H\032Z\357"
 283      3F5135AC 
 283      C724AB0E 
 283      286B8848 
 283      1A5AEF
 284 081a C01297C8 		.ascii	"\300\022\227\310\372\332\276S\254eA\360\355\222\346"
 284      FADABE53 
 284      AC6541F0 
 284      ED92E6
 285 0829 52BB5632 		.ascii	"R\273V20\204\257\2566\177\324\001\037fi\276gS\315\260"
 285      3084AFAE 
 285      367FD401 
 285      1F6669BE 
 285      6753CDB0 
 286 083d 56F94465 		.ascii	"V\371Deu-\252\002\217\3767\336\025\227\365\016YU%\351"
 286      752DAA02 
 286      8FFE37DE 
 286      1597F50E 
 286      595525E9 
 287 0851 9552AD1C 		.ascii	"\225R\255\034\340\305\207\246\356\234\322;n\236\242"
 287      E0C587A6 
 287      EE9CD23B 
 287      6E9EA2
 288 0860 BEE593EA 		.ascii	"\276\345\223\352\343~P\031\311\304\354\2062'y\225T\333"
 288      E37E5019 
 288      C9C4EC86 
 288      32277995 
 288      54DB
 289 0872 54490DCF 		.ascii	"TI\015\317\036\300jh\211\214\335\352*\021\337>\007\310"
 289      1EC06A68 
 289      898CDDEA 
 289      2A11DF3E 
 289      07C8
 290 0884 E4F3FDC5 		.ascii	"\344\363\375\305i\342{Z\033\341W\2579\270_\213\353X"
 290      69E27B5A 
 290      1BE157AF 
 290      39B85F8B 
 290      EB58
 291 0896 0594B71C 		.ascii	"\005\224\267\034\355Q\343&\306\\\035\354\310p\306\347"
 291      ED51E326 
 291      C65C1DEC 
 291      C870C6E7 
 292 08a6 18B3F779 		.ascii	"\030\263\367y\356\327\032|\2111i}\367Z\305\327\312L"
 292      EED71A7C 
 292      8931697D 
 292      F75AC5D7 
 292      CA4C
 293 08b8 521A2303 		.ascii	"R\032#\003\207/\270\213\245B^\037\317?i\313\320\342"
 293      872FB88B 
 293      A5425E1F 
 293      CF3F69CB 
 293      D0E2
 294 08ca 5E0A7628 		.ascii	"^\012v(\276_\270C\215\304B\261qx=8\340$\315\345F\321"
ARM GAS  C:\Users\hgray\AppData\Local\Temp\ccXoq8g7.s 			page 23


 294      BE5FB843 
 294      8DC442B1 
 294      71783D38 
 294      E024CDE5 
 295 08e0 DBCDE089 		.ascii	"\333\315\340\211&X\354)\240\323@g\200Z\244\034\006/"
 295      2658EC29 
 295      A0D34067 
 295      805AA41C 
 295      062F
 296 08f2 77E43924 		.ascii	"w\3449$\323\004!\216\256\005G\223\251\343\236\264}7"
 296      D304218E 
 296      AE054793 
 296      A9E39EB4 
 296      7D37
 297 0904 24F8DB2F 		.ascii	"$\370\333/\223\374 \340\023J\260\305&\345\001\373\354"
 297      93FC20E0 
 297      134AB0C5 
 297      26E501FB 
 297      EC
 298 0915 252BB64E 		.ascii	"%+\266N\211\365S4\202{\033h\0167N\310a\222\010\033="
 298      89F55334 
 298      827B1B68 
 298      0E374EC8 
 298      6192081B 
 299 092a D609A40F 		.ascii	"\326\011\244\017\020If\245\244\343\274\322\304A/iE\015"
 299      104966A5 
 299      A4E3BCD2 
 299      C4412F69 
 299      450D
 300 093c 4AF8315E 		.ascii	"J\3701^\276W7\234\357|\241\302\375,\211\233O\227\235"
 300      BE57379C 
 300      EF7CA1C2 
 300      FD2C899B 
 300      4F979D
 301 094f 745026B1 		.ascii	"tP&\261\325\247\250\015\\\371c\334\312\3263Z@w\372\263"
 301      D5A7A80D 
 301      5CF963DC 
 301      CAD6335A 
 301      4077FAB3 
 302 0963 30A155CA 		.ascii	"0\241U\312\336Fk\366v\026d\0169\332f\257=E\334\244Z"
 302      DE466BF6 
 302      7616640E 
 302      39DA66AF 
 302      3D45DCA4 
 303 0978 C8DE6E69 		.ascii	"\310\336ni\177\350(\317\332s6Y\333.fm;\315\332\0137"
 303      7FE828CF 
 303      DA733659 
 303      DB2E666D 
 303      3BCDDA0B 
 304 098d 524E3BD9 		.ascii	"RN;\331/\027\356\307\327\012:\317{\202\260\247fK=\217"
 304      2F17EEC7 
 304      D70A3ACF 
 304      7B82B0A7 
 304      664B3D8F 
 305 09a1 1FB1DC3D 		.ascii	"\037\261\334=q\245\261\326E\305\263\372 _\003a\254#"
 305      71A5B1D6 
 305      45C5B3FA 
ARM GAS  C:\Users\hgray\AppData\Local\Temp\ccXoq8g7.s 			page 24


 305      205F0361 
 305      AC23
 306 09b3 63D96527 		.ascii	"c\331e':F:\314E\236\016\336\310\276\243\237\364[b'O"
 306      3A463ACC 
 306      459E0EDE 
 306      C8BEA39F 
 306      F45B6227 
 307 09c8 BE2576F0 		.ascii	"\276%v\360\342\307\304\334\262\303\217\\\304\217\211"
 307      E2C7C4DC 
 307      B2C38F5C 
 307      C48F89
 308 09d7 A3BB5E29 		.ascii	"\243\273^)N\025v\3024o\002C\027$\177\302\245\355\227"
 308      4E1576C2 
 308      346F0243 
 308      17247FC2 
 308      A5ED97
 309 09ea BB4B3CF9 		.ascii	"\273K<\371\354V\277)\271\306\031\217\212\205v2\365\265"
 309      EC56BF29 
 309      B9C6198F 
 309      8A857632 
 309      F5B5
 310 09fc 374A8436 		.ascii	"7J\20463<\324\025zA\"1Gu1)\262\232!#\177\205\327\200"
 310      333CD415 
 310      7A412231 
 310      47753129 
 310      B29A2123 
 311 0a14 CBFC1B30 		.ascii	"\313\374\0330m\313\363\221|7\271w\311\227>\311\273W"
 311      6DCBF391 
 311      7C37B977 
 311      C9973EC9 
 311      BB57
 312 0a26 44EF92B3 		.ascii	"D\357\222\263{\222)\356\355\000\375\347\0111F}L|\214"
 312      7B9229EE 
 312      ED00FDE7 
 312      0931467D 
 312      4C7C8C
 313 0a39 E9D73366 		.ascii	"\351\3273f\370\301/jq\314\302\030c\222\377\254\000?"
 313      F8C12F6A 
 313      71CCC218 
 313      6392FFAC 
 313      003F
 314 0a4b 6392DFE2 		.ascii	"c\222\337\342\310X\277\205\306\310\304\350$\277\360"
 314      C858BF85 
 314      C6C8C4E8 
 314      24BFF0
 315 0a5a 05FAF005 		.ascii	"\005\372\360\005\037\276\0350w\246>($<0\364\217\301"
 315      1FBE1D30 
 315      77A63E28 
 315      243C30F4 
 315      8FC1
 316 0a6c BA4FD8BD 		.ascii	"\272O\330\275\031Q\216\037|\364\261w\240\277?\367\376"
 316      19518E1F 
 316      7CF4B177 
 316      A0BF3FF7 
 316      FE
 317 0a7d FF218473 		.ascii	"\377!\204s\321\353\015\221\211\261_Ps\234\350h\010\\"
 317      D1EB0D91 
ARM GAS  C:\Users\hgray\AppData\Local\Temp\ccXoq8g7.s 			page 25


 317      89B15F50 
 317      739CE868 
 317      085C
 318 0a8f 4D618646 		.ascii	"Ma\206F\305\032\243\376Fo\315\232LI\2021\321Dt\200\002"
 318      C51AA3FE 
 318      466FCD9A 
 318      4C498231 
 318      D1447480 
 319 0aa4 3F51CDD2 		.ascii	"?Q\315\322\245\344\216>66z\306bN\0358\367\003\335\333"
 319      A5E48E3E 
 319      36367AC6 
 319      624E1D38 
 319      F703DDDB 
 320 0ab8 5ABD7E49 		.ascii	"Z\275~IL\274\011D\232\026E\275\027A\305$\231\226D\307"
 320      4CBC0944 
 320      9A1645BD 
 320      1741C524 
 320      999644C7 
 321 0acc 18234C46 		.ascii	"\030#LFclR\304\347\361K\274\351\225wdb\234\267!n\241"
 321      636C52C4 
 321      E7F14BBC 
 321      E9957764 
 321      629CB721 
 322 0ae2 213ADA10 		.ascii	"!:\332\020\035\361\356\214\231\336\0013\375\337\375"
 322      1DF1EE8C 
 322      99DE0133 
 322      FDDFFD
 323 0af1 FB2F2360 		.ascii	"\373/#`\374\255xc\274\341-C\344\302\230\210\230\370"
 323      FCAD7863 
 323      BCE12D43 
 323      E4C29888 
 323      98F8
 324 0b03 A8D825D1 		.ascii	"\250\330%\321\206\210\270H\220\025o\210\320G\033\026"
 324      8688B848 
 324      90156F88 
 324      D0471B16 
 325 0b13 452E8935 		.ascii	"E.\2115\351M_$\030\222@\257\243U\337\247?\251\276\244"
 325      E94D5F24 
 325      189240AF 
 325      A355DFA7 
 325      3FA9BEA4 
 326 0b27 2F9222F4 		.ascii	"/\222\"\364I\246h\020n]\\\200\303\354yst\341\013t80"
 326      49A66810 
 326      6E5D5C80 
 326      C3EC7973 
 326      74E10B74 
 327 0b3d 5CA79A13 		.ascii	"\\\247\232\023\024\250s\230\0356\307?\370#z\016\200"
 327      14A87398 
 327      1D36C73F 
 327      F8237A0E 
 327      80
 328 0b4e B3060070 		.ascii	"\263\006\000pr$\303\004H.\002\330\214\020\235\212\310"
 328      7224C304 
 328      482E02D8 
 328      8C109D8A 
 328      C8
 329 0b5f E003E15A 		.ascii	"\340\003\341Z\027\360\236=/G\031\343\342\214\361~\206"
ARM GAS  C:\Users\hgray\AppData\Local\Temp\ccXoq8g7.s 			page 26


 329      17F09E3D 
 329      2F4719E3 
 329      E28CF17E 
 329      86
 330 0b70 A52670B0 		.ascii	"\245&p\260\314\3074D\213f\376\312\177\351,0\305Y\027"
 330      CCC73444 
 330      8B66FECA 
 330      7FE92C30 
 330      C55917
 331 0b83 18A85F00 		.ascii	"\030\250_\000\213\0172,R\315\236\253\233\257\236\037"
 331      8B0F322C 
 331      52CD9EAB 
 331      9BAF9E1F 
 332 0b93 1AF87BB0 		.ascii	"\032\370{\260'\\\247C\177B\363\324Q\261\020h1\016\376"
 332      275CA743 
 332      7F42F3D4 
 332      51B11068 
 332      310EFE
 333 0ba6 EFE84D8E 		.ascii	"\357\350M\216\326\013\234d0M\232C\362\360\316\237\037"
 333      D60B9C64 
 333      304D9A43 
 333      F2F0CE9F 
 333      1F
 334 0bb7 E4F74158 		.ascii	"\344\367AXH\350?\002\374\244<\006\32584H\207C\202t\352"
 334      48E83F02 
 334      FCA43C06 
 334      D5383448 
 334      87438274 
 335 0bcc B08FC382 		.ascii	"\260\217\303\202t\016\241\341a\301\301A:M\350\202O\302"
 335      740EA1E1 
 335      61C1C141 
 335      3A4DE882 
 335      4FC2
 336 0bde 8275EA0F 		.ascii	"\202u\352\017C\203\202u\304\242y.\262\3547\251\"\027"
 336      43838275 
 336      C4A2792E 
 336      B2EC37A9 
 336      2217
 337 0bf0 25C66263 		.ascii	"%\306bct\242:aIBt\242\2031)\301`\210N\324\030I\000\023"
 337      74A23A61 
 337      494274A2 
 337      833129C1 
 337      60884ED4 
 338 0c08 D571C668 		.ascii	"\325q\306hC\"\301,v\241x\260qI\202\336\244\011\013\012"
 338      4322C12C 
 338      76A178B0 
 338      714982DE 
 338      A4090B0A 
 339 0c1c 8A34456A 		.ascii	"\2124Ej\302\002\331i\016;\315f\247\271\344\344J\361"
 339      C202D969 
 339      0E3BCD66 
 339      A7B9E4E4 
 339      4AF1
 340 0c2e 51C6F845 		.ascii	"Q\306\370E1\237\353MN\343\265\346I\257\254i\302\356"
 340      319FEB4D 
 340      4EE3B5E6 
 340      49AFAC69 
ARM GAS  C:\Users\hgray\AppData\Local\Temp\ccXoq8g7.s 			page 27


 340      C2EE
 341 0c40 FF1B71CA 		.ascii	"\377\033q\312r\032"
 341      721A
 342              		.text
 343              		.section	.gnu.lto_.symtab.1824caa0,"",%progbits
 344 0000 5F5F6561 		.ascii	"__early_init\000"
 344      726C795F 
 344      696E6974 
 344      00
 345 000d 00       		.ascii	"\000"
 346 000e 00       		.ascii	"\000"
 347 000f 00       		.ascii	"\000"
 348 0010 00000000 		.ascii	"\000\000\000\000\000\000\000\000"
 348      00000000 
 349 0018 BD000000 		.ascii	"\275\000\000\000"
 350 001c 626F6172 		.ascii	"boardInit\000"
 350      64496E69 
 350      7400
 351 0026 00       		.ascii	"\000"
 352 0027 00       		.ascii	"\000"
 353 0028 00       		.ascii	"\000"
 354 0029 00000000 		.ascii	"\000\000\000\000\000\000\000\000"
 354      00000000 
 355 0031 BF000000 		.ascii	"\277\000\000\000"
 356 0035 73746D33 		.ascii	"stm32_clock_init\000"
 356      325F636C 
 356      6F636B5F 
 356      696E6974 
 356      00
 357 0046 00       		.ascii	"\000"
 358 0047 02       		.ascii	"\002"
 359 0048 00       		.ascii	"\000"
 360 0049 00000000 		.ascii	"\000\000\000\000\000\000\000\000"
 360      00000000 
 361 0051 C1000000 		.ascii	"\301\000\000\000"
 362              		.text
 363              		.section	.gnu.lto_.opts,"",%progbits
 364 0000 272D666D 		.ascii	"'-fmath-errno' '-fsigned-zeros' '-ftrapping-math' '"
 364      6174682D 
 364      6572726E 
 364      6F272027 
 364      2D667369 
 365 0033 2D666E6F 		.ascii	"-fno-trapv' '-fno-openmp' '-fno-openacc' '-mcpu=cor"
 365      2D747261 
 365      70762720 
 365      272D666E 
 365      6F2D6F70 
 366 0066 7465782D 		.ascii	"tex-m0' '-mno-thumb-interwork' '-mthumb' '-O2' '-fo"
 366      6D302720 
 366      272D6D6E 
 366      6F2D7468 
 366      756D622D 
 367 0099 6D69742D 		.ascii	"mit-frame-pointer' '-falign-functions=16' '-ffuncti"
 367      6672616D 
 367      652D706F 
 367      696E7465 
 367      72272027 
ARM GAS  C:\Users\hgray\AppData\Local\Temp\ccXoq8g7.s 			page 28


 368 00cc 6F6E2D73 		.ascii	"on-sections' '-fdata-sections' '-fno-common' '-flto"
 368      65637469 
 368      6F6E7327 
 368      20272D66 
 368      64617461 
 369 00ff 2700     		.ascii	"'\000"
 370              		.text
 371              		.comm	__gnu_lto_v1,1,1
 372              		.comm	__gnu_lto_slim,1,1
 373              		.ident	"GCC: (GNU Tools for Arm Embedded Processors 7-2017-q4-major) 7.2.1 20170904 (release) [ARM
ARM GAS  C:\Users\hgray\AppData\Local\Temp\ccXoq8g7.s 			page 29


DEFINED SYMBOLS
                            *ABS*:00000000 board.c
                            *COM*:00000001 __gnu_lto_v1
                            *COM*:00000001 __gnu_lto_slim

NO UNDEFINED SYMBOLS
