ARM GAS  C:\Users\hgray\AppData\Local\Temp\cc4nTAUZ.s 			page 1


   1              		.cpu cortex-m0
   2              		.eabi_attribute 20, 1
   3              		.eabi_attribute 21, 1
   4              		.eabi_attribute 23, 3
   5              		.eabi_attribute 24, 1
   6              		.eabi_attribute 25, 1
   7              		.eabi_attribute 26, 1
   8              		.eabi_attribute 30, 2
   9              		.eabi_attribute 34, 0
  10              		.eabi_attribute 18, 4
  11              		.file	"chcore_v6m.c"
  12              		.section	.gnu.lto_.profile.1824b9c1,"",%progbits
  13 0000 789C6363 		.ascii	"x\234cc```\001bF\006-Q\000\000\341\000K"
  13      60606001 
  13      6246062D 
  13      510000E1 
  13      004B
  14              		.text
  15              		.section	.gnu.lto_.icf.1824b9c1,"",%progbits
  16 0000 789C6363 		.ascii	"x\234cc``\020f@\000f\206\023'\237\2251\377x\376\245"
  16      60601066 
  16      40006686 
  16      13279F95 
  16      31FF78FE 
  17 0015 818965E5 		.ascii	"\201\211e\345\216\336\205\214\014\000`\320\010\366"
  17      8EDE858C 
  17      0C0060D0 
  17      08F6
  18              		.text
  19              		.section	.gnu.lto_.jmpfuncs.1824b9c1,"",%progbits
  20 0000 789C6363 		.ascii	"x\234cc``\020b@\000f(\301\302\310\310X?\007\304\003"
  20      60601062 
  20      40006628 
  20      C1C2C8C8 
  20      583F07C4 
  21 0015 0009B901 		.ascii	"\000\011\271\001D"
  21      44
  22              		.text
  23              		.section	.gnu.lto_.inline.1824b9c1,"",%progbits
  24 0000 789C6363 		.ascii	"x\234cc``(b@\000f\006\006>QF\006&\241\206Z\006\266\005"
  24      60602862 
  24      40006606 
  24      063E5146 
  24      0626A186 
  25 0018 F24C2031 		.ascii	"\362L 1&n\260\004;\033P\234\343\200\035\\\234\205\201"
  25      266EB004 
  25      3B1B509C 
  25      E3801D5C 
  25      9C8581
  26 002b 8D8B9199 		.ascii	"\215\213\221\231A!{\0123c[W\353\021\326n\3469\314\214"
  26      41217B0A 
  26      33635B57 
  26      EB11D66E 
  26      E639CC8C 
  27 003f 8C1FFFFF 		.ascii	"\214\037\377\377\377\317\317\270\231Q\206\201A!\013"
  27      FFCFCFB8 
  27      99518681 
ARM GAS  C:\Users\hgray\AppData\Local\Temp\cc4nTAUZ.s 			page 2


  27      41210B
  28 004e 4A33824D 		.ascii	"J3\202M\206\350dY /\000\322\316\310\0054\201\201\001"
  28      86E86459 
  28      202F00D2 
  28      CEC80534 
  28      818101
  29 0061 00D5B611 		.ascii	"\000\325\266\021#"
  29      23
  30              		.text
  31              		.section	.gnu.lto_.pureconst.1824b9c1,"",%progbits
  32 0000 789C6363 		.ascii	"x\234cc``\340\004bf\206]\214\314\273\030Y$\000\011="
  32      6060E004 
  32      6266865D 
  32      8CCCBB18 
  32      59240009 
  33 0015 01A8     		.ascii	"\001\250"
  34              		.text
  35              		.section	.gnu.lto__port_irq_epilogue.part.0.1824b9c1,"",%progbits
  36 0000 789C9D54 		.ascii	"x\234\235TkL\024W\024\276g\356\314\354\262.\220\020"
  36      6B4C1457 
  36      14BE67EE 
  36      CCECB22E 
  36      9010
  37 0012 7FF48749 		.ascii	"\177\364\207I\227\030b$\206i\233\324\2204\375\321\222"
  37      97186224 
  37      86699BD4 
  37      9034FDD1 
  37      92
  38 0023 34B50969 		.ascii	"4\265\011i\003\377k\332\001+)\313nvWC\1771\274d-\246"
  38      03FF6BDA 
  38      012B29CB 
  38      6E765743 
  38      7F31BC64 
  39 0039 36065642 		.ascii	"6\006VB\026\330\240\025\233\006Z\264\265\005\221\267"
  39      16D8A015 
  39      9B065AB4 
  39      B50591B7 
  40 0049 202AEFDA 		.ascii	" *\357\332RAT^Q|T7*H\"\364\234\273\003*\266\246\355"
  40      5241545E 
  40      517C5437 
  40      2A4822F4 
  40      9CBB032A 
  41 0060 04EEEE9C 		.ascii	"\004\356\356\234\307\367\235\363\235sWe\214\271T<\200"
  41      C7F79DF3 
  41      9D735765 
  41      8CB9543C 
  41      80
  42 0071 B1F7E8C3 		.ascii	"\261\367\350\303\302@\375z\000\277\250 \211OI\342\213"
  42      C240FD7A 
  42      00BFA820 
  42      894F49E2 
  42      8B
  43 0082 9B996193 		.ascii	"\233\231a\223+\022\231a\347\240\2205\337*\257~Q\000"
  43      2B129961 
  43      E7A09035 
  43      DF2AAF7E 
  43      5100
ARM GAS  C:\Users\hgray\AppData\Local\Temp\cc4nTAUZ.s 			page 3


  44 0094 E88B6105 		.ascii	"\350\213a\005\226\247J\\V \017\016\3602\016\235%sM\322"
  44      96A74A5C 
  44      56200F0E 
  44      F0320E9D 
  44      25734DD2 
  45 00a8 D63A039F 		.ascii	"\326:\003\237\366\303-\226}F\361+A\316X\000\377\351"
  45      F6C32D96 
  45      7D46F12B 
  45      41CE5800 
  45      FFE9
  46 00ba 8193B095 		.ascii	"\201\223\260\225a\330p\321\017A^\312\203\034@\306\327"
  46      61D870D1 
  46      0F415ECA 
  46      831C40C6 
  46      D7
  47 00cb FBFD95D3 		.ascii	"\373\375\225\3231\364*\201\003_'\033\226[T\236\014\024"
  47      31F42A81 
  47      035F271B 
  47      965B549E 
  47      0C14
  48 00dd 79F462FE 		.ascii	"y\364b\376Xl\302\021\303(0\332\207\340\234!\0079\207"
  48      586CC211 
  48      C32830DA 
  48      87E09C21 
  48      073987
  49 00f0 53C01111 		.ascii	"S\300\021\021~\202M\360#l\022\310\030:\325\270\\\036"
  49      7E824DF0 
  49      236C12C8 
  49      183AD5B8 
  49      5C1E
  50 0102 ADCAF033 		.ascii	"\255\312\3603$\020!\374\002\2528\000}_\366\315\324\306"
  50      241021FC 
  50      02AA3800 
  50      7D5FF6CD 
  50      D4C6
  51 0114 F2B704E4 		.ascii	"\362\267\004\344|\333\315\307v\023r\240:\356H\241!`"
  51      7CDBCDC7 
  51      761372A0 
  51      3AEE48A1 
  51      2160
  52 0126 65687A29 		.ascii	"ehz)l3\302\012\270\323\210\273f/\022\255NV\333\030\331"
  52      6C33C20A 
  52      B8D388BB 
  52      662F12AD 
  52      4E56DB18 
  53 013b 031CD6BB 		.ascii	"\003\034\326\273z+\0347\261\216\026rJ\353\235\363\037"
  53      7A2B1C37 
  53      B18E1672 
  53      4AEB9DF3 
  53      1F
  54 014c 3338431E 		.ascii	"38C\036\376\014\023\203Vdi\243\352\361\300\031\211\226"
  54      FE0C1383 
  54      566469A3 
  54      EAF1C019 
  54      8996
  55 015e D03F577A 		.ascii	"\320?Wz\266\325\302\367\012\212\207\017\032\217\251"
  55      B6D5C2F7 
ARM GAS  C:\Users\hgray\AppData\Local\Temp\cc4nTAUZ.s 			page 4


  55      0A8A870F 
  55      1A8FA9
  56 016d 66137FD6 		.ascii	"f\023\177\326$\267^\276a\030\207\374\020\344\012\264"
  56      24B75EBE 
  56      611887FC 
  56      10E40AB4 
  57 017d BFD80674 		.ascii	"\277\330\006t\010\200\306;\217;D\322!1\235c\205\305"
  57      0880C63B 
  57      8F3B44D2 
  57      21319D63 
  57      85C5
  58 018f A27385BD 		.ascii	"\242s\205\275\020\337\011\011\324\360\367#\212a,\257"
  58      10DF0909 
  58      D4F0F723 
  58      8A612CAF 
  59 019f 94184673 		.ascii	"\224\030Fsb\\4\010\034\211\221\207\213SfA\256*xX\030"
  59      625C3408 
  59      1C899187 
  59      8B536641 
  59      AE2A7858 
  60 01b4 F3E38C69 		.ascii	"\363\343\214i)\366s\225>\371\034\024\210J\313\346\374"
  60      29F67395 
  60      3EF91C14 
  60      884ACBE6 
  60      FC
  61 01c5 0F63138F 		.ascii	"\017c\023\217\213~\207\362%,\321\\\006\006]\220\210"
  61      8B7E87F2 
  61      252CD15C 
  61      06065D90 
  61      88
  62 01d6 010BE1AB 		.ascii	"\001\013\341\253\325\312\226oD+\217\2526\036-4\336_"
  62      D5CA966F 
  62      442B8FAA 
  62      361E2D34 
  62      DE5F
  63 01e8 1BB2BC56 		.ascii	"\033\262\274V\026\245A7las\200\025\240 \224\315\210"
  63      16A54137 
  63      6C617380 
  63      15A02094 
  63      CD88
  64 01fa 4E1274B7 		.ascii	"N\022t\267 \177j\341\340\251\363 \224\303\325n\247\271"
  64      207F6AE1 
  64      E0A9F320 
  64      94C3D56E 
  64      A7B9
  65 020c 1F6FED9A 		.ascii	"\037o\355\232\265\307\367A\215Q\341\010r+\325\023n8"
  65      B5C7F741 
  65      8D51E108 
  65      722BD513 
  65      6E38
  66 021e 7169832C 		.ascii	"qi\203,a\310Y\210\307\263\007d\206\311\265\327_]7\234"
  66      61C85988 
  66      C7B30764 
  66      86C9B5D7 
  66      5F5D379C 
  67 0232 C313960F 		.ascii	"\303\023\226\017\314\251*\317.B\007-B/N\346\034\215"
  67      CCA92ACF 
ARM GAS  C:\Users\hgray\AppData\Local\Temp\cc4nTAUZ.s 			page 5


  67      2E42072D 
  67      422F4EE6 
  67      1C8D
  68 0244 481C8C0D 		.ascii	"H\034\214\015\023[\340\253@\215\034?i\262EQ\322\223"
  68      135BE0AB 
  68      408D1C3F 
  68      69B24551 
  68      D293
  69 0256 A9E2E928 		.ascii	"\251\342\351(\301\326Glh\351\231:\331\254\242\005\316"
  69      C1D6476C 
  69      68E9993A 
  69      D9ACA205 
  69      CE
  70 0267 835C89FB 		.ascii	"\203\\\211\373\302\340\002V\200j][8xo\020\010\220(\310"
  70      C2E00256 
  70      806A5D5B 
  70      38786F10 
  70      089028C8 
  71 027b 45C6D2BB 		.ascii	"E\306\322\273]qT\204\240e\363P\020.\371\226\223\241"
  71      5D715484 
  71      A065F350 
  71      102EF996 
  71      93A1
  72 028d 924B668C 		.ascii	"\222Kf\214C\370\233)G\302\210\302\340\276\372\266\214"
  72      43F89B29 
  72      47C288C2 
  72      E0BEFAB6 
  72      8C
  73 029e 48084713 		.ascii	"H\010G\023r\216^\357\016(\221\373vmee%\026.\242\242"
  73      728E5EEF 
  73      0E2891FB 
  73      766D6565 
  73      25162EA2 
  74 02b3 CF67F208 		.ascii	"\317g\362\010\366\225\266\215\221L\231L\253!\010\321"
  74      F695B68D 
  74      914C994C 
  74      AB2108D1 
  75 02c3 7B6BA6CA 		.ascii	"{k\246\312\312\247@\314\364\300w\341\006nn\337\243*"
  75      CAA740CC 
  75      F4C077E1 
  75      066E6EDF 
  75      A32A
  76 02d5 7BA5D15E 		.ascii	"{\245\321^\344\240\325\353\377\233\325\033 t!1\316g"
  76      E4A0D5EB 
  76      FF9BD51B 
  76      20742131 
  76      CE67
  77 02e7 6C04D6AB 		.ascii	"l\004\326\253\274dQ(\306TZ}\356\"\014buC$\360\220\270"
  77      BC645128 
  77      C6545A7D 
  77      EE220C62 
  77      754324F0 
  78 02fd 08EC3E65 		.ascii	"\010\354>e\327\326\234X\264\305/\233*\333(\241~\372"
  78      D7D69C58 
  78      B4C52F9B 
  78      2ADB28A1 
  78      7EFA
ARM GAS  C:\Users\hgray\AppData\Local\Temp\cc4nTAUZ.s 			page 6


  79 030f B461152A 		.ascii	"\264a\025*\017\233*OT6\227\331H\345\021RYF\317hD\345"
  79      0F9B2A4F 
  79      543697D9 
  79      48E51152 
  79      5946CF68 
  80 0325 48CB03A6 		.ascii	"H\313\003\246\230\017n\370\213mf\2073u\341\362(\022"
  80      980F6EF8 
  80      8B6D6687 
  80      3375E1F2 
  80      2812
  81 0337 498E8884 		.ascii	"I\216\210\204\246\340=\377\244=\004\325\270\264\033"
  81      A6E03DFF 
  81      A43D04D5 
  81      B8B41B
  82 0346 5049F895 		.ascii	"PI\370\225\232\"1\226{\372\271VO\015\204v\321\262^\202"
  82      9A223196 
  82      7BFAB956 
  82      4F0D8476 
  82      D1B25E82 
  83 035a 10948BBD 		.ascii	"\020\224\213\275\206\337@\243_\270\331\245A\001f\007"
  83      86DF40A3 
  83      5FB8D9A5 
  83      41016607 
  84 036a 0CB2C2EF 		.ascii	"\014\262\302\357\230y\033\012C\215\246\274\012\3064"
  84      98791B0A 
  84      438DA6BC 
  84      0AC634
  85 0379 35DD1EB7 		.ascii	"5\335\036\267\344=1\254A\036\035\240+\004c\220\207\213"
  85      E43D31AC 
  85      411E1DA0 
  85      2B046390 
  85      878B
  86 038b 1EC366A1 		.ascii	"\036\303f\241h\274\253\033\236\206\006\212;\007-\004"
  86      68BCAB1B 
  86      9E86068A 
  86      3B072D04 
  87 039b 67C14BF8 		.ascii	"g\301K\370\207)\355~\234\320\342f\216m,\225\334\031"
  87      8729ED7E 
  87      9CD0E266 
  87      8E6D2C95 
  87      DC19
  88 03ad 0E81D9C7 		.ascii	"\016\201\331\307\277):\207\212\276,\212&]a\\\024\275"
  88      BF293A87 
  88      8ABE2C8A 
  88      265D615C 
  88      14BD
  89 03bf 5A901F23 		.ascii	"Z\220\037#\302\230\036\033\300+\303`\002\253\"6\231"
  89      C2981E1B 
  89      C02BC360 
  89      02AB2236 
  89      99
  90 03d0 552446D8 		.ascii	"U$F\330\316\214\376w\266+O\331&\377\211-\012\235WM6"
  90      CE8CFE77 
  90      B62B4FD9 
  90      26FF892D 
  90      0A9D574D 
  91 03e5 455CEBBB 		.ascii	"E\\\353\273P\020\252+\007\361cN\217\037\021\320\216"
ARM GAS  C:\Users\hgray\AppData\Local\Temp\cc4nTAUZ.s 			page 7


  91      5010AA2B 
  91      07F1634E 
  91      8F1F11D0 
  91      8E
  92 03f6 A37E3329 		.ascii	"\243~3)I\303?}w\326\247Y.\357\353\311oh.\257\246\273"
  92      49C33F7D 
  92      77D6A759 
  92      2EEFEBC9 
  92      6F682EAF 
  93 040c 9C4E578E 		.ascii	"\234NW\216\346vy|^\355\235\264\324\224\324\\\214\320"
  93      E676797C 
  93      5EED9DB4 
  93      D494D45C 
  93      8CD0
  94 041e 5D9ECC9D 		.ascii	"]\236\314\235{\267;\223t&e{d\335\227\353\376?\331\273"
  94      7BB73B93 
  94      7426657B 
  94      64DD97EB 
  94      FE3FD9BB 
  95 0432 99EAC9F4 		.ascii	"\231\352\311\364\356\311\366\275\373\222\344\314\\\037"
  95      EEC9F6BD 
  95      FB92E4CC 
  95      5C1F
  96 0440 A56A29A9 		.ascii	"\245j)\251\351;\322\265\024\314\325v\344\350\331{22"
  96      E93BD2B5 
  96      14CCD576 
  96      E4E8D97B 
  96      3232
  97 0452 35DDE9CD 		.ascii	"5\335\351\315\362\356\374L\327\021\311\252\273\275Y"
  97      F2EEFC4C 
  97      D711C9AA 
  97      BBBD59
  98 0461 198E2C66 		.ascii	"\031\216,fqf:]\236/\230=5-\335\221\360\3326\207\333"
  98      71663A5D 
  98      9E2F983D 
  98      352DDD91 
  98      F0DA3687 
  99 0476 EB66FC6D 		.ascii	"\353f\374m\017\213\361\271\334\037\356\372\310\343\322"
  99      0F8BF1B9 
  99      DC1FEEFA 
  99      C8E3D2
 100 0485 D37D9FE8 		.ascii	"\323}\237\350\237\333S\323\323\310\267\015\203\230\344"
 100      9FDB53D3 
 100      D3C8B70D 
 100      8398E4
 101 0494 617F018B 		.ascii	"a\177\001\213\033f\011"
 101      1B6609
 102              		.text
 103              		.section	.gnu.lto_NMI_Handler.1824b9c1,"",%progbits
 104 0000 789C9D53 		.ascii	"x\234\235S]K\024Q\030>\357\234\331q\263\315\256K\211"
 104      5D4B1451 
 104      183EEF9C 
 104      D971B3CD 
 104      AE4B89
 105 0013 951012C4 		.ascii	"\225\020\022\304\251\240\360\306\213\362\312\213\245"
 105      A9A0F0C6 
 105      8BF2CA8B 
ARM GAS  C:\Users\hgray\AppData\Local\Temp\cc4nTAUZ.s 			page 8


 105      A5
 106 0020 707F80D4 		.ascii	"p\177\200\324\264\351\226\353,\273k\330\225\343G\255"
 106      B4E996EB 
 106      2CBB6BD8 
 106      95E347AD 
 107 0030 A685986D 		.ascii	"\246\205\230m\266l\010\006)D\346W\232\037\351\246\371"
 107      B66C0806 
 107      2944E657 
 107      9A1FE9A6 
 107      F9
 108 0041 55692504 		.ascii	"Ui%\004\021\005\241f\245$%\025Yh\275\357\354T\272E\027"
 108      1105A166 
 108      A5242515 
 108      5968BDEF 
 108      EC54BA45 
 109 0056 1D76CECE 		.ascii	"\035v\316\316\234\367y\236\363\274\317\231\221\030c"
 109      9CF7799E 
 109      F3BCCF99 
 109      911863
 110 0065 8F38632B 		.ascii	"\2178c+\370\037\217\027p\006B\365$c\305f\001\200n43"
 110      F81F8F17 
 110      700642F5 
 110      2463C566 
 110      01806E34 
 111 007a B022018A 		.ascii	"\260\"\001\212\240\212\327r\030\364\317u\013\311\215"
 111      A08AD772 
 111      18F4CF75 
 111      0BC98D
 112 0089 1A8EF0C5 		.ascii	"\032\216\360\305\257[\264\2460\204\220\036\300\213\006"
 112      AF5BB4A6 
 112      3084901E 
 112      C08B06
 113 0098 B4433243 		.ascii	"\264C2C\330\343\262\226\020\257\344!\016 \342\343\207"
 113      D8E3B296 
 113      10AFE421 
 113      0E20E2E3 
 113      87
 114 00a9 89E04C1C 		.ascii	"\211\340L\034=\012`\305\3073\343\263\015\233y\032\020"
 114      3D0A60C5 
 114      C733E3B3 
 114      0D9B791A 
 114      10
 115 00ba 727EE0ED 		.ascii	"r~\340\355\262%\351\212\246\225h\341\311\272m\015\245"
 115      B225E98A 
 115      A69568E1 
 115      C9BA6D0D 
 115      A5
 116 00cb DA982686 		.ascii	"\332\230&\2068\207N\340\250\0127!\001: AWG\370t\353"
 116      38874EE0 
 116      A80A3721 
 116      013A2041 
 116      5747F874 
 117 00e0 EA854D92 		.ascii	"\352\205M\222\010]\220\024\331\024n\201\304\2001\201"
 117      085D9014 
 117      D9146E81 
 117      C4803181 
 118 00f0 96103057 		.ascii	"\226\0200W9\334\037\303\323u\355O\037[\257J\206\366"
ARM GAS  C:\Users\hgray\AppData\Local\Temp\cc4nTAUZ.s 			page 9


 118      39DC1FC3 
 118      D375ED4F 
 118      1F5BAF4A 
 118      86F6
 119 0102 EBBAB4FE 		.ascii	"\353\272\264\376go4\255\246\034\015\213\320\375\247"
 119      676F34AD 
 119      A61C0D8B 
 119      D0FDA7
 120 0111 3AF440D2 		.ascii	":\364@\322\215)SX[\375\356\307\346\266\372G\347.\011"
 120      8D295358 
 120      5BFDEEC7 
 120      E6B6FA47 
 120      E72E09
 121 0124 31C042DC 		.ascii	"1\300B\334\204HT\027\365\331\244\003\031+\307\3351\037"
 121      84485417 
 121      F5D9A403 
 121      192BC7DD 
 121      311F
 122 0136 2DCC2AB8 		.ascii	"-\314*\270@w\245a\266\000\305\323\355U\357\037\302/"
 122      4077A561 
 122      B600C5D3 
 122      ED55EF1F 
 122      C22F
 123 0148 A76591A4 		.ascii	"\247e\221\244j\244<\335i\200\303\332.H\010zA\202>j\242"
 123      6AA43CDD 
 123      6980C3DA 
 123      2E48087A 
 123      41823E6A 
 124 015d 2FD2899F 		.ascii	"/\322\211\237\330\201s\201z1\261\026\352\265:k\210K"
 124      D8817381 
 124      7A31B116 
 124      EAB53A6B 
 124      884B
 125 016f 445A993E 		.ascii	"DZ\231>5\263A\024\320\350mH\324\303\030\231n\357\221"
 125      35B34114 
 125      D0E86D48 
 125      D4C31899 
 125      6EEF91
 126 0182 7005FA41 		.ascii	"p\005\372A\014r\023V\006@dsP\362R7A\202\264\005\225"
 126      0C721356 
 126      06406473 
 126      50F25237 
 126      4182B405 
 127 0197 68B1B2A2 		.ascii	"h\261\262\2424\236LD\374\317C\311\222\177\331D\013A"
 127      349E4C44 
 127      FCCF43C9 
 127      927FD944 
 127      0B41
 128 01a9 CE0D8C55 		.ascii	"\316\015\214U\257w\021\207#\2424t\372EkB\004\202;\360"
 128      AF771187 
 128      23A23474 
 128      FA456B42 
 128      04823BF0 
 129 01bd B5470960 		.ascii	"\265G\011`\2050F\267\236%Ft\317\266[\",\240\245\237"
 129      853046B7 
 129      9E254674 
 129      CFB65B22 
ARM GAS  C:\Users\hgray\AppData\Local\Temp\cc4nTAUZ.s 			page 10


 129      2CA0A59F 
 130 01d1 10A48F2E 		.ascii	"\020\244\217.\314^6\363:\320c\250\272\266\324\314\215"
 130      CC5E36F3 
 130      3AD063A8 
 130      BAB6D4CC 
 130      8D
 131 01e2 F359CC09 		.ascii	"\363Y\314\011j\3412+\235\315\235\277\234\315 \211\203"
 131      6AE1322B 
 131      9DCD9DBF 
 131      9CCD2089 
 131      83
 132 01f3 11F0D3A9 		.ascii	"\021\360\323\251\350\200\317\267H\00412\026\326d\314"
 132      E880CFB7 
 132      48043132 
 132      16D664CC 
 133 0203 6008BDDD 		.ascii	"`\010\275\335\245hq\302xY#\221\033\352\333\276\304&"
 133      A56871C2 
 133      78592391 
 133      1BEADBBE 
 133      C426
 134 0215 7618F9C6 		.ascii	"v\030\371\306\020\341\372L\257f\326\363\0356\362}\036"
 134      10E1FA4C 
 134      AF66D6F3 
 134      1D36F27D 
 134      1E
 135 0226 ECA98DA5 		.ascii	"\354\251\215\245|G(_\344\302(\374\356F\337Pw\324ZU\035"
 135      7C47285F 
 135      E4C228FC 
 135      EE46DF50 
 135      77D45A55 
 136 023b 1B6DA853 		.ascii	"\033m\250S2\314p\026U\372\326\274\343\030\2031\252\211"
 136      32CC7016 
 136      55FAD6BC 
 136      E3188331 
 136      AA89
 137 024d D1B5A56C 		.ascii	"\321\265\245l\006\343T1\255k\341\036\356v\237Z\240\011"
 137      06E35431 
 137      AD6BE11E 
 137      EE769F5A 
 137      A009
 138 025f DF9177D4 		.ascii	"\337\221w\324BS\377\320+K\342g\243\0053\021\226\232"
 138      4253FFD0 
 138      2B4BE267 
 138      A3053311 
 138      969A
 139 0271 DB9E6CD4 		.ascii	"\333\236l\324[x@-\300\004\332]\244\223\017m\327\277"
 139      5B78402D 
 139      C004DA5D 
 139      A4930F6D 
 139      D7BF
 140 0283 131AE5D8 		.ascii	"\023\032\345\330\010\276\255\010\332\223\232*\343O\311"
 140      08BEAD08 
 140      DA939A2A 
 140      E34FC9
 141 0292 751E76AA 		.ascii	"u\036v\252\336]i\273e\325++\252\313\245\346\313n\325"
 141      DE5D69BB 
 141      65D52B2B 
ARM GAS  C:\Users\hgray\AppData\Local\Temp\cc4nTAUZ.s 			page 11


 141      AACBA5E6 
 141      CB6ED5
 142 02a5 E3F3CAFB 		.ascii	"\343\363\312\373\262l\031\266BD(\252\307\221}b\257+"
 142      B26C19B6 
 142      424428AA 
 142      C7917D62 
 142      AF2B
 143 02b7 5561A2E2 		.ascii	"Ua\242\342+tK\036\207\267 \317\267\377\037\012\216B"
 143      2B744B1E 
 143      87B720CF 
 143      B7FF1F0A 
 143      8E42
 144 02c9 1FF1E50C 		.ascii	"\037\361\345\014\233=\323.g\240\200\234\231\257\344"
 144      9B3DD32E 
 144      67A0809C 
 144      99AFE4
 145 02d8 151C71C8 		.ascii	"\025\034q\310\212\313\353\364f\347(Jj.\263\330\262\354"
 145      8ACBEBF4 
 145      66E7284A 
 145      6A2EB3D8 
 145      B2EC
 146 02ea D6A49D29 		.ascii	"\326\244\235)V\267\327\315x\272\207\305\371T\367\201"
 146      56B7D7CD 
 146      78BA87C5 
 146      F954F781 
 147 02fa A3073DAA 		.ascii	"\243\007=\252b\367\035R\216[l\366,\252\245 \210\011"
 147      62F71D52 
 147      8E5B6CF6 
 147      2CAAA520 
 147      8809
 148 030c 9EFF329D 		.ascii	"\236\3772\235\313\314\212\333\353tX\235,\306\345p\251"
 148      CBCC8ADB 
 148      EB74589D 
 148      2CC6E570 
 148      A9
 149 031d 9E93EC07 		.ascii	"\236\223\354\0078\300\205,"
 149      38C0852C 
 150              		.text
 151              		.section	.gnu.lto__port_irq_epilogue.1824b9c1,"",%progbits
 152 0000 789C5590 		.ascii	"x\234U\220\313kSA\024\306\3177g\356M\220h\240\253.*"
 152      CB6B5341 
 152      14C6CF37 
 152      67EE4D90 
 152      68A0AB2E 
 153 0015 54B09496 		.ascii	"T\260\224\226\222\213\212RpQ\244\353n\374\007\004/\202"
 153      928B8A52 
 153      7051A4EB 
 153      6EFC0704 
 153      2F82
 154 0027 05E32D49 		.ascii	"\005\343-I\221\3562\366\335\352\302Em!\\Bi\025\305\205"
 154      91EE32F6 
 154      DDEAC245 
 154      6D215C42 
 154      6915C585 
 155 003b 0F7C46A3 		.ascii	"\017|F\243^|\241\013\003Jw\005\005\037\001\245H+>p\321"
 155      5E7CA10B 
 155      034A7705 
ARM GAS  C:\Users\hgray\AppData\Local\Temp\cc4nTAUZ.s 			page 12


 155      051F01A5 
 155      482B3E70 
 156 0050 C433B701 		.ascii	"\3043\267\001\3610\303\3149\363\315\357<\\\"z\016\242"
 156      F130C3CC 
 156      39F3CDEF 
 156      3C5C227A 
 156      0EA2
 157 0062 3E39F7C9 		.ascii	">9\367\311\206CP\347\252D\247\223J\361z\017\231mzq\027"
 157      864350E7 
 157      AA44A793 
 157      4AF17A0F 
 157      996D7A71 
 158 0077 991443DB 		.ascii	"\231\024C\33304`O\223\004\025\024k\024p\226\347\030"
 158      3034604F 
 158      93041514 
 158      6B147096 
 158      E718
 159 0089 4FA66A65 		.ascii	"O\246je\325u\311\210E\013\225\304\244\231h\015\231h"
 159      D575C988 
 159      450B95C4 
 159      A499680D 
 159      9968
 160 009b 5EB635DC 		.ascii	"^\2665\334D\227\250\336\214_\017\371\014\207\014hq7"
 160      4497A8DE 
 160      8C5F0FF9 
 160      0C870C68 
 160      7137
 161 00ad 5E173FEE 		.ascii	"^\027?\356\260\256B\273\270\357\256\326+.\367\202\344"
 161      B0AE42BB 
 161      B8EFAED6 
 161      2B2EF782 
 161      E4
 162 00be FEFBFBFB 		.ascii	"\376\373\373\373\222\323y\321\230Q\023\255\\`\263;d"
 162      92D379D1 
 162      985113AD 
 162      5C60B33B 
 162      64
 163 00cf C61DB000 		.ascii	"\306\035\260\000q\033m\270\2056\222\020\341.:\255\376"
 163      711B6DB8 
 163      85369210 
 163      E12E3AAD 
 163      FE
 164 00e0 C38DFAF9 		.ascii	"\303\215\372\371\355\256\336J\210{p!\301\331W\237\226"
 164      EDAEDE4A 
 164      887B7021 
 164      C1D9579F 
 164      96
 165 00f1 D27C3006 		.ascii	"\322|0\006~}\374\345O\252c9\006VK-\313c\346\245\321"
 165      7E7DFCE5 
 165      4FAA6339 
 165      06564B2D 
 165      CB63E6A5 
 166 0106 A13450FE 		.ascii	"\2414P\376\037j\355\037\017\367\321\021\343\004\372"
 166      1F6AED1F 
 166      0FF7D111 
 166      E304FA
 167 0115 40A0F278 		.ascii	"@\240\362x\355\255\023\231zc\312D\277vV\177\254\264"
ARM GAS  C:\Users\hgray\AppData\Local\Temp\cc4nTAUZ.s 			page 13


 167      EDAD1399 
 167      7A63CA44 
 167      BF76567F 
 167      ACB4
 168 0127 380A7111 		.ascii	"8\012q\0214-\251e4&\242\031V\3666\026\321g\214\257>"
 168      342DA965 
 168      3426A219 
 168      56F63616 
 168      D1678CAF 
 169 013c 7D514A59 		.ascii	"}QJYD\221\225\200'g'\2369\266g\007\033\215F#\215J3\351"
 169      44919580 
 169      2767279E 
 169      39B66707 
 169      1B8D4623 
 170 0154 8C74B3DE 		.ascii	"\214t\263\336#\177jPV.\332\271\332\364\317t\367\345"
 170      237F6A50 
 170      562EDAB9 
 170      DAF4CF74 
 170      F7E5
 171 0166 78A8D52B 		.ascii	"x\250\325+\252\270\230\264-7'\372\020\335B\2445p\\\237"
 171      AAB898B4 
 171      2D3727FA 
 171      10DD42A4 
 171      35705C9F 
 172 017a C8CBE5B5 		.ascii	"\310\313\345\265\325Da\323\210\312\235g\251\025\217"
 172      D54461D3 
 172      88CA9D67 
 172      A9158F
 173 0189 50902925 		.ascii	"P\220)%b\272n\226\364\015\243\355[\035\221\255\0316"
 173      62BA6E96 
 173      F40DA3ED 
 173      5B1D91AD 
 173      1936
 174 019b AC88F667 		.ascii	"\254\210\366g2\236,\377\370\340\321\301 \277\247w\257"
 174      329E2CFF 
 174      F8E0D1C1 
 174      20BFA777 
 174      AF
 175 01ac 17E43D3F 		.ascii	"\027\344=?\310f\203\223\336P\220\033\316{\207\016\017"
 175      C8668393 
 175      DE50901B 
 175      CE7B870E 
 175      0F
 176 01bd F40F8C88 		.ascii	"\364\017\214\210\302\017r\307\216\234:\220\315\370\244"
 176      C20F72C7 
 176      8E9C3A90 
 176      CDF8A4
 177 01cc 4EE4B43F 		.ascii	"N\344\264?<2\364\027\251\023\252?"
 177      3C32F417 
 177      A913AA3F 
 178              		.text
 179              		.section	.gnu.lto_.symbol_nodes.1824b9c1,"",%progbits
 180 0000 789C6363 		.ascii	"x\234cc``\250\005b\006\246}\214\365\014\014\023\316"
 180      6060A805 
 180      6206A67D 
 180      8CF50C0C 
 180      13CE
ARM GAS  C:\Users\hgray\AppData\Local\Temp\cc4nTAUZ.s 			page 14


 181 0012 3130D433 		.ascii	"10\32430\356l9\330\340\300\300\300\270\213\261\236\021"
 181      30EE6C39 
 181      D8E0C0C0 
 181      C0B88BB1 
 181      9E11
 182 0024 2CC6C0D0 		.ascii	",\306\300\320\260\000$\260\233\261\236\011Y\200i;c="
 182      B00024B0 
 182      9BB19E09 
 182      5980693B 
 182      633D
 183 0036 335417C3 		.ascii	"3T\027\303\256\006G\240\310\016\306z\026\024\021\306"
 183      AE0647A0 
 183      C80EC67A 
 183      161411C6 
 184 0046 9D8CF5AC 		.ascii	"\235\214\365\2540M c\231\031X\031Z\272\336\3103\263"
 184      304D2063 
 184      99195819 
 184      5ABADEC8 
 184      33B3
 185 0058 30303CFA 		.ascii	"00<\372q\234\221\001\000\021\215 '"
 185      719C9101 
 185      00118D20 
 185      27
 186              		.text
 187              		.section	.gnu.lto_.refs.1824b9c1,"",%progbits
 188 0000 789C6363 		.ascii	"x\234cc``\340\004b&\006&F!&&a\006\000\001\240\000>"
 188      6060E004 
 188      62260626 
 188      46212626 
 188      61060001 
 189              		.text
 190              		.section	.gnu.lto_.decls.1824b9c1,"",%progbits
 191 0000 789CAD56 		.ascii	"x\234\255VkP\024\331\025\356\323=\34203<j4\211nLBm\250"
 191      6B5014D9 
 191      15EED33D 
 191      E230333C 
 191      6A34896E 
 192 0018 921F5906 		.ascii	"\222\037Y\006\324d\255T*e\326\252d\375\341\256\265V"
 192      D464AD54 
 192      2A65D6AA 
 192      64FDE1AE 
 192      B556
 193 002a 2A3F42A5 		.ascii	"*?B\245\305\231V\246\002383d\261\362#\215 \313\372\002"
 193      C59956A6 
 193      02333833 
 193      64B1F223 
 193      8D20CBFA 
 194 003f 0595978A 		.ascii	"\005\225\227\212/|\257\224\273\212\"\312C\021\026|\302"
 194      2F7CAF94 
 194      BB8A22CA 
 194      4311167C 
 194      C2
 195 0050 8A8FE882 		.ascii	"\212\217\350\202\242\202.*\202Q\021\224\234{o\367t\317"
 195      A2822E2A 
 195      82511194 
 195      9C7B6FF7 
 195      74CF
ARM GAS  C:\Users\hgray\AppData\Local\Temp\cc4nTAUZ.s 			page 15


 196 0062 005B95AD 		.ascii	"\000[\225\255t\315\231\356s\373\234\357|\347\236s\357"
 196      74CD99EE 
 196      73FB9CEF 
 196      7CE79E73 
 196      EF
 197 0073 ED108EE3 		.ascii	"\355\020\216\343\336\011\347\270\277\010\034\227\016"
 197      DE09E7B8 
 197      BF081C97 
 197      0E
 198 0080 1C378297 		.ascii	"\0347\202\227\001\307\352Px\224\343(\"\307\256\020\224"
 198      01C7EA50 
 198      7894E328 
 198      22C7AE10 
 198      94
 199 0091 5A943328 		.ascii	"Z\2243(\015(\215(-(m\334\350+\003\261\"\361\276\010"
 199      0D288D28 
 199      2D286DDC 
 199      E82B03B1 
 199      22F1BE08 
 200 00a5 C58A3259 		.ascii	"\305\2122Y\301\352E\031@\231\216r\021\345-\211\203\266"
 200      C1EA4519 
 200      40998E72 
 200      11E52D89 
 200      83B6
 201 00b7 0694874A 		.ascii	"\006\224\207J\254\011\370\334J\342\001\343\320\203\322"
 201      AC09F8DC 
 201      4AE201E3 
 201      D083D2
 202 00c6 856252E2 		.ascii	"\205bR\342\033q\334\204\022\016,\276\025\357?\001\306"
 202      1B71DC84 
 202      120E2CBE 
 202      15EF3F01 
 202      C6
 203 00d7 43E5167C 		.ascii	"C\345\026|\345\342\373\320 >z.*\207\267\272\\\033u\330"
 203      E5E2FBD0 
 203      203E7A2E 
 203      2A87B7BA 
 203      5C1B75D8 
 204 00eb 53517E8A 		.ascii	"SQ~\212\362s\030\215\275\031\307\214\343\344J\362\371"
 204      F273188D 
 204      BD19C78C 
 204      E3E44AF2 
 204      F9
 205 00fc 05BEAF51 		.ascii	"\005\276\257Qlye\316j\307\340X \300\323\235\203\333"
 205      6C7965CE 
 205      6AC7E058 
 205      20C0D39D 
 205      83DB
 206 010e CC0292C1 		.ascii	"\314\002\222\301\3475Eu]\246\330\2032\273\214n\016\276"
 206      E7354575 
 206      5DA6D883 
 206      32BB8C6E 
 206      0EBE
 207 0120 044135DC 		.ascii	"\004A5\334v\353\331\241\211\302\034jx%\253\242TX-\200"
 207      76EBD9A1 
 207      89C21C6A 
 207      7825ABA2 
ARM GAS  C:\Users\hgray\AppData\Local\Temp\cc4nTAUZ.s 			page 16


 207      54582D80 
 208 0134 D5040654 		.ascii	"\325\004\006T\237](\356\012Gu\262\011\242\012\004\276"
 208      9F5D28EE 
 208      0A4775B2 
 208      09A20A04 
 208      BE
 209 0145 7DA4A7C7 		.ascii	"}\244\247\307\004\226\230U\262\274B.\313\224C?\204E"
 209      04969855 
 209      B2BC422E 
 209      CB94433F 
 209      8445
 210 0157 3F864A98 		.ascii	"?\206J\230\006\307`\032\007' \006D\013|\005\261\010"
 210      06C7601A 
 210      07272006 
 210      440B7C05 
 210      B108
 211 0169 5C4E22D5 		.ascii	"\\N\"\325^*\232UzZ\226\243\3408X\340(\010\312K4#\377"
 211      5E2A9A55 
 211      7A5A96A3 
 211      E03858E0 
 211      2808CA4B 
 212 0180 3888414E 		.ascii	"8\210AN\324g_\011\353\200\333\200\011A$e\005\300\376"
 212      D4675F09 
 212      EB80DB80 
 212      09412465 
 212      05C0FE
 213 0193 F14E84EA 		.ascii	"\361N\204\352#\352\005l\034GyvSL\211\242\272(\317\370"
 213      23EA056C 
 213      1C477976 
 213      534C89A2 
 213      BA28CFF8 
 214 01a7 CF2B18BC 		.ascii	"\317+\030\274\212K\177\012\000\350Q\331{\026N\2758\025"
 214      8A4B7F0A 
 214      00E851D9 
 214      7B164EBD 
 214      3815
 215 01b9 9ED152FD 		.ascii	"\236\321R\3758\006\031\030L\347\024\300\225\363\277"
 215      38061918 
 215      4CE714C0 
 215      95F3BF
 216 01c8 F6D3D492 		.ascii	"\366\323\324\222\004\245\010U\333\277\3506t\302\267"
 216      04A50855 
 216      DBBFE836 
 216      74C2B7
 217 01d7 A8FF91E3 		.ascii	"\250\377\221\343\362\214)ttx\355\351c\026\341\237\264"
 217      F28C2974 
 217      7478EDE9 
 217      6316E19F 
 217      B4
 218 01e8 340D232F 		.ascii	"4\015#/k#XixT[\373\316o1\263\322D\242zp\315H\301\204"
 218      6B235869 
 218      78545BFB 
 218      CE6F31B3 
 218      D244A27A 
 219 0201 299BC8A4 		.ascii	")\233\310\244\347e\312\221<)\314i,\314),\014\00750\005"
 219      E765CA91 
 219      3C29CC69 
ARM GAS  C:\Users\hgray\AppData\Local\Temp\cc4nTAUZ.s 			page 17


 219      2CCC292C 
 219      0C073530 
 220 0216 FF5D0616 		.ascii	"\377]\006\026+{\023v\303\273erm\247\\\373t\377\354-"
 220      2B7B1376 
 220      C3BB6572 
 220      6DA75CFB 
 220      74FFEC2D 
 221 022a E7B3732E 		.ascii	"\347\263s.\243\337\"j\007\325Z\225\252I\223\300I\350"
 221      A3DF226A 
 221      07D55A95 
 221      AA4993C0 
 221      49E8
 222 023c 04A8820E 		.ascii	"\004\250\202\016$^\013\357\242\377\343\013G\216D\010"
 222      245E0BEF 
 222      A2FFE30B 
 222      478E4408 
 223 024c 2D40697D 		.ascii	"-@i}\177\340\372\200\300Ws*\217\0311p'\351\214\352\350"
 223      7FE0FA80 
 223      C057732A 
 223      8F193170 
 223      27E98CEA 
 224 0261 4B153D72 		.ascii	"K\025=r\216\211\032A\235\026\265NiM8C\243\335\351\334"
 224      8E891A41 
 224      9D16B54E 
 224      694D3843 
 224      A3DDE9DC 
 225 0275 DD6F1636 		.ascii	"\335o\0266\263F\276\275r\303p\204\202\320\372q\261\\"
 225      B346BEBD 
 225      72C37084 
 225      82D0FA71 
 225      B15C
 226 0287 CF53EFB3 		.ascii	"\317S\357\263\232\367Y\325\273\201z?\255\357\332\312"
 226      9AF759D5 
 226      BB817A3F 
 226      ADEFDACA 
 227 0297 0B079877 		.ascii	"\013\007\230w\345\300\315\001\013z\227\321\304gu\177"
 227      E5C0CD01 
 227      0B7A97D1 
 227      C467757F 
 228 02a7 25CB2B91 		.ascii	"%\313+\221\267\201b\234\3230\316\005\347\335H\261:\372"
 228      B781629C 
 228      D330CE05 
 228      E7DD48B1 
 228      3AFA
 229 02b9 061ACD42 		.ascii	"\006\032\315B%\303\312\275\264\252\315`\340Y\027\223"
 229      25C3CABD 
 229      B4AACD60 
 229      E0591793 
 230 02c9 0C097E6E 		.ascii	"\014\011~n\366j\030w.\232\351\\|\015\312d\254+\250\222"
 230      F66A1877 
 230      2E9AE95C 
 230      7C0DCA64 
 230      AC2BA892 
 231 02dd 0D0A99FE 		.ascii	"\015\012\231\376\237\025\313\265+d9\203'V\320\244Qi"
 231      9F15CBB5 
 231      2B643983 
 231      2756D0A4 
ARM GAS  C:\Users\hgray\AppData\Local\Temp\cc4nTAUZ.s 			page 18


 231      5169
 232 02ef 0AA6D242 		.ascii	"\012\246\322B\251\224\025\276x\030\"43*\027\032\332"
 232      A99415BE 
 232      78182234 
 232      332A171A 
 232      DA
 233 0300 0A270AF7 		.ascii	"\012'\012\367\250b(9{\354\211\031B\247\001\306\205\230"
 233      A8622839 
 233      7BEC8919 
 233      42A701C6 
 233      8598
 234 0312 CFC84A95 		.ascii	"\317\310J\2253\363\"\321s\3464\210\303Uz\005W\351E\300"
 234      33F322D1 
 234      73E63488 
 234      C3557A05 
 234      57E945C0 
 235 0326 0D0C2EA1 		.ascii	"\015\014.\241\311e\244V,\033\351H\261\234#\313\221\364"
 235      C965A456 
 235      2C1BE948 
 235      B19C23CB 
 235      91F4
 236 0338 B15CDD2A 		.ascii	"\261\\\335*8\242\302\005eR\031\363\221s}\007\215\372"
 236      38A2C205 
 236      655219F3 
 236      91737D07 
 236      8DFA
 237 034a 34898996 		.ascii	"4\211\211\226gk@\315\037wo\331\035\252T\354\332\355"
 237      676B40CD 
 237      1F776FD9 
 237      1DAA54EC 
 237      DAED
 238 035c DFBD566A 		.ascii	"\337\275Vj\216Fp^K\363\274Z\2656\232\336\223\254\373"
 238      8E46705E 
 238      4BF3BC5A 
 238      B5369ADE 
 238      93ACFB
 239 036f 9D66D6EB 		.ascii	"\235f\326\353SP\3158\2723\327\"\344\0134\333M\233\367"
 239      5350CD38 
 239      BA33D722 
 239      E40B34DB 
 239      4D9BF7
 240 0382 5F0F150A 		.ascii	"_\017\025\012\231\242\256\002+[\005\337\225\336\274"
 240      99A2AE02 
 240      2B5B05DF 
 240      95DEBC
 241 0391 69114AD8 		.ascii	"i\021J\330\273/\033\2375\206\012;\230R|\362y\363\004"
 241      BB2F1B9F 
 241      35860A3B 
 241      98527CF2 
 241      79F304
 242 03a4 666844F5 		.ascii	"fhD\365\306\345\212\325\341B9{\227\275\363\314`\230"
 242      C6E58AD5 
 242      E142397B 
 242      97BDF3CC 
 242      6098
 243 03b6 B08F297B 		.ascii	"\260\217){\037u\014\013\302A\246\014\235h\220\215\302"
 243      1F750C0B 
ARM GAS  C:\Users\hgray\AppData\Local\Temp\cc4nTAUZ.s 			page 19


 243      C241A60C 
 243      9D68908D 
 243      C2
 244 03c7 61A6EC69 		.ascii	"a\246\354i\274\321\030!\034a\212\2723Z\351\316\010_"
 244      BCD11821 
 244      1C618ABA 
 244      335AE9CE 
 244      085F
 245 03d9 F4D4949A 		.ascii	"\364\324\224\232\330j\224qu\2326^<\236\016\321\344\212"
 245      D86A9471 
 245      759A365E 
 245      3C9E0ED1 
 245      E48A
 246 03eb 899E141D 		.ascii	"\211\236\024\035\275\203\224\001[\376W\207[{dy\203\205"
 246      BD839401 
 246      5BFE5787 
 246      5B7B6479 
 246      8385
 247 03fd F6CC2D4C 		.ascii	"\366\314-L\377!L\322\366\317\233t\372\342\361\217c\016"
 247      FF214CD2 
 247      F6CF9B74 
 247      FAE2F18F 
 247      630E
 248 040f AF6DD816 		.ascii	"\257m\330\026Y\002\265n\017\266\376&\330\372\256\316"
 248      5902B56E 
 248      0FB6FE26 
 248      D8FAAECE 
 249 041f FADF6363 		.ascii	"\372\337ccW\202f\336\2523\277\035ln\013\266n\326Y\177"
 249      578266DE 
 249      AA33BF1D 
 249      6C6E0BB6 
 249      6ED6597F 
 250 0433 3BA63565 		.ascii	";\2465e\302v\375s\207#3d\031\210\021\247T\230\363#\235"
 250      C276FD73 
 250      87233364 
 250      198811A7 
 250      5498F323 
 251 0448 3B6EDD91 		.ascii	";n\335\221)7\305Q\250\253cg\305\"\257\247\035\206\202"
 251      2937C551 
 251      A8AB6367 
 251      C522AFA7 
 251      1D8682
 252 045b 4B06EEA0 		.ascii	"K\006\356\240E'\261\350P\\\020\027\272\261\227\037@"
 252      4527B1E8 
 252      505C1017 
 252      BAB1971F 
 252      40
 253 046c 34DC47B9 		.ascii	"4\334G\271\213r\017\345;\224G(](=\020\255\213\334\257"
 253      8B720FE5 
 253      3B944728 
 253      5D283D10 
 253      AD8BDCAF 
 254 0480 CBE17A70 		.ascii	"\313\341zp\340k\243&\350\221\316\374\306\330\3464g,"
 254      E06BA326 
 254      E891CEFC 
 254      C6D8E634 
 254      672C
ARM GAS  C:\Users\hgray\AppData\Local\Temp\cc4nTAUZ.s 			page 20


 255 0492 FFDB22F9 		.ascii	"\377\333\"\371\215\331\242;\026\365\266\034\364\202"
 255      8DD9A23B 
 255      16F5B61C 
 255      F482
 256 04a0 8536772F 		.ascii	"\2056w/=\357n7\355;@\316\330\351& GD\004\016\035\356"
 256      3DEF6E37 
 256      ED3B40CE 
 256      D8E92620 
 256      4744040E 
 257 04b6 3D3118C6 		.ascii	"=1\030\306\206hW\347\366\357\232(\234\246\235\306w\334"
 257      866857E7 
 257      F6EF9A28 
 257      9CA69DC6 
 257      77DC
 258 04c8 18BA150E 		.ascii	"\030\272\025\016\246\230\034?:\247\321x\206\023\200"
 258      A6981C3F 
 258      3AA7D178 
 258      861380
 259 04d7 4E648EE1 		.ascii	"Nd\216\341\011\016>\306A\345\344\035\374}Q?9y\373\300"
 259      090E3EC6 
 259      41E5E41D 
 259      FC7D513F 
 259      3979FBC0 
 260 04eb 044FB595 		.ascii	"\004O\265\2256\335\304(\357\333\265~G\210Pa\2401N\226"
 260      36DDC428 
 260      EFDBB57E 
 260      47885061 
 260      A0314E96 
 261 04ff DC6FE0C7 		.ascii	"\334o\340\307\213\361|\374\030\271\277\354\271Nb\014"
 261      8BF17CFC 
 261      18B9BFEC 
 261      B94E620C 
 262 050f 608C7E2D 		.ascii	"`\214~-\006\206$7\034\305@\367\206\016U)+%\004\325\232"
 262      06862437 
 262      1CC540F7 
 262      860E5529 
 262      2B2504D5 
 263 0524 F359D566 		.ascii	"\363Y\325fS\016\361gS\205\343\332L\275 \236\330O\360"
 263      530EF167 
 263      5385E3DA 
 263      4CBD209E 
 263      D84FF0
 264 0537 1F54D1FA 		.ascii	"\037T\321\372\371\252\225/\225\357\221\211dq>(]ga\313"
 264      F9AA952F 
 264      95EF9189 
 264      64713E28 
 264      5D6761CB 
 265 054b 6C36394F 		.ascii	"l69O^\235zm\0216N\240\033\337\301\314\375}\006\210a"
 265      5E9D7A6D 
 265      11364EA0 
 265      1BDFC1CC 
 265      FD7D0688 
 266 0560 1B9F49B7 		.ascii	"\033\237I\267\201\275Ar\203\332\006Fw\271\276\177\221"
 266      81BD4172 
 266      83DA0646 
 266      77B9BE7F 
 266      91
ARM GAS  C:\Users\hgray\AppData\Local\Temp\cc4nTAUZ.s 			page 21


 267 0571 61BAF391 		.ascii	"a\272\363\221;\315[\336)\013S\374\333\344k\314\372\015"
 267      3BCD5BDE 
 267      290B53FC 
 267      DBE46BCC 
 267      FA0D
 268 0583 65338C80 		.ascii	"e3\214\200C\214\316\201\273\005-`\315S\372r\016P\354"
 268      438CCE81 
 268      BB052D60 
 268      CD53FA72 
 268      0E50EC
 269 0596 57F8FE25 		.ascii	"W\370\376%e\377\026\254j\016TA\217\302\354[G\014\343"
 269      65FF16AC 
 269      6A0E5441 
 269      8FC2EC5B 
 269      470CE3
 270 05a9 A63BA2A6 		.ascii	"\246;\242\246{\212\341\327\367W\354\261\260t\005\335"
 270      7B8AE1D7 
 270      F757ECB1 
 270      B07405DD 
 271 05b9 3638996D 		.ascii	"68\231m\203\305\335\007*FE\317\340\247\341\226C\300"
 271      83C5DD07 
 271      2A4645CF 
 271      E0A7E196 
 271      43C0
 272 05cb 56F05615 		.ascii	"V\360V\025\222*\350\261\276\257??d\334\350\231\274\022"
 272      922AE8B1 
 272      BEAF3F3F 
 272      64DCE899 
 272      BC12
 273 05dd 3D8E065F 		.ascii	"=\216\006_q\362\311\220!\030^\333\326\263(<\365\241"
 273      71F2C990 
 273      21185EDB 
 273      D6B3283C 
 273      F5A1
 274 05ef 0A7AB45D 		.ascii	"\012z\264]x\270M\320\267=\331\3255\374\225<k{\274\223"
 274      78B84DD0 
 274      B73DD9D5 
 274      35FC953C 
 274      6B7BBC93 
 275 0603 CFCCE1A1 		.ascii	"\317\314\341\241\242p\275q}\200q\266b\234M\215\317\274"
 275      A270BD71 
 275      7D8071B6 
 275      629C4D8D 
 275      CFBC
 276 0615 68C76FD2 		.ascii	"h\307o\322bZY\270\3720\357H\230\362\275\322R=\273\207"
 276      625A59B8 
 276      FA30EF48 
 276      98F2BDD2 
 276      523DBB87 
 277 0629 1DDBF5EC 		.ascii	"\035\333\365\354\330\376\214\367\267\035>\006\236\225"
 277      D8FE8CF7 
 277      B71D3E06 
 277      9E95
 278 0637 393C394C 		.ascii	"9<9L\312_\276\302\275\376\020\303\352m\337{\331\242"
 278      CA5FBEC2 
 278      BDFE10C3 
 278      EA6DDF7B 
ARM GAS  C:\Users\hgray\AppData\Local\Temp\cc4nTAUZ.s 			page 22


 278      D9A2
 279 0649 60DDFC1B 		.ascii	"`\335\374\033;u\267\263\217\210\3175\244\317\203\221"
 279      3B75B7B3 
 279      8F88CF35 
 279      A4CF8391 
 280 0659 5651A4E7 		.ascii	"VQ\244\347\031\371\207\215B%C\332\177hkE\270\320\300"
 280      19F9878D 
 280      422543DA 
 280      7F686B45 
 280      B8D0C0
 281 066c 94D5F567 		.ascii	"\224\325\365gJC\360k\000\326\020O22\330\232\367\215"
 281      4A43F06B 
 281      00D6104F 
 281      3232D89A 
 281      F78D
 282 067e 1AA8A34A 		.ascii	"\032\250\243J(\332]\262V.\313\220\3474\261`\253\325"
 282      28DA5DB2 
 282      562ECB90 
 282      E734B160 
 282      ABD5
 283 0690 60B09637 		.ascii	"`\260\2267\020-0\336:\032\257\375Vka\250\260)d\234\020"
 283      102D30DE 
 283      3A1AAFFD 
 283      566B61A8 
 283      B029649C 
 284 06a5 0F727BEA 		.ascii	"\017r{\352\014\372sx \240`\353y\3759\274n8\343\205A"
 284      0CFA7378 
 284      20A060EB 
 284      79FD39BC 
 284      6E38E385 
 285 06ba E1F3E0B4 		.ascii	"\341\363\340\264uO\246\274\027\335v\0011\203\\?\233"
 285      754FA6BC 
 285      17DD7601 
 285      31835C3F 
 285      9B
 286 06cb 3C64931B 		.ascii	"<d\223\033\314f\003e\323[~-R(\033\217L\343\336\243u"
 286      CC660365 
 286      D35B7E2D 
 286      52281B8F 
 286      4CE3DEA3 
 287 06e0 40BF8708 		.ascii	"@\277\207\010\013\366=\264\271mGU\330\270\337C\233("
 287      0BF63DB4 
 287      B96D4755 
 287      D8B8DF43 
 287      9B28
 288 06f2 BF8DBC42 		.ascii	"\277\215\274B\260\253\264p\215\372U\332\336\374N\271"
 288      B0ABB470 
 288      8DFA55DA 
 288      DEFC4EB9 
 289 0702 9F20DA41 		.ascii	"\237 \332A\276\237`\001\022\314\017&\270\231\022\374"
 289      BE9F6001 
 289      12CC0F26 
 289      B89912FC 
 290 0712 FADEA1FA 		.ascii	"\372\336\241\372pa?cX\260\365\332v^\201\273T\035\365"
 290      70613F63 
 290      58B0F5DA 
 290      765E81BB 
ARM GAS  C:\Users\hgray\AppData\Local\Temp\cc4nTAUZ.s 			page 23


 290      541DF5
 291 0725 E83A1EBC 		.ascii	"\350:\036\274\330|Y\300\332\246P+va0Z\021E\353\334\326"
 291      D87C59C0 
 291      DAA6502B 
 291      7661305A 
 291      1145EBDC 
 292 073a 9D1F26D4 		.ascii	"\235\037&\3240\264\347\005/\036\205*hw\305\200\266)"
 292      30B4E705 
 292      2F1E852A 
 292      6877C580 
 292      B629
 293 074c D6908A83 		.ascii	"\326\220\212\203\221J(\322\236;\353p;o\031o\346r\312"
 293      914A28D2 
 293      9E3BEB70 
 293      3B6F196F 
 293      E672CA
 294 075f 4AEA8C5A 		.ascii	"J\352\214Z\247\274\335\031\330)\245\376\324\267`\352"
 294      A7BCDD19 
 294      D829A5FE 
 294      D4B760EA 
 295 076f A5C121B6 		.ascii	"\245\301!\266\322\020\243\026WM\300\342\332\246,.r\237"
 295      D210A316 
 295      574DC0E2 
 295      DAA62C2E 
 295      729F
 296 0781 151B6BC3 		.ascii	"\025\033k\303\237=\311\271\330\351\366\306\317\236a"
 296      9F3DC9B9 
 296      D8E9F6C6 
 296      CF9E61
 297 0790 737B6D76 		.ascii	"s{mvwJ\212\333eKu{|^\333\037>\231?w~:Z\330\335\036I"
 297      774A8ADB 
 297      654B757B 
 297      7C5EDB1F 
 297      3E993F77 
 298 07ab FCC76F52 		.ascii	"\374\307oRb\355\306?}\364\347\250\271\361\361\234\321"
 298      62EDC63F 
 298      7DF4E7A8 
 298      B9F1F19C 
 298      D1
 299 07bc 232D4DF4 		.ascii	"#-M\364\244\210\276\370\377\015&6\211\233*\222q\321"
 299      A488BEF8 
 299      FF0D2636 
 299      899B2A92 
 299      71D1
 300 07ce E959     		.ascii	"\351Y"
 301 07d0 264AA9CE 		.ascii	"&J\251\316d\367\3224)65\321\343\213\215\373\365\017"
 301      64F7D234 
 301      293635D1 
 301      E38B8DFB 
 301      F50F
 302 07e2 A1C4FD88 		.ascii	"\241\304\375\210\341y?u\372\354I\342\022\217;Etz=?\004"
 302      E1793F75 
 302      FAEC49E2 
 302      128F3B45 
 302      747A3D3F 
 303 07f7 2B899BC4 		.ascii	"+\211\233\304\260\244t\247\317\217d\376h\376<\361\303"
 303      B0A474A7 
ARM GAS  C:\Users\hgray\AppData\Local\Temp\cc4nTAUZ.s 			page 24


 303      CF8F64FE 
 303      68FE3CF1 
 303      C3
 304 0808 44972359 		.ascii	"D\227#Y\362XGs\237jOZhO\232\347]\340\221\244\224T\237"
 304      F2584773 
 304      9F6A4F5A 
 304      684F9AE7 
 304      5DE091A4 
 305 081f D3EDFA44 		.ascii	"\323\355\372DZ\226\346\364H\216\011\342\007nwr\314X"
 305      5A96E6F4 
 305      488E09E2 
 305      076E7772 
 305      CC58
 306 0831 443C3E9B 		.ascii	"D<>\233\323eONsH\370\302kOr`lCz\252\327\303\247\332"
 306      D3654F4E 
 306      7348F8C2 
 306      6B4F7260 
 306      6C437AAA 
 307 0849 43923DA2 		.ascii	"C\222=\242/\311!x\342g\360\236\231\274\007\377\343y"
 307      2FC92178 
 307      E267F09E 
 307      99BC07FF 
 307      E379
 308 085b 4F9C5961 		.ascii	"O\234Ya\346\263\373\322M\242\230\346t\371f\316\020}"
 308      E6B3FBD2 
 308      4DA298E6 
 308      74F966CE 
 308      107D
 309 086d 4BECBF4D 		.ascii	"K\354\277M\240\330^_\232\303\351N\360aHo\302RWZ\024"
 309      A0D85E5F 
 309      9AC3E94E 
 309      F061486F 
 309      C252575A 
 310 0882 7D8AC222 		.ascii	"}\212\302\"EI)\213%\207Cr$\274\037\033\0275#.\376\375"
 310      4549298B 
 310      25874372 
 310      24BC1F1B 
 310      1735232E 
 311 0898 65B31270 		.ascii	"e\263\022p\374=\227\333%\275'%.v&(d\022R\022\021\313"
 311      FC3D97DB 
 311      25BD2725 
 311      2E762628 
 311      64125212 
 312 08ae 2525880E 		.ascii	"%%\210\016iIbZ\262O\364-O\225\274H\316\250\306\373\353"
 312      6949625A 
 312      B24FF42D 
 312      4F95BC48 
 312      CEA8C6FB 
 313 08c3 FF359E77 		.ascii	"\3775\236w\2717A\364\372\034\010Nf\300\236\224\350\261"
 313      B93741F4 
 313      FA1C084E 
 313      66C09E94 
 313      E8B1
 314 08d5 D23C93DD 		.ascii	"\322<\223\335\366\277\373+\020\352\037\012\023E\207"
 314      F6BFFB2B 
 314      10EA1F0A 
 314      134587
ARM GAS  C:\Users\hgray\AppData\Local\Temp\cc4nTAUZ.s 			page 25


 315 08e4 D39BB838 		.ascii	"\323\233\2708Y\"5\010KL\3764q\271Wt\272\222\221\364"
 315      59223508 
 315      4B4CFE34 
 315      71B95774 
 315      BA9291F4 
 316 08f8 07DF5371 		.ascii	"\007\337Sq\2346Ro\333\334\371\013\347-\264\315\305\202"
 316      9C36526F 
 316      DBDCF90B 
 316      E72DB4CD 
 316      C582
 317 090a DBE6A9F3 		.ascii	"\333\346\251\363\237\342uz\305\245v;\022\010\025\305"
 317      9FE2757A 
 317      C5A5763B 
 317      120815C5 
 318 091a A5924F5C 		.ascii	"\245\222O\\\260p\001>y\331\323d\032<\315\025\300\310"
 318      B070013E 
 318      79D9D364 
 318      1A3CCD15 
 318      C0C8
 319 092c AC1BB488 		.ascii	"\254\033\264\210\242\344R)\375\027d\347J;"
 319      A2E45229 
 319      FD1764E7 
 319      4A3B
 320              		.text
 321              		.section	.gnu.lto_.symtab.1824b9c1,"",%progbits
 322 0000 4E4D495F 		.ascii	"NMI_Handler\000"
 322      48616E64 
 322      6C657200 
 323 000c 00       		.ascii	"\000"
 324 000d 00       		.ascii	"\000"
 325 000e 00       		.ascii	"\000"
 326 000f 00000000 		.ascii	"\000\000\000\000\000\000\000\000"
 326      00000000 
 327 0017 C7000000 		.ascii	"\307\000\000\000"
 328 001b 5F706F72 		.ascii	"_port_irq_epilogue\000"
 328      745F6972 
 328      715F6570 
 328      696C6F67 
 328      756500
 329 002e 00       		.ascii	"\000"
 330 002f 00       		.ascii	"\000"
 331 0030 00       		.ascii	"\000"
 332 0031 00000000 		.ascii	"\000\000\000\000\000\000\000\000"
 332      00000000 
 333 0039 CB000000 		.ascii	"\313\000\000\000"
 334 003d 5F706F72 		.ascii	"_port_switch_from_isr\000"
 334      745F7377 
 334      69746368 
 334      5F66726F 
 334      6D5F6973 
 335 0053 00       		.ascii	"\000"
 336 0054 02       		.ascii	"\002"
 337 0055 00       		.ascii	"\000"
 338 0056 00000000 		.ascii	"\000\000\000\000\000\000\000\000"
 338      00000000 
 339 005e C3000000 		.ascii	"\303\000\000\000"
 340 0062 5F706F72 		.ascii	"_port_exit_from_isr\000"
ARM GAS  C:\Users\hgray\AppData\Local\Temp\cc4nTAUZ.s 			page 26


 340      745F6578 
 340      69745F66 
 340      726F6D5F 
 340      69737200 
 341 0076 00       		.ascii	"\000"
 342 0077 02       		.ascii	"\002"
 343 0078 00       		.ascii	"\000"
 344 0079 00000000 		.ascii	"\000\000\000\000\000\000\000\000"
 344      00000000 
 345 0081 C5000000 		.ascii	"\305\000\000\000"
 346 0085 63685363 		.ascii	"chSchIsPreemptionRequired\000"
 346      68497350 
 346      7265656D 
 346      7074696F 
 346      6E526571 
 347 009f 00       		.ascii	"\000"
 348 00a0 02       		.ascii	"\002"
 349 00a1 00       		.ascii	"\000"
 350 00a2 00000000 		.ascii	"\000\000\000\000\000\000\000\000"
 350      00000000 
 351 00aa D3000000 		.ascii	"\323\000\000\000"
 352              		.text
 353              		.section	.gnu.lto_.opts,"",%progbits
 354 0000 272D666D 		.ascii	"'-fmath-errno' '-fsigned-zeros' '-ftrapping-math' '"
 354      6174682D 
 354      6572726E 
 354      6F272027 
 354      2D667369 
 355 0033 2D666E6F 		.ascii	"-fno-trapv' '-fno-openmp' '-fno-openacc' '-mcpu=cor"
 355      2D747261 
 355      70762720 
 355      272D666E 
 355      6F2D6F70 
 356 0066 7465782D 		.ascii	"tex-m0' '-mno-thumb-interwork' '-mthumb' '-O2' '-fo"
 356      6D302720 
 356      272D6D6E 
 356      6F2D7468 
 356      756D622D 
 357 0099 6D69742D 		.ascii	"mit-frame-pointer' '-falign-functions=16' '-ffuncti"
 357      6672616D 
 357      652D706F 
 357      696E7465 
 357      72272027 
 358 00cc 6F6E2D73 		.ascii	"on-sections' '-fdata-sections' '-fno-common' '-flto"
 358      65637469 
 358      6F6E7327 
 358      20272D66 
 358      64617461 
 359 00ff 2700     		.ascii	"'\000"
 360              		.text
 361              		.comm	__gnu_lto_v1,1,1
 362              		.comm	__gnu_lto_slim,1,1
 363              		.ident	"GCC: (GNU Tools for Arm Embedded Processors 7-2017-q4-major) 7.2.1 20170904 (release) [ARM
ARM GAS  C:\Users\hgray\AppData\Local\Temp\cc4nTAUZ.s 			page 27


DEFINED SYMBOLS
                            *ABS*:00000000 chcore_v6m.c
                            *COM*:00000001 __gnu_lto_v1
                            *COM*:00000001 __gnu_lto_slim

NO UNDEFINED SYMBOLS
