ARM GAS  C:\Users\hgray\AppData\Local\Temp\ccgazqLH.s 			page 1


   1              		.cpu cortex-m0
   2              		.eabi_attribute 20, 1
   3              		.eabi_attribute 21, 1
   4              		.eabi_attribute 23, 3
   5              		.eabi_attribute 24, 1
   6              		.eabi_attribute 25, 1
   7              		.eabi_attribute 26, 1
   8              		.eabi_attribute 30, 2
   9              		.eabi_attribute 34, 0
  10              		.eabi_attribute 18, 4
  11              		.file	"chdynamic.c"
  12              		.section	.gnu.lto_.profile.1824a22b,"",%progbits
  13 0000 789C6363 		.ascii	"x\234cc```\001bF\206\014\003\000\001x\000\244"
  13      60606001 
  13      6246860C 
  13      03000178 
  13      00A4
  14              		.text
  15              		.section	.gnu.lto_.icf.1824a22b,"",%progbits
  16 0000 789C6363 		.ascii	"x\234cc``\340c@\000&\206\343\333zgs1\256\351|r\231\231"
  16      6060E063 
  16      40002686 
  16      E3DB7A67 
  16      7331AEE9 
  17 0018 01002B90 		.ascii	"\001\000+\220\005\266"
  17      05B6
  18              		.text
  19              		.section	.gnu.lto_.jmpfuncs.1824a22b,"",%progbits
  20 0000 789C858F 		.ascii	"x\234\205\217=\012\302P\020\204g\336\313\317S\220\\"
  20      3D0AC250 
  20      108467DE 
  20      CBCF5390 
  20      5C
  21 0011 20E0513C 		.ascii	" \340Q<\207GIe\245\010\266b!\271\203\205\177\210M\020"
  21      87474965 
  21      A508B662 
  21      21B98385 
  21      7F884D10 
  22 0025 45B0F122 		.ascii	"E\260\361\"\226\202\010B\334\215& Q\\\230bavf\277\000"
  22      96820842 
  22      DC8D2620 
  22      515C9862 
  22      617666BF 
  23 003a 4097A8C6 		.ascii	"@\227\250\306 `1\035\246\026\275\324RdDV\344\211|\017"
  23      2060311D 
  23      A616BDD4 
  23      52644456 
  23      E4897C0F 
  24 004e E4D08C2D 		.ascii	"\344\320\214-\027\373\343\300\215lj\365b\316\230\231"
  24      17FBE3C0 
  24      8D6C6AF5 
  24      62CE9899 
  25 005e 47887299 		.ascii	"G\210r\231\010\024\307\354\262\271\267\324\021\022\\"
  25      0814C7EC 
  25      B2B9B7D4 
  25      11125C
  26 006d 304669D1 		.ascii	"0Fi\321\236jy\250\237\2328\351\357\316\241\372\235\370"
ARM GAS  C:\Users\hgray\AppData\Local\Temp\ccgazqLH.s 			page 2


  26      9E6A79A8 
  26      9F9A38E9 
  26      EFCEA1FA 
  26      9DF8
  27 007f 9792280A 		.ascii	"\227\222(\012L\002\3423\333$\004\352u\323\355\365\344"
  27      4C02E233 
  27      DB2404EA 
  27      75D3EDF5 
  27      E4
  28 0090 EB79838E 		.ascii	"\353y\203\216\253w\235+\352\350\027Pm\001h\376\004:"
  28      AB779D2B 
  28      EAE81750 
  28      6D0168FE 
  28      043A
  29 00a2 E4B72C7A 		.ascii	"\344\267,z\001\031\256k@\177\011\312\227\315\227\227"
  29      0119AE6B 
  29      407F09CA 
  29      97CD9797 
  30 00b2 F104A81A 		.ascii	"\361\004\250\032[$"
  30      5B24
  31              		.text
  32              		.section	.gnu.lto_.inline.1824a22b,"",%progbits
  33 0000 789C6363 		.ascii	"x\234cc``\010g@\000&\006\011)CF\006&\211\206\365\214"
  33      60600867 
  33      40002606 
  33      09294346 
  33      06268986 
  34 0016 0C6C0BE4 		.ascii	"\014l\013\344\231@\202\314<@\211\011~`\232\221\201\225"
  34      994082CC 
  34      3C408909 
  34      7E609A91 
  34      8195
  35 0028 0F2832C1 		.ascii	"\017(2\301\017\310g\204\250\225>q\204\221\201}\207\032"
  35      0FC86784 
  35      A8953E71 
  35      8491817D 
  35      871A
  36 003a 16B56012 		.ascii	"\026\265`\022\310\003\000\347\203\012\211"
  36      C80300E7 
  36      830A89
  37              		.text
  38              		.section	.gnu.lto_.pureconst.1824a22b,"",%progbits
  39 0000 789C6363 		.ascii	"x\234cc```\007b&\206]\214\214\273\030\001\005\342\001"
  39      60606007 
  39      6226865D 
  39      8C8CBB18 
  39      0105E201 
  40 0014 87       		.ascii	"\207"
  41              		.text
  42              		.section	.gnu.lto_chThdCreateFromHeap.1824a22b,"",%progbits
  43 0000 789C8595 		.ascii	"x\234\205\225[lTU\024\206\367\177\366\2313g\332\016"
  43      5B6C5455 
  43      1486F77F 
  43      F6993367 
  43      DA0E
  44 0012 08562484 		.ascii	"\010V$\204\220\022%\025\243\0355b\032_\214\220\030y"
  44      90122515 
ARM GAS  C:\Users\hgray\AppData\Local\Temp\ccgazqLH.s 			page 3


  44      A31D3562 
  44      1A5F8C90 
  44      1879
  45 0024 E88BBCF8 		.ascii	"\350\213\274\370`$u:\302$\0163\231)\012\276\364\364"
  45      6024753A 
  45      C2240E33 
  45      99290ABE 
  45      F4F4
  46 0036 C2A55608 		.ascii	"\302\245V\010 \2148\035\241\212\025\014A@K\241Rph\241"
  46      208C381D 
  46      A18A150C 
  46      41404BA1 
  46      527068A1 
  47 004a 2D979682 		.ascii	"-\227\226\202\005\271\224ZZZ.-\223@\032\002\225\213"
  47      05B9945A 
  47      5A5A2E2D 
  47      93401A02 
  47      958B
  48 005c 6BED991A 		.ascii	"k\355\231\032:\200N\332\2233{\375\337\332k\257\365\357"
  48      3A804EDA 
  48      93337BFD 
  48      DFDA6BAF 
  48      F5EF
  49 006e D61042BC 		.ascii	"\326\020B\274o\027\"\015B\314\240w\330\004\264UmB\024"
  49      6F17220D 
  49      42CCA077 
  49      D804B455 
  49      6D4214
  50 0081 9B9AA6AF 		.ascii	"\233\232\246\2577\204\225&o7\013aeH\350\211u\035\340"
  50      37849526 
  50      6F370B61 
  50      6548E889 
  50      751DE0
  51 0094 17CB8428 		.ascii	"\027\313\204(\322\244\216\"|)\327J\234(\333\021\225"
  51      D2A48E22 
  51      7C29D74A 
  51      9C28DB11 
  51      95
  52 00a5 15322A05 		.ascii	"\0252*\005t\372z\2435\322;\206\277\002Y\364u0\336T\223"
  52      74FA7AA3 
  52      35D23B86 
  52      BF0259F4 
  52      7530DE54 
  53 00ba 317DB365 		.ascii	"1}\263e\225X\261\257;\214\312\232v\313\021\225\232\010"
  53      9558B1AF 
  53      3B8CCA9A 
  53      76CB1195 
  53      9A08
  54 00cc 93BC0693 		.ascii	"\223\274\006\223\361+&\363\356\2730\235\3045\361\365"
  54      F12B26F3 
  54      EEBB309D 
  54      C435F1F5 
  55 00dc 371DF245 		.ascii	"7\035\362E\010z?\333\332|oLv\265\002\207\252\245\365"
  55      087A3FDB 
  55      DA7C6F4C 
  55      76B50287 
  55      AAA5F5
ARM GAS  C:\Users\hgray\AppData\Local\Temp\ccgazqLH.s 			page 4


  56 00ef 7C544AD4 		.ascii	"|TJ\324B>\014\322\222\300nd\223\374\373\342SG\235\362"
  56      423E0CD2 
  56      92C06E64 
  56      93FCFBE2 
  56      53479DF2 
  57 0103 15857697 		.ascii	"\025\205v\227o[\241'\321K\233\025\252cO*\252\013\324"
  57      6F5BA127 
  57      D14B9B15 
  57      AA634F2A 
  57      AA0BD4
  58 0116 29B4A4A7 		.ascii	")\264\244\247\3664\344\014\205\036:\260e\330\231D\273"
  58      F634E40C 
  58      851E3AB0 
  58      65D89944 
  58      BB
  59 0127 2213AA4B 		.ascii	"\"\023\252K\255w\243\322\206\337Ra\352\326^\005o-\271"
  59      AD77A3D2 
  59      86DF5261 
  59      EAD65E05 
  59      6F2DB9
  60 013a 7C5DCA37 		.ascii	"|]\3127\025\334\323rq\255-\011\037K\354k\240>\0255\004"
  60      15DCD372 
  60      71AD2D09 
  60      1F4BEC6B 
  60      A03E1535 
  61 014f F629F4D8 		.ascii	"\366)\364\330\265\275\273L\371\226B\357\266\357\337"
  61      B5BDBB4C 
  61      F99642EF 
  61      B6EFDF
  62 015e 939144FB 		.ascii	"\223\221D\373#S~P\373\332\261?\025\266\013\374\256\340"
  62      23537E50 
  62      FBDAB13F 
  62      15B60BFC 
  62      AEE0
  63 0170 01AB621F 		.ascii	"\001\253b\037\344L\005W\257\274\275S\033\331\367G\265"
  63      E44C0557 
  63      AFBCBD53 
  63      1BD9F747 
  63      B5
  64 0181 AF89582A 		.ascii	"\257\211X*j\012\034@6\353\343e}\335\351\211\211M\244"
  64      6A0A1C40 
  64      36EBE365 
  64      7DDDE989 
  64      894DA4
  65 0194 AF3BEACB 		.ascii	"\257;\352\313\256''\026\003w\376b}<M\276\243Ro\273\324"
  65      AE272716 
  65      0377FE62 
  65      7D3C4DBE 
  65      A3526FBB 
  66 01a9 B970DA26 		.ascii	"\271p\332&+fY\261x\345\2245\226\325b\351Q\351\300\301"
  66      2B6659B1 
  66      78E59435 
  66      96D562E9 
  66      51E9C0C1 
  67 01bd 44F646CA 		.ascii	"D\366F\312\336\240&(X\035\033\350\335\252\313\331\212"
  67      DEA02628 
  67      581D1BE8 
ARM GAS  C:\Users\hgray\AppData\Local\Temp\ccgazqLH.s 			page 5


  67      DDAACBD9 
  67      8A
  68 01ce FC69F5B7 		.ascii	"\374i\365\267\265\006\241\\\324\255\310\370\357J\023"
  68      B506A15C 
  68      D4ADC8F8 
  68      EF4A13
  69 01dd A889A6D1 		.ascii	"\250\211\246\321\205%\321\203}wO\246\313<\205\016,o"
  69      8525D183 
  69      7D774FA6 
  69      CB3C850E 
  69      2C6F
  70 01ef D96C26D1 		.ascii	"\331l&\321xd\322\010\252\241\345\261h\317\316\373\353"
  70      7864D208 
  70      AAA1E5B1 
  70      68CFCEFB 
  70      EB
  71 0200 9C868EC3 		.ascii	"\234\206\216\303\230\206f\372=\204il/r\325\021\030\370"
  71      988666FA 
  71      3D84696C 
  71      2F72D511 
  71      18F8
  72 0212 575066D1 		.ascii	"WPf\321'\326\264\301P\353a\211\207X\201\243$=\006C\244"
  72      27D6B4C1 
  72      50EB6189 
  72      875881A3 
  72      243D0643 
  73 0227 C81B232F 		.ascii	"\310\033#/\314\025\034\010\223gSc\033s)\326\31219*W"
  73      CC151C08 
  73      93675363 
  73      1B7329D6 
  73      CA31392A 
  74 023c 1BE53A4E 		.ascii	"\033\345:N\271\370A\327K>\\\331\366\223\266\230u\377"
  74      B9F841D7 
  74      4B3E5CD9 
  74      F693B698 
  74      75FF
  75 024e C132BA0D 		.ascii	"\3012\272\015\023#\235W\007\236\233\004\232M\232F\017"
  75      13239D57 
  75      079E9B04 
  75      9A4D9A46 
  75      0F
  76 025f CD0636B3 		.ascii	"\315\0066\263\001\366%M\213\010\007\330fN\260c\306\202"
  76      01F6254D 
  76      8B0807D8 
  76      664EB063 
  76      C682
  77 0271 473F0E3C 		.ascii	"G?\016<\305L\3019\205XN\307\244;i\305D9\325Go\24511"
  77      C54CC139 
  77      85584EC7 
  77      A43B69C5 
  77      4439D547 
  78 0289 88A555BD 		.ascii	"\210\245U\275+\354|\310\2104\251\256\272\272\301\363"
  78      2BEC7CC8 
  78      8834A9AE 
  78      BABAC1F3 
  79 0299 F6A27B96 		.ascii	"\366\242{\226\031\225\351a\262\275@;\212DD\332\"\322"
  79      1995E961 
ARM GAS  C:\Users\hgray\AppData\Local\Temp\ccgazqLH.s 			page 6


  79      B2BD403B 
  79      8A4444DA 
  79      22D2
  80 02ab A07064EF 		.ascii	"\240pd\357\320\021\033\217?\003&N`rT:E?J\262T\367\250"
  80      D0111B8F 
  80      3F03264E 
  80      6072543A 
  80      453F4AB2 
  81 02c2 064A22FA 		.ascii	"\006J\"\372Pv\256\261\2552#\231\0249\211\346\227\323"
  81      5076AEB1 
  81      AD322399 
  81      143989E6 
  81      97D3
  82 02d4 C1E98F04 		.ascii	"\301\351\217\004mz\015%\221\253\373z\323Y@9W\2057T\330"
  82      6D7A0D25 
  82      91ABFB7A 
  82      D3594039 
  82      57853754 
  83 02e9 5D2FF3D5 		.ascii	"]/\363\325\2413\257\343a\010\234\204+\"\035,\015;Ru"
  83      A133AFE3 
  83      61089C84 
  83      2B221D2C 
  83      0D3B5275 
  84 02fd 69091D58 		.ascii	"i\011\035X\367\007\353L\322\225F\227\256\250\313L\354"
  84      F707EB4C 
  84      D2954697 
  84      AEA8CB4C 
  84      EC
  85 030e 095AA27A 		.ascii	"\011Z\242z\231\356\370\342\302\356z<!\203\306\031:8"
  85      99EEF8E2 
  85      C2EE7A3C 
  85      2183C619 
  85      3A38
  86 0320 0354518F 		.ascii	"\003TQ\217\354d$t\312\037\247X\347|\274\316\236\320"
  86      EC642474 
  86      CA1FA758 
  86      E77CBCCE 
  86      9ED0
  87 0332 E9AC3BCD 		.ascii	"\351\254;\315\272\261\243tC[n\234\007\353\314\204\316"
  87      BAB1A374 
  87      435B6E9C 
  87      07EBCC84 
  87      CE
  88 0343 C6BA3F59 		.ascii	"\306\272?Y7N\014\240\270\347\357p\355\221T\357}\265"
  88      374E0CA0 
  88      B8E7EF70 
  88      ED9154EF 
  88      7DB5
  89 0355 C79EF49E 		.ascii	"\307\236\364\236\355Q\237\275\364\201\300\031\216=\352"
  89      ED519FBD 
  89      F481C019 
  89      8E3DEA
  90 0364 C18DAF7F 		.ascii	"\301\215\257\177(p\226c\366Q>;G\003:\317>\343\207\200"
  90      28709663 
  90      F6513E3B 
  90      47033ACF 
  90      3EE38780 
ARM GAS  C:\Users\hgray\AppData\Local\Temp\ccgazqLH.s 			page 7


  91 0378 B8C11B6E 		.ascii	"\270\301\033n\331\337\330\2271u\030\033\255\365YQ9\206"
  91      D9DFD897 
  91      3175181B 
  91      ADF55951 
  91      3986
  92 038a 819B3FFF 		.ascii	"\201\233?\377r*]\247\316\240\023S\351y\001:\271\244"
  92      722A5DA7 
  92      CEA01353 
  92      E979013A 
  92      B9A4
  93 039c ACBBE242 		.ascii	"\254\273\342B#\022\335\315\034m\223\261a\352\277@\027"
  93      2312DDCD 
  93      1C6D93B1 
  93      61EABF40 
  93      17
  94 03ad D98402FD 		.ascii	"\331\204\002\375\253W\227K\012\320\247j\030Q\371\024"
  94      AB57974B 
  94      0AD0A76A 
  94      1851F914 
  95 03bd 9F983981 		.ascii	"\237\2309\201\277P\024\245\003\223]\252&)\277\034f\277"
  95      BF5014A5 
  95      03935DAA 
  95      2629BF1C 
  95      66BF
  96 03cf 6472A786 		.ascii	"dr\247\206\256tm\262'\233\025^\322p\334\316\026\323"
  96      AE746DB2 
  96      279B155E 
  96      D270DCCE 
  96      16D3
  97 03e1 D4A5AB6F 		.ascii	"\324\245\253ohm2\252\260\241\2303N\210\312\361\204\240"
  97      686D32AA 
  97      B0A19833 
  97      4E88CAF1 
  97      84A0
  98 03f3 9B2F3405 		.ascii	"\233/4\005;\226\235\351Jwm\343\335\250\376\247q\021"
  98      3B969DE9 
  98      4A776DE3 
  98      DDA8FEA7 
  98      7111
  99 0405 5558474D 		.ascii	"UXGM\241zz\340\342\177\022\007\233\227\232\234,\023"
  99      A17A7AE0 
  99      E27F1207 
  99      9B979A9C 
  99      2C13
 100 0417 402F5183 		.ascii	"@/Q\203XR\365`\245T\025\215>\3073a\362\233\300%ew>\343"
 100      5852F560 
 100      A554158D 
 100      3EC73361 
 100      F29BC025 
 101 042f F6C1BA3B 		.ascii	"\366\301\272;Nf'@\240\217\275\376\254\232\326\235\360"
 101      4E662740 
 101      A08FBDFE 
 101      AC9AD69D 
 101      F0
 102 0440 AA347565 		.ascii	"\2524ue\251\213%\332\377u\261_u\3612tu\005\364\344\275"
 102      A98B25DA 
 102      FF75B15F 
ARM GAS  C:\Users\hgray\AppData\Local\Temp\ccgazqLH.s 			page 8


 102      75F13274 
 102      7505F4E4 
 103 0455 BB86864E 		.ascii	"\273\206\206N\325Nn\017\351\277\351\216\255\261\345"
 103      D54E6E0F 
 103      E9BFE98E 
 103      ADB1E5
 104 0464 D65ACBA9 		.ascii	"\326Z\313\251e\016\201+\310\025qhT\010[\364\0264>\261"
 104      650E812B 
 104      C8157168 
 104      54085BF4 
 104      16343EB1 
 105 0478 D6D55E99 		.ascii	"\326\325^\231K\245\311s\303\355\240\333\014\316E\361"
 105      4BA5C973 
 105      C3EDA0DB 
 105      0CCE45F1 
 106 0488 EC9C1C17 		.ascii	"\354\234\034\027\375\270\347{?\362\372C\257\346\276"
 106      FDB8E77B 
 106      3FF2FA43 
 106      AFE6BE
 107 0497 E6F2875C 		.ascii	"\346\362\207\\\301BW(\350\246\305\202\305\013\362}^"
 107      C1425728 
 107      E8A6C582 
 107      C50BF27D 
 107      5E
 108 04a8 778E5BD8 		.ascii	"w\216[\330\346{\362\003\001=\344\375\334\243\323\232"
 108      E67BF203 
 108      013DE4FD 
 108      DCA3D39A 
 109 04b8 470F04BD 		.ascii	"G\017\004\275~-\360\261\314\017\316\323\012\013\344"
 109      7E2DF0B1 
 109      CC0FCED3 
 109      0A0BE4
 110 04c7 67A18056 		.ascii	"g\241\200V\030xR6\357\002\367'\013\013<\024\010-\016"
 110      18785236 
 110      EF02F727 
 110      0B0B3C14 
 110      082D0E
 111 04da E5CC1733 		.ascii	"\345\314\0273\036\247s\373}>\377\002W\300\037,\014\271"
 111      1EA773FB 
 111      7D3EFF02 
 111      57C01F2C 
 111      0CB9
 112 04ec DE7E2F6F 		.ascii	"\336~/oV\336\"R\270\375A\317\334O\337\360\0215\363?"
 112      56DE2252 
 112      B8FD41CF 
 112      DC4FDFF0 
 112      1135F33F 
 113 0500 28CFA242 		.ascii	"(\317\242Bf\\\263\362\346\314\236\343\232E\220k\366"
 113      665CB3F2 
 113      E6CC9EE3 
 113      9A45906B 
 113      F6
 114 0511 C8A6BE90 		.ascii	"\310\246\276\22074w\236\333M)Lw \344-\310\362\012\273"
 114      3734779E 
 114      DB4D294C 
 114      7720E42D 
 114      C8F20ABB 
ARM GAS  C:\Users\hgray\AppData\Local\Temp\ccgazqLH.s 			page 9


 115 0525 CFE3F307 		.ascii	"\317\343\363\007\027'\026<\264\360\017\365\032\252\377"
 115      1727163C 
 115      B4F00FF5 
 115      1AAAFF
 116              		.text
 117              		.section	.gnu.lto_chThdCreateFromMemoryPool.1824a22b,"",%progbits
 118 0000 789C8554 		.ascii	"x\234\205T]LTG\024\236s\347\356\275\013\013R\224ZCM"
 118      5D4C5447 
 118      149E73E7 
 118      EEBD0B0B 
 118      52945A43 
 119 0015 834909B5 		.ascii	"\203I\011\265\251\334\324\324\226\364\241\211%M\352"
 119      A9DCD4D4 
 119      96F4A189 
 119      254DEA
 120 0024 832FF5A9 		.ascii	"\203/\365\251ISc\027\252\233t\335\315.\266\362\304\345"
 120      49536317 
 120      AA9B74DD 
 120      CD2EB6F2 
 120      C4E5
 121 0036 47C5D234 		.ascii	"G\305\3224jeUzK\2671T\204\370[\244\240H\257 H\255 R"
 121      6A65557A 
 121      4BB73154 
 121      84F85BA4 
 121      A048AF20 
 122 004e C53F4004 		.ascii	"\305?@\004\026\371\223DC\254\245V{\316\334\205\310\202"
 122      16F99344 
 122      43ACA556 
 122      7BCEDC85 
 122      C882
 123 0060 76B3B999 		.ascii	"v\263\271\231\231\363}\337\2349\347\233Q\030c\307U\306"
 123      99F37DDF 
 123      9C39E79B 
 123      511863C7 
 123      55C6
 124 0072 24606C05 		.ascii	"$`l\005\216\301\306@\332\321\306X\256]\222\344\275\012"
 124      8EC1C640 
 124      DAD1C658 
 124      AE5D92E4 
 124      BD0A
 125 0084 D3A3F9C3 		.ascii	"\323\243\371\303s\214\3511\034dk]\006\240\201n\007\226"
 125      738CE931 
 125      1C646B5D 
 125      06A0816E 
 125      0796
 126 0096 23711972 		.ascii	"#q\031r\340\033\276\233\303\245\202\243\006/\342\006"
 126      E01BBE9B 
 126      C3A582A3 
 126      062FE206 
 127 00a6 6720E3F4 		.ascii	"g \343\364^kI\377<\232\002$\341tl\274\271*f\351\001"
 127      5E6B49FF 
 127      3C9A0224 
 127      E1746CBC 
 127      B92A66E9 
 128 00bb 5DCFD3CD 		.ascii	"]\317\323\315=\035\321\337W\265\353Q\006\227X\000\341"
 128      3D1DD1DF 
 128      57B5EB51 
ARM GAS  C:\Users\hgray\AppData\Local\Temp\ccgazqLH.s 			page 10


 128      06975800 
 128      E1
 129 00cc 55B0187E 		.ascii	"U\260\030~\201\305\264\373\011X\212\340\241\232\346"
 129      81C5B4FB 
 129      09588AE0 
 129      A19AE6
 130 00db 423B7F1D 		.ascii	"B;\177\035\030\216\377\311\35598/\245L\020\007~\346"
 130      188EFFC9 
 130      ED39382F 
 130      A54C1007 
 130      7EE6
 131 00ed FAAB06E7 		.ascii	"\372\253\006\347P\015\374i\".1\370\025R\020\236\327"
 131      500DFC69 
 131      222E31F8 
 131      1552109E 
 131      D7
 132 00fe 57DD097C 		.ascii	"W\335\011|\231\2406\235)\237\214\235\242.*\321M\331"
 132      99A0369D 
 132      299F8C9D 
 132      A22E2AD1 
 132      4DD9
 133 0110 C0746B22 		.ascii	"\300tk\"\2712\203Z\301\255\314\273s\227\363\345\202"
 133      B932835A 
 133      C1ADCCBB 
 133      7397F3E5 
 133      82
 134 0121 DBD7727B 		.ascii	"\333\327r{\267-\314\355\254H,\313\327?4\270\015NF\222"
 134      B72DCCED 
 134      AC482CCB 
 134      D73F34B8 
 134      0D4E4692 
 135 0135 B15CA704 		.ascii	"\261\\\247\004\371\302\310\251\023v\376\216 ?j\257\257"
 135      F9C2C8A9 
 135      1376FE8E 
 135      203F6AAF 
 135      AF
 136 0146 890993BB 		.ascii	"\211\011\223\273\016\210\234\025\250\213\244*\014N\013"
 136      0E889C15 
 136      A88BA42A 
 136      0C4E0B
 137 0155 EAA85E74 		.ascii	"\352\250^t\032\370\273\202Z\366\355\303cR\230:\026\316"
 137      1AF8BB82 
 137      5AF6EDC3 
 137      6352983A 
 137      16CE
 138 0167 5985FA48 		.ascii	"Y\205\372H\256\312\3407H!\302xA\250\327a\225}\021N\217"
 138      AECAE037 
 138      4821C278 
 138      41A8D761 
 138      957D114E 
 139 017c D615DC0D 		.ascii	"\326\025\334\015\227\335\004\234_\277]7\036\315\337"
 139      97DD049C 
 139      5FBF5D37 
 139      1ECDDF
 140 018b 13DA8706 		.ascii	"\023\332\207\006\2726%\357\327M]7\307+_\331\245\353"
 140      BA3625EF 
 140      D74D5D37 
ARM GAS  C:\Users\hgray\AppData\Local\Temp\ccgazqLH.s 			page 11


 140      C72B5FD9 
 140      A5EB
 141 019d 2D3AAADB 		.ascii	"-:\252\333\241\301R?\203\352\246h\003#\2649\332_)\363"
 141      A1C1523F 
 141      83EAA668 
 141      0323B439 
 141      DA5F29F3 
 142 01b1 95827970 		.ascii	"\225\202yp\347\017\325\012R)\253\301\212\371?\345[T"
 142      E70FD50A 
 142      5229ABC1 
 142      8AF93FE5 
 142      5B54
 143 01c3 15CECE4C 		.ascii	"\025\316\316L,L=\033z\324\341\340\037\010\352ha\313"
 143      2C4C3D1B 
 143      7AD4E1E0 
 143      1F08EA68 
 143      61CB
 144 01d5 017B98DA 		.ascii	"\001{\230\332S\2218E\225\240yNj\337\261\307\305\261"
 144      53913845 
 144      95A0794E 
 144      6ADFB1C7 
 144      C5B1
 145 01e7 8A0CE720 		.ascii	"\212\014\347 \031\232 9\210\210FH&\233\240;Z@\201iL"
 145      199A2039 
 145      88884648 
 145      269BA03B 
 145      5A408169 
 146 01fc 818E3FB3 		.ascii	"\201\216?\263\355\260\"\326\003\034\236\2423\370\035"
 146      EDB022D6 
 146      031C9EA2 
 146      33F81D
 147 020b A1E74161 		.ascii	"\241\347Aa\021\360\306}\257\255e\024\010\240\367\"c"
 147      11F0C67D 
 147      AFAD6514 
 147      08A0F722 
 147      63
 148 021c A56918FB 		.ascii	"\245i\030\373\203b|\206\326\005\324jE-\372\3405\341"
 148      83627C86 
 148      D605D46A 
 148      452DFAE0 
 148      35E1
 149 022e 53C95166 		.ascii	"S\311QfG:l\246\376\370\3116tuBE\325\326\326n\371e\300"
 149      473A6CA6 
 149      FEF8C936 
 149      74754245 
 149      D5D6D66E 
 150 0245 FE4449F8 		.ascii	"\376DI\370\211\346\370\221\024 k\332\0311\242\200\254"
 150      89E6F891 
 150      14206BDA 
 150      1931A280 
 150      AC
 151 0256 160BE499 		.ascii	"\026\013\344\2318\240\366\307\00352\201\221&c\205xL"
 151      38A0F6C7 
 151      03353281 
 151      91266385 
 151      784C
 152 0268 BC5BBAC9 		.ascii	"\274[\272\311\266c~8\3127\331\030\024\004\373\213U:"
ARM GAS  C:\Users\hgray\AppData\Local\Temp\ccgazqLH.s 			page 12


 152      B6637E38 
 152      CA37D918 
 152      1404FB8B 
 152      553A
 153 027a 6409B763 		.ascii	"d\011\267c^\265\265c7\325\234\177u\273\301\035\001t"
 153      5EB5B563 
 153      37D59C7F 
 153      75BBC11D 
 153      0174
 154 028c 2F8336C8 		.ascii	"/\2036\310a%\\1x\014\033\204\274$Q'\334\015\341,\004"
 154      61255C31 
 154      780C1B84 
 154      BC245127 
 154      DC0DE12C 
 155 02a1 05371ADB 		.ascii	"\0057\032\333*c\302tH\265*\275\035\217\210\327\032\345"
 155      2A63C274 
 155      48B52ABD 
 155      1D8F88D7 
 155      1AE5
 156 02b3 4720AF64 		.ascii	"G \257d\370t\310A\000\024\337\021(-R\265etQ\360t\305"
 156      F874C841 
 156      0014DF11 
 156      282D52B5 
 156      657451F0 
 157 02c9 54760617 		.ascii	"Tv\006\027A+\341Q\004\015DE\342\242-\034\020\256\235"
 157      412BE151 
 157      040D4445 
 157      E2A22D1C 
 157      10AE9D
 158 02dc 7076C29D 		.ascii	"pv\302\235\034n\011-\260\366\244\216\005\2664\\T\311"
 158      1C6E092D 
 158      B0F6A48E 
 158      05B6345C 
 158      54C9
 159 02ee 955697EA 		.ascii	"\225V\227\352\032Z\233\225 \224\346b\331\223\014\036"
 159      1A5A9B95 
 159      2094E662 
 159      D9930C1E 
 160 02fe 8BB9C325 		.ascii	"\213\271\303%\362\000\306.o\273\326\343\320\016\351"
 160      F200C62E 
 160      6FBBD6E3 
 160      D00EE9
 161 030d 56681E74 		.ascii	"Vh\036t@\020\212\261\030(\377'h\250\235ol\375\330R\226"
 161      40108AB1 
 161      1828FF27 
 161      68A89D6F 
 161      6CFDD852 
 162 0322 7033D4A7 		.ascii	"p3\324\247\375.\177\335}\265\016\236\221\233\360\316"
 162      FD2E7FDD 
 162      7DB50E9E 
 162      919BF0CE 
 163 0332 65CA4D12 		.ascii	"e\312M\022\307\235u\006\233\205\223\011w\205p\261s\343"
 163      C79D7506 
 163      9B859309 
 163      778570B1 
 163      73E3
 164 0344 140B6723 		.ascii	"\024\013g#\\'\341\342f\340&\312\357\335\004\302\251"
ARM GAS  C:\Users\hgray\AppData\Local\Temp\ccgazqLH.s 			page 13


 164      5C27E1E2 
 164      66E026CA 
 164      EFDD04C2 
 164      A9
 165 0355 164E21DC 		.ascii	"\026N!\334U\302\305\263Q\310\355;\025\250>\037\351\337"
 165      55C2C5B3 
 165      51C8ED3B 
 165      15A83E1F 
 165      E9DF
 166 0367 EF6A1C61 		.ascii	"\357j\034a\377\332f{\365\215O\030\\\243\330l\037\227"
 166      FFDA667B 
 166      F58D4F18 
 166      5CA3D86C 
 166      1F97
 167 0379 BEF52983 		.ascii	"\276\365)\203\353\024Sgx\365\006\266\376&y\225>\014"
 167      EB145367 
 167      78F506B6 
 167      FE267995 
 167      3E0C
 168 038b D8306D58 		.ascii	"\3300mX^\337\030\212Yr\037~\324\367bM\343\210p\377\360"
 168      5EDF188A 
 168      59721F7E 
 168      D4F7624D 
 168      E38870FF 
 169 03a0 F12B0E19 		.ascii	"\361+\016\031\313\012]\260\004\277\335 \223\323z\213"
 169      CB0A5DB0 
 169      04BFDD20 
 169      93D37A8B 
 170 03b0 BA9BC0AA 		.ascii	"\272\233\300\252n\302L\253\275\020\300\3162\350A\253"
 170      6EC24CAB 
 170      BD10C0CE 
 170      32E841AB 
 171 03c0 616070E7 		.ascii	"a`p\347\316\355\034\003\370\013N\202\301\343\351\304"
 171      CEED1C03 
 171      F80B4E82 
 171      C1E3E9C4 
 172 03d0 C463700B 		.ascii	"\304cp\013r\014>\237\214\030L\024N<GNL\240JM\014\365"
 172      720C3E9F 
 172      8C184C14 
 172      4E3C474E 
 172      4CA04A4D 
 173 03e6 94A9E162 		.ascii	"\224\251\341bM[B\232e\211\340B\203/@\012\364\316\351"
 173      4D5B429A 
 173      6589E042 
 173      832F400A 
 173      F4CEE9
 174 03f9 8904B82D 		.ascii	"\211\004\270-<\241Ry\373@\243\227\376\311_f\034\211"
 174      3CA15279 
 174      FB40A397 
 174      FEC95F66 
 174      1C89
 175 040b BD0812F4 		.ascii	"\275\010\022\364#K\270\372\326\364f\317U\257\254\237"
 175      234BB8FA 
 175      D6F466CF 
 175      55AFAC9F 
 176 041b 78609B56 		.ascii	"x`\233VWa@\250\333I=D\315S\2600[\202\373\367pq\276\231"
 176      576140A8 
ARM GAS  C:\Users\hgray\AppData\Local\Temp\ccgazqLH.s 			page 14


 176      DB493D44 
 176      CD53B030 
 176      5B82FBF7 
 177 0433 555918C0 		.ascii	"UY\030\300{\301`P\\@\252\330\221\261\332\277c)\223\227"
 177      7BC16050 
 177      5C40AAD8 
 177      91B1DABF 
 177      63299397 
 178 0447 80C11D58 		.ascii	"\200\301\035Xl\360E\242\367\265\201\035\321\342\021"
 178      6CF045A2 
 178      F7B5811D 
 178      D1E211
 179 0456 C19E4CFE 		.ascii	"\301\236L\376oO\206DO\206A\026WU\016\277\004#\320\320"
 179      6F4F8644 
 179      4F864116 
 179      57550EBF 
 179      0423D0D0 
 180 046a 259A43C5 		.ascii	"%\232C\305F\374\276^s\227-\255Z/\304\006\340\3732\002"
 180      46FCBE5E 
 180      73972DAD 
 180      5A2FC406 
 180      E0FB3202 
 181 047e 696C1C24 		.ascii	"il\034$L\204\014\377\0008\235P\352i\257L\303\324\370"
 181      4C840CFF 
 181      00389D50 
 181      EA69AF4C 
 181      C3D4F8
 182 0491 E4C94B80 		.ascii	"\344\311K\200\357\013\220\026n\221\222\232\252\341\337"
 182      EF0B9016 
 182      6E91929A 
 182      AAE1DF
 183 04a0 B9C1F599 		.ascii	"\271\301\365\231\313\343\1773m\271\346\361k\276,\315"
 183      CBE37F33 
 183      6DB9E6F1 
 183      6BBE2CCD 
 184 04b0 EF73E262 		.ascii	"\357s\342bF\366\306un\2273\325\311$\267W\306q\246\354"
 184      46F6C675 
 184      6E9733D5 
 184      C924B757 
 184      C671A6EC 
 185 04c4 F5B93C92 		.ascii	"\365\271<\222\367s\276\316\267^\312\312\340_\371\275"
 185      F773BECE 
 185      B75ECACA 
 185      E05FF9BD 
 186 04d4 5296F759 		.ascii	"R\226\367Y*\256\215\316/6edb\300\237\355O\335\300V\314"
 186      2AAE8DCE 
 186      2F366564 
 186      62C09FED 
 186      4FDDC056 
 187 04e9 85737ADC 		.ascii	"\205sz\334n\317F\315\353\361e\371\265\225\037\255N_"
 187      6ECF46CD 
 187      EBF165F9 
 187      B5951FAD 
 187      4E5F
 188 04fb BD19114E 		.ascii	"\275\031\021N\217/s\355\227o\273\221\365\376sX\231\233"
 188      8F2F73ED 
 188      976FBB91 
ARM GAS  C:\Users\hgray\AppData\Local\Temp\ccgazqLH.s 			page 15


 188      F5FE7358 
 188      999B
 189 050d B388A3A5 		.ascii	"\263\210\243\245\257^\263j\215\226\216$m\325\324\246"
 189      AF5EB36A 
 189      8D968E24 
 189      6DD5D4A6 
 190 051d 6EBFCBBF 		.ascii	"n\277\313\277v\275\323\211\022v\247\327\357\312Hr1\325"
 190      76BDD389 
 190      1276A7D7 
 190      EFCA4872 
 190      31D5
 191 052f 9DE9F6F8 		.ascii	"\235\351\366\370\262\255\205L\\\370\017\322\035\310"
 191      B2AD854C 
 191      5CF80FD2 
 191      1DC8
 192 053d 4B       		.ascii	"K"
 193              		.text
 194              		.section	.gnu.lto_.symbol_nodes.1824a22b,"",%progbits
 195 0000 789C55C9 		.ascii	"x\234U\311\261\015\2000\020\003@;\011\214\301,0\331"
 195      B10D8030 
 195      1003403B 
 195      098CC12C 
 195      30D9
 196 0012 A74042A2 		.ascii	"\247@B\242\242\246\316\016@\020+0\001\005\005s \236"
 196      A2A6CE0E 
 196      40102B30 
 196      01050573 
 196      209E
 197 0024 D090E265 		.ascii	"\320\220\342e\373\276\0040\352\301L\024`\330\001\215"
 197      FBBE0430 
 197      EAC14C14 
 197      60D8018D 
 198 0034 E81B9599 		.ascii	"\350\033\225\231\302L\270RL\022\300\373Z!Rl\006\013"
 198      C24CB852 
 198      4C12C0FB 
 198      5A21526C 
 198      060B
 199 0046 C565B051 		.ascii	"\305e\260Q\212?X8\204\363\246\325\326vGeap\275\311\342"
 199      8A3F5838 
 199      84F3A6D5 
 199      D6764765 
 199      6170BDC9 
 200 005b 73FD84B4 		.ascii	"s\375\204\264\015B\177Tx\000\250\340'\037"
 200      0D427F54 
 200      7800A8E0 
 200      271F
 201              		.text
 202              		.section	.gnu.lto_.refs.1824a22b,"",%progbits
 203 0000 789C6363 		.ascii	"x\234cc```\004b\006\000\000D\000\010"
 203      60606004 
 203      62060000 
 203      440008
 204              		.text
 205              		.section	.gnu.lto_.decls.1824a22b,"",%progbits
 206 0000 789CB55A 		.ascii	"x\234\265ZyT\224Yv\257\367\275\332\240\252\240\007L"
 206      79549459 
 206      76AFF7BD 
ARM GAS  C:\Users\hgray\AppData\Local\Temp\ccgazqLH.s 			page 16


 206      DAA0AAA0 
 206      074C
 207 0012 C79E90C4 		.ascii	"\307\236\220\304t\230i23\355\326\313\364\344\314\231"
 207      74986932 
 207      33EDD6CB 
 207      F4E4CC99 
 208 0022 D3137366 		.ascii	"\323\023sf\272\317\231\316\231\223\316\234\234>\361"
 208      BACF99CE 
 208      9993CE9C 
 208      9C3EF1
 209 0031 A406A15A 		.ascii	"\244\006\241Z\351f\353\252\242m\223?\246X\304\005\020"
 209      E966EBAA 
 209      A26D933F 
 209      A658C405 
 209      10
 210 0042 17543605 		.ascii	"\027T6\005Y\024\331]\020\004T\004E\004Ep\301\215MT\240"
 210      5914D95D 
 210      10045404 
 210      45044570 
 210      C18D4D54 
 211 0057 51140559 		.ascii	"Q\024\005Y\025r\337R\365}U|\245NNR\372\370\276\373\276"
 211      1572DF52 
 211      F57D557C 
 211      A54E4E52 
 211      FAF8BEFB 
 212 006c FBEEBDBF 		.ascii	"\373\356\275\277\373\356\275\357}\213Z\241P\234Y\252"
 212      FBEEBDEF 
 212      7D8B5AA1 
 212      509C59AA 
 213 007c 50DCD0C0 		.ascii	"P\334\320\300\211\240P\314\301\017\303\351ih:h\025\210"
 213      89A050CC 
 213      C10FC3E9 
 213      69683A68 
 213      1588
 214 008e 9DFF128E 		.ascii	"\235\377\022\216\367I?\034\215p\364\203\246\206v\031"
 214      F7493F1C 
 214      8D70F483 
 214      A6867619 
 215 009e E82FE038 		.ascii	"\350/\3408\004G\005\357{\006\347/\240\011 O\013\315"
 215      044705EF 
 215      7B06E72F 
 215      A009204F 
 215      0BCD
 216 00b0 0B9A8FA0 		.ascii	"\013\232\217\240\230\367{\000\212\026\302\321\007\332"
 216      98F77B00 
 216      8A16C2D1 
 216      07DA
 217 00be 02685F21 		.ascii	"\002h_!\367\372\332\341\370>4_\201\3513\300q!\264\267"
 217      F7FADAE1 
 217      F83E345F 
 217      81E933C0 
 217      7121B4B7 
 218 00d2 04668306 		.ascii	"\004f\203\006\216_\303\361\357\020\263\355\207\002\263"
 218      8E5FC3F1 
 218      EF10B3ED 
 218      8702B3
 219 00e1 05C19140 		.ascii	"\005\301\221@k\206\376&h\255\320Z\240]\204v\016Z\032"
ARM GAS  C:\Users\hgray\AppData\Local\Temp\ccgazqLH.s 			page 17


 219      6B86FE26 
 219      68ADD05A 
 219      A05D8476 
 219      0E5A1A
 220 00f4 344F6EF3 		.ascii	"4On\363_\003\357\337B\373{n\363\217\240\275\003\355"
 220      5F03EFDF 
 220      42FB7B6E 
 220      F38FA0BD 
 220      03ED
 221 0106 271C8720 		.ascii	"'\034\207 \203a\0060\274\345\202\201\370B\316~b7\301"
 221      83610630 
 221      BCE58281 
 221      F842CE7E 
 221      6237C1
 222 0119 F05390F3 		.ascii	"\360S\220\363\003h\203\034\353\353\342\360\220\340\270"
 222      0368831C 
 222      EBEBE2F0 
 222      90E0B8
 223 0128 EF064B28 		.ascii	"\357\006K(\307\363\302\005\217\217\033<d\332\336w\301"
 223      C7F3C205 
 223      8F8F1B3C 
 223      64DADE77 
 223      C1
 224 0139 9582517B 		.ascii	"\225\202Q{\\y&N\300\310\307\023)\201|r1\375\256\027"
 224      5C79264E 
 224      C0C8C713 
 224      29817C72 
 224      31FDAE17 
 225 014d 900B3CD1 		.ascii	"\220\013<\321\" \323k\306\232U\354\252\026\310\313#"
 225      2220D36B 
 225      C69A55EC 
 225      AA16C8CB 
 225      23
 226 015e 17F6E818 		.ascii	"\027\366\350\030\371\006\220\307\372\3177z2f\033\002"
 226      F90690C7 
 226      FACF377A 
 226      32661B02 
 227 016e BAF25151 		.ascii	"\272\362QQ\245\201\321uD\366\361Q\333Q\003\026\0209"
 227      A581D175 
 227      44F6F151 
 227      DB510316 
 227      1039
 228 0180 3F33D6B3 		.ascii	"?3\326\263_\217=\350\371\323\356\202B\017\354E\317\273"
 228      5F8F3DE8 
 228      F9D3EE82 
 228      420FEC45 
 228      CFBB
 229 0192 9A0E1611 		.ascii	"\232\016\026\021\375_x\"\022\221\336\320U\366\360\370"
 229      FD5F7822 
 229      1291DED0 
 229      55F6F0F8 
 230 01a2 94817511 		.ascii	"\224\201u\021\216\324\334\352l\214\027\320\363\346\206"
 230      8ED4DCEA 
 230      6C8C17D0 
 230      F3E686
 231 01b1 D174C3E2 		.ascii	"\321t\303\342b\033\373i\377[\201N\"l\207\2227\365\270"
 231      621BFB69 
ARM GAS  C:\Users\hgray\AppData\Local\Temp\ccgazqLH.s 			page 18


 231      FF5B814E 
 231      226C8792 
 231      37F5B8
 232 01c4 528FFF99 		.ascii	"R\217\377\2310\012\027\333&\252\265\3103`\243\315\026"
 232      300A17DB 
 232      26AAB5C8 
 232      3360A3CD 
 232      16
 233 01d5 63CB8EB5 		.ascii	"c\313\216\265y|\242@G\221\037:\202\374\024\250\036\005"
 233      797CA240 
 233      47911F3A 
 233      82FC14A8 
 233      1E05
 234 01e7 10E1A7D0 		.ascii	"\020\341\247\320b\005:\001\235\265\320\271\237\010\254"
 234      62053A01 
 234      9DB5D0B9 
 234      9F08AC
 235 01f6 EB497BBB 		.ascii	"\353I{\273\246\333f[\204N#\300\2000\345\001\337}\341"
 235      A6DB665B 
 235      844E23C0 
 235      8030E501 
 235      DF7DE1
 236 0209 C9546CED 		.ascii	"\311Tl\355\234\252\325\341rD\215\311\217\2776\340\205"
 236      9CAAD5E1 
 236      72448DC9 
 236      8FBF36E0 
 236      85
 237 021a 2B18515C 		.ascii	"+\030Q\\\237\326\254\303\247\031\221\023}\255\305\200"
 237      9FD6ACC3 
 237      A7199113 
 237      7DADC580 
 238 022a 1B19D133 		.ascii	"\033\031\3213\323]\201q\013#\012g\307\232\275q\033#"
 238      D35D8171 
 238      0B230A67 
 238      C79ABD71 
 238      1B23
 239 023c 6EEF6DFC 		.ascii	"n\357m\374^\217\273\031\221y/i\213JI&\212\350\016W\222"
 239      5E8FBB19 
 239      91792F69 
 239      8B4A4926 
 239      8AE80E57 
 240 0251 BE869299 		.ascii	"\276\206\222\231:L\373\300\334fD\373\3565\016\337\323"
 240      3A4CFBC0 
 240      DC6644FB 
 240      EE350EDF 
 240      D3
 241 0262 38F85A58 		.ascii	"8\370ZX\347\331\271\211:o61\202d\236\026\260y\352\037"
 241      E7D9B989 
 241      3A6F3631 
 241      82649E16 
 241      B079EA1F 
 242 0276 AD4ED42C 		.ascii	"\255N\324,\334E\020n\215\265\275! \243\036\265\002\356"
 242      DC45106E 
 242      8DB5BD21 
 242      20A31EB5 
 242      02EE
 243 0288 8B805B81 		.ascii	"\213\200[\201.!HMt\001\004Q\210\315\321\247\316\350"
ARM GAS  C:\Users\hgray\AppData\Local\Temp\ccgazqLH.s 			page 19


 243      2E21484D 
 243      74010451 
 243      88CDD1A7 
 243      CEE8
 244 029a F49B1D7E 		.ascii	"\364\233\035~#\327\035\256S\2406\244\347N\001\336\223"
 244      23D71DAE 
 244      53A036A4 
 244      E74E01DE 
 244      93
 245 02ab 33451705 		.ascii	"3E\027\005<@\001\010\217\212\313\233\275\220>\300\315"
 245      3C400108 
 245      8F8ACB9B 
 245      BD903EC0 
 245      CD
 246 02bc 507405BC 		.ascii	"Pt\005\274.\216f\376~|rQ\372e\342\357\313p\241]\364"
 246      2E8E66FE 
 246      7E7C7251 
 246      FA65E2EF 
 246      CB70A15D 
 247 02d1 37F0310D 		.ascii	"7\3601\015)\273n\024z\343\"\026CU'\206\2273\220~@Uw"
 247      29BB6E14 
 247      7AE32216 
 247      43552786 
 247      9733907E 
 248 02e8 3DA9E320 		.ascii	"=\251\343 {I\364\025\224\225^\327\341J\306Z4\021W\341"
 248      7B49F415 
 248      94955ED7 
 248      E14AC65A 
 248      341157E1 
 249 02fc 8D6B1861 		.ascii	"\215k\030a\217K\037\036\227\005\375\231[\364\214\376"
 249      8F4B1F1E 
 249      9705FD99 
 249      5BF48CFE 
 250 030c 08C8AB6D 		.ascii	"\010\310\253m\335\371\030\237\026\234\342\361\235\371"
 250      DDF9189F 
 250      169CE2F1 
 250      9DF9
 251 031a F1F80E8B 		.ascii	"\361\370\016\213\307\313\311O\3634\270\231\262\013="
 251      C7CBC94F 
 251      F334B899 
 251      B20B3D
 252 0329 37673ABD 		.ascii	"7g:\275\334\305Y/ ~\207\307Y\027tv:\342\354\361\255"
 252      DCC5592F 
 252      207E87C7 
 252      59177476 
 252      3AE2ECF1 
 253 033e 5FA53D25 		.ascii	"_\245=%\270{`\016\273E\334\357\3608;\230\267-G\215k"
 253      B87B600E 
 253      BB45DCEF 
 253      F0383B98 
 253      B72D478D 
 254 0353 31D55193 		.ascii	"1\325Q\223q\377\254\340N\307]\367:&\337n\\o\263\011"
 254      71FFACE0 
 254      4EC75DF7 
 254      3A26DF6E 
 254      5C6FB309 
 255 0367 A80F74DC 		.ascii	"\250\017t\334\021u\200J\246\304\2262\223e\300\373\224"
ARM GAS  C:\Users\hgray\AppData\Local\Temp\ccgazqLH.s 			page 20


 255      1175804A 
 255      A6C49632 
 255      9365C0FB 
 255      94
 256 0378 54C9E3D8 		.ascii	"T\311\343\330\214|\267@\372\335*\271\224\2047\346&\333"
 256      8C7CB740 
 256      FADD2AB9 
 256      948437E6 
 256      26DB
 257 038a 6C4A741F 		.ascii	"lJt\037\264\334\023\265\364\331\265t\036Ij\320\342!"
 257      B4DC13B5 
 257      F4D9B574 
 257      1E496AD0 
 257      E221
 258 039c AA05D554 		.ascii	"\252\005\325T\3266\362z\262\024\310\330{{\356x\341\247"
 258      D636F27A 
 258      B214C8D8 
 258      7B7BEE78 
 258      E1A7
 259 03ae EC5A6372 		.ascii	"\354Zcr\\\242'\236a\346<k\177\230\246vg\316C\267\346"
 259      5CA2279E 
 259      61E63C6B 
 259      7F98A676 
 259      67CE43B7 
 260 03c3 DC5A0855 		.ascii	"\334Z\010U\001=\000S\206dL\311\030\355\372\336\203i"
 260      013D0053 
 260      86644CC9 
 260      18EDFADE 
 260      8369
 261 03d5 0F204EAE 		.ascii	"\017 N\256\036\315W\343\015*V\237\356^iR\341\255\214"
 261      1ECD57E3 
 261      0D2A569F 
 261      EE5E6952 
 261      E1AD8C
 262 03e8 C8AEBFF3 		.ascii	"\310\256\277\363.\336\307\316\253w\326\016k\361~F\364"
 262      2EDEC7CE 
 262      AB77D60E 
 262      6BF17E46 
 262      F4
 263 03f9 CDCD7E85 		.ascii	"\315\315~\205\217\261\363M\305\233\032\275\360IF\344"
 263      8FB1F34D 
 263      C59B1ABD 
 263      F04946E4 
 264 0409 9CAA79A8 		.ascii	"\234\252y\250\301\255\214\260\027Q\037VD\013\206z\236"
 264      C1AD8CB0 
 264      17511F56 
 264      440B867A 
 264      9E
 265 041a 63DCC5AE 		.ascii	"c\334\305\256\335\351<W\356\205{\030Q3\221Q\343\215"
 265      DDE93C57 
 265      EE857B18 
 265      51339151 
 265      E38D
 266 042c FB1971F1 		.ascii	"\373\031q\361\356\334SO<\314\210\312\364\331:%\036c"
 266      EEDC534F 
 266      3CCC88CA 
 266      F4D93A25 
ARM GAS  C:\Users\hgray\AppData\Local\Temp\ccgazqLH.s 			page 21


 266      1E63
 267 043e C4FAA492 		.ascii	"\304\372\244\222\335\244\316\252YLjH\025\030\231>\246"
 267      DDA4CEAA 
 267      594C6A48 
 267      1518993E 
 267      A6
 268 044f 645D04F8 		.ascii	"d]\004\370w\320\265'\255\363\220\027\236\244C\204\223"
 268      77D0B527 
 268      ADF39017 
 268      9EA44384 
 268      93
 269 0460 57AAE20C 		.ascii	"W\252\342\014(\300\323\036n\037\246\215\220p\233\003"
 269      28C0D31E 
 269      6E1FA68D 
 269      90709B03 
 270 0470 CFBC103D 		.ascii	"\317\274\020=\243&\216\331HX\\]<\013.Vs\027?\207\316"
 270      A3268ED9 
 270      48585C5D 
 270      3C0B2E56 
 270      73173F87 
 271 0485 19E82495 		.ascii	"\031\350$\225{j\344\250\022\307\250\251\216#;\236\247"
 271      7B6AE4A8 
 271      12C7A8A9 
 271      8E233B9E 
 271      A7
 272 0496 7A893A26 		.ascii	"z\211:&\227W\320p\213\021\300&\301\241c\016\271U\022"
 272      9757D070 
 272      8B11C026 
 272      C1A1630E 
 272      B95512
 273 04a9 2DC82AB9 		.ascii	"-\310*\271c\233I\323\343\315LIF}\316\021\301\241\004"
 273      639B49D3 
 273      E3CD4C49 
 273      467DCE11 
 273      C1A104
 274 04bc C22D8985 		.ascii	"\302-\211\205\333z\320\022+j\001\245\356\264\304\311"
 274      DB7AD012 
 274      2B6A01A5 
 274      EEB4C4C9 
 275 04cc 6B99DE71 		.ascii	"k\231\336q\274B\207\267R-(a\347\360~/\274\213\0213\203"
 275      BC4287B7 
 275      522D2861 
 275      E7F07E2F 
 275      BC8B1133 
 276 04e1 2937119B 		.ascii	")7\021\233>=\220157\267y\363:C\363\177z\343\254\022"
 276      3E3D9031 
 276      3537B779 
 276      F33A43F3 
 276      7F7AE3AC 
 277 04f6 E732DEEB 		.ascii	"\3472\336\353\211Wn\253q\021\263\265\262\245s\006;l"
 277      89576EAB 
 277      7111B3B5 
 277      B2A57306 
 277      3B6C
 278 0508 6DA6B198 		.ascii	"m\246\261\230\004v&\274\226\235\211\362v6^\312\036\325"
 278      047626BC 
 278      969D89F2 
ARM GAS  C:\Users\hgray\AppData\Local\Temp\ccgazqLH.s 			page 22


 278      76365ECA 
 278      1ED5
 279 051a E2434CDD 		.ascii	"\342CL\335\361m\333!\030+\031\321\235\232P\243\303\315"
 279      F16DDB21 
 279      182B19D1 
 279      9D9A50A3 
 279      C3CD
 280 052c 8C3899FC 		.ascii	"\2148\231\374\264\312\003\2673b\303d_\2717\276\305\210"
 280      B4CA03B7 
 280      3362C364 
 280      5FB937BE 
 280      C588
 281 053e A1D8BA3B 		.ascii	"\241\330\272;J|\207\021e\353\357\035\324\002\030?\010"
 281      4A7C8711 
 281      65EBEF1D 
 281      D402183F 
 281      08
 282 054f 2524A96D 		.ascii	"%$\251m~\254\266\035\255\033-Q\342~\006\347P\311\275"
 282      7EACB61D 
 282      AD1B2D51 
 282      E27E06E7 
 282      50C9BD
 283 0562 AF2421B4 		.ascii	"\257$!\264x\375\0062\275\251\000h\227\010\310\217\343"
 283      78FD0632 
 283      BDA90068 
 283      9708C88F 
 283      E3
 284 0573 89B1D972 		.ascii	"\211\261\331rmx\241\002\275\347\207\226\002\232\335"
 284      6D78A102 
 284      BDE78796 
 284      029ADD
 285 0582 80C68FA3 		.ascii	"\200\306\217\243\331)\370\241\024\201\2429\230Up\306"
 285      D929F8A1 
 285      1481A239 
 285      985570C6 
 286 0592 80479882 		.ascii	"\200G\230\202\356\222\307\255X\022@o\037\241\001\224"
 286      EE92C7AD 
 286      5812406F 
 286      1FA10194 
 287 05a2 011AD244 		.ascii	"\001\032\322D\015\251\202\033\025\351\362*bv\\)\366"
 287      0DA9821B 
 287      15E9F22A 
 287      62765C29 
 287      F6
 288 05b3 C0934C45 		.ascii	"\300\223LE\314\331\255\355\032{\035q\036\276Wf\270#"
 288      CCD9ADED 
 288      1A7B1D71 
 288      1EBE5766 
 288      B823
 289 05c5 CA66A749 		.ascii	"\312f\247I\272\354\001K2EK2\004^Hv\246\367/\3046\015"
 289      BAEC014B 
 289      32454B32 
 289      045E4876 
 289      A6F72FC4 
 290 05db 0B9DC4D9 		.ascii	"\013\235\304\3312\214\343)!\014o)\250T\313\253\313q"
 290      328CE329 
 290      210C6F29 
ARM GAS  C:\Users\hgray\AppData\Local\Temp\ccgazqLH.s 			page 23


 290      A854CBAB 
 290      CB71
 291 05ed ABAE4FF3 		.ascii	"\253\256O\3631\332\007\232\262e4u\355y<\252\304[\230"
 291      31DA079A 
 291      B2653475 
 291      ED793CAA 
 291      C45B98
 292 0600 AABC86B2 		.ascii	"\252\274\206\262v\015Na\252n>k\331!&\306\020\310\330"
 292      760D4E61 
 292      AA6E3E6B 
 292      D92126C6 
 292      10C8D8
 293 0613 0F32F25C 		.ascii	"\0172\362\\e\310X\222/\357\267Gq\367{\371\346n!\311"
 293      65C85892 
 293      2FEFB747 
 293      71F77BF9 
 293      E66E21C9 
 294 0627 8F94D4F7 		.ascii	"\217\224\324\367\360\036\246x8\277\3650)\234\001\236"
 294      F01EA678 
 294      38BFF530 
 294      299C019E 
 295 0637 E84F92A0 		.ascii	"\350O\222\240\011`A\223\271\255o\267\007\316cf\245="
 295      09604193 
 295      B9AD6FB7 
 295      07CE6366 
 295      A53D
 296 0649 3B3AE358 		.ascii	";:\343XG\312cm?\210^\246@U\020\316\025$\306K@u\000W"
 296      47CA636D 
 296      3F885EA6 
 296      405510CE 
 296      1524C64B 
 297 0661 5D08AA0F 		.ascii	"]\010\252\017\012\342\212\370\343=tE,\006\024E\"\212"
 297      0AE28AF8 
 297      E33D7445 
 297      2C061445 
 297      228A
 298 0673 00EE880D 		.ascii	"\000\356\210\015q\005\311:\\\306\224\244$\367\335\326"
 298      7105C93A 
 298      5CC694A4 
 298      24F7DDD6 
 299 0683 482BCF39 		.ascii	"H+\3179\0328\3450\264T\034Z,:`\236!e2\206\220\224*\273"
 299      1A38E530 
 299      B4541C5A 
 299      2C3A609E 
 299      21653286 
 300 069b 7D4689AB 		.ascii	"}F\211\253\230\226g\233\206\263\335C9\342\026J\317$"
 300      9896679B 
 300      86B3DD43 
 300      39E2164A 
 300      CF24
 301 06ad EE6AD84C 		.ascii	"\356j\330L\212\324a0\350\220hP\271}V\253\023\237\305"
 301      8AD46130 
 301      E8906850 
 301      B97D56AB 
 301      139FC5
 302 06c0 39EDB108 		.ascii	"9\355\261\010\243\270\307:*\350\371\2266\246\357X\007"
 302      A3B8C73A 
ARM GAS  C:\Users\hgray\AppData\Local\Temp\ccgazqLH.s 			page 24


 302      2AE8F996 
 302      36A6EF58 
 302      07
 303 06d1 C2CFD82C 		.ascii	"\302\317\330,\\\233<1\255\307\323\224P\026\307\026\216"
 303      5C9B3C31 
 303      ADC7D394 
 303      5016C716 
 303      8E
 304 06e2 2851801F 		.ascii	"(Q\200\037\202Q\2109\202\354\210\025\250\032D\035\023"
 304      82518839 
 304      82EC8815 
 304      A81A441D 
 304      13
 305 06f3 B07D8B9F 		.ascii	"\260}\213\237n\003\363G\376D\272\341\\K\21721Q\011h"
 305      6E03F347 
 305      FE44BAE1 
 305      5C4B8F32 
 305      31510968 
 306 0707 C825053A 		.ascii	"\310%\005:\016X\252\2307\016e6Myxr\356\215\257\342\276"
 306      0E58AA98 
 306      370E6536 
 306      4D797872 
 306      EE8DAFE2 
 307 071c 33397746 		.ascii	"39wF/\005U\343\004\252\326\001\352\364\305\330\203:"
 307      2F0555E3 
 307      04AAD601 
 307      EAF4C5D8 
 307      833A
 308 072e 3CC740F5 		.ascii	"<\307@\365\275\330wO\203\327k)1\231z>\317\200\023\030"
 308      BDD8774F 
 308      83D76B29 
 308      31997A3E 
 308      CF801318 
 309 0742 B1BDB8ED 		.ascii	"\261\275\270\355\272\032'3\242\273t\266V\215\2673\""
 309      BA1A2733 
 309      A2BB74B6 
 309      568DB733 
 309      22
 310 0753 ABF34989 		.ascii	"\253\363I\211\006\357\244\204\320178\350\351\274\355"
 310      06EFA484 
 310      D0313738 
 310      E8E9BCED 
 311 0763 FCE39B62 		.ascii	"\374\343\233bU=\003\246\032\2357\235\2172\377&\332f"
 311      553D03A6 
 311      1A9D379D 
 311      8F32FF26 
 311      DA66
 312 0775 43A841D0 		.ascii	"C\250A\320\243zqv\214|\313\331t-\341\224\022\357e\252"
 312      A37A7176 
 312      8C7CCBD9 
 312      742DE194 
 312      12EF65AA 
 313 0789 0EB4F4DA 		.ascii	"\016\264\364\332Tx\037#j7\267<\327\342<F\244Wo\210\361"
 313      54781F23 
 313      6A37B73C 
 313      D7E23C46 
 313      A4576F88 
ARM GAS  C:\Users\hgray\AppData\Local\Temp\ccgazqLH.s 			page 25


 314 079e C40718D1 		.ascii	"\304\007\030\321\033\323xE\213\013\031\361\344\321\325"
 314      1BD37845 
 314      8B0B19F1 
 314      E4D1D5
 315 07ad E7065CCA 		.ascii	"\347\006\\\312\010\333\324\311[j|\230\021\267wN\366"
 315      08DBD4C9 
 315      5B6A7C98 
 315      11B7774E 
 315      F6
 316 07be 7AE00A46 		.ascii	"z\340\012F\024\315\215&\353q\025G^\333\236#\260\344"
 316      14CD8D26 
 316      EB711547 
 316      5EDB9E23 
 316      B0E4
 317 07d0 F327B709 		.ascii	"\363'\267\011u\011M\230\2559\331\260\241\327\335,\232"
 317      75094D98 
 317      AD39D9B0 
 317      A1D7DD2C 
 317      9A
 318 07e1 D9EF85FC 		.ascii	"\331\357\205\374\331\3177\300\337?\207\240\255\033H"
 318      D9CF37C0 
 318      DF3F87A0 
 318      AD1B48
 319 07f0 55A51FD8 		.ascii	"U\245\037\330\234d\313\256gh\032\001\315u\301WD\177"
 319      9C64CBAE 
 319      67681A01 
 319      CD75C157 
 319      447F
 320 0802 4020AE5F 		.ascii	"@ \256_F\356/\331\210[\277H\267\325\305a\312}V\236\373"
 320      46EE2FD9 
 320      885BBF48 
 320      B7D5C561 
 320      CA7D569E 
 321 0817 2812D9FB 		.ascii	"(\022\331\373$\354\247]\331\237!\027\341}\037\211\334"
 321      24ECA75D 
 321      D99F2117 
 321      E17D1F89 
 321      DC
 322 0828 175CB997 		.ascii	"\027\\\271\227\27007KD\237se>\206\\-\251\227\2607\311"
 322      B830374B 
 322      449F7365 
 322      3E865C2D 
 322      A997B037 
 323 083d B34B840F 		.ascii	"\263K\204\017I,i\221\265\204\311\336F\357\211\240\301"
 323      492C6991 
 323      B584C9DE 
 323      46EF89A0 
 323      C1
 324 084e DD0FBA04 		.ascii	"\335\017\272\004\261\334\012.@\027\371\010\010\014t"
 324      B1DC0A2E 
 324      4017F908 
 324      080C74
 325 085d 03E2E78A 		.ascii	"\003\342\347\212\340\217:\240\335\204v\013\3325hW\241"
 325      E08F3AA0 
 325      DD84760B 
 325      DA356857 
 325      A1
ARM GAS  C:\Users\hgray\AppData\Local\Temp\ccgazqLH.s 			page 26


 326 086e B5416B87 		.ascii	"\265Ak\207vY\360\247\271\306\302\253\273\352\015\032"
 326      7659F0A7 
 326      B9C6C2AB 
 326      BBEA0D1A 
 327 087e 5E2041C1 		.ascii	"^ A\301cK\3410l\274\312''\326\326\264\224Z\326\354j"
 327      634BE130 
 327      6CBCCA27 
 327      27D6D6B4 
 327      945AD6EC 
 328 0893 59852B8E 		.ascii	"Y\205+\216i\011\216\363\362\334\014\010\304LINQ1\226"
 328      69098EF3 
 328      F2DC0C08 
 328      C44C494E 
 328      513196
 329 08a6 E69F9459 		.ascii	"\346\237\224Y\201n;\362\257\2736g\302\200\247i\340\341"
 329      816E3BF2 
 329      AFBB3667 
 329      C280A769 
 329      E0E1
 330 08b8 B907475B 		.ascii	"\271\007G[5\310?\300\227)\204\332\225~?\201E\024\214"
 330      35C83FC0 
 330      972984DA 
 330      957E3F81 
 330      45148C
 331 08cb 4075A0B4 		.ascii	"@u\240\264G~\032\031\332\326\203\014m\2173\332m|\207"
 331      477E1A19 
 331      DAD6830C 
 331      6D8F33DA 
 331      6D7C87
 332 08de 431DEB18 		.ascii	"C\035\353\030\334\311\245\021\307v\203c\273\270\343"
 332      DCC9A511 
 332      C7768363 
 332      BBB8E3
 333 08ed 4836C40C 		.ascii	"H6\304\014\014c\274\201= x\320_\324!\340DFd\366\324"
 333      0C63BC81 
 333      3D2078D0 
 333      5FD421E0 
 333      444664F6 
 334 0902 77F35DFB 		.ascii	"w\363]\373\031B\037\353I\331\244\347\271A\036Y\014\214"
 334      19421FEB 
 334      49D9A4E7 
 334      B9411E59 
 334      0C8C
 335 0914 8F77A8F1 		.ascii	"\217w\250\361.\306|d\356`<\306\231\214x\236\177\351"
 335      2EC67C64 
 335      EE603CC6 
 335      998C789E 
 335      7FE9
 336 0926 8616E733 		.ascii	"\206\026\3473\342\364\213\233\231\236\270\224\022\277"
 336      E2F48B9B 
 336      999EB894 
 336      12BF
 337 0934 7C7EAA60 		.ascii	"|~\252`\302\200|\375\365\276\376\276\376\344/\374\367"
 337      C2807CFD 
 337      F5BEFEBE 
 337      FEE42FFC 
 337      F7
ARM GAS  C:\Users\hgray\AppData\Local\Temp\ccgazqLH.s 			page 27


 338 0945 27E701F0 		.ascii	"'\347\001\360\243)\026\340\277\300\237^\361\007Z\257"
 338      A32916E0 
 338      BFC09F5E 
 338      F1075AAF 
 339 0955 279D01FE 		.ascii	"'\235\001\376\216_@\200<\300Q\330[\017r\200\2618\000"
 339      8E5F4080 
 339      3CC051D8 
 339      5B0F7280 
 339      B13800
 340 0968 7DCF0132 		.ascii	"}\317\0012\347N\224\252^4la\316\035\002\3476pn\031\347"
 340      E74E94AA 
 340      5E346C61 
 340      CE1D02E7 
 340      36706E19 
 341 097d 4AA6F181 		.ascii	"J\246\361\201\3234\222q\314\315N\261{\027b\267\217\304"
 341      D3349271 
 341      CCCD4EB1 
 341      7B1762B7 
 341      8FC4
 342 098f 6E2E681D 		.ascii	"n.h\035\346\026\344\300\371>\354\217\262\241eA\333\013"
 342      E616E4C0 
 342      F93EEC8F 
 342      B2A16541 
 342      DB0B
 343 09a1 6D0FB44C 		.ascii	"m\017\264Lh\031\320\322\241\245AK\205\266\036Z44\033"
 343      6819D0D2 
 343      A1A5414B 
 343      85B61E5A 
 343      34341B
 344 09b4 B43988E9 		.ascii	"\2649\210\351\307\320\036A{\350\204\340\351\357X<BE"
 344      C7D01E41 
 344      7BE884E0 
 344      E9EF583C 
 344      4245
 345 09c6 BD077339 		.ascii	"\275\007s9,5\376\246\030\274\362\246\335\341#\376\177"
 345      2C35FEA6 
 345      18BCF2A6 
 345      DDE123FE 
 345      7F
 346 09d7 4C9B6DF1 		.ascii	"L\233m\361\311\245\231EnDo#\027\343n\315+(\335-\013"
 346      C9A59945 
 346      6E446F23 
 346      17E36ECD 
 346      2B28DD2D 
 347 09ec 18FF0878 		.ascii	"\030\377\010xt@\236\337u*\2368M\305\010\313('\260\225"
 347      74409EDF 
 347      752A9E38 
 347      4DC508CB 
 347      2827B095 
 348 0a00 70F518BD 		.ascii	"p\365\030\275e\006\260O8\330\027\020\352\343`\3603h"
 348      6506B04F 
 348      38D81710 
 348      EAE360F0 
 348      3368
 349 0a12 4F9D8C9E 		.ascii	"O\235\214\236\251Q\315\036\265\3316\251\321(\217\207"
 349      A951CD1E 
 349      B5D936A9 
ARM GAS  C:\Users\hgray\AppData\Local\Temp\ccgazqLH.s 			page 28


 349      D1288F87 
 350 0a22 27EE325C 		.ascii	"'\3562\\b\306\230\223\031\243/3c\026T\277\332\214\276"
 350      62C69893 
 350      19A32F33 
 350      631654BF 
 350      DA8CBE
 351 0a35 03D896B7 		.ascii	"\003\330\226\267\220\306\326\015y\033\3545\0112\276"
 351      90C6D60D 
 351      791BEC35 
 351      0932BE
 352 0a44 63B7269A 		.ascii	"c\267&\232\006\301\004\260\305s\230\216m\321\022\371"
 352      06C104B0 
 352      C573988E 
 352      6DD112F9 
 353 0a54 20705C7F 		.ascii	" p\\\177\016FLq\203f\340|\032\214\231t\315\222\244\263"
 353      0E464C71 
 353      8366E07C 
 353      1A8C9974 
 353      CD92A4B3 
 354 0a68 922C1901 		.ascii	"\222,\031\001\213\246^\247~;t<\346#\334\353\350\013"
 354      8BA65EA7 
 354      7E3B743C 
 354      E623DCEB 
 354      E80B
 355 0a7a 60716CCF 		.ascii	"`ql\317\302\371\362%%\256\273\200\225\270)\347\022\307"
 355      C2F9F225 
 355      25AEBB80 
 355      95B829E7 
 355      12C7
 356 0a8c 2ECE35A9 		.ascii	".\3165\251\222r\267\223\315\036q\307\023\361\336\232"
 356      9272B793 
 356      CD1E71C7 
 356      13F1DE9A 
 357 0a9c 703B986A 		.ascii	"p;\230jTS\345ds\373DND\377.\015\271S$\263: nG\236\320"
 357      5453E564 
 357      73FB444E 
 357      44FF2E0D 
 357      B95324B3 
 358 0ab6 F1CCDCD1 		.ascii	"\361\314\334\321RU\361\371x\333\326@\372h\343{\327`"
 358      5255F1F9 
 358      78DBD640 
 358      FA68E37B 
 358      D760
 359 0ac8 1D740E6E 		.ascii	"\035t\016n\020\371\364Sq\212\036qv\207{\206\347\261"
 359      10F9F453 
 359      718A1E71 
 359      76877B86 
 359      E7B1
 360 0ada D77FCADC 		.ascii	"\327\177\312\334\021\203}\321SW\351\303.y=\257\350\305"
 360      11837DD1 
 360      5357E9C3 
 360      2E793DAF 
 360      E8C5
 361 0aec 412ECB15 		.ascii	"A.\313\025=\216.\213yo\320\215\367f\267F\203c\210\346"
 361      3D8E2E8B 
 361      796FD08D 
 361      F766B746 
ARM GAS  C:\Users\hgray\AppData\Local\Temp\ccgazqLH.s 			page 29


 361      836388E6 
 362 0b00 31D17983 		.ascii	"1\321y\203v\3606\032\017\011\007y<\304\343\005h\334"
 362      76F0361A 
 362      0F090779 
 362      3CC4E305 
 362      68DC
 363 0b12 D5C06712 		.ascii	"\325\300g\022<\333\345,T\320q\304\274\335`\336.(#;\241"
 363      3CDBE52C 
 363      54D071C4 
 363      BCDD60DE 
 363      2E28233B 
 364 0b27 A540DB0A 		.ascii	"\245@\333\012-\031\332&h\033\241m\300\322(i\376\204"
 364      2D19DA26 
 364      681BA16D 
 364      C0D22869 
 364      FE84
 365 0b39 B985387D 		.ascii	"\271\2058}\002\264\022)n\3673\255\247$\365d\362U\334"
 365      02B41229 
 365      6EF733AD 
 365      A724F564 
 365      F255DC
 366 0b4c F5BF62A2 		.ascii	"\365\277b\2427c=\232r\317,I\372\004,Mz\0307/\3517A\241"
 366      37633D9A 
 366      72CF2C49 
 366      FA042C4D 
 366      7A18372F 
 367 0b64 DD480AED 		.ascii	"\335H\012\355\006\210\"\302N\020o\001\304I\200,QD\006"
 367      068822C2 
 367      4E106F01 
 367      C449802C 
 367      514406
 368 0b77 3E1D6855 		.ascii	">\035hU=~:h\263m\327\323\007)\323\010;\311\237\237\364"
 368      3D7E3A68 
 368      B36DD7D3 
 368      0729D308 
 368      3BC99F9F 
 369 0b8c 436F9202 		.ascii	"Co\222\002a\317x\302+\223\361|\302\343U$\234\201\307"
 369      61CF78C2 
 369      2B93F17C 
 369      C2E35524 
 369      9C81C7
 370 0b9f 65FBC3E6 		.ascii	"e\373\303\346\362\322\001>\227\344\311\310f\341\025"
 370      F2D2013E 
 370      97E4C9C8 
 370      66E115
 371 0bae 7EEAA8E5 		.ascii	"~\352\250\345^\335\006\216\332\342\236[\342\250\355"
 371      5EDD068E 
 371      DAE29E5B 
 371      E2A8ED
 372 0bbd C0293A6A 		.ascii	"\300):j\033s\224\233\365\024\355\000\367\210K\252#("
 372      1B73949B 
 372      F514ED00 
 372      F7884BAA 
 372      2328
 373 0bcf A76E906C 		.ascii	"\247n\220l%\222\222\305\214\034\242\205\326Q\244j\316"
 373      259292C5 
 373      8C1CA285 
ARM GAS  C:\Users\hgray\AppData\Local\Temp\ccgazqLH.s 			page 30


 373      D651A46A 
 373      CE
 374 0be0 7120B018 		.ascii	"q \260\030n})\016\342\224j\276:\021\324\333^\305=\304"
 374      6E7D290E 
 374      E2946ABE 
 374      3A11D4DB 
 374      5EC53DC4 
 375 0bf4 37BB8479 		.ascii	"7\273\204y\273{ff\356x\225\232\370\033x\346o7;J}bcm"
 375      BB7B6666 
 375      EE78959A 
 375      F81B78E6 
 375      6F373B4A 
 376 0c0c A94BE993 		.ascii	"\251K\351\223\214\035|\375\3457q,mZ%K\342\320\273\251"
 376      8C1D7CFD 
 376      E537712C 
 376      6D5A254B 
 376      E2D0BBA9 
 377 0c20 B6BA684C 		.ascii	"\266\272hL\037Fd\3111\277'\331\276s^\362\320!W\216W"
 377      1F4664C9 
 377      31BF27D9 
 377      BE735EF2 
 377      D021578E 
 378 0c35 3289FDC5 		.ascii	"2\211\375\305|\022\341\306\026\025\270\356\033\346\337"
 378      7C12E1C6 
 378      1615B8EE 
 378      1BE6DF
 379 0c44 75DCFA29 		.ascii	"u\334\372)\203\017\267\214\250B\236]z\327\361\023\261"
 379      830FB78C 
 379      A8429E5D 
 379      7AD7F113 
 379      B1
 380 0c55 969F70E5 		.ascii	"\226\237p\345\236\177#qK\302~R\236]2\023\255\205|\336"
 380      9E7F2371 
 380      4BC27E52 
 380      9E5D3213 
 380      AD857CDE 
 381 0c69 E8B6D595 		.ascii	"\350\266\325\225\275b\236\364z.\235lBz\345\331%\322"
 381      BD629EF4 
 381      7A2E9D6C 
 381      427AE5D9 
 381      25D2
 382 0c7b A7FFC179 		.ascii	"\247\377\301y%\035\226_I\371<\363\235\366\260\233B\372"
 382      251D965F 
 382      49F93CF3 
 382      9DF6B09B 
 382      42FA
 383 0c8d 708CC42C 		.ascii	"p\214\304,\211\356\373b\314\016\323B\012\333\337\266"
 383      89EEFB62 
 383      CC0ED342 
 383      0ADBDFB6 
 384 0c9d C29C0C3D 		.ascii	"\302\234\014=\356\244Ol\376\362\302t\345\204\026\301"
 384      EEA44F6C 
 384      FEF2C274 
 384      E58416C1 
 385 0cad 767701FC 		.ascii	"vw\001\374#\033\340\200\000\266\015&\333_f\332\365."
 385      231BE080 
 385      00B60D26 
ARM GAS  C:\Users\hgray\AppData\Local\Temp\ccgazqLH.s 			page 31


 385      DB5F66DA 
 385      F52E
 386 0cbf D5CDDC56 		.ascii	"\325\315\334V\033\015p\2622]\207\022\261\037\322\336"
 386      1B0D70B2 
 386      325D8712 
 386      B11FD2DE 
 387 0ccf B1B39062 		.ascii	"\261\263\220bw*C\035\300q\215p\\\345CH\031\252\202<"
 387      772A431D 
 387      C0718D70 
 387      5CE54348 
 387      19AA823C 
 388 0ce3 AB843274 		.ascii	"\253\2042t\000Z\276S)\232\366c>(\200\030?\316G8\373"
 388      005ABE53 
 388      299AF663 
 388      3E288018 
 388      3FCE4738 
 389 0cf8 4052D9E7 		.ascii	"@R\331\347-\3655 \267\220\027\367Cp^\004\362\017:\311"
 389      2DF53520 
 389      B79017F7 
 389      43705E04 
 389      F20F3AC9 
 390 0d0c 1FCFF064 		.ascii	"\037\317\360d\012\016\203\340\263\240\200\260\3138Y"
 390      0A0E83E0 
 390      B3A080B0 
 390      CB3859
 391 0d1b 5EFE193E 		.ascii	"^\376\031>\300\275\374\313\177\305\304\027\203\370j"
 391      C0BDFCCB 
 391      7FC5C417 
 391      83F86A
 392 0d2a F7E26577 		.ascii	"\367\342ew*\012:\212\310.\007\331\245 \273\304i\001"
 392      2A0A3A8A 
 392      C82E07D9 
 392      A520BBC4 
 392      6901
 393 0d3c 6ACDE0D1 		.ascii	"j\315\340\321G^\365\325 \246Dn\037\304\330\0333x\236"
 393      475EF5D5 
 393      20A6446E 
 393      1FC4D81B 
 393      33789E
 394 0d4f 9561B6AD 		.ascii	"\225a\266\255\231\317\356Z,\013$\225EA\306\211!5\233"
 394      99CFEE5A 
 394      2C0B2495 
 394      4541C689 
 394      21359B
 395 0d62 4EEB4A31 		.ascii	"N\353J1\226\011\267\361t/r\255\320\271\346\270\301x"
 395      9609B7F1 
 395      742F72AD 
 395      D0B9E6B8 
 395      C178
 396 0d74 9863AC06 		.ascii	"\230c\254\006\214G\001\343\021'\214\217\244\030\033"
 396      8C4701E3 
 396      11278C8F 
 396      A4181B
 397 0d83 119B27F7 		.ascii	"\021\233'\367\030\373\355\030+\000\3439YvW\214\307\234"
 397      18FBED18 
 397      2B00E339 
 397      5976578C 
ARM GAS  C:\Users\hgray\AppData\Local\Temp\ccgazqLH.s 			page 32


 397      C79C
 398 0d95 56CE0A99 		.ascii	"V\316\012\231\225\323\021\262\307\301\304W\204,19\223"
 398      95D311B2 
 398      C7C1C457 
 398      842C3139 
 398      93
 399 0da6 9B4CDE5A 		.ascii	"\233L\336Z\236\3471\353\266>\367g\262\274\335/\347\310"
 399      9EE731EB 
 399      B63EF767 
 399      B2BCDD2F 
 399      E7C8
 400 0db8 FEB48564 		.ascii	"\376\264\205d\263Bm\314\303\216\264%\274\216\355g\006"
 400      B3426DCC 
 400      C38EB425 
 400      BC8EED67 
 400      06
 401 0dc9 9D87C372 		.ascii	"\235\207\303r\303[\323\337\244\303\31146\211\333'2/"
 401      C35BD3DF 
 401      A4C3C934 
 401      3689DB27 
 401      322F
 402 0ddb 0C2A647E 		.ascii	"\014*d~i\361L\271'}a\014\013\025{\257\234\235\236Pn"
 402      69F14CB9 
 402      277D610C 
 402      0B157BAF 
 402      9C9D9E50 
 403 0df0 90BE10FE 		.ascii	"\220\276\020\376\343\233\222\027\302'0y!\\\213\371\013"
 403      E39B9217 
 403      C2273079 
 403      215C8BF9 
 403      0B
 404 0e01 E1ECE884 		.ascii	"\341\354\350\204+*\351s\005\270.\361\347I,y!\\V\237"
 404      2B2AE973 
 404      05B82EF1 
 404      E7492C79 
 404      215C569F 
 405 0e15 F7508BF7 		.ascii	"\367P\213\367\350\350\223\271\346\362\007\305:\024\240"
 405      E8E893B9 
 405      E6F207C5 
 405      3A14A0
 406 0e24 E74F691F 		.ascii	"\347Oi\037\252\036\266\321W\353d\200\010\365$\235\017"
 406      AA1EB6D1 
 406      57EB6480 
 406      08F5249D 
 406      0F
 407 0e35 37E2511D 		.ascii	"7\342Q\035L\202\250\201\214\005-\347\306K\262\274q;"
 407      4C82A881 
 407      8C052DE7 
 407      C64BB2BC 
 407      713B
 408 0e47 D5820632 		.ascii	"\325\202\0062\222\262=\361uF\024\315\244\337\205*\307"
 408      92B23DF1 
 408      754614CD 
 408      A4DF852A 
 408      C7
 409 0e58 88F2DAB8 		.ascii	"\210\362\332\270a\376-C\035y\327\361\300\226p\002\341"
 409      61FE2D43 
ARM GAS  C:\Users\hgray\AppData\Local\Temp\ccgazqLH.s 			page 33


 409      1D79D7F1 
 409      C0967002 
 409      E1
 410 0e69 3E7A51BB 		.ascii	">zQ\273\261\243\3751F\344\246\337\337\3618\2555\335"
 410      B1A3FD31 
 410      46E4A6DF 
 410      DFF138AD 
 410      35DD
 411 0e7b 8F3D9C01 		.ascii	"\217=\234\001G5\202\205\347\361KW\222\346\205\254\326"
 411      47358285 
 411      E7F14B57 
 411      92E685AC 
 411      D6
 412 0e8c 9355ED8C 		.ascii	"\223U\355\214+\273\273\233\224\263\330\217/a\347y\234"
 412      2BBBBB9B 
 412      94B3D88F 
 412      2F61E779 
 412      9C
 413 0e9d 5D0088CD 		.ascii	"]\000\210\315\020cM\320Z\241\265@\273\010\355\234S\314"
 413      10634DD0 
 413      5AA1B540 
 413      BB08ED9C 
 413      53CC
 414 0eaf 0DB15B34 		.ascii	"\015\261[4\373\2228_\227t+\232\366\303\034\307\255p"
 414      FB92385F 
 414      97742B9A 
 414      F6C31CC7 
 414      AD70
 415 0ec1 AF2BB7B4 		.ascii	"\257+\267\264p\363(\332\215I\204\235\237\267c#\261n"
 415      70F328DA 
 415      8D49849D 
 415      9FB76323 
 415      B16E
 416 0ed3 9745A6AD 		.ascii	"\227E\246\255^\336)\022\325\217R\271\013\211S\032\\"
 416      5EDE2912 
 416      D58F52B9 
 416      0B89531A 
 416      5C
 417 0ee4 D9250B20 		.ascii	"\331%\013 \314G}O\1775\306\375,XR\036\035K\320\240\000"
 417      CC477D4F 
 417      7F35C6FD 
 417      2C58521E 
 417      1D4BD0A0 
 418 0ef9 5F665107 		.ascii	"_fQ\007\253=\3550\370\222\030*\347iV\310\272\023\265"
 418      AB3DED30 
 418      F892182A 
 418      E76956C8 
 418      BA13B5
 419 0f0c 81175FD7 		.ascii	"\201\027_\327\243\344e\353\325\3142\2034\250\333\235"
 419      A3E465EB 
 419      D5CC3283 
 419      34A8DB9D 
 420 0f1c 8AC46556 		.ascii	"\212\304eV$\310\221|\3651\363\242W\203\247YT=H\337\223"
 420      24C8917C 
 420      F531F3A2 
 420      5783A759 
 420      543D48DF 
ARM GAS  C:\Users\hgray\AppData\Local\Temp\ccgazqLH.s 			page 34


 421 0f31 AAC4363D 		.ascii	"\252\3046=\3736e{1\254Y\211\224Pv\215_}\246B\276z\177"
 421      FB36657B 
 421      31AC5989 
 421      9450768D 
 421      5F7DA642 
 422 0f48 370F87AE 		.ascii	"7\017\207\256\001\222\016n\342M0\361\0067GbE\207\223"
 422      01920E6E 
 422      E24D30F1 
 422      06374762 
 422      458793
 423 0f5b 15D79915 		.ascii	"\025\327\231\025\314\263\347\0224/\306\330\226\375:"
 423      CCB3E712 
 423      342FC6D8 
 423      96FD3A
 424 0f6a 2FEF1D2F 		.ascii	"/\357\035/-;\033\350\244v8O\252S=\370\302\376\235\311"
 424      2D3B1BE8 
 424      A476384F 
 424      AA533DF8 
 424      C2FE9DC9 
 425 0f7e F5E713B5 		.ascii	"\365\347\023\265\3427%\2670\355\274\224v\260\302\333"
 425      E23725B7 
 425      30EDBC94 
 425      76B0C2DB 
 426 0f8e ED57239D 		.ascii	"\355W#\235\264H\334\266\027\211\333\273m\015\202\324"
 426      B448DCB6 
 426      1789DBBB 
 426      6D0D82D4 
 427 0f9e 9F9D     		.ascii	"\237\235"
 428 0fa0 4E45A24B 		.ascii	"NE\242KZ$\216toi0\340K\324iBV\341\346t\215\363\343{"
 428      5A248E74 
 428      6F6930E0 
 428      4BD46942 
 428      56E1E674 
 429 0fb8 E950D40B 		.ascii	"\351P\324\013\216\022G\333\277\032\371Y\032\375j\244"
 429      8E1247DB 
 429      BF1AF959 
 429      1AFD6AA4 
 430 0fc8 072E748B 		.ascii	"\007.t\213\361\321\205\331#|uBLw>}\\\036\340\357\353"
 430      F1D185D9 
 430      237C7542 
 430      4C773E7D 
 430      5C1EE0EF 
 431 0fdd F05E92FD 		.ascii	"\360^\222\375\321\233\335}\375/\313\241\3064^\343\301"
 431      D19BDD7D 
 431      FD2FCBA1 
 431      C6345EE3 
 431      C1
 432 0fee 4957B00B 		.ascii	"IW\260\013\363\274\347\264\315o\261R@\014:\357*z"
 432      F3BCE7B4 
 432      CD6FB152 
 432      400C3AEF 
 432      2A7A
 433 1000 7EC2F5A7 		.ascii	"~\302\365\247\372\320%\241_.\343\306S%\013\342UW\325"
 433      FAD025A1 
 433      5F2EE3C6 
 433      53250BE2 
 433      5557D5
ARM GAS  C:\Users\hgray\AppData\Local\Temp\ccgazqLH.s 			page 35


 434 1013 EEEA8A7D 		.ascii	"\356\352\212}_\246\240\354$\304\356\201\347\356@\324"
 434      5FA6A0EC 
 434      24C4EE81 
 434      E7EE40D4 
 435 1023 DF87D607 		.ascii	"\337\207\326\007\355\256\030\375\227w\235-\322\340N"
 435      EDAE18FD 
 435      97779D2D 
 435      D2E04E
 436 1032 36031525 		.ascii	"6\003\025%\225\007\014\3107@\376\001\322\367 \345U\022"
 436      95070CC8 
 436      3740FE01 
 436      D2F720E5 
 436      5512
 437 1044 F93A9546 		.ascii	"\371:\225Fsv\020\230\007\3049\351\307|\003ZWqx\302\351"
 437      73761098 
 437      07C439E9 
 437      C77C035A 
 437      577178C2 
 438 1059 9DD7A053 		.ascii	"\235\327\240S\254\017\361\214\033\242\031w\274>\276"
 438      AC0FF18C 
 438      1BA21977 
 438      BC3EBE
 439 1068 DDD083BA 		.ascii	"\335\320\203\272\310\307p\350\015\252\004!\366\027\216"
 439      C8C770E8 
 439      0DAA0421 
 439      F6178E
 440 1077 A4517ACE 		.ascii	"\244Qz\316\376C\254\037z\005v\340\254\204\260\017\341"
 440      FE43AC1F 
 440      7A0576E0 
 440      AC84B00F 
 440      E1
 441 1088 E7F057E0 		.ascii	"\347\360W\3402\004\273\\\372\237\013@R\251\354:Sg\377"
 441      3204BB5C 
 441      FA9F0B40 
 441      52A9EC3A 
 441      5367FF
 442 109b 29ECE299 		.ascii	")\354\342\231Y\366q\012&\322Y\231d\220\223\255\012\307"
 442      59F6710A 
 442      26D25999 
 442      649093AD 
 442      0AC7
 443 10ad 65879922 		.ascii	"e\207\231\"H\304g\251z_\351\200\262\027u\003\375\033"
 443      48C467A9 
 443      7A5FE980 
 443      B2177503 
 443      FD1B
 444 10bf 8562AB36 		.ascii	"\205b\2536\214\366fM\024\314h\360\020\253?2k{|\322\314"
 444      8CF6664D 
 444      14CC68F0 
 444      10AB3F32 
 444      6B7B7CD2 
 445 10d4 162F96CB 		.ascii	"\026/\226\313\020\214\217X.\337O\376\276NK;\311\222"
 445      108C8F58 
 445      2EDF4FFE 
 445      BE4E4B3B 
 445      C992
 446 10e6 F09875A6 		.ascii	"\360\230u\246\017^l\324\321N\262\252\214\260\316\230"
ARM GAS  C:\Users\hgray\AppData\Local\Temp\ccgazqLH.s 			page 36


 446      0F5E6CD4 
 446      D14EB2AA 
 446      8CB0CE98 
 447 10f6 BB732F0C 		.ascii	"\273s/\014\216R\360\204u\316\326\356J\363\240\235d\327"
 447      8E52F084 
 447      75CED6EE 
 447      4AF3A09D 
 447      64D7
 448 1108 F594755E 		.ascii	"\365\224u^\036iJ\322I\353\003\271\243\022\013\304\030"
 448      1E694AD2 
 448      49EB03B9 
 448      A3120BC4 
 448      18
 449 1119 2D10A3F6 		.ascii	"-\020\243\366\002\361\242#3\023\277\235m\313\356\205"
 449      02F1A223 
 449      3313BF9D 
 449      6DCBEE85 
 450 1129 9BE72C4D 		.ascii	"\233\347,M\341\335xHF\3641aC\303b\270\300)\374}\210"
 450      E1DD7848 
 450      46F43161 
 450      43C362B8 
 450      C029FC7D 
 451 113e 7B117A80 		.ascii	"{\021z\200{\300/\317\360\3330\372l\177~\245\032\357"
 451      7BC02FCF 
 451      F0DB30FA 
 451      6C7F7EA5 
 451      1AEF
 452 1150 37BC1EE8 		.ascii	"7\274\036\350\0119\320\223r\240\247XgU\355\3156V\377"
 452      0939D093 
 452      72A0A758 
 452      6755EDCD 
 452      3656FF
 453 1163 20FCD034 		.ascii	" \374\3204\353\264\355\312JT\271\307\367\234\342\233"
 453      EBB4EDCA 
 453      4A54B9C7 
 453      F79CE29B 
 454 1173 B1E39BA9 		.ascii	"\261\343\233\251\237\035\324r|\315\344&0\306F^I\003"
 454      9F1DD472 
 454      7CCDE426 
 454      30C6465E 
 454      4903
 455 1185 171A17E1 		.ascii	"\027\032\027\341\215\273\302{A\341%\224\025\367{\342"
 455      8DBBC27B 
 455      41E12594 
 455      15F77BE2 
 456 1195 3A066F6C 		.ascii	":\006ol\344\372\25475\206\334\3763|U\255\307\2162\253"
 456      E4FAAC37 
 456      3586DCFE 
 456      337C55AD 
 456      C78E32AB 
 457 11a9 891173CC 		.ascii	"\211\021s\314\300\323\273/\374\312\355&.ZI\314\263)"
 457      C0D3BB2F 
 457      FCCAED26 
 457      2E5A49CC 
 457      B329
 458 11bb B979951B 		.ascii	"\271y\225\033\013\262\0040\257\227=\204)I\006\367\357"
 458      0BB20430 
ARM GAS  C:\Users\hgray\AppData\Local\Temp\ccgazqLH.s 			page 37


 458      AF973D84 
 458      294906F7 
 458      EF
 459 11cc 43940DCD 		.ascii	"C\224\015\315\212\366\315b\366\342\030\305(\211]\333"
 459      8AF6CD62 
 459      F6E218C5 
 459      28895DDB 
 460 11dc 0B3B5A95 		.ascii	"\013;Z\225\370\"\263kb\360\320\030\362\345Ub\243\333"
 460      F822B36B 
 460      62F0D018 
 460      F2E55562 
 460      A3DB
 461 11ee D557F1AA 		.ascii	"\325W\361\252\245\267\364\320\355\032\265\264\020\304"
 461      A5B7F4D0 
 461      ED1AB5B4 
 461      10C4
 462 11fc 29A58560 		.ascii	")\245\205`\275\322\376\236*\247\270+_IAC\037wD\311\276"
 462      BDD2FE9E 
 462      2AA7B82B 
 462      5F494143 
 462      1F7744C9 
 463 1211 EA7D5AF7 		.ascii	"\352}Z\367\223\262\201\242\216\267\243\336\373\2428"
 463      93B281A2 
 463      8EB7A3DE 
 463      FBA238
 464 1220 CDC051C3 		.ascii	"\315\300Q\303\376\263\345\300\006\206\032\330P\254\322"
 464      FEB3E5C0 
 464      06861AD8 
 464      50ACD2
 465 122f 811A4E19 		.ascii	"\201\032N\031\352\215\024\365\\n\367\011\003\276\353"
 465      EA8D14F5 
 465      5C6EF709 
 465      03BEEB
 466 123e 1A6C6E56 		.ascii	"\032lnV\313\315J\332\331T\330:\253s\244H\002\353|\220"
 466      CBCD4ADA 
 466      D954D83A 
 466      AB73A448 
 466      02EB7C90 
 467 1252 F62447EF 		.ascii	"\366$G\357v\011M\242\306&\332\215\235\272UuE\307\215"
 467      76094DA2 
 467      C626DA8D 
 467      9DBA5575 
 467      45C78D
 468 1265 85BBEF84 		.ascii	"\205\273\357\204|>E\300\2066\211\306n\262\033\273\205"
 468      7C3E45C0 
 468      863689C6 
 468      6EB21BBB 
 468      85
 469 1276 1A7BFAD9 		.ascii	"\032{\372\331\246$O<\316\214\315\356j\337\243r\3041"
 469      A6244F3C 
 469      CE8CCDEE 
 469      6ADFA372 
 469      C431
 470 1288 B3F65E7F 		.ascii	"\263\366^\177\314z\367\037\177n\2436l\265\333P\236\322"
 470      CC7AF71F 
 470      7F6EA336 
 470      6CB5DB50 
ARM GAS  C:\Users\hgray\AppData\Local\Temp\ccgazqLH.s 			page 38


 470      9ED2
 471 129a 53ADE536 		.ascii	"S\255\34564$hN\236\215\257\373=eB\311\242\005\311v\013"
 471      3424684E 
 471      9E8DAFFB 
 471      3D6542C9 
 471      A205C976 
 472 12af B6530B8E 		.ascii	"\266S\013\216=?\321\341\364\336\221\030,\316\347\016"
 472      3D3FD1E1 
 472      F4DE9118 
 472      2CCEE70E 
 473 12bf 369FE448 		.ascii	"6\237\344H\254\231)\251\346\237\306\251\201<u!\256V"
 473      AC9929A9 
 473      E69FC6A9 
 473      813C7521 
 473      AE56
 474 12d1 E7297E0E 		.ascii	"\347)~\016E\372\305\241;\225\344\023\203%~(EI\2770\030"
 474      45FAC5A1 
 474      3B95E413 
 474      83257E28 
 474      4549BF30 
 475 12e6 DBBC7E82 		.ascii	"\333\274~\202\177\253L\276\201\263\177\306\271\200}"
 475      7FAB4CBE 
 475      81B37FC6 
 475      B9807D
 476 12f5 C659D497 		.ascii	"\306Y\324\227\322\202|\266\362U\354cD\277\204\330\255"
 476      D2827CB6 
 476      F255EC63 
 476      44BF84D8 
 476      AD
 477 1306 F443BB94 		.ascii	"\364C\273\224DX\252\322\307.\222\022$)\356\334\313\365"
 477      4458AAD2 
 477      C72E9212 
 477      2429EEDC 
 477      CBF5
 478 1318 965ABEC1 		.ascii	"\226Z\276\301\311\3624ny\032\265|\327\300d\217\247\224"
 478      C9F2346E 
 478      791AB57C 
 478      D7C0648F 
 478      A794
 479 132a 39DA8939 		.ascii	"9\332\2119\2353\247S\346\266G5\211:\034\303>q.N\234"
 479      9D33A753 
 479      E6B64735 
 479      893A1CC3 
 479      3E712E4E 
 480 133f 4B51B94D 		.ascii	"KQ\271M\324L:\003\341|\002\356\234|2\254\201\011\250"
 480      D44C3A03 
 480      E17C02EE 
 480      9C7C32AC 
 480      8109A8
 481 1352 2365F2BC 		.ascii	"#e\362\274\246+\201\274\213\215\266}\374\011\341C\031"
 481      A62B81BC 
 481      8B8DB67D 
 481      FC09E143 
 481      19
 482 1363 E2246428 		.ascii	"\342$d(]*\311\036:\031\275Y\003;\014\370\030S<\2262"
 482      5D2AC91E 
 482      3A19BD59 
ARM GAS  C:\Users\hgray\AppData\Local\Temp\ccgazqLH.s 			page 39


 482      033B0CF8 
 482      18533C96 
 483 1378 3EE4C185 		.ascii	">\344\301\205\335MU=o\211\267\301\035X\366'T)\332+\012"
 483      DD4D553D 
 483      6F89B7C1 
 483      1D58F627 
 483      5429DA2B 
 484 138d DBEB2A2C 		.ascii	"\333\353*,\213\012;pgK\236\006\3273a\205%{\313\275\360"
 484      8B0A3B70 
 484      674B9E06 
 484      D7336185 
 484      257BCBBD 
 485 13a2 254624D4 		.ascii	"%F$\3247d\252!\320\320>\032\013\320\2631;\343\264\226"
 485      3764AA21 
 485      D0D03E1A 
 485      0BD0B331 
 485      3BE3B496 
 486 13b6 EB7A7C5B 		.ascii	"\353z|[3\233\233\301\014o\022\250\262l\2732\224\243"
 486      339B9BC1 
 486      0C6F12A8 
 486      B26CBB32 
 486      94A3
 487 13c8 5412CA59 		.ascii	"T\022\312Y_.\325\227\270\2760Z\203\263\275\331\307\026"
 487      5F2ED597 
 487      B8BE305A 
 487      83B3BDD9 
 487      C716
 488 13da 09250F75 		.ascii	"\011%\017u\242'\316;{\"O4>\317UX>\025\266\177b2\301"
 488      A227CE3B 
 488      7B224F34 
 488      3ECF5558 
 488      3E15B67F 
 489 13f1 0B173261 		.ascii	"\013\0272a\017;\012\332\364\242'\0368{b\277(l\277\253"
 489      0F3B0ADA 
 489      F4A2271E 
 489      387B62BF 
 489      286CBFAB 
 490 1405 B00354D8 		.ascii	"\260\003T\330X\364\2162->\352\355\006\374\324\345\255"
 490      58F48E32 
 490      2D3EEAED 
 490      06FCD4E5 
 490      AD
 491 1416 57F522F8 		.ascii	"W\365\"\370\264|g\360\005\016\360\007\001|\201\253\212"
 491      B47C67F0 
 491      050EF007 
 491      017C81AB 
 491      8A
 492 1427 42AA6273 		.ascii	"B\252bs\305\330U\247\317g\2669\305W\021\217\257\"\032"
 492      C5D855A7 
 492      CF67B639 
 492      C557118F 
 492      AF221A
 493 143a 5F230D0F 		.ascii	"_#\015\017\272\224\270\236\33130\260/\205\177\316\374"
 493      BA94B89E 
 493      D93330B0 
 493      2F857FCE 
 493      FC
ARM GAS  C:\Users\hgray\AppData\Local\Temp\ccgazqLH.s 			page 40


 494 144b 4320BB76 		.ascii	"C \273v\234\336\243fi\321Fn{\367]\034\335\345\211\333"
 494      9CDEA366 
 494      69D1466E 
 494      7BF75D1C 
 494      DDE589DB 
 495 145f 18EFD8EE 		.ascii	"\030\357\330\356\0137\371\207\342o\221us\343\360\260"
 495      0B37F987 
 495      E26F9175 
 495      73E3F0B0 
 496 146f B7DBFC3B 		.ascii	"\267\333\374;d\317\277r\226\177\215E\315\235\032\327"
 496      64CFBF72 
 496      967F8D45 
 496      CD9D1AD7 
 497 147f 0C2B850C 		.ascii	"\014+\205\014+\241\031v\230f\030\035D\270\037o\313\036"
 497      2BA11976 
 497      9866181D 
 497      44B81F6F 
 497      CB1E
 498 1491 F19272D7 		.ascii	"\361\222r\327\274\214\273\255e\252\\\377\243\\[[\035"
 498      BC8CBBAD 
 498      65AA5CFF 
 498      A35C5B5B 
 498      1D
 499 14a2 DD1F94DE 		.ascii	"\335\037\224\336\217\263E\307\303\026\371\210\322\007"
 499      8FB345C7 
 499      C316F988 
 499      D207
 500 14b0 9581FF60 		.ascii	"\225\201\377`\241\224\014.\206\236\377\204\0318\252"
 500      A1940C2E 
 500      869EFF84 
 500      1938AA
 501 14bf FC9142BD 		.ascii	"\374\221B\275\306\024\030l2+\2774\233L\252\310\300\325"
 501      C614186C 
 501      322BBF34 
 501      9B4CAAC8 
 501      C0D5
 502 14d1 26CB8F17 		.ascii	"&\313\217\027/^\002\377\203\326\204\254\012\211\260"
 502      2F5E02FF 
 502      83D684AC 
 502      0A89B0
 503 14e0 2CFB68F9 		.ascii	",\373h\371\222\010\313\022\263u\211\305\034\004\235"
 503      9208CB12 
 503      B37589C5 
 503      1C049D
 504 14ef C1EBC203 		.ascii	"\301\353\302\003\303B\202\026\007i\177\373/\177X\264"
 504      C3428216 
 504      07697FFB 
 504      2F7F58B4 
 505 14ff 62D93285 		.ascii	"b\3312\205\332\022\362_&\24358\350\037W\3221\026kTp"
 505      DA12F25F 
 505      26A33538 
 505      E81F57D2 
 505      31166B54 
 506 1514 48C44A6B 		.ascii	"H\304JkDD\250e\345\352\360\250E\364lQ\2409l\221)l\225"
 506      4444A865 
 506      E5EAF0A8 
 506      45F46C51 
ARM GAS  C:\Users\hgray\AppData\Local\Temp\ccgazqLH.s 			page 41


 506      A0396C91 
 507 152b 2938D814 		.ascii	")8\330\024\274\362\347\213\227.Z\276t\331\317\277y\177"
 507      BCF2E78B 
 507      972E5ABE 
 507      74D9CFBF 
 507      797F
 508 153d 6568C8AA 		.ascii	"eh\310\252\225\253\203\202V\302\365w\303#\302M\357\232"
 508      95AB8382 
 508      56C2F577 
 508      C323C24D 
 508      EF9A
 509 154f 02578500 		.ascii	"\002W\205\000\303\362\305\313V\206\204\007\205F\005"
 509      C3F2C5CB 
 509      56868407 
 509      854605
 510 155e 9B565AAC 		.ascii	"\233VZ\2540\352\313\305k\024\312p\323wV\035\230\034"
 510      30EACBC5 
 510      6B14CA70 
 510      D377561D 
 510      981C
 511 1570 69E47647 		.ascii	"i\344vGYL\301Jb\201\222\364\032$\227\214Vm\2449\342"
 511      594CC14A 
 511      628192F4 
 511      1A24978C 
 511      566DA439 
 512 1585 DB103835 		.ascii	"\333\02085\204\231\302V\233\254_F\205\007-7Z?\220\003"
 512      8499C256 
 512      9BAC5F46 
 512      85072D37 
 512      5A3F9003 
 513 1599 18141116 		.ascii	"\030\024\021\026\026\021\016g`\317\022\256\027X``P\204"
 513      16110E67 
 513      60CF12AE 
 513      17586060 
 513      5084
 514 15ab D904AA75 		.ascii	"\331\004\252up\032a^G\204G\3420\353w\252\210\265\341"
 514      701A615E 
 514      478447E2 
 514      30EB77AA 
 514      88B5E1
 515 15be 26B3D66C 		.ascii	"&\263\326l\012\014\2154\207Dx\032\215Q!\341\326\367"
 515      0A0C8D34 
 515      8744781A 
 515      8D5121E1 
 515      D6F7
 516 15d0 40FE97FF 		.ascii	"@\376\227\377KO8{\300\216=,\020d\205\233V\032\301\003"
 516      4B4F387B 
 516      C08E3D2C 
 516      1064859B 
 516      561AC103 
 517 15e4 8151A156 		.ascii	"\201Q\241V\243u]\244\311\002\006i\355\372\376\343\377"
 517      A3755DA4 
 517      C9020669 
 517      EDFAFEE3 
 517      FF
 518 15f5 549F659D 		.ascii	"T\237e\235e\245\021\034\016\302A\211\306J\300\031\255"
 518      65A5111C 
ARM GAS  C:\Users\hgray\AppData\Local\Temp\ccgazqLH.s 			page 42


 518      0EC24189 
 518      C64AC019 
 518      AD
 519 1606 1FBFC467 		.ascii	"\037\277\304g\221\021f\253e\311\257\377\365\263\025"
 519      911166AB 
 519      65C9AFFF 
 519      F5B315
 520 1615 9F7D47FA 		.ascii	"\237}G\372\"CBMf\313\222\337\256X\001\374vk5\340\262"
 520      2243424D 
 520      66CB92DF 
 520      AE5801FC 
 520      766B35E0 
 521 162a 50B0506B 		.ascii	"P\260Pk\2124\205\203\360\325:\323\267\246pkX\240\345"
 521      8A348583 
 521      F0D53AD3 
 521      B7A6706B 
 521      58A0E5
 522 163d 6B98A830 		.ascii	"k\230\2500\313\352o\242LQ\2467\202\326\030\255k\300"
 522      CBEA6FA2 
 522      4C51A637 
 522      82D618AD 
 522      6BC0
 523 164f A7C11623 		.ascii	"\247\301\026#\355PF\232M\337z;u\031\255\232\265\201"
 523      ED50469A 
 523      4DDF7A3B 
 523      7519AD9A 
 523      B581
 524 1661 215610E1 		.ascii	"!V\020\341-\341&\262\275\244\204\321\212\242\324\246"
 524      2DE126B2 
 524      BDA484D1 
 524      8AA2D4A6 
 525 1671 B544817A 		.ascii	"\265D\201z\255\025\264G\302\301b\012\213\304A\341V\017"
 525      AD15B447 
 525      C2C1620A 
 525      8BC441E1 
 525      560F
 526 1683 A3913B4F 		.ascii	"\243\221;O\303\217*\350\205\277T\203\036\344\002g`\344"
 526      C38F2AE8 
 526      85BF5483 
 526      1EE40267 
 526      60E4
 527 1695 1A987A8D 		.ascii	"\032\230z\215\205\230iY\255\202\006\014k\255Vs\244\017"
 527      85986959 
 527      AD82060C 
 527      6BAD5673 
 527      A40F
 528 16a7 5364349B 		.ascii	"Sd4\233\2764\231M\341A`\023\010\217X\365U\244\326\364"
 528      BE34994D 
 528      E1416013 
 528      088F58F5 
 528      55A4D6F4 
 529 16bb 5D883528 		.ascii	"]\2105(\"\330\2446\007\257\203\021J`\261x\260\330\370"
 529      22D8A436 
 529      07AF8311 
 529      4A60B178 
 529      B0D8F8
 530 16ce 08B4D98F 		.ascii	"\010\264\331\217V\322\017\342\276\014\015\\m\321X\303"
ARM GAS  C:\Users\hgray\AppData\Local\Temp\ccgazqLH.s 			page 43


 530      56D20FE2 
 530      BE0C0D5C 
 530      6DD158C3 
 531 16de 60045016 		.ascii	"`\004P\026k\240\325\244\265\322\003\021\031\270*\320"
 531      6BA0D5A4 
 531      B5D20311 
 531      19B82AD0 
 532 16ee 62E291F5 		.ascii	"b\342\221\365\341\373\340'\373\211\247\305\372u`h\310"
 532      E1FBE027 
 532      FB89A7C5 
 532      FA756068 
 532      C8
 533 16ff EA70A375 		.ascii	"\352p\243u\331k\317\314\032\036\311J\310`\2232hM\240"
 533      D96BCFCC 
 533      1A1EC94A 
 533      C8609332 
 533      684DA0
 534 1712 5915110A 		.ascii	"Y\025\021\012\331\241\0127\2555\231q\220\365;\301\022"
 534      D9A10A37 
 534      AD359971 
 534      90F53BC1 
 534      12
 535 1723 29849298 		.ascii	")\204\222\230^\015\261a\264\012\346\237\013\346\017"
 535      5E0DB161 
 535      B40AE69F 
 535      0BE60F
 536 1732 05F30782 		.ascii	"\005\363\007\202\371}l^\266\014\332R\301\374\013\301"
 536      F97D6C5E 
 536      B60CDA52 
 536      C1FC0BC1 
 537 1742 FC918E48 		.ascii	"\374\221\216H&.\204A/K'\031\003\214\337~\030\006F\350"
 537      262E8441 
 537      2F4B2719 
 537      038CDF7E 
 537      180646E8 
 538 1756 A984A088 		.ascii	"\251\204\240\210p+d\264\222\004\231\207c6Ua\221\020"
 538      702B64B4 
 538      92049987 
 538      63365561 
 538      9110
 539 1768 B85AEE64 		.ascii	"\270Z\356d\253\026.\204E\001\237\206\3765Z\003\334T"
 539      AB162E84 
 539      45019F86 
 539      FE355A03 
 539      DC54
 540 177a 28316D2D 		.ascii	"(1m-P\250@\311;\257d\204\270\000\276\237\275Z\340:\213"
 540      50A840C9 
 540      3BAF6484 
 540      B800BE9F 
 540      BD5AE03A 
 541 178f 3D925F2D 		.ascii	"=\222_-\024b\007\370\014\222\202a\264.\3773\212\016"
 541      146207F8 
 541      0C928261 
 541      B42EFF33 
 541      8A0E
 542 17a1 1941738F 		.ascii	"\031As\217\024,\243\365\247\257T\310\343\036\306\250"
 542      142CA3F5 
ARM GAS  C:\Users\hgray\AppData\Local\Temp\ccgazqLH.s 			page 44


 542      A7AF54C8 
 542      E31EC6A8 
 543 17b1 C89048E5 		.ascii	"\310\220H\345Z\3101\325Z\022=8\320\274\332\227{2\330"
 543      5AC831D5 
 543      5A123D38 
 543      D0BCDA97 
 543      7B32D8
 544 17c4 64093287 		.ascii	"d\0112\207DZ#\2406\252h\370"
 544      445A23A0 
 544      36AA68F8 
 545 17d0 E820664D 		.ascii	"\350 fMAV#)\240:\342t^;?\374\363J$\031I\264\353\305"
 545      41562329 
 545      A03AE274 
 545      5E3B3FFC 
 545      F34A2419 
 546 17e8 3A6BB4DA 		.ascii	":k\264\332\361S\261V\337\2405\377\266&x\005\330a5\375"
 546      F153B156 
 546      DFA035FF 
 546      B6267805 
 546      D86135FD 
 547 17fc C61C11F6 		.ascii	"\306\034\021\366\011`t\347I\227\225F\361\226\313\330"
 547      096074E7 
 547      49979546 
 547      F196CBD8 
 548 180c CFA8E0DF 		.ascii	"\317\250\340\337\203\\\310\324\317\203\326\374{\340"
 548      835CC8D4 
 548      CF83D6FC 
 548      7BE0
 549 181a D7A6A8C8 		.ascii	"\327\246\250\310\317\377B\302\366y\224\205\324\031S"
 549      CFFF42C2 
 549      F6799485 
 549      D41953
 550 1829 F0A73E41 		.ascii	"\360\247>Ak\210\256_\207\206F\004\375\232`6\005\353"
 550      6B88AE5F 
 550      87864604 
 550      FD9A6036 
 550      05EB
 551 183b 82D690C1 		.ascii	"\202\326\220\301\264\013\316?_g\371C8\234~\375\0323"
 551      B40BCE3F 
 551      5F67F943 
 551      389C7EFD 
 551      1A33
 552 184d BB8EC064 		.ascii	"\273\216\300d\321\037E\307\350\215FSx\340\252P\2231"
 552      D11F45C7 
 552      E88D4653 
 552      78E0AA50 
 552      9331
 553 185f C4FC8D21 		.ascii	"\304\374\215!0tm\340:\013$F(\224\354\177z\211\023!\350"
 553      30746DE0 
 553      3A0B2446 
 553      2894EC7F 
 553      7A891321 
 554 1874 495A2C59 		.ascii	"IZ,Y\361\331\347\237~\276d\005\344\305\222O\355Z\302"
 554      F1D9E79F 
 554      7EBE6405 
 554      E4C5924F 
 554      ED5AC2
ARM GAS  C:\Users\hgray\AppData\Local\Temp\ccgazqLH.s 			page 45


 555 1887 2C211623 		.ascii	",!\026#,\211\240\311\203Z\367;\320\343Au\022\215\006"
 555      2C89A0C9 
 555      835AF73B 
 555      D0E34175 
 555      128D06
 556 189a A33138C4 		.ascii	"\24318\304\342Pi4Rw\033\027\177\360\213\017\227k\355"
 556      E2506934 
 556      52771B17 
 556      7FF08B0F 
 556      976BED
 557 18ad D4FF00AD 		.ascii	"\324\377\000\255\006| "
 557      067C20
 558              		.text
 559              		.section	.gnu.lto_.symtab.1824a22b,"",%progbits
 560 0000 63685468 		.ascii	"chThdCreateFromHeap\000"
 560      64437265 
 560      61746546 
 560      726F6D48 
 560      65617000 
 561 0014 00       		.ascii	"\000"
 562 0015 00       		.ascii	"\000"
 563 0016 00       		.ascii	"\000"
 564 0017 00000000 		.ascii	"\000\000\000\000\000\000\000\000"
 564      00000000 
 565 001f F5010000 		.ascii	"\365\001\000\000"
 566 0023 63685468 		.ascii	"chThdCreateFromMemoryPool\000"
 566      64437265 
 566      61746546 
 566      726F6D4D 
 566      656D6F72 
 567 003d 00       		.ascii	"\000"
 568 003e 00       		.ascii	"\000"
 569 003f 00       		.ascii	"\000"
 570 0040 00000000 		.ascii	"\000\000\000\000\000\000\000\000"
 570      00000000 
 571 0048 FD010000 		.ascii	"\375\001\000\000"
 572 004c 63685363 		.ascii	"chSchWakeupS\000"
 572      6857616B 
 572      65757053 
 572      00
 573 0059 00       		.ascii	"\000"
 574 005a 02       		.ascii	"\002"
 575 005b 00       		.ascii	"\000"
 576 005c 00000000 		.ascii	"\000\000\000\000\000\000\000\000"
 576      00000000 
 577 0064 02020000 		.ascii	"\002\002\000\000"
 578 0068 63685468 		.ascii	"chThdCreateSuspendedI\000"
 578      64437265 
 578      61746553 
 578      75737065 
 578      6E646564 
 579 007e 00       		.ascii	"\000"
 580 007f 02       		.ascii	"\002"
 581 0080 00       		.ascii	"\000"
 582 0081 00000000 		.ascii	"\000\000\000\000\000\000\000\000"
 582      00000000 
 583 0089 08020000 		.ascii	"\010\002\000\000"
ARM GAS  C:\Users\hgray\AppData\Local\Temp\ccgazqLH.s 			page 46


 584 008d 63684865 		.ascii	"chHeapAllocAligned\000"
 584      6170416C 
 584      6C6F6341 
 584      6C69676E 
 584      656400
 585 00a0 00       		.ascii	"\000"
 586 00a1 02       		.ascii	"\002"
 587 00a2 00       		.ascii	"\000"
 588 00a3 00000000 		.ascii	"\000\000\000\000\000\000\000\000"
 588      00000000 
 589 00ab 0E020000 		.ascii	"\016\002\000\000"
 590 00af 6368506F 		.ascii	"chPoolAlloc\000"
 590      6F6C416C 
 590      6C6F6300 
 591 00bb 00       		.ascii	"\000"
 592 00bc 02       		.ascii	"\002"
 593 00bd 00       		.ascii	"\000"
 594 00be 00000000 		.ascii	"\000\000\000\000\000\000\000\000"
 594      00000000 
 595 00c6 12020000 		.ascii	"\022\002\000\000"
 596              		.text
 597              		.section	.gnu.lto_.opts,"",%progbits
 598 0000 272D666D 		.ascii	"'-fmath-errno' '-fsigned-zeros' '-ftrapping-math' '"
 598      6174682D 
 598      6572726E 
 598      6F272027 
 598      2D667369 
 599 0033 2D666E6F 		.ascii	"-fno-trapv' '-fno-openmp' '-fno-openacc' '-mcpu=cor"
 599      2D747261 
 599      70762720 
 599      272D666E 
 599      6F2D6F70 
 600 0066 7465782D 		.ascii	"tex-m0' '-mno-thumb-interwork' '-mthumb' '-O2' '-fo"
 600      6D302720 
 600      272D6D6E 
 600      6F2D7468 
 600      756D622D 
 601 0099 6D69742D 		.ascii	"mit-frame-pointer' '-falign-functions=16' '-ffuncti"
 601      6672616D 
 601      652D706F 
 601      696E7465 
 601      72272027 
 602 00cc 6F6E2D73 		.ascii	"on-sections' '-fdata-sections' '-fno-common' '-flto"
 602      65637469 
 602      6F6E7327 
 602      20272D66 
 602      64617461 
 603 00ff 2700     		.ascii	"'\000"
 604              		.text
 605              		.comm	__gnu_lto_v1,1,1
 606              		.comm	__gnu_lto_slim,1,1
 607              		.ident	"GCC: (GNU Tools for Arm Embedded Processors 7-2017-q4-major) 7.2.1 20170904 (release) [ARM
ARM GAS  C:\Users\hgray\AppData\Local\Temp\ccgazqLH.s 			page 47


DEFINED SYMBOLS
                            *ABS*:00000000 chdynamic.c
                            *COM*:00000001 __gnu_lto_v1
                            *COM*:00000001 __gnu_lto_slim

NO UNDEFINED SYMBOLS
