ARM GAS  C:\Users\hunter\AppData\Local\Temp\cc0Z2zDT.s 			page 1


   1              		.cpu cortex-m0
   2              		.eabi_attribute 20, 1
   3              		.eabi_attribute 21, 1
   4              		.eabi_attribute 23, 3
   5              		.eabi_attribute 24, 1
   6              		.eabi_attribute 25, 1
   7              		.eabi_attribute 26, 1
   8              		.eabi_attribute 30, 2
   9              		.eabi_attribute 34, 0
  10              		.eabi_attribute 18, 4
  11              		.file	"chmemcore.c"
  12              		.section	.gnu.lto_.profile.3dd4d1c7,"",%progbits
  13 0000 789C6363 		.ascii	"x\234cc```\001bF\006}m\000\001\001\000f"
  13      60606001 
  13      6246067D 
  13      6D000101 
  13      0066
  14              		.text
  15              		.section	.gnu.lto_.icf.3dd4d1c7,"",%progbits
  16 0000 789C6363 		.ascii	"x\234cc``\220g@\000V\206\353g\217\2240\366\377}\377"
  16      60609067 
  16      40005686 
  16      EB678F94 
  16      30F6FF7D 
  17 0015 9C97A5A5 		.ascii	"\234\227\245\245\257q\036;\353\304\347\367\2273\262"
  17      AF711E3B 
  17      EBC4E7F7 
  17      9733B2
  18 0024 9DBF3271 		.ascii	"\235\2772q.\013\003\000\364\251\016\222"
  18      2E0B0300 
  18      F4A90E92 
  19              		.text
  20              		.section	.gnu.lto_.jmpfuncs.3dd4d1c7,"",%progbits
  21 0000 789C6363 		.ascii	"x\234cc``\320a@\000\026\020ffddd\257\237\303\314\000"
  21      6060D061 
  21      40001610 
  21      66666464 
  21      64AF9FC3 
  22 0016 C48C209A 		.ascii	"\304\214 \232\025C\204\015\250\016\000\230\376\007\026"
  22      1543840D 
  22      A80E0098 
  22      FE0716
  23              		.text
  24              		.section	.gnu.lto_.inline.3dd4d1c7,"",%progbits
  25 0000 789C6363 		.ascii	"x\234cc``\250`@\000\026\006\006V\026F\006&\226\005\362"
  25      6060A860 
  25      40001606 
  25      06561646 
  25      06269605 
  26 0015 0C6C0BE4 		.ascii	"\014l\013\344\231 b\302B\214L\214\012\214@6\210`\221"
  26      992062C2 
  26      428C4C8C 
  26      0A8C4036 
  26      886091
  27 0028 68D8C608 		.ascii	"h\330\306\010\221e\373\240\307\303\300t\201\237\005"
  27      9165FBA0 
  27      C7C3C074 
ARM GAS  C:\Users\hunter\AppData\Local\Temp\cc0Z2zDT.s 			page 2


  27      819F05
  28 0037 A48E9541 		.ascii	"\244\216\225AT\204\221\011\254\004\254\230Ef\301U4u"
  28      54849109 
  28      AC04AC98 
  28      4566C155 
  28      3475
  29 0049 1C20756C 		.ascii	"\034 ul\014l\254@+\200bp+\030\000\033\353\015\240"
  29      0C6CAC40 
  29      2B806270 
  29      2B18001B 
  29      EB0DA0
  30              		.text
  31              		.section	.gnu.lto_.pureconst.3dd4d1c7,"",%progbits
  32 0000 789C6363 		.ascii	"x\234cc``\340\002b\026\006\011\026\011\326]\214l,\000"
  32      6060E002 
  32      62160609 
  32      1609D65D 
  32      8C6C2C00 
  33 0014 05B20113 		.ascii	"\005\262\001\023"
  34              		.text
  35              		.section	.gnu.lto__core_init.3dd4d1c7,"",%progbits
  36 0000 789C8591 		.ascii	"x\234\205\221\317K\024a\030\307\237\357\274\273\343"
  36      CF4B1461 
  36      18C79FEF 
  36      BCBBE3
  37 000f 1E5A23E8 		.ascii	"\036Z#\350\020\326\241\313\036\274\354\240x\360\332"
  37      10D6A1CB 
  37      1EBCECA0 
  37      78F0DA
  38 001e 3FD0BF30 		.ascii	"?\320\2770\270\323\300.\264N\270\320u\337UtW3\021I\213"
  38      B8D3C02E 
  38      B44EB8D0 
  38      75DF5574 
  38      57331149 
  39 0033 1862C043 		.ascii	"\030b\300C\247\222\245uu\372\241\323\224\006\035\024"
  39      A792A575 
  39      75FAA1D3 
  39      94061D14 
  40 0043 BC041511 		.ascii	"\274\004\025\021j\036$\002\211.\211\332\363\316\016"
  40      6A1E2402 
  40      892E89DA 
  40      F3CE0E
  41 0052 5606F632 		.ascii	"V\006\3662/\363\235\367}\276\337\371\274\317\253\023"
  41      2FF39DF7 
  41      7DBEDFF9 
  41      BCCFAB13 
  42 0062 515E23BA 		.ascii	"Q^#\272\312\357\213<!\010\332\344\032Q%\245\001J\310"
  42      CAEF8B3C 
  42      2108DAE4 
  42      1A5125A5 
  42      014AC8
  43 0075 14A8ACA1 		.ascii	"\024\250\254\241\214qqG \254\356\370Z\347C\311#\270"
  43      8C717147 
  43      20ACEEF8 
  43      5AE743C9 
  43      23B8
  44 0087 BBA18FC8 		.ascii	"\273\241\217\310\341\013\256 \232\341\251\006\236\240"
ARM GAS  C:\Users\hunter\AppData\Local\Temp\cc0Z2zDT.s 			page 3


  44      E10BAE20 
  44      9AE1A906 
  44      9EA0
  45 0095 93B8ECC7 		.ascii	"\223\270\354\307\330\367/i\321\003\245\275\345p\375"
  45      D8F72F69 
  45      D103A5BD 
  45      E570FD
  46 00a4 6C66567E 		.ascii	"lfV~f\313\316\375\363S\322\273'\023\256\000\032\020"
  46      66CBCEFD 
  46      F353D2BB 
  46      2713AE00 
  46      1A10
  47 00b6 B14F4952 		.ascii	"\261OIR\265\357\266\033u\210+\221\357\223\377\270\256"
  47      B5EFB61B 
  47      75882B91 
  47      EF93FFB8 
  47      AE
  48 00c7 C7BEF71D 		.ascii	"\307\276\367\035\025\031V.+W\363\267\253\031\2736\353"
  48      1519562E 
  48      2B57F3B7 
  48      AB19BB36 
  48      EB
  49 00d8 87D3693D 		.ascii	"\207\323i=\201\005d0\217L\213\006\213\320\011,\3466"
  49      81056430 
  49      8F4C8B06 
  49      8BD0092C 
  49      E636
  50 00ea 92813C3C 		.ascii	"\222\201<<\252\312`\255c\256\261}.AT\343\002>\233\014"
  50      AACA60AD 
  50      63AEB17D 
  50      2E4154E3 
  50      023E9B0C 
  51 00fe 6854684A 		.ascii	"hThJ\015\005\264\213\301\237\325\203\371E(#\207\316"
  51      0D05B48B 
  51      C19FD583 
  51      F9452823 
  51      87CE
  52 0110 0C87EB6D 		.ascii	"\014\207\353m\267\204+\264\210\306\367\277~h+\037\310"
  52      B7842BB4 
  52      88C6F7BF 
  52      7E682B1F 
  52      C8
  53 0121 142F782A 		.ascii	"\024/x*\237\327\032C{S\355\036\036\300\025\002O\271"
  53      9FD71A43 
  53      7B53ED1E 
  53      1EC01502 
  53      4FB9
  54 0133 453E2E45 		.ascii	"E>.E\033\3157\037\367S\306#\325%\357\246+\022x\006\017"
  54      1BCD371F 
  54      F753C623 
  54      D525EFA6 
  54      2B127806 
  55 0148 D311359E 		.ascii	"\323\0215\236\303\3703=y2=\351\011\234L\007\2268\375"
  55      C3F8333D 
  55      79323DE9 
  55      099C4C07 
  55      9638FD
ARM GAS  C:\Users\hunter\AppData\Local\Temp\cc0Z2zDT.s 			page 4


  56 015b 459CBEB4 		.ascii	"E\234\276\264\367v\253\235\213k\234\276\011\025\261"
  56      F776AB9D 
  56      8B6B9CBE 
  56      0915B1
  57 016a CCF11C1D 		.ascii	"\314\361\034\035\240\334:\306\355\205\343c\374\227\373"
  57      A0DC3AC6 
  57      ED85E363 
  57      FC97FB
  58 0179 E569DC61 		.ascii	"\345i\334a\304\255\272\210W\021\367\337\240\332\277"
  58      C4ADBA88 
  58      5711F7DF 
  58      A0DABF
  59 0188 A0AF4F05 		.ascii	"\240\257O\005]i\201\2562\3507\014z\263\023\021ft\233"
  59      5D6981AE 
  59      32E8370C 
  59      7AB31311 
  59      66749B
  60 019b 35FE0DDF 		.ascii	"5\376\015\337\004Gve\263\006?V\276\220+8\245\256\336"
  60      04477665 
  60      B3063F56 
  60      BE902B38 
  60      A5AEDE
  61 01ae 6EC32919 		.ascii	"n\303)\031\226S,:\375\254\256\027rFi\300\342\355\242"
  61      96532C3A 
  61      FDACAE17 
  61      724669C0 
  61      E2EDA2
  62 01c1 5DB49C01 		.ascii	"]\264\234\001;k\321\031\323\314\333}7L\273\377\232i"
  62      3B6BD119 
  62      D3CCDB7D 
  62      374CBBFF 
  62      9A69
  63 01d3 A6E38F5C 		.ascii	"\246\343\217\\_\3116\315_\351G\354\232"
  63      5FC936CD 
  63      5FE947EC 
  63      9A
  64              		.text
  65              		.section	.gnu.lto_chCoreAllocAlignedWithOffsetI.3dd4d1c7,"",%progbits
  66 0000 789C8D54 		.ascii	"x\234\215T\333K\224Q\020\237\371\316\371\366\333Vw-"
  66      DB4B9451 
  66      109FF9CE 
  66      F9F6DB56 
  66      772D
  67 0012 25E841C2 		.ascii	"%\350A\302\207Dz\331\2450\250\247\236\212\240\376\201"
  67      87447AD9 
  67      A530A8A7 
  67      9E8AA0FE 
  67      81
  68 0023 DEAA65CD 		.ascii	"\336\252e\315\205t\303\215\210^<\271\336\266\013H\245"
  68      8574C38D 
  68      885E3CB9 
  68      DEB60B48 
  68      A5
  69 0034 C1B2C866 		.ascii	"\301\262\310fIHHEv\321,7M\327n\226abw)\013\214\010\272"
  69      49484845 
  69      76D12C37 
  69      4DD76E96 
ARM GAS  C:\Users\hunter\AppData\Local\Temp\cc0Z2zDT.s 			page 5


  69      61627729 
  70 004c 109499CD 		.ascii	"\020\224\231\315\234\357\0233$:\354\216g~g~gf~gV\027"
  70      9CEF1333 
  70      243AEC8E 
  70      677E677E 
  70      67667E67 
  71 0062 004C4880 		.ascii	"\000LH\200-\364w\003}\321\005h4\014\001\034p\033\206"
  71      2DF47703 
  71      7DD10568 
  71      340C011C 
  71      701B86
  72 0075 596D81F2 		.ascii	"Ym\201\362\210\303\031\000\225-\034W\332\256D\323\016"
  72      88C31900 
  72      952D1C57 
  72      DAAE44D3 
  72      0E
  73 0086 331179A3 		.ascii	"3\021y\243\334\010\225\206\220&V\342aq\\\340p\365\371"
  73      DC089586 
  73      902656E2 
  73      61715CE0 
  73      70F5F9
  74 0099 A4382492 		.ascii	"\2448$\222\002P\222\373\351~\342\215\217]\304\002r\333"
  74      025092FB 
  74      E97EE28D 
  74      8F5DC402 
  74      72DB
  75 00ab EABE0CBB 		.ascii	"\352\276\014\273V\236Q\252J\245O<\264\316\304j6%\205"
  75      569E51AA 
  75      4AA54F3C 
  75      B4CEC46A 
  75      362585
  76 00be 014D14DD 		.ascii	"\001M\024\335\201\371x\021\363\271\230K\270\222b[\016"
  76      81F97811 
  76      F3B9984B 
  76      B892625B 
  76      0E
  77 00cf 3CBEEB15 		.ascii	"<\276\353\025\305\010\264\037\217\267\037\221E\255\232"
  77      C508B41F 
  77      8FB71F91 
  77      45AD9A
  78 00de 37D12AD4 		.ascii	"7\321*\324\212\244\020x\031\305\237D\202\000\257`\021"
  78      8AA41078 
  78      19C59F44 
  78      8200AF60 
  78      11
  79 00ef 85374C4D 		.ascii	"\2057LM\217[b\235\246\266e\032\353=\016u\2509\2775\246"
  79      8F5B629D 
  79      A6B6651A 
  79      EB3D0E75 
  79      A839BF35 
  80 0104 28A5C4AB 		.ascii	"(\245\304\253\177\223%`\247&\177=\366\364\225O\254\327"
  80      7F932560 
  80      A7267F3D 
  80      F6F4954F 
  80      ACD7
  81 0116 E491D1DA 		.ascii	"\344\221\321\3325\016w\264y\231\315\025\330\265@\342"
  81      350E77B4 
ARM GAS  C:\Users\hunter\AppData\Local\Temp\cc0Z2zDT.s 			page 6


  81      7999CD15 
  81      D8B540E2 
  82 0126 6B58C484 		.ascii	"kX\304\204\206\347\337\273\263\304FM>\250z\316c\341"
  82      86E7DFBB 
  82      B3C4464D 
  82      3EA87ACE 
  82      63E1
  83 0138 29CD7ED9 		.ascii	")\315~\331\274\270%\246\006\225L\012\023\273\347\363"
  83      BCB825A6 
  83      06954C0A 
  83      13BBE7F3 
  84 0148 7951F8BD 		.ascii	"yQ\370\275t\374\234Gl\326\324\251\023\235o\245C\235"
  84      74FC9C47 
  84      6CD6D4A9 
  84      139D6FA5 
  84      439D
  85 015a 3829D469 		.ascii	"8)\324ie0\361\306\202\304\327\027~5z]\022{\260\020\257"
  85      6530F1C6 
  85      82C4D717 
  85      7E357A5D 
  85      127BB010 
  86 016f 63614A00 		.ascii	"caJ\000\013J:\246\371Y\001\214\331\223s\217\314\264"
  86      0B4A3AA6 
  86      F959018C 
  86      D993738F 
  86      CCB4
  87 0181 FA355347 		.ascii	"\3725SG\315,\377\3201\220\273\024\251vCp\363\222\215"
  87      CD2CFFD0 
  87      3190BB14 
  87      A9764370 
  87      F3928D
  88 0194 C9C645C6 		.ascii	"\311\306E\306\264\330\270\331]\304\306\303&\213M6\037"
  88      B4D8B8D9 
  88      5DC4C6C3 
  88      268B4D36 
  88      1F
  89 01a5 7891A5F2 		.ascii	"x\221\245\362!\253\235\2435_\202,@.p\246<\340\\\000"
  89      21AB9DA3 
  89      355F822C 
  89      402E70A6 
  89      3CE05C00 
  90 01b9 F554038D 		.ascii	"\365T\003\215\210JC\234\236\230v\2614\274\307XS\355"
  90      884A439C 
  90      9E9876B1 
  90      34BCC758 
  90      53ED
  91 01cb 919E522E 		.ascii	"\221\236R.-!DBx\023\302g\243hc\222`\352\351\305`\333"
  91      2D214442 
  91      7813C267 
  91      A3686392 
  91      60EAE9C5 
  92 01e1 593D4612 		.ascii	"Y=F\022gh\345\340M\352\367=V\215\315\306\231\304e\342"
  92      6768E5E0 
  92      4DEAF73D 
  92      568DCDC6 
  92      99C465E2 
  93 01f5 CFDAB8B0 		.ascii	"\317\332\270\260\221\034M6\341\035V\0250\302u\021\312"
ARM GAS  C:\Users\hunter\AppData\Local\Temp\cc0Z2zDT.s 			page 7


  93      911C4D36 
  93      E11D5615 
  93      30C27511 
  93      CA
  94 0206 ACAEC9EF 		.ascii	"\254\256\311\357}\036;\312E\2277\325\364>\260\370r\227"
  94      7D1E3BCA 
  94      459737D5 
  94      F43EB0F8 
  94      7297
  95 0218 16BBB3F3 		.ascii	"\026\273\263\363\3033\253rZ\271\011H\011\324\232v\304"
  95      C333AB72 
  95      5AB90948 
  95      09D49A76 
  95      C4
  96 0229 3E1DF5A5 		.ascii	">\035\365\245\260\031\223\302\302>\032\356^\326\233"
  96      B01993C2 
  96      C23E1AEE 
  96      5ED69B
  97 0238 0E2E679E 		.ascii	"\016.g\236O\271\003\355\212V\001?\311-La#\253\015\330"
  97      4FB903ED 
  97      8A56013F 
  97      C92D4C61 
  97      23AB0DD8 
  98 024c 8F01AE28 		.ascii	"\217\001\256(9[\242E\331\022b\011\027\360\271\316\301"
  98      395BA245 
  98      D9126209 
  98      17F0B9CE 
  98      C1
  99 025d DC04CFEB 		.ascii	"\334\004\317\353w\221\306\274\3630\017\301N\303\324"
  99      7791C6BC 
  99      F3300FC1 
  99      4EC3D4
 100 026c 9F0366E9 		.ascii	"\237\003f\351\236=\366m[m,\227\340\271~I{\202\354\022"
 100      9E3DF66D 
 100      5B6D2C97 
 100      E0B97E49 
 100      7B82EC12 
 101 0280 DA7BB6D9 		.ascii	"\332{\266\331!y:*g.\352:G\345\331\252L\237\362\331Q"
 101      21793A2A 
 101      672EEA3A 
 101      47E5D9AA 
 101      4C9FF2D9 
 102 0295 D9FF23C3 		.ascii	"\331\377#\303\300?d\310h\031\220e\030$\031\336b\365"
 102      C03F64C8 
 102      68199065 
 102      182419DE 
 102      62F5
 103 02a7 505FB173 		.ascii	"P_\261s7\247\343\025\247\337\011\375\027\2411\240\343"
 103      37A7E315 
 103      A7DF09FD 
 103      17A131A0 
 103      E3
 104 02b8 B1BE11E9 		.ascii	"\261\276\021\351\274\310\334\271\204'i{L\252\232&\343"
 104      BCC8DCB9 
 104      8427697B 
 104      4CAA9A26 
 104      E3
ARM GAS  C:\Users\hunter\AppData\Local\Temp\cc0Z2zDT.s 			page 8


 105 02c9 FD591CF0 		.ascii	"\375Y\034\360?\225\335^\270\262\324^.\355\316\334\013"
 105      3F95DD5E 
 105      B8B2D45E 
 105      2EEDCEDC 
 105      0B
 106 02da DDC5809D 		.ascii	"\335\305\200\235,NsbO\344G4 \241\013\377\206\210\376"
 106      2C4E7362 
 106      4FE44734 
 106      20A10BFF 
 106      8688FE
 107 02ed 7CF17466 		.ascii	"|\361tf\034I3\371\243e\230}\203}\232e\344x\003`\225"
 107      1C4933F9 
 107      A365987D 
 107      837D9A65 
 107      E4780360 
 108 0302 DF1FA04F 		.ascii	"\337\037\240O\2604\274#\034\211\256Z\273:\020\211\006"
 108      B034BC23 
 108      1C89AE5A 
 108      BB3A1089 
 108      06
 109 0313 8291B2B2 		.ascii	"\202\221\262\262H9\355v\205w\004\242\025A:.\013\225"
 109      4839ED76 
 109      857704A2 
 109      15413A2E 
 109      0B95
 110 0325 05231521 		.ascii	"\005#\025!\177\020d4\274?dn\337\025\336Y\356\212\224"
 110      7F106434 
 110      BC3F646E 
 110      DF15DE59 
 110      EE8A94
 111 0338 9444437B 		.ascii	"\224DC{dyh\337\036\334\375\033\007\304\235?"
 111      647968DF 
 111      1EDCFD1B 
 111      07C49D3F 
 112              		.text
 113              		.section	.gnu.lto_chCoreAllocAlignedWithOffset.3dd4d1c7,"",%progbits
 114 0000 789C8D55 		.ascii	"x\234\215UaL[U\024\276\247\367\275\276\256@\013\374"
 114      614C5B55 
 114      14BEA7F7 
 114      BDBEAE40 
 114      0BFC
 115 0012 D0C4F0A3 		.ascii	"\320\304\360\243K$8cx\231af\3762J4\356\007\177\334/"
 115      4B243863 
 115      78996166 
 115      FE324A34 
 115      EE077FDC 
 116 0027 13236E5D 		.ascii	"\023#n]7\232PJ(.\233\177xP\006\253\033\2068\351\224"
 116      379A504A 
 116      282E9B7F 
 116      785006AB 
 116      1B8638E9 
 117 003c 348C8138 		.ascii	"4\214\2018\201\340\2462\224\271\215:\204\"c \033 \003"
 117      81E0A632 
 117      94B98D3A 
 117      84226320 
 117      1B2003
 118 004f C6C894E9 		.ascii	"\306\310\224\351\206\301\014\315t\"\3409\367=\030\205"
ARM GAS  C:\Users\hunter\AppData\Local\Temp\cc0Z2zDT.s 			page 9


 118      86C10CCD 
 118      7422E039 
 118      F73D1885 
 119 005f 06F7422E 		.ascii	"\006\367B.\367\236s\276s\3179\337\271\247f\306\330\270"
 119      F79E73BE 
 119      73CF39DF 
 119      B9A766C6 
 119      D8B8
 120 0071 C298028C 		.ascii	"\302\230\002\214\275\214{030U\3663Vl1\231\344R\205i"
 120      BD8C7B30 
 120      333055F6 
 120      33566C31 
 120      99E45285 
 121 0086 567E34C2 		.ascii	"V~4\302\230\026\317\215\243\244\037%\220u3\031\2006"
 121      9816CF8D 
 121      A3A41F25 
 121      90753319 
 121      8036
 122 0098 9A055891 		.ascii	"\232\005X\221\211K2\024\301Q\376\001\207\301\3223!~"
 122      894B3214 
 122      C151FE01 
 122      87C1D233 
 122      217E
 123 00aa 84873803 		.ascii	"\204\2078\003\011\217\367\256T\377d\243#\200\003\217"
 123      098FF7AE 
 123      54FF64A3 
 123      2380038F 
 124 00ba 8DE57F0C 		.ascii	"\215\345\177\014\232\267\234\322\264\022-||\324z\312"
 124      9AB79CD2 
 124      B4122D7C 
 124      7CD47ACA 
 125 00ca 7FE8D510 		.ascii	"\177\350\325\0207\261 Z\267B\012|\011)\024\314Y\330"
 125      37B1205A 
 125      B7420A7C 
 125      092914CC 
 125      59D8
 126 00dc 82B675C5 		.ascii	"\202\266u\305\303\227\023x\0060\334O\005Z*\244\264\006"
 126      C3971378 
 126      0630DC4F 
 126      055A2AA4 
 126      B406
 127 00ee 819B68E0 		.ascii	"\201\233h\340\332\223!\316\241\015\370j \212\030|\005"
 127      DA9321CE 
 127      A10DF86A 
 127      208A187C 
 127      05
 128 00ff 69685E39 		.ascii	"ih^9\2770\245\360\347\005\2641Ru\330j@g\233\236h\360"
 128      BF30A5F0 
 128      E705B431 
 128      5275D86A 
 128      40679B9E 
 129 0115 6B78A504 		.ascii	"kx\245\004_\257\005K\014\332\005\370\317cc7m\374\005"
 129      5FAF054B 
 129      0CDA05F8 
 129      CF636337 
 129      6DFC05
 130 0128 011E1A29 		.ascii	"\001\036\032)\333f`\3577=\246c9\234\213q\3617\220F\200"
ARM GAS  C:\Users\hunter\AppData\Local\Temp\cc0Z2zDT.s 			page 10


 130      DB6660EF 
 130      373DA663 
 130      399C8B71 
 130      F1379046 
 131 013d BE70E0B4 		.ascii	"\276p\340\264\225\277\"\300\335\177\327\357J\255\027"
 131      95BF22C0 
 131      DD7FD7EF 
 131      4AAD17
 132 014c E0C5A6E4 		.ascii	"\340\305\246\344\223~\255G\2230[8\037\015\247\017\255"
 132      937EAD47 
 132      93305B38 
 132      1F0DA70F 
 132      AD
 133 015d 6F7DBE58 		.ascii	"o}\276X\225`\226\340\002\244R=\260\014\027\301\014+"
 133      956096E0 
 133      02A4523D 
 133      B00C17C1 
 133      0C2B
 134 016f 8A520DBF 		.ascii	"\212R\015\277\360d\263Y\310\203\034Va\030t\240i\030"
 134      F064B359 
 134      C8831C56 
 134      611874A0 
 134      6918
 135 0181 495C63DE 		.ascii	"I\\c\336\371\321S\331\214\024A,\362Z]\315v\324}K:\036"
 135      F9D153D9 
 135      8C14412C 
 135      F25A5DCD 
 135      76D47D4B 
 136 0197 E5EB12FA 		.ascii	"\345\353\022\372\352\244\206\300\005\333\203Hm>Q\334"
 136      EAA486C0 
 136      05DB8348 
 136      6D3E51DC 
 137 01a7 68355211 		.ascii	"h5R\021\264\351\251\254\243\200>\370\016R\211\202\211"
 137      B4E9A9AC 
 137      A3803EF8 
 137      0E528982 
 137      89
 138 01b8 07E7E3F8 		.ascii	"\007\347\343\370' \342|W\3538\003\006~\262&\261\316"
 138      2720E27C 
 138      57EB3803 
 138      067EB226 
 138      B1CE
 139 01ca C0CBD015 		.ascii	"\300\313\320\025\003\337-\360\363\307\333\247%\003\362"
 139      03DF2DF0 
 139      F3C7DBA7 
 139      2503F2
 140 01d9 F349AE7D 		.ascii	"\363I\256}\254\231\010\020\243v\020\201\324\323W\345"
 140      AC990810 
 140      A3761081 
 140      D4D357E5 
 141 01e9 B0B6B854 		.ascii	"\260\266\270T\2164==\323z3\371q\023P+`\327!\247\022"
 141      8E343D3D 
 141      D37A33F9 
 141      7113502B 
 141      60D721A7 
 142 01fe 103B3271 		.ascii	"\020;2ql\246E\241\305\"\002\335\204[\331JK\034\011\343"
 142      6CA645A1 
ARM GAS  C:\Users\hunter\AppData\Local\Temp\cc0Z2zDT.s 			page 11


 142      C52202DD 
 142      845BD94A 
 142      4B1C09E3 
 143 0212 6949A0C5 		.ascii	"iI\240\305F\213]\370N\024!%\221Q2\243ne\207\221\036"
 143      468B5DF8 
 143      4E142125 
 143      915132A3 
 143      6E658791 
 144 0227 6C7E2DCC 		.ascii	"l~-\314\002x\304\235?\314f\240\370\326\357\301\266\336"
 144      0278C49D 
 144      3FCC66A0 
 144      F8D6EFC1 
 144      B6DE
 145 0239 B58C1D9B 		.ascii	"\265\214\035\233\263\032\214I\353\331y\346\015\006="
 145      B31A8C49 
 145      EBD979E6 
 145      0D063D
 146 0248 A493D7B3 		.ascii	"\244\223\327\263\223\361&\203\357Ig\216b\247\027I\271"
 146      93F12683 
 146      EF49678E 
 146      62A71749 
 146      B9
 147 0259 4CECD0C2 		.ascii	"L\354\320\302\200\315\322\205\237^\354\234\216\337\374"
 147      80CDD285 
 147      9F5EEC9C 
 147      8EDFFC
 148 0268 179CD03E 		.ascii	"\027\234\320>t\204t\300\334g_\014\307I\030,\364\301"
 148      748474C0 
 148      DC675F0C 
 148      C749182C 
 148      F4C1
 149 027a 665CAF80 		.ascii	"f\\\257\200\304nC\311T\240]\026\215\205\311Wc\360(r"
 149      C46E43C9 
 149      54A05D16 
 149      8D85C957 
 149      63F02872 
 150 028e D0191115 		.ascii	"\320\031\021\025\327\372\026d\243\342\267\233l\325Z"
 150      D7FA1664 
 150      A3E2B79B 
 150      6CD55A
 151 029d B8D411E3 		.ascii	"\270\324\021\343\245\210\222\367\023\232\023\272\366"
 151      A58892F7 
 151      139A13BA 
 151      F6
 152 02aa 972A6E38 		.ascii	"\227*n8(\371\365\275~\333:\007\353\236\213p0@\016$v"
 152      28F9F5BD 
 152      7EDB3A07 
 152      EB9E8B70 
 152      30400E24 
 153 02bf 17FCC1B2 		.ascii	"\027\374\301\262\212\216\2345\331\2174[\311\202\256"
 153      8A8E9C35 
 153      D98F345B 
 153      C982AE
 154 02ce A1408D02 		.ascii	"\241@\215\002*\253\237\011\022C\2640\370\001\223\031"
 154      2AAB9F09 
 154      1243B430 
 154      F8019319 
ARM GAS  C:\Users\hunter\AppData\Local\Temp\cc0Z2zDT.s 			page 12


 155 02de A482E052 		.ascii	"\244\202\340R\315eL\212\"[v\254KI\201\330\033=\215\315"
 155      CD654C8A 
 155      225B76AC 
 155      4B4981D8 
 155      1B3D8DCD 
 156 02f2 623649B0 		.ascii	"b6I\260\204\237\035\256b8w\241d\264\014t;\305\200\376"
 156      849F1DAE 
 156      623877A1 
 156      64B40C74 
 156      3BC580FE 
 157 0306 5B16E0BA 		.ascii	"[\026\340\272\304\"\300\212^\247\301\345\272Y\010u\356"
 157      C422C08A 
 157      5EA7C1E5 
 157      BA590875 
 157      EE
 158 0317 CE834EAB 		.ascii	"\316\203N\253n\265\011\235\007\017]\032P\310\271\"Z"
 158      6EB5099D 
 158      070F5D1A 
 158      50C8B922 
 158      5A
 159 0328 BEBDFDB7 		.ascii	"\276\275\375\267q\245hA\263\240\240\226\353O\274\325"
 159      71A56841 
 159      B3A0A096 
 159      EB4FBCD5 
 160 0338 7FEF7D5B 		.ascii	"\177\357}[-\324@\210[`\010'\3465*\007*\332\"\023\363"
 160      2DD44088 
 160      5B600827 
 160      E6352A07 
 160      2ADA2213 
 161 034d 16B58572 		.ascii	"\026\265\205rwP\227\017C-T!\210\222c0\002*\005\025Z"
 161      7750970F 
 161      432D5421 
 161      88926330 
 161      022A0515 
 162 0362 8ED28A17 		.ascii	"\216\322\212\027\352\305+\231+7dq(\326\2236\004\361"
 162      EAC52B99 
 162      2B376471 
 162      28D69336 
 162      04F1
 163 0374 980A8AA3 		.ascii	"\230\012\212\243d\011(6r\306\024\015\241M\244\235\240"
 163      64092836 
 163      72C6140D 
 163      A14DA49D 
 163      A0
 164 0385 7B7B5D97 		.ascii	"{{]\227\331Q\3740\345\010\245l\327Ch\351xK7I\024V\226"
 164      D951FC30 
 164      E508A56C 
 164      D74368E9 
 164      784B3749 
 165 039c 8756DD64 		.ascii	"\207V\335d\225\250\027f\241\336\246[%=J%~\334\240\022"
 165      95A81766 
 165      A1DEA65B 
 165      253D4A25 
 165      7EDCA012 
 166 03b0 A3A21260 		.ascii	"\243\242\022`T\342:Vb\032JG;3V\202H\022\375\024@\336"
 166      54E23A56 
 166      621A4A47 
ARM GAS  C:\Users\hunter\AppData\Local\Temp\cc0Z2zDT.s 			page 13


 166      3B335682 
 166      4812FD14 
 167 03c6 F0070ADF 		.ascii	"\360\007\012\337\241P\017I\006/\024\221\256\227\330"
 167      A1500F49 
 167      062F1491 
 167      AE97D8
 168 03d5 F530E931 		.ascii	"\3650\3511\276\340\235@W\034\031<Jpc\261\203\253\335"
 168      BEE09D40 
 168      571C193C 
 168      4A7063B1 
 168      83ABDD
 169 03e8 4FD18D47 		.ascii	"O\321\215G\3614\001\252~_\000\337\263>\025\350\201\314"
 169      F13401AA 
 169      7E5F00DF 
 169      B33E15E8 
 169      81CC
 170 03fa 54ADBC38 		.ascii	"T\255\2748\266\362\336\250\265W\235\006\242N\335Q\247"
 170      B6F2DEA8 
 170      B5579D06 
 170      A24EDD51 
 170      A7
 171 040b 48D4897E 		.ascii	"H\324\211~\036\214aS\331\013bP\343\024X\372\337)pCL"
 171      1E8C6153 
 171      D90B6250 
 171      E31458FA 
 171      DF297043 
 172 0420 81499C02 		.ascii	"\201I\234\002\2638\005\216\\\3502\223\273j\236\214\361"
 172      B338058E 
 172      5CE83293 
 172      BB6A9E8C 
 172      F1
 173 0431 DE876448 		.ascii	"\336\207dHO1\215-M\001\376\247\007d\227\376\251\033"
 173      4F318D2D 
 173      4D01FEA7 
 173      076497FE 
 173      A91B
 174 0443 041C7440 		.ascii	"\004\034t@\211 ~kz\272\212\177\316\034\367n\267\327"
 174      89207E6B 
 174      7ABA8A7F 
 174      CE1CF76E 
 174      B7D7
 175 0455 B775FBB3 		.ascii	"\267u\373\263\252\327\247:\275\036\2177\017w\271\356"
 175      AAD7A73A 
 175      BD1E8F37 
 175      0F77B9EE 
 176 0465 DDAAAFC0 		.ascii	"\335\252\257\300\211j\217\313\343\364\026\270\322\235"
 176      896A8FCB 
 176      E3F416B8 
 176      D29D
 177 0473 4CF2B9DF 		.ascii	"L\362\271\337q\311\273r\335\373\362\314\336\275{}\256"
 177      71C9BB72 
 177      DDFBF2CC 
 177      DEBD7B7D 
 177      AE
 178 0484 42C84F8B 		.ascii	"B\310O\213\345\245\240Pu\3479s\337\336\343B\205\357"
 178      E5A5A050 
 178      75E73973 
ARM GAS  C:\Users\hunter\AppData\Local\Temp\cc0Z2zDT.s 			page 14


 178      DFDEE342 
 178      85EF
 179 0496 A02F3D87 		.ascii	"\240/=\207m\333\340\266|oA\241O}\361\265\254\314\254"
 179      6DDBE0B6 
 179      7C6F41A1 
 179      4F7DF1B5 
 179      ACCCAC
 180 04a9 036841B7 		.ascii	"\003hA\267e\357\177\316\203()\317u\240\360\245\015\240"
 180      65EF7FCE 
 180      832829CF 
 180      75A0F0A5 
 180      0DA0
 181 04bb A826A09A 		.ascii	"\250&\240\232\231\265s\307N5\023\221\352\216\345\233"
 181      99B573C7 
 181      4E351391 
 181      EA8EE59B 
 182 04cb 3D3EB72F 		.ascii	"=>\267/{\237\323\211~,\316|\237{\217\303\315\024\314"
 182      7B9FD389 
 182      7E2CCE7C 
 182      9F7B8FC3 
 182      CD14CC
 183 04de C65B7050 		.ascii	"\306[pP\027\270P\360\037E\033\315\266"
 183      17B850F0 
 183      1F451BCD 
 183      B6
 184              		.text
 185              		.section	.gnu.lto_chCoreGetStatusX.3dd4d1c7,"",%progbits
 186 0000 789C8D90 		.ascii	"x\234\215\220MK\002a\020\307g\366\331\365\205\312>@"
 186      4D4B0261 
 186      10C767F6 
 186      D9F585CA 
 186      3E40
 187 0012 1EBC7A71 		.ascii	"\036\274zq\261.}\207\276\205\213\220\320\266\240\037"
 187      B12E7D87 
 187      BE858B90 
 187      D0B6A01F 
 188 0022 C027AD34 		.ascii	"\300'\2554\352\020\221&\262\204\020\021\035\242\"\263"
 188      EA109126 
 188      B2841011 
 188      1DA222B3 
 189 0032 B482A543 		.ascii	"\264\202\245C\321\241\327C\320\313\251N\205\010v\255"
 189      D1A1D743 
 189      D0CBA94E 
 189      850876AD 
 190 0042 AC19B753 		.ascii	"\254\031\267S\207h\331\227\231\377\3143\277\377\216"
 190      8768D997 
 190      99FFCC33 
 190      BFFF8E
 191 0051 07006E11 		.ascii	"\007\000n\021`\210\276\003\364\240\000T\346/\000&|\012"
 191      6088BE03 
 191      F4A00054 
 191      E62F0026 
 191      7C0A
 192 0063 2207D287 		.ascii	"\"\007\322\207\220V0\215sbQ\340\365\344\226-f\205Mm"
 192      9056308D 
 192      736251E0 
 192      F5E4962D 
ARM GAS  C:\Users\hunter\AppData\Local\Temp\cc0Z2zDT.s 			page 15


 192      66854D6D 
 193 0077 2AA5EDF3 		.ascii	"*\245\355\363\362s\200S\304\020\245\315\326I\2657\274"
 193      F2738053 
 193      C410A5CD 
 193      D649B537 
 193      BC
 194 0088 2665463A 		.ascii	"&eF:K\313=\245\352\225\364\333B\201\"\265W1\210;\030"
 194      4BCB3DA5 
 194      EA95F4DB 
 194      428122B5 
 194      5731883B 
 195 009d 64C62E86 		.ascii	"d\306.\206\201\272\237\266;\205>\217\312U\022k\350\001"
 195      81BA9FB6 
 195      3B853E8F 
 195      CA55126B 
 195      E801
 196 00af 32029B37 		.ascii	"2\002\2337\232#;_9\351|\254`}\204\350\266\240\021\266"
 196      9A233B5F 
 196      39E97CAC 
 196      607D84E8 
 196      B6A011B6 
 197 00c3 5005472A 		.ascii	"P\005G*G\032\277\274\300\243!O\247\311\247t`\206R\212"
 197      471ABFBC 
 197      C0A3214F 
 197      A7C9A774 
 197      6086528A 
 198 00d7 B20EBC62 		.ascii	"\262\016\274b\246\361r\277\332\317C\313\002\211U\234"
 198      A6F172BF 
 198      DACF43CB 
 198      0289559C 
 199 00e7 3ABEF4B2 		.ascii	":\276\364\262Q\015\031]\2577\037\274\351O\351#\241\302"
 199      510D195D 
 199      AF371FBC 
 199      E94FE923 
 199      A1C2
 200 00f9 78D2AAD9 		.ascii	"x\322\252\331\366B\240\202\313h\013\017\356\323\017"
 200      F642A082 
 200      CB680B0F 
 200      EED30F
 201 0108 EFB15B2A 		.ascii	"\357\261[*\324N\037\337}\372\206\244+D\016\260\216\025"
 201      D44E1FDF 
 201      7DFA86A4 
 201      2B440EB0 
 201      8E15
 202 011a 2CF021C0 		.ascii	",\360!\300\006\352\014{\313\335\371]\226B\270.\376,"
 202      06EA0C7B 
 202      CBDDF95D 
 202      9642B82E 
 202      FE2C
 203 012c E10AE23F 		.ascii	"\341\012\342?\264\203?h\207]\032o\006\217~\323T\232"
 203      B4833F68 
 203      875D1A6F 
 203      068F7ED3 
 203      549A
 204 013e 4F4AB634 		.ascii	"OJ\2664\215\256\240u\035\250n\327\272pE/\351\320\302"
 204      8DAEA075 
 204      1DA86ED7 
ARM GAS  C:\Users\hunter\AppData\Local\Temp\cc0Z2zDT.s 			page 16


 204      BA70452F 
 204      E9D0C2
 205 0151 4CE82765 		.ascii	"L\350'e\347y\232H\273\242\375E#\021\235nc4\021KX\251"
 205      E7799A48 
 205      BBA2FD45 
 205      23119D6E 
 205      6334114B 
 206 0167 E8F0A06E 		.ascii	"\350\360\240n\245t\3032Mk\234\242\261DLO%\015*\233q"
 206      A574C332 
 206      4D6B9CA2 
 206      B1444C4F 
 206      250D2A9B 
 207 017c D3B092F1 		.ascii	"\323\260\222\361\210\001\337\012\002\244\360"
 207      8801DF0A 
 207      02A4F0
 208              		.text
 209              		.section	.gnu.lto_.symbol_nodes.3dd4d1c7,"",%progbits
 210 0000 789C6363 		.ascii	"x\234cc``H\006b\006\246\035\214\365\014\014\023\316"
 210      60604806 
 210      6206A61D 
 210      8CF50C0C 
 210      13CE
 211 0012 313000A9 		.ascii	"10\000\251]\015\216\014\014\254\333\031\031\032\225"
 211      5D0D8E0C 
 211      0CACDB19 
 211      191A95
 212 0021 8052AC7B 		.ascii	"\200R\254{\030\031\025@\364^F&\020\315\264\223\261\236"
 212      18191540 
 212      F45E4626 
 212      10CDB493 
 212      B19E
 213 0033 114529D3 		.ascii	"\021E)\323.\306z&T\221\335\214\365\314(\"\014\0005)"
 213      2EC67A26 
 213      5491DD8C 
 213      F5CC2822 
 213      0C003529 
 214 0047 15E6     		.ascii	"\025\346"
 215              		.text
 216              		.section	.gnu.lto_.refs.3dd4d1c7,"",%progbits
 217 0000 789C1D88 		.ascii	"x\234\035\210A\012\200@\014\304\222\216\366\260\247"
 217      410A8040 
 217      0CC4928E 
 217      F6B0A7
 218 000f 05055FE1 		.ascii	"\005\005_\341\377\277g\361\220@\322\300;\034\250U\277"
 218      FFBF67F1 
 218      9040D2C0 
 218      3B1CA855 
 218      BF
 219 0020 52996CDC 		.ascii	"R\231l\334z\345\304\205\267>5K\014\037\026\025\000\316"
 219      7AE5C485 
 219      B73E354B 
 219      0C1F1615 
 219      00CE
 220              		.text
 221              		.section	.gnu.lto_.decls.3dd4d1c7,"",%progbits
 222 0000 789CAD56 		.ascii	"x\234\255V}PT\327\025\177\347\335ewYv\221A\247\343\264"
 222      7D5054D7 
ARM GAS  C:\Users\hunter\AppData\Local\Temp\cc0Z2zDT.s 			page 17


 222      157FE7DD 
 222      65775976 
 222      9141A7E3 
 223 0015 A4C33064 		.ascii	"\244\3030d\312t& \266V\333\351\037Zg\032\235\251\355"
 223      CA742620 
 223      B656DBE9 
 223      1F5A671A 
 223      9DA9ED
 224 0028 4C9D4C6A 		.ascii	"L\235Lj\273\323\227eYd\033\3305\354\322\306\376\323"
 224      BBD39765 
 224      59641BD8 
 224      35ECD2C6 
 224      FED3
 225 003a 877C882C 		.ascii	"\207|\210,X\214D\345#\006\304\032T\020\011\030*\242"
 225      588C44E5 
 225      2306C41A 
 225      54100918 
 225      2AA2
 226 004c 59C10F04 		.ascii	"Y\301\017\004\261h\"F\014\210\010j\220\317 \"b\240\347"
 226      B1682246 
 226      0C88086A 
 226      90CF2022 
 226      62A0E7
 227 005f DEFB965D 		.ascii	"\336\373\226](\222i\247o8\373\356\275\357\234\337\357"
 227      289269A7 
 227      6F38FBEE 
 227      BDEF9CDF 
 227      EF
 228 0070 7CDD7B51 		.ascii	"|\335{Q\013\202p+@\020\262\211 \224\201 \314\340\343"
 228      0B82702B 
 228      4010B289 
 228      20948120 
 228      CCE0E3
 229 0083 876BE751 		.ascii	"\207k\347QD\224:\224-\002\177T(\015(M(\315(\255(h&\334"
 229      44943A94 
 229      2D027F54 
 229      280D284D 
 229      28CD28AD 
 230 009b 477980F2 		.ascii	"Gy\200\362H\230\373\244#\236\032\337o\241\364\241|\205"
 230      4898FBA4 
 230      239E1ADF 
 230      6FA1F4A1 
 230      7C85
 231 00ad D283D281 		.ascii	"\322\203\322\201\322\257\340w\241t\242\200\202\275\030"
 231      D2AFE077 
 231      A174A280 
 231      82BD18
 232 00bc DE1E54D2 		.ascii	"\336\036T\322\342;\030e\031\212\344\343_\207\017\376"
 232      E23B1865 
 232      198AE4E3 
 232      5F870FFE 
 233 00cc 7CDC2665 		.ascii	"|\334&emR\301\366}\336G\005\377E0\247_\202\253Ur@\011"
 233      6D52C1F6 
 233      7DDE4705 
 233      FF4530A7 
 233      5F82AB55 
 234 00e3 441A27F5 		.ascii	"D\032'\365\015E\207b\000\316\011\013\360\025\342\242"
ARM GAS  C:\Users\hunter\AppData\Local\Temp\cc0Z2zDT.s 			page 18


 234      0D458762 
 234      00CE090B 
 234      F015E2A2 
 235 00f3 C687AF4E 		.ascii	"\306\207\257N\341\371\375<\236N\205\013\224</\204\225"
 235      E1F9FD3C 
 235      9E4E850B 
 235      943C2F84 
 235      95
 236 0104 47A0B3E9 		.ascii	"G\240\263\351\350q\342\"\260E\007\264rKp\251r\340\364"
 236      E871E222 
 236      B04507B4 
 236      724B70A9 
 236      72E0F4
 237 0117 A4812F51 		.ascii	"\244\201/Q\215Cy\225y\"\021\331x\260\356\343v]d\271"
 237      8D437995 
 237      792211D9 
 237      78B0EEE3 
 237      765D64B9 
 238 012b CC1FEDDB 		.ascii	"\314\037\355\333\002\234\002\342\201:<9\\\253'?g\212"
 238      029C02E2 
 238      813A3C39 
 238      5CAB273F 
 238      678A
 239 013d D7D34E16 		.ascii	"\327\323N\026Q\330`\035\250p:\332Zp?\020\247\313t\020"
 239      51D8601D 
 239      A8703ADA 
 239      5A703F10 
 239      A7CB7410 
 240 0151 9A47C4D6 		.ascii	"\232G\304\326\266\211:-\350\"2ey\207\\\234*\373o\020"
 240      B6893A2D 
 240      E8223265 
 240      79875C9C 
 240      2AFB6F10 
 241 0165 E03484C0 		.ascii	"\3404\204\300?!D\2003\020A\251?\201H\001jp\261\032\027"
 241      3F214480 
 241      331041A9 
 241      3F814801 
 241      6A70B11A 
 242 017a 8F503AF7 		.ascii	"\217P:\367\335\003ag\272d9\024\352@\007\265@\230\016"
 242      DD036167 
 242      BA643914 
 242      EA4007B5 
 242      40980E
 243 018d 46B64547 		.ascii	"F\266EG\177q\021\231N7d\\7\334\205N\300\034@\020s\015"
 243      7F711199 
 243      4E37645C 
 243      37DC854E 
 243      C01C4010 
 244 01a3 80FFE29B 		.ascii	"\200\377\342\233\012\233\317x\036\340\353\270*\362\227"
 244      0A9BCF78 
 244      1EE0EBB8 
 244      2AF297
 245 01b2 A24A271E 		.ascii	"\242J'\036\023e\214\277\242\202!zp\331\237\002\000\276"
 245      13658CBF 
 245      A282217A 
 245      70D99F02 
 245      00BE
ARM GAS  C:\Users\hunter\AppData\Local\Temp\cc0Z2zDT.s 			page 19


 246 01c4 A8FC3BA7 		.ascii	"\250\374;\247\363<\202\007\236\273\345\261\0238\344"
 246      F33C8207 
 246      9EBBE5B1 
 246      1338E4
 247 01d3 5C321FA3 		.ascii	"\\2\037\2439\276\012\263\237g\335\364\006\011J%\352"
 247      39BE0AB3 
 247      9F67DDF4 
 247      06094A25 
 247      EA
 248 01e4 4A4E3C54 		.ascii	"JN<TuC\027\316\177)\010\271\332D\266\332_\365eI )\003"
 248      754317CE 
 248      7F2908B9 
 248      DA44B6DA 
 248      5FF56549 
 249 01fb 56A08B33 		.ascii	"V\240\2133\023\356%\274@\"No\214\\\375 \200\027(\010"
 249      13EE25BC 
 249      40224E6F 
 249      8C5CFD20 
 249      80172808 
 250 020f A7E5D933 		.ascii	"\247\345\3313y~\313\367\321\254\347\246\312A\"\274\365"
 250      797ECBF7 
 250      D1ACE7A6 
 250      CA4122BC 
 250      F5
 251 0220 1D70632D 		.ascii	"\035pc->\305Z\010p\036\226\343\257M\305\311j\367\271"
 251      3EC55A08 
 251      701E96E3 
 251      AF4DC5C9 
 251      6AF7B9
 252 0233 D24858B1 		.ascii	"\322HX\261\\\334\215\025:\021^p5CnC\273\265L\017\316"
 252      5CDC8D15 
 252      3A115E70 
 252      35436E43 
 252      BBB54C0F 
 253 0248 79CB748E 		.ascii	"y\313t\216\266\012\234\205n\200z\270\213\2367@\030\332"
 253      B60A9C85 
 253      6E807AB8 
 253      8B9E3740 
 253      18DA
 254 025a A7377FE1 		.ascii	"\2477\177\341$}\334\253\242\336\234\335~*\221W\2232"
 254      247DDCAB 
 254      A2DE9CDD 
 254      7E2A9157 
 254      9332
 255 026c E05A63C5 		.ascii	"\340Zc\305\224\233\2605\354\212\013\300\326z/\015\366"
 255      949BB035 
 255      EC8A0BC0 
 255      D67A2F0D 
 255      F6
 256 027d 6A66F52E 		.ascii	"jf\365.\362\305\007cu\331\032_\247%\275\217\323\227"
 256      F2C50763 
 256      75D91A5F 
 256      A725BD8F 
 256      D397
 257 028f 99D39740 		.ascii	"\231\323\227@\361z\177\326\341\275\324\353n\364\372"
 257      F17A7FD6 
 257      E1BDD4EB 
ARM GAS  C:\Users\hunter\AppData\Local\Temp\cc0Z2zDT.s 			page 20


 257      6EF4FA
 258 029e D2C1C002 		.ascii	"\322\301\300\002\331\275C\226SD\252\006\215^\237\033"
 258      D9BD4396 
 258      5344AA06 
 258      8D5E9F1B 
 259 02ae E7FBDCC4 		.ascii	"\347\373\334\304|n\177\\\373\021\220T\276)\032\017\034"
 259      7C6E7F5C 
 259      FB119054 
 259      BE291A0F 
 259      1C
 260 02bf FE4CAB40 		.ascii	"\376L\253@\365\374\220#\311\034\351\212\027\351\312"
 260      F5FC9023 
 260      C91CE98A 
 260      17E9CA
 261 02ce 7CA46686 		.ascii	"|\244f\206T9z\262PC\2129\322XFc\246\3127\002\032\235"
 261      54397AB2 
 261      50438A39 
 261      D2584663 
 261      A6CA3702 
 262 02e4 3784AB73 		.ascii	"7\204\253s\362~ \373\246\034\250\344}\272<\250$U.C;"
 262      F27E20FB 
 262      A61CA8E4 
 262      7DBA3CA8 
 262      24552E43 
 263 02f9 44423568 		.ascii	"DB5h\361\022\267\314'ne\304\007\036\365\271u\244\212"
 263      F112B7CC 
 263      276E65C4 
 263      071EF5B9 
 263      75A48A
 264 030c 13179C79 		.ascii	"\023\027\234y\322\354\307\273AKK:t\274\326\300\273\301"
 264      D2ECC7BB 
 264      414B4B3A 
 264      74BCD6C0 
 264      BBC1
 265 031e CD3AC735 		.ascii	"\315:\3075^-\222z\256[\231\336{T\213\037C\360\304\000"
 265      5E2D927A 
 265      AE5B99DE 
 265      7B548B1F 
 265      43F0C400 
 266 0332 9FE32284 		.ascii	"\237\343\"\204\037\0275\356\261\012\025\271\300t\305"
 266      1F1735EE 
 266      B10A15B9 
 266      C074C5
 267 0341 AA8ADE3F 		.ascii	"\252\212\336?A\204\216o\337\211\333\221\351;if\3321"
 267      41848E6F 
 267      DF89DB91 
 267      E93B6966 
 267      DA31
 268 0353 AACFBD0E 		.ascii	"\252\317\275\016\206\320\355\313\216\002\271T&\313\005"
 268      86D0EDCB 
 268      8E02B954 
 268      26CB05
 269 0362 F85108AC 		.ascii	"\370Q\010\254\300\203\340&\036\004!\312A\360\031&\341"
 269      C083E026 
 269      1E0421CA 
 269      41F01926 
 269      E1
ARM GAS  C:\Users\hunter\AppData\Local\Temp\cc0Z2zDT.s 			page 21


 270 0373 06260109 		.ascii	"\006&\001\011\216~Xv\301@N\021F\320U1|\215\3142\014"
 270      8E7E5876 
 270      C1404E11 
 270      46D05531 
 270      7C8DCC32 
 271 0388 0F8755A7 		.ascii	"\017\207U\247S\206\333\310p\313\313\200\204\013S|\261"
 271      5386DBC8 
 271      70CBCB80 
 271      840B537C 
 271      B1
 272 0399 30C5B19A 		.ascii	"0\305\261\232\362#K\364Y\263\247\023\303\363\034P\002"
 272      F2234BF4 
 272      59B3A713 
 272      C3F31C50 
 272      02
 273 03aa 74805ED9 		.ascii	"t\200^\331h\243\357\337\336KH\276\212\372\242\032\275"
 273      68A3EFDF 
 273      DE4B48BE 
 273      8AFAA21A 
 273      BD
 274 03bb E3BAA786 		.ascii	"\343\272\247\206\245\341\341\021{X\005Q\260\333\240"
 274      A5E1E111 
 274      7B580551 
 274      B0DBA0
 275 03ca 0DEDFEC5 		.ascii	"\015\355\376\305\354\276\204\245\224\012\213\020\201"
 275      ECBE84A5 
 275      940A8B10 
 275      81
 276 03d7 7B331C0F 		.ascii	"{3\034\017\251p\266w\017Q\"\367\345lr6ug\216\\\334\000"
 276      A970B677 
 276      0F5122F7 
 276      E56C7236 
 276      75678E5C 
 277 03ed 9401EEA0 		.ascii	"\224\001\356\240\377\324b\366`\214\242\030\247)\222"
 277      FFD462F6 
 277      608CA218 
 277      A72992
 278 03fc 62D1FC3D 		.ascii	"b\321\374=l\2664\302\264\257/\250\035M\225yn\206\012"
 278      6CB634C2 
 278      B4AF2FA8 
 278      1D4D9579 
 278      6E860A
 279 040f 8253D021 		.ascii	"\202S\320!\252$(yQ\202hk\354\310$\244\235\005!^<4\236"
 279      AA242879 
 279      5182686B 
 279      ECC824A4 
 279      9D05215E 
 280 0426 2142C452 		.ascii	"!B\304Rn\364\264P\215\307<\364 p\2677\235\024\002/\323"
 280      6EF4B450 
 280      8DC73CF4 
 280      2070B737 
 280      9D14022F 
 281 043b 8582847B 		.ascii	"\205\202\204{\030\333\313\342D\256\326S\177\377X\377"
 281      18DBCBE2 
 281      44AED653 
 281      7FFF58FF 
 282 044b 6AA95CEC 		.ascii	"j\251\\\354\246\207EDm)B\000\303\277\306\361}\322u\215"
ARM GAS  C:\Users\hunter\AppData\Local\Temp\cc0Z2zDT.s 			page 22


 282      A6874544 
 282      6D294200 
 282      C3BFC6F1 
 282      7DD2758D 
 283 045f 35EE7D78 		.ascii	"5\356}x\025\355n\365\326T\001\351f>\302\370\371\352"
 283      15ED6EF5 
 283      D65401E9 
 283      663EC2F8 
 283      F9EA
 284 0471 267570AE 		.ascii	"&up\256\302\277\026hy\330\031\330\007\301\263Q\325\347"
 284      C2BF1668 
 284      79D819D8 
 284      07C1B351 
 284      D5E7
 285 0483 4F57A891 		.ascii	"OW\250\221\251\033\303\350*X\366\236\\\274\234~\207"
 285      A91BC3E8 
 285      2A58F69E 
 285      5CBC9C7E 
 285      87
 286 0494 5EE5C2E2 		.ascii	"^\345\302\342\003x\300\340\307\263\306\372\014d\210"
 286      0378C0E0 
 286      C7B3C6FA 
 286      0C6488
 287 04a3 C3EF3F5A 		.ascii	"\303\357?Z\361\011Q,{\276\233\"c=\250\341C\217!\033"
 287      F109512C 
 287      7BBE9B22 
 287      633DA8E1 
 287      438F211B 
 288 04b7 C02366F8 		.ascii	"\300#f\370\315\356\256j\321\267Sz|j \300W\274S\350\033"
 288      CDEEAE6A 
 288      D1B7537A 
 288      7C6A20C0 
 288      57BC53E8 
 289 04cc 955BF273 		.ascii	"\225[\362sr\365\276\312\024\326\253\334\257(\3673\345"
 289      72F5BECA 
 289      14D6ABDC 
 289      AF28F733 
 289      E5
 290 04dd 3BF5F925 		.ascii	";\365\371%*2\305]\252K=~\322\300\367\347\367q\232\261"
 290      2A32C55D 
 290      AA4B3D7E 
 290      D2C0F7E7 
 290      F7719AB1 
 291 04f1 A7A754B9 		.ascii	"\247\247T\271NG\350\026,i\035\333\247#\273\374\370}"
 291      4E47E816 
 291      2C691DDB 
 291      A723BBFC 
 291      F87D
 292 0503 FDA8F58A 		.ascii	"\375\250\365\212\262\227_\301\351\213\017z\363\014\272"
 292      B2975FC1 
 292      E98B0F7A 
 292      F30CBA
 293 0512 4C9A2C4E 		.ascii	"L\232,N\032\354\333\312#4s\330+0\314;\377\346\263\263"
 293      1AECDBCA 
 293      233473D8 
 293      2B30CC3B 
 293      FFE6B3B3 
ARM GAS  C:\Users\hunter\AppData\Local\Temp\cc0Z2zDT.s 			page 23


 294 0526 CFF5E43D 		.ascii	"\317\365\344=\206\244*O=6\242\202\210\020@u\340[\214"
 294      86A42A4F 
 294      3D36A282 
 294      88104075 
 294      E05B8C
 295 0539 DEFA028C 		.ascii	"\336\372\002\214\343v\030U\322\201O\201\214\360#\177"
 295      E3761855 
 295      D2814F81 
 295      8CF0237F 
 296 0549 A3CB38D6 		.ascii	"\243\3138\326\262\367\002\233\355kl\207q\306\367\004"
 296      B2F7029B 
 296      ED6B6C87 
 296      71C6F704 
 297 0559 01C738E1 		.ascii	"\001\3078\341\327\317\373\006\301\267\226\024{\020\277"
 297      D7CFFB06 
 297      C1B79614 
 297      7B10BF
 298 0568 0F30FF9E 		.ascii	"\0170\377\236\322\212r/\251vUQ\323\244\277N\301\316"
 298      D28A722F 
 298      A9765551 
 298      D3A4BF4E 
 298      C1CE
 299 057a FC36EC8E 		.ascii	"\3746\354\216\333\003\231\006_\354\211\305\260\363j"
 299      DB039906 
 299      5FEC89C5 
 299      B0F36A
 300 0589 4EB4D0D6 		.ascii	"N\264\320\326l\303\326|zP\235R\354N\011\205gX\241!\354"
 300      6CC3D67C 
 300      7A509D52 
 300      EC4E0985 
 300      6758A121 
 301 059e 4C3CF67D 		.ascii	"L<\366},\037\343\312\037E\001&Y\017\364NU\324\005\362"
 301      2C1FE3CA 
 301      1F450126 
 301      590FF44E 
 301      55D405F2 
 302 05b2 84AB71FA 		.ascii	"\204\253q\372\351\325\264\372\200\227&|\312\223\360"
 302      E9D5B4FA 
 302      8097267C 
 302      CA93F0
 303 05c1 E7DCC727 		.ascii	"\347\334\307'Y\351\023\312?J\032\234\226=(\332\255\347"
 303      59E913CA 
 303      3F4A1A9C 
 303      963D28DA 
 303      ADE7
 304 05d3 955D83D3 		.ascii	"\225]\203\323\343=y-\377\221\235o\020\354\005\003\233"
 304      E33D792D 
 304      FF919D6F 
 304      10EC0503 
 304      9B
 305 05e4 66113048 		.ascii	"f\0210H6\241\233y\350Lv\000\331\317[\341\336\271\321"
 305      36A19B79 
 305      E84C7600 
 305      D9CF5BE1 
 305      DEB9D1
 306 05f7 410D5E11 		.ascii	"A\015^\021nz5\227\223N\227\013\217\227\024y\355\006"
 306      6E7A3597 
ARM GAS  C:\Users\hunter\AppData\Local\Temp\cc0Z2zDT.s 			page 24


 306      934E970B 
 306      8F971479 
 306      ED06
 307 0609 7635CF78 		.ascii	"v5\317xw\364\314\374;B\026\351\035\321\375\341\303\275"
 307      77F4CCFC 
 307      3B4216E9 
 307      1DD1FDE1 
 307      C3BD
 308 061b 06D2C2C1 		.ascii	"\006\322\302\301\236\344=\355\367W\300\246\352\310\213"
 308      9EE43DED 
 308      F757C0A6 
 308      EAC88B
 309 062a 1676CF17 		.ascii	"\026v\317\027o\340\367|\2128\013\206\303\271`;\030\330"
 309      6FE0F77C 
 309      8A380B86 
 309      C3B9603B 
 309      18D8
 310 063c 47F7761F 		.ascii	"G\367v\037\326\220\0345\003;Vq\360d )\340\023WCc\221"
 310      D6901C35 
 310      033B5671 
 310      F0642029 
 310      E0135743 
 311 0652 1A6F7348 		.ascii	"\032osH\243\226t%\263\270\360\274V\341\272\334J\246"
 311      A3967425 
 311      B3B8F0BC 
 311      56E1BADC 
 311      4AA6
 312 0664 4B0BB9E3 		.ascii	"K\013\271\343M\"#K\365\220A\272\250\242\263\271|\031"
 312      4D22234B 
 312      F59041BA 
 312      A8A2B3B9 
 312      7C19
 313 0676 8C2F3BFD 		.ascii	"\214/;\375X\212\206<\346\024\365\256\212\201\000o&\256"
 313      588A863C 
 313      E614F5AE 
 313      8A81006F 
 313      26AE
 314 0688 CCCDC44E 		.ascii	"\314\315\304N\257\363;\347\203e2\260#\023\317\\\201"
 314      AFF33BE7 
 314      836532B0 
 314      2313CF5C 
 314      81
 315 0699 649C830D 		.ascii	"d\234\203\015\264\227\265\351\275\231x<7\023\273\274"
 315      B497B5E9 
 315      BD99783C 
 315      3713BBBC 
 316 06a9 60BBE683 		.ascii	"`\273\346\203e1\260'){+\265d\346e\301O\336\310\375\\"
 316      6531B027 
 316      297B2BB5 
 316      64E665C1 
 316      4FDEC8FD 
 317 06be EF0D3EFF 		.ascii	"\357\015>\377\037s\203w\315\006\237\215\301\273\346"
 317      1F738377 
 317      CD069F8D 
 317      C1BBE6
 318 06cd 53E48861 		.ascii	"S\344\210a\302\212\310\310(\3743\307[c\254vG\364\232"
 318      C28AC8C8 
ARM GAS  C:\Users\hunter\AppData\Local\Temp\cc0Z2zDT.s 			page 25


 318      28FC33C7 
 318      5B63AC76 
 318      47F49A
 319 06e0 95517647 		.ascii	"\225QvG\224\331\236\230h\267\341(\301\032\023\345H2"
 319      94D99E98 
 319      68B7E128 
 319      C11A13E5 
 319      4832
 320 06f2 E3E7444B 		.ascii	"\343\347DK\242\331\236d\2114k_\377\365\033\241\353\243"
 320      A2D99E64 
 320      89346B5F 
 320      FFF51BA1 
 320      EBA3
 321 0704 A305B5C3 		.ascii	"\243\005\265\303\372W\213\344\2145\377\314\310\254\035"
 321      FA578BE4 
 321      8C35FFCC 
 321      C8AC1D
 322 0713 CEE458AB 		.ascii	"\316\344X\253\335\350\264\333\023\034\306\255\266\344"
 322      DDE8B4DB 
 322      131CC6AD 
 322      B6E4
 323 0721 50360A35 		.ascii	"P6\0125%%\206Z\022c,\261\261\226X\343\352\310\025\241"
 323      2525865A 
 323      12632CB1 
 323      B19658E3 
 323      EAC815A1 
 324 0735 2B5744AF 		.ascii	"+WD\257~\347\307F\2046n5\233\215\370\3755\233\335fy"
 324      7EE7C746 
 324      84366E35 
 324      9B8DF8FD 
 324      359BDD66 
 325 074a CD628AB1 		.ascii	"\315b\212\261\242\302\312\310h\243\325fNH\216\265\030"
 325      A2C2CAC8 
 325      68A3D566 
 325      4E488EB5 
 325      18
 326 075b 1D4EB48A 		.ascii	"\035N\264\212\213\214\027t\022%\227\2546\2533\372\277"
 326      8B8C1774 
 326      122597AC 
 326      36AB33FA 
 326      BF
 327 076c 755878C5 		.ascii	"uXx\305\034\277\036G\353\022\022\354\346u\011\326\255"
 327      1CBF1E47 
 327      EB1212EC 
 327      E67509D6 
 327      AD
 328 077d 364BEC9B 		.ascii	"6K\354\233Vg\374o\342\342\034\026\347\306\220\305\276"
 328      5667FC6F 
 328      E2E21C16 
 328      E7C690C5 
 328      BE
 329 078e 06F18FAF 		.ascii	"\006\361\217\257[\234\233\235&g\262\343w:s\274\244 "
 329      5B9C9B9D 
 329      2667B2E3 
 329      773A73BC 
 329      A420
 330 07a0 6B6C9677 		.ascii	"kl\226w\2358\366\227\244d\253\315\271Fr\306\375\217"
ARM GAS  C:\Users\hunter\AppData\Local\Temp\cc0Z2zDT.s 			page 26


 330      9D38F697 
 330      A464ABCD 
 330      B94672C6 
 330      FD8F
 331 07b2 A9989B02 		.ascii	"\251\230\233\002O\360\211&\304\262Y\214\022\246\300"
 331      4FF08926 
 331      C4B2598C 
 331      12A6C0
 332 07c1 949CE094 		.ascii	"\224\234\340\224\234\333\267Y\034\230\014\215B\367\207"
 332      9CDBB759 
 332      1C980C8D 
 332      42F787
 333 07d0 FF2B9D63 		.ascii	"\377+\235c\273\303(a\302\021\0339\324\026[,\306\266"
 333      BBC32861 
 333      C2111B39 
 333      D4165B2C 
 333      C6B6
 334 07e2 EA5B93AD 		.ascii	"\352[\223\255\230\373$<^\360W\206\222\323 I\361\026"
 334      98FB243C 
 334      5EF05786 
 334      92D32049 
 334      F116
 335 07f4 D33629C6 		.ascii	"\3236)\306\344\260H\222^\231!\266$\341\247\270d\233"
 335      E4B04892 
 335      5E9921B6 
 335      24E1A7B8 
 335      649B
 336 0806 59922257 		.ascii	"Y\222\"W\375t\325j\255g\2462\307\233\222\002\314\361"
 336      FD74D56A 
 336      AD67A632 
 336      C79B9202 
 336      CCF1
 337 0818 9BB73BDE 		.ascii	"\233\267;\336\260aI\336\376\301B.$9}\210\321s$\015\330"
 337      B06149DE 
 337      FEC1422E 
 337      24397D88 
 337      D173240D 
 338 082d 664F724A 		.ascii	"fOrJ\311\314f1\267\251\232#j\335o7\255\337\364.j0?\377"
 338      C9CC6631 
 338      B7A99A23 
 338      6ADD6F37 
 338      ADDFF42E 
 339 0845 FC934444 		.ascii	"\374\223DD@\367,6SL\002\366Y\322;\006S\302_L\333\035"
 339      40F72C36 
 339      534C02F6 
 339      59D23B06 
 339      53C25F4C 
 340 085b D8720958 		.ascii	"\330r\011X\204_,\002\210]@\341\242\326o\332\274qs\024"
 340      845F2C02 
 340      885D40E1 
 340      A2D66FDA 
 340      BC717314 
 341 086f 6D97A88D 		.ascii	"m\227\250\215\036\337\022\035V\207\204]N\223\302b\372"
 341      1EDF121D 
 341      5687845D 
 341      4E93C262 
 341      FA
ARM GAS  C:\Users\hunter\AppData\Local\Temp\cc0Z2zDT.s 			page 27


 342 0880 157AE7CF 		.ascii	"\025z\347\317<\245~b\016b\255\016\017\345\277\001\005"
 342      3CA57E62 
 342      0E62AD0E 
 342      0FE5BF01 
 342      05
 343 0891 B4D72C   		.ascii	"\264\327,"
 344              		.text
 345              		.section	.gnu.lto_.symtab.3dd4d1c7,"",%progbits
 346 0000 5F636F72 		.ascii	"_core_init\000"
 346      655F696E 
 346      697400
 347 000b 00       		.ascii	"\000"
 348 000c 00       		.ascii	"\000"
 349 000d 00       		.ascii	"\000"
 350 000e 00000000 		.ascii	"\000\000\000\000\000\000\000\000"
 350      00000000 
 351 0016 C2000000 		.ascii	"\302\000\000\000"
 352 001a 63685F6D 		.ascii	"ch_memcore\000"
 352      656D636F 
 352      726500
 353 0025 00       		.ascii	"\000"
 354 0026 00       		.ascii	"\000"
 355 0027 00       		.ascii	"\000"
 356 0028 00000000 		.ascii	"\000\000\000\000\000\000\000\000"
 356      00000000 
 357 0030 E3000000 		.ascii	"\343\000\000\000"
 358 0034 6368436F 		.ascii	"chCoreAllocAlignedWithOffsetI\000"
 358      7265416C 
 358      6C6F6341 
 358      6C69676E 
 358      65645769 
 359 0052 00       		.ascii	"\000"
 360 0053 00       		.ascii	"\000"
 361 0054 00       		.ascii	"\000"
 362 0055 00000000 		.ascii	"\000\000\000\000\000\000\000\000"
 362      00000000 
 363 005d C8000000 		.ascii	"\310\000\000\000"
 364 0061 6368436F 		.ascii	"chCoreAllocAlignedWithOffset\000"
 364      7265416C 
 364      6C6F6341 
 364      6C69676E 
 364      65645769 
 365 007e 00       		.ascii	"\000"
 366 007f 00       		.ascii	"\000"
 367 0080 00       		.ascii	"\000"
 368 0081 00000000 		.ascii	"\000\000\000\000\000\000\000\000"
 368      00000000 
 369 0089 CA000000 		.ascii	"\312\000\000\000"
 370 008d 6368436F 		.ascii	"chCoreGetStatusX\000"
 370      72654765 
 370      74537461 
 370      74757358 
 370      00
 371 009e 00       		.ascii	"\000"
 372 009f 00       		.ascii	"\000"
 373 00a0 00       		.ascii	"\000"
 374 00a1 00000000 		.ascii	"\000\000\000\000\000\000\000\000"
ARM GAS  C:\Users\hunter\AppData\Local\Temp\cc0Z2zDT.s 			page 28


 374      00000000 
 375 00a9 CD000000 		.ascii	"\315\000\000\000"
 376 00ad 5F5F6865 		.ascii	"__heap_base__\000"
 376      61705F62 
 376      6173655F 
 376      5F00
 377 00bb 00       		.ascii	"\000"
 378 00bc 02       		.ascii	"\002"
 379 00bd 00       		.ascii	"\000"
 380 00be 00000000 		.ascii	"\000\000\000\000\000\000\000\000"
 380      00000000 
 381 00c6 E6000000 		.ascii	"\346\000\000\000"
 382 00ca 5F5F6865 		.ascii	"__heap_end__\000"
 382      61705F65 
 382      6E645F5F 
 382      00
 383 00d7 00       		.ascii	"\000"
 384 00d8 02       		.ascii	"\002"
 385 00d9 00       		.ascii	"\000"
 386 00da 00000000 		.ascii	"\000\000\000\000\000\000\000\000"
 386      00000000 
 387 00e2 E8000000 		.ascii	"\350\000\000\000"
 388              		.text
 389              		.section	.gnu.lto_.opts,"",%progbits
 390 0000 272D666D 		.ascii	"'-fmath-errno' '-fsigned-zeros' '-ftrapping-math' '"
 390      6174682D 
 390      6572726E 
 390      6F272027 
 390      2D667369 
 391 0033 2D666E6F 		.ascii	"-fno-trapv' '-fno-openmp' '-fno-openacc' '-mcpu=cor"
 391      2D747261 
 391      70762720 
 391      272D666E 
 391      6F2D6F70 
 392 0066 7465782D 		.ascii	"tex-m0' '-mno-thumb-interwork' '-mthumb' '-O2' '-fo"
 392      6D302720 
 392      272D6D6E 
 392      6F2D7468 
 392      756D622D 
 393 0099 6D69742D 		.ascii	"mit-frame-pointer' '-falign-functions=16' '-ffuncti"
 393      6672616D 
 393      652D706F 
 393      696E7465 
 393      72272027 
 394 00cc 6F6E2D73 		.ascii	"on-sections' '-fdata-sections' '-fno-common' '-flto"
 394      65637469 
 394      6F6E7327 
 394      20272D66 
 394      64617461 
 395 00ff 2700     		.ascii	"'\000"
 396              		.text
 397              		.comm	__gnu_lto_v1,1,1
 398              		.comm	__gnu_lto_slim,1,1
 399              		.ident	"GCC: (GNU Tools for Arm Embedded Processors 7-2017-q4-major) 7.2.1 20170904 (release) [ARM
ARM GAS  C:\Users\hunter\AppData\Local\Temp\cc0Z2zDT.s 			page 29


DEFINED SYMBOLS
                            *ABS*:00000000 chmemcore.c
                            *COM*:00000001 __gnu_lto_v1
                            *COM*:00000001 __gnu_lto_slim

NO UNDEFINED SYMBOLS
