ARM GAS  C:\Users\hgray\AppData\Local\Temp\ccCPkYZF.s 			page 1


   1              		.cpu cortex-m0
   2              		.eabi_attribute 20, 1
   3              		.eabi_attribute 21, 1
   4              		.eabi_attribute 23, 3
   5              		.eabi_attribute 24, 1
   6              		.eabi_attribute 25, 1
   7              		.eabi_attribute 26, 1
   8              		.eabi_attribute 30, 2
   9              		.eabi_attribute 34, 0
  10              		.eabi_attribute 18, 4
  11              		.file	"chmsg.c"
  12              		.section	.gnu.lto_.profile.1824bea3,"",%progbits
  13 0000 789C6363 		.ascii	"x\234cc```\001bF\006?u\000\001;\000\201"
  13      60606001 
  13      6246063F 
  13      7500013B 
  13      0081
  14              		.text
  15              		.section	.gnu.lto_.icf.1824bea3,"",%progbits
  16 0000 789C6363 		.ascii	"x\234cc``\020a@\000f\206\313\255\253Z\371\230\016\355"
  16      60601061 
  16      40006686 
  16      CBADAB5A 
  16      F9980EED 
  17 0014 9F7D8895 		.ascii	"\237}\210\225\371\315\353I\227\371\031\000\\\024\010"
  17      F9CDEB49 
  17      97F91900 
  17      5C1408
  18 0023 E6       		.ascii	"\346"
  19              		.text
  20              		.section	.gnu.lto_.jmpfuncs.1824bea3,"",%progbits
  21 0000 789C6D8D 		.ascii	"x\234m\215\273\011\200@\020Dgv\017#9\033\260\321\213"
  21      BB098040 
  21      10446776 
  21      0F23391B 
  21      B0D18B
  22 0013 0E635331 		.ascii	"\016cS1\262\013-\3006\004\013\260\007\361\263\247\302"
  22      B20B2DC0 
  22      36040BB0 
  22      07F1B3A7 
  22      C2
  23 0024 250EBC60 		.ascii	"%\016\274`\007\336N\001\240G\216BH\215\203\302\240\260"
  23      07DE4E01 
  23      A0478E42 
  23      488D83C2 
  23      A0B0
  24 0036 53EE5BB7 		.ascii	"S\356[\267\260\325A\205%G\326\340\354X\032\200H0'\335"
  24      B0D54185 
  24      2547D6E0 
  24      EC581A80 
  24      483027DD 
  25 004a 302E4B05 		.ascii	"0.K\005\261:i\307\332\234\362j\236\323\247\371G\323"
  25      B13A69C7 
  25      DA9CF26A 
  25      9ED3A7F9 
  25      47D3
  26 005c B441DB30 		.ascii	"\264A\3330\350\376~\004\346*\0027_\020\"\015"
ARM GAS  C:\Users\hgray\AppData\Local\Temp\ccCPkYZF.s 			page 2


  26      E8FE7E04 
  26      E62A0237 
  26      5F10220D 
  27              		.text
  28              		.section	.gnu.lto_.inline.1824bea3,"",%progbits
  29 0000 789C6363 		.ascii	"x\234cc``\210c@\000f\006\006\021YFF\006\005F\006\006"
  29      60608863 
  29      40006606 
  29      06115946 
  29      46060546 
  30 0016 26F11B9B 		.ascii	"&\361\033\233\031\0318o\2301\201d\230\270\031\030\030"
  30      1919386F 
  30      98318164 
  30      98B81918 
  30      18
  31 0027 21E4043F 		.ascii	"!\344\004?&\006A\001 G\342\300nF\006\266\005\362H\012"
  31      26064101 
  31      2047E2C0 
  31      6E4606B6 
  31      05F2480A 
  32 003b 98193840 		.ascii	"\230\0318@2,\013\344\341\022\314<@\311\011~\023\374"
  32      322C0BE4 
  32      E112CC3C 
  32      40C9097E 
  32      13FC
  33 004d 1800F012 		.ascii	"\030\000\360\022\012x"
  33      0A78
  34              		.text
  35              		.section	.gnu.lto_.pureconst.1824bea3,"",%progbits
  36 0000 789C6363 		.ascii	"x\234cc``\340\002bf\206]\214L\273\030\231w1\002\000"
  36      6060E002 
  36      6266865D 
  36      8C4CBB18 
  36      99773102 
  37 0015 0C2F024A 		.ascii	"\014/\002J"
  38              		.text
  39              		.section	.gnu.lto_chMsgSend.1824bea3,"",%progbits
  40 0000 789C9555 		.ascii	"x\234\225U]L\034U\024\276g\356\354\354\302.XbbLC\032"
  40      5D4C1C55 
  40      14BE67EE 
  40      ECECC22E 
  40      5862624C 
  41 0016 9A5A9144 		.ascii	"\232Z\221D\231\330\240\351\2031Q^\354\003/\366]\022"
  41      99D8A0E9 
  41      8331515E 
  41      EC032FF6 
  41      5D12
  42 0028 172C246E 		.ascii	"\027,$n\027w\261i\023#\003\013\201\266ZQ\201\332eS\267"
  42      1777B169 
  42      1323030B 
  42      81B65A51 
  42      81DA6553 
  43 003d 624B132A 		.ascii	"bK\023*\242EZ~\012+T\212\374\203\264\320\202\024A\260"
  43      A2455A7E 
  43      0A2B548A 
  43      FC83B4D0 
  43      821441B0 
ARM GAS  C:\Users\hgray\AppData\Local\Temp\ccCPkYZF.s 			page 3


  44 0051 FCB5E20B 		.ascii	"\374\265\342\013\265T\360\234;\003\205\005\212Nv'3\367"
  44      B554F09C 
  44      3B038505 
  44      8A4E7627 
  44      33F7
  45 0063 FC7CF77C 		.ascii	"\374|\367|\337\271g\024\306X\205\205\261\247\201\261"
  45      DFB96714 
  45      C6588585 
  45      B1A781B1 
  46 0073 387C0613 		.ascii	"8|\006\023\003)\277\223\261L\213$\361\371\010\246\205"
  46      0329BF93 
  46      B14C8B24 
  46      F1F908A6 
  46      85
  47 0084 CAA75E61 		.ascii	"\312\247^a\232\215\203\254/\313\000\364\240Y\200eH\\"
  47      9A8D83AC 
  47      2FCB00F4 
  47      A0598065 
  47      485C
  48 0096 860CF888 		.ascii	"\206\014\370\210\027p\350\311\256\360\361\343\334\307"
  48      1770E8C9 
  48      AEF0F1E3 
  48      DCC7
  49 00a4 19C8F83A 		.ascii	"\031\310\370:\327\341\035\013\247W\200(|={\305S\007"
  49      D7E11D0B 
  49      A7578028 
  49      7C3D7BC5 
  49      5307
  50 00b6 31A51A5E 		.ascii	"1\245\032^\201\223\303J\251'\347\015\037\227X\021zW"
  50      8193C34A 
  50      A927E70D 
  50      1F975811 
  50      7A57
  51 00c8 42245C84 		.ascii	"B$\\\204H\302\376\001b\320\367\352\370\303^+\177\026"
  51      48C2FE01 
  51      62D0F7EA 
  51      F8C35E2B 
  51      7F16
  52 00da 183EB765 		.ascii	"\030>\267e\267\015(\321g5-K\013\014\225p\355\031\037"
  52      B70D28D1 
  52      67352D4B 
  52      0B0C9570 
  52      ED191F
  53 00ed E750057C 		.ascii	"\347P\005|u .1\270\004\321\350\336^Q\335/\363\030\021"
  53      75202E31 
  53      B804D1E8 
  53      DE5E51DD 
  53      2FF31811 
  54 0101 5A58E539 		.ascii	"ZX\3459\317)\024!g\276\026\241\022\\\016\016\225\030"
  54      CF291421 
  54      67BE16A1 
  54      125C0E0E 
  54      9518
  55 0113 544334F9 		.ascii	"TC4\371\267/Vv\205\362\027D\354\261\333\015\363\346"
  55      B72F5676 
  55      85F21744 
  55      ECB1DB0D 
ARM GAS  C:\Users\hgray\AppData\Local\Temp\ccCPkYZF.s 			page 4


  55      F3E6
  56 0125 DD2502B6 		.ascii	"\335%\002\266\271x\373\031\217\326\242\311\004]\263"
  56      B978FB19 
  56      8FD6A2C9 
  56      045DB3
  57 0134 369E2E74 		.ascii	"6\236.t\037\375n\2610L\221\241\026v\3739\243\252\260"
  57      1FFD6EB1 
  57      304C91A1 
  57      1676FB39 
  57      A3AAB0
  58 0147 983A5060 		.ascii	"\230:P`\305\226-\2661\341S\304z\021\207Ua\014\256\240"
  58      C5962DB6 
  58      31E153C4 
  58      7A118755 
  58      610CAEA0 
  59 015b 6B3D282C 		.ascii	"k=(,\310\275\255\371UT\243\236\374\245u\266\342\275"
  59      C8BDADF9 
  59      5554A39E 
  59      FCA575B6 
  59      E2BD
  60 016d 890C1AC8 		.ascii	"\211\014\032\310\306\327\344\012`\256\0371\027\335P"
  60      C6D7E40A 
  60      60AE1F31 
  60      17DD50
  61 017c 53A04D7D 		.ascii	"S\240M}\333k\012h\213K\271\310\375\016o\345d\327\256"
  61      DB6B0A68 
  61      8B4BB9C8 
  61      FD0E6FE5 
  61      64D7AE
  62 018f 27014B97 		.ascii	"'\001K\227%\274\231\020\001=\024 \032,@<Z\005%6\301"
  62      25BC9910 
  62      013D1420 
  62      1A2C403C 
  62      5A052536 
  63 01a4 2BCBC33F 		.ascii	"+\313\303?\312\255\005\330Q\334\004>y\002l\012\262j"
  63      CAAD05D8 
  63      51DC043E 
  63      79026C0A 
  63      B26A
  64 01b6 262F9798 		.ascii	"&/\227\230\251\024/7!zQNc\227\231\324VDa\325\3253\203"
  64      A9142F37 
  64      217A514E 
  64      639799D4 
  64      564461D5 
  65 01cd E68C7F34 		.ascii	"\346\214\1774\013.\370\261VZ\253\364\314}\026\356\207"
  65      0B2EF8B1 
  65      565AABF4 
  65      CC7D16EE 
  65      87
  66 01de D3E0E366 		.ascii	"\323\340\343fh\302\256i$\376\320Pumh\301\242~CU\371"
  66      68C2AE69 
  66      24FED050 
  66      756D68C1 
  66      A27E4355 
  67 01f3 CBD16A81 		.ascii	"\313\321j\201\253\340\207Bnp\373\240\337\223#\351\346"
  67      ABE08742 
  67      6E70FBA0 
ARM GAS  C:\Users\hgray\AppData\Local\Temp\ccCPkYZF.s 			page 5


  67      DF9323E9 
  67      E6
  68 0204 2852E027 		.ascii	"(R\340'P\013)%\203fP\331\004d\371\017\011\252\261\010"
  68      500B2925 
  68      836650D9 
  68      0464F90F 
  68      09AAB108 
  69 0218 DC0B9B86 		.ascii	"\334\013\233\206\314\321\245\202\252\326`\352?\277\277"
  69      CCD1A582 
  69      AAD660EA 
  69      3FBFBF
  70 0227 4CBDBC8E 		.ascii	"L\275\274\216\312\211=H\3025\262\231\326\323\034\367"
  70      CA893D48 
  70      C235B299 
  70      D6D31CF7 
  71 0237 168316B2 		.ascii	"\026\203\026\262)kh\376\031![\211f\2721`\275\004x\276"
  71      296B68FE 
  71      19215B89 
  71      66BA3160 
  71      BD0478BE 
  72 024b BE69DCB6 		.ascii	"\276i\334\266s\020\276\324\276\300\275\206P\300_\345"
  72      7310BED4 
  72      BEC0BD86 
  72      50C05FE5 
  73 025b DF5FB722 		.ascii	"\337_\267\"\323\014\332`'\336\333A&\376\274\177\177"
  73      D30CDA60 
  73      27DEDB41 
  73      26FEBC7F 
  73      7F
  74 026c 75AF5BA2 		.ascii	"u\257[\242\015\255fOo\213\272\306\216f\005\231\312$"
  74      0DAD664F 
  74      6F8BBAC6 
  74      8E660599 
  74      CA24
  75 027e 46B6FB78 		.ascii	"F\266\373x(\326\005\035\006[}\271\003\303\326\025:\254"
  75      28D6051D 
  75      065B7DB9 
  75      03C3D615 
  75      3AAC
  76 0290 D029B892 		.ascii	"\320)\270\222t\256\312g\263:e\203\312w\250\335\273\210"
  76      74AECA67 
  76      B33A6583 
  76      CA77A8DD 
  76      BB88
  77 02a2 2CD18DDD 		.ascii	",\321\215\335\240z\261\004\204~\220;{\311\246K\007A"
  77      A07AB104 
  77      847E903B 
  77      7BC9A64B 
  77      0741
  78 02b4 685102CC 		.ascii	"hQ\002\314\262\011\230\015z\004\230\254\203\225uL\015"
  78      B209980D 
  78      7A0498AC 
  78      8395754C 
  78      0D
  79 02c5 2B28B26E 		.ascii	"+(\262n\224\241\027\345`\360\013d\220(QFi\323y-\245"
  79      94A117E5 
  79      60F00B64 
ARM GAS  C:\Users\hgray\AppData\Local\Temp\ccCPkYZF.s 			page 6


  79      90285146 
  79      69D3792D 
  80 02da 16E3202D 		.ascii	"\026\343 -z\303\275Z ;j\203#L\027\364\351\012\222\244"
  80      7AC3BD5A 
  80      203B6A83 
  80      234C17F4 
  80      E90A92A4 
  81 02ee 0B1F7323 		.ascii	"\013\037s#\301P\361\360b\010\037\003\301L\373'\345\237"
  81      C150F1F0 
  81      62081F03 
  81      C14CFB27 
  81      E59F
  82 0300 5AD76593 		.ascii	"Z\327e\223\341\372\006\331nP6\320\271\356\312\035:\365"
  82      E1FA06D9 
  82      6E5036D0 
  82      B9EECA1D 
  82      3AF5
  83 0312 4190B227 		.ascii	"A\220\262'\037*\234\234\010\326\350\014\363\032\205"
  83      1F2A9C9C 
  83      08D6E80C 
  83      F31A85
  84 0321 FB51E101 		.ascii	"\373Q\341\001Rx@ld\231'\330\\\220\221\206\323\333\212"
  84      5278406C 
  84      649927D8 
  84      5C909186 
  84      D3DB8A
  85 0334 4B8098BA 		.ascii	"K\200\230\272)\2302\211,\301\312\270\210\200[\244\214"
  85      29983289 
  85      2CC1CAB8 
  85      88805BA4 
  85      8C
  86 0345 A2DB6190 		.ascii	"\242\333a\220\304\001\375\\U_\274 \021\244\227\3330"
  86      C401FD5C 
  86      555FBC20 
  86      11A497DB 
  86      30
  87 0356 6EA22073 		.ascii	"n\242 s\011\2505dx\036_\273\317\365\234\001}\0236\022"
  87      09A83564 
  87      781E5FBB 
  87      CFF59C01 
  87      7D133612 
  88 036a 6AC8D844 		.ascii	"j\310\330D\355Dw\342\2523\362\253@7\033\331\207Q\030"
  88      ED4477E2 
  88      AA33F2AB 
  88      40371BD9 
  88      875118
  89 037d 4CDD776C 		.ascii	"L\335wl\322\374\337k\361?Ee\334\336\252\214\021*c\031"
  89      D2FCDF6B 
  89      F13F4565 
  89      DCDEAA8C 
  89      112A6319 
  90 0391 E8372AC3 		.ascii	"\3507*\303&(\237\254\271x\0376D\263m\210vN\2606\372"
  90      26289FAC 
  90      B9781F36 
  90      44B36D88 
  90      764EB036 
  91 03a6 18B85120 		.ascii	"\030\270Q \274\261\325\264\375Nx&\035\257\366\021\336"
ARM GAS  C:\Users\hgray\AppData\Local\Temp\ccCPkYZF.s 			page 7


  91      BCB1D5B4 
  91      FD4E7826 
  91      1DAFF611 
  91      DE
  92 03b7 D624D1A9 		.ascii	"\326$\321\251\3420\276\206\245\011=\031v\337\310\361"
  92      E230BE86 
  92      A5093D19 
  92      76DFC8F1 
  93 03c7 7ABB1829 		.ascii	"z\273\030)\324\031+\315L\275\302t\211\032J\024\375\374"
  93      D4192BCD 
  93      4CBDC274 
  93      891A4A14 
  93      FDFC
  94 03d9 48FFEBFC 		.ascii	"H\377\353\374\204\301\037\002\321B\355y\007E\031\207"
  94      84C11F02 
  94      D142ED79 
  94      07451987 
  95 03e9 EC5B4D71 		.ascii	"\354[Mq\217R\315\336(\273 >\241a\020\016\223F#\037\305"
  95      8F52CDDE 
  95      28BB203E 
  95      A161100E 
  95      9346231F 
  96 03fe F33B1F81 		.ascii	"\363;\037\201Sw\006\262\375%'L\344\0364c\303\213('L"
  96      537706B2 
  96      FD25274C 
  96      E41E3463 
  96      C38B2827 
  97 0413 E1D14374 		.ascii	"\341\321Ct\037\177B\204\311\306\264\246\270\262\023"
  97      1F7F4284 
  97      C9C6B4A6 
  97      B8B213
  98 0422 7C83B86D 		.ascii	"|\203\270mE8\243\030Lc\034\032\026\356\024\334\024\255"
  98      4538A318 
  98      4C631C1A 
  98      16EE14DC 
  98      14AD
  99 0434 66021BCC 		.ascii	"f\002\033\314@\244\217G\350\345\266\341\351\023{\264"
  99      40A48F47 
  99      E8E5B6E1 
  99      E9137BB4 
 100 0444 060F2717 		.ascii	"\006\017'\027\333b:\315n6\235>\244\351t\227\304\014"
 100      DB623ACD 
 100      6E369D3E 
 100      A4E97497 
 100      C40C
 101 0456 2136EE19 		.ascii	"!6\356\031\243|\207`\032\277>\010f\214\362\374V\020"
 101      A37C8760 
 101      1ABF3E08 
 101      668CF2FC 
 101      5610
 102 0468 DF339CB1 		.ascii	"\3373\234\261\371\322V3\366O1c\347p\306\336%\035;\233"
 102      F9D25633 
 102      F64F3163 
 102      E770C6DE 
 102      251D3B9B 
 103 047c 0CA1ACC4 		.ascii	"\014\241\254\304d\036\0361\244\004\375v\305\306\252"
 103      641E1E31 
ARM GAS  C:\Users\hgray\AppData\Local\Temp\ccCPkYZF.s 			page 8


 103      A404FD76 
 103      C5C6AA
 104 048b F8B3A7A4 		.ascii	"\370\263\247\244\276\235\352t\277\270w\217\352t\253"
 104      BE9DEA74 
 104      BFB8778F 
 104      EA74AB
 105 049a AE74D5ED 		.ascii	"\256t\325\355\262\343\242\303} \326\316\244\3644\216"
 105      B2E3A2C3 
 105      7D20D6CE 
 105      A4F4348E 
 106 04aa 4FDC9E9E 		.ascii	"O\334\236\236\026\275\211{\352A\373\273\357'%\243\301"
 106      16BD897B 
 106      EA41FBBB 
 106      EF2725A3 
 106      C1
 107 04bb 7DC41D9B 		.ascii	"}\304\035\233\302^\332\310\317\356t8\234\007\3254\247"
 107      C25EDAC8 
 107      CFEE7438 
 107      9C07D534 
 107      A7
 108 04cc 2BDDADBE 		.ascii	"+\335\255\276\366fB|\302a\364\260;]\311\211\207^v`\324"
 108      F666427C 
 108      C261F4B0 
 108      3B5DC989 
 108      875E7660 
 109 04e1 EB8F894A 		.ascii	"\353\217\211J>\234N1j|\302\376}\373\325x\014R\367-\203"
 109      3E9C4E31 
 109      6A7CC2FE 
 109      7DFBD578 
 109      0C52F72D 
 110 04f6 3ADCA9EE 		.ascii	":\334\251\356\304\003v;\246\260\330\323\334\251IQ\251"
 110      C403763B 
 110      A6B0D8D3 
 110      DCA94951 
 110      A9
 111 0507 CCEC4876 		.ascii	"\314\354Hv8]G\030O\177/\355\271\255wmOIZ\216N\306\350"
 111      385D4718 
 111      4F7F2FED 
 111      B9AD776D 
 111      4F495A8E 
 112 051e 7F013619 		.ascii	"\177\0016\0313\177"
 112      337F
 113              		.text
 114              		.section	.gnu.lto_chMsgWait.1824bea3,"",%progbits
 115 0000 789C8D55 		.ascii	"x\234\215U]L\034U\024\276g\356\354\354.\013\264O\304"
 115      5D4C1C55 
 115      14BE67EE 
 115      ECEC2E0B 
 115      B44FC4
 116 0013 34A4D9C6 		.ascii	"4\244\331\306\24061Ll\320\020c\232(O}\340\305&>J\302"
 116      A036314C 
 116      6CD01063 
 116      9A284F7D 
 116      E0C5263E 
 117 0029 420A89DB 		.ascii	"B\012\211\333E\026\233\366\211\341\247\001J\015U\371"
 117      45169BF6 
 117      89E1A701 
ARM GAS  C:\Users\hgray\AppData\Local\Temp\ccCPkYZF.s 			page 9


 117      4A0D55F9 
 118 0039 B1B0A15B 		.ascii	"\261\260\241[1\026\377\020\013\242\320\226\256P(P\240"
 118      3116FF10 
 118      0BA2D096 
 118      AE502850 
 118      A0
 119 004a 80606B8B 		.ascii	"\200`k\213\024\241 \177Ek\033\022[\272x\316\334\001"
 119      14A1207F 
 119      456B1B12 
 119      5BBA78CE 
 119      DC01
 120 005c D965F9D9 		.ascii	"\331e\371\331l&\367\3169\367\234\363}\347;s\025\306"
 120      6C26F7CE 
 120      39F79CF3 
 120      7DE73B73 
 120      15C6
 121 006e 588585B1 		.ascii	"X\205\205\261x`,\016\327`b \235\351g,\307\"I\274m\027"
 121      78602C0E 
 121      D7606220 
 121      9DE9672C 
 121      C72249BC 
 122 0084 D3C2E4FE 		.ascii	"\323\302\344\376\203L\013\347 \213\3272\000-4\013\260"
 122      834C0BE7 
 122      208BD732 
 122      002D340B 
 122      B0
 123 0095 6C89CB90 		.ascii	"l\211\313\220\015\247y)\207\301\374z\017/\346\036\316"
 123      0DA77929 
 123      87C1FC7A 
 123      0F2FE61E 
 123      CE
 124 00a6 40C6EDC3 		.ascii	"@\306\355\303\276\312\311H\332\002\330q\273\260\330"
 124      BECAC948 
 124      DA02D871 
 124      BBB0D8
 125 00b5 D918BEFF 		.ascii	"\331\030\276\377\202\246\345j\276\2121sU\343\200f\365"
 125      82A6E56A 
 125      BE8A3173 
 125      55E38066 
 125      F5
 126 00c6 708995A3 		.ascii	"p\211\225\243{#DC\003DS\362\037`?C\357kS\313C6\376\002"
 126      7B234443 
 126      034453F2 
 126      1F603F43 
 126      EF6B53CB 
 127 00de D07ABEB0 		.ascii	"\320z\276\260\353\202%\246F?\331yn\317\371<\255K\223"
 127      EB8225A6 
 127      463FD979 
 127      6ECFF93C 
 127      AD4B93
 128 00f1 F1283401 		.ascii	"\361(4\001\017<\315\310}\342{\177Y\204\"\303\217\020"
 128      0F3CCDC8 
 128      7DE27B7F 
 128      598422C3 
 128      8F10
 129 0103 43C131E6 		.ascii	"C\3011\346O\240\300\232!_\303\237\257\263V\321\337\227"
 129      4FA0C09A 
ARM GAS  C:\Users\hgray\AppData\Local\Temp\ccCPkYZF.s 			page 10


 129      215FC39F 
 129      AFB356D1 
 129      DF97
 130 0115 73587786 		.ascii	"sXw\206A3\272\266\200\302\202\334ot\034DVZ\310_\332"
 130      4133BAB6 
 130      80C282DC 
 130      6F741C44 
 130      565AC85F 
 131 012a 60AB8C4F 		.ascii	"`\253\214Obp\211l< \326e\214u\005c\321\003\271\205 "
 131      6270896C 
 131      3C20D665 
 131      8C750563 
 131      D103B985 
 132 013f 282BB56F 		.ascii	"(+\265oT\325\024|\250yswo\002\006Z!\346\273!\223O\363"
 132      54D5147C 
 132      A8797377 
 132      6F02065A 
 132      21E6BB21 
 133 0156 AF142069 		.ascii	"\257\024 i{\253\227f\212cv\003Cw\211\036\034\037\\\241"
 133      7BAB9766 
 133      8A637603 
 133      4377891E 
 133      1C1F5CA1 
 134 016a 95955661 		.ascii	"\225\225Va\372\001\033\355\031+D\344\330$\315\307\212"
 134      FA011BED 
 134      192B44E4 
 134      D824CDC7 
 134      8A
 135 017b 708BAB3C 		.ascii	"p\213\253<\037\233\207\234\211\232\212\246\236`2>yl"
 135      1F9B879C 
 135      899A8AA6 
 135      9E60323E 
 135      796C
 136 018d 36C89037 		.ascii	"6\310\2207\200\233:\200\300\257\222\315\264\021x\334"
 136      809B3A80 
 136      C0AF92CD 
 136      B41178DC 
 137 019d BB0C7C64 		.ascii	"\273\014|dS\002\200\377\214x\333\0108=\030\260G\224"
 137      530280FF 
 137      8C78DB08 
 137      383D18B0 
 137      4794
 138 01af B0B6B57D 		.ascii	"\260\266\265}*|\3372\234\323>\265{D\242\177\352.\216"
 138      2A7CDF32 
 138      9CD33EB5 
 138      7B44A27F 
 138      EA2E8E
 139 01c2 D8642C16 		.ascii	"\330d,\026\332a\037>\257\201\314\346 \267\345\337\011"
 139      DA611F3E 
 139      AF81CCE6 
 139      20B7E5DF 
 139      09
 140 01d3 BF0FA8A0 		.ascii	"\277\017\250\240JN'\313O\266\3354\223\220Lz\257\232"
 140      4A4E27CB 
 140      4FB6DD34 
 140      93904C7A 
 140      AF9A
ARM GAS  C:\Users\hgray\AppData\Local\Temp\ccCPkYZF.s 			page 11


 141 01e5 9B17EE9A 		.ascii	"\233\027\356\232\263\237i\026|\341\345\242\347\215y"
 141      B39F6916 
 141      7CE1E5A2 
 141      E78D79
 142 01f4 0F3F8EF4 		.ascii	"\017?\216\364B5x\270\002\235(\310\016\242\020\015M\327"
 142      423578B8 
 142      029D28C8 
 142      0EA2100D 
 142      4DD7
 143 0206 479F5AD4 		.ascii	"G\237Z\324o\251^\357\004Z\315p\035\274P\306\015\255"
 143      6FA95EEF 
 143      045ACD70 
 143      1DBC50C6 
 143      0DAD
 144 0218 3CB99577 		.ascii	"<\271\225wR2\314\311\324\205.P\313P\022XL7\250l\032"
 144      5232CCC9 
 144      D4852E50 
 144      CB501258 
 144      4C37A86C 
 145 022d 72ED5447 		.ascii	"r\355TGP\347\374\325Q[\212\020z \006K\027XNw\217\014"
 145      50E7FCD5 
 145      515B8A10 
 145      7A20064B 
 145      17584E77 
 146 0243 9A8398AB 		.ascii	"\232\203\230\253X2?GN\006\353\346\000\366n {\275\304"
 146      58323F47 
 146      4E06EBE6 
 146      00F66E20 
 146      7BBDC4
 147 0256 5E2F11A0 		.ascii	"^/\021\240\254'@\322\011\270\334\326\327\251\010\260"
 147      AC2740D2 
 147      09B8DCD6 
 147      D7A908B0 
 148 0266 164C037D 		.ascii	"\026L\003}\006\326\341\202\333c6\001f\274\341\363\250"
 148      06D6E182 
 148      DB633601 
 148      66BCE1F3 
 148      A8
 149 0277 CA773CDC 		.ascii	"\312w<\334\012\375:\\I\017KNu\017r\373e\003\361\022"
 149      0AFD3A5C 
 149      490F4B4E 
 149      750F72FB 
 149      6503F112 
 150 028b 50C89B04 		.ascii	"P\310\233\004\231\013\007\030@\324X\366\223\202/#D~"
 150      990B0718 
 150      40D458F6 
 150      93822F23 
 150      447E
 151 029d EBCE127A 		.ascii	"\353\316\022z\2338e\033\014\312\366u\337\334\230\202"
 151      9B38651B 
 151      0CCAF675 
 151      DFDC9882 
 152 02ad BD228FAF 		.ascii	"\275\"\217\257\320\203\303\020\250\"\323/\220M\374\216"
 152      D083C310 
 152      A822D32F 
 152      904DFC8E 
 153 02bd 173FCD53 		.ascii	"\027?\315S\364\011%>\330\024\344\337i\217\023\275\247"
ARM GAS  C:\Users\hgray\AppData\Local\Temp\ccCPkYZF.s 			page 12


 153      F409253E 
 153      D814E4DF 
 153      698F13BD 
 153      A7
 154 02ce EC3A9F45 		.ascii	"\354:\237EX^\333.\024\360\002\344{\037\225\230\310\034"
 154      585EDB2E 
 154      14F002E4 
 154      7B1F9598 
 154      C81C
 155 02e0 A484B072 		.ascii	"\244\204\260r\216\2370\030\306\240hx6\232\343\227\210"
 155      8E9F3018 
 155      C6A06878 
 155      369AE397 
 155      88
 156 02f1 301B44C2 		.ascii	"0\033D\302\010D{x\270\036F6\006\201\0323\353\237\214"
 156      08447B78 
 156      B81E4636 
 156      06811A33 
 156      EB9F8C
 157 0304 1479A49D 		.ascii	"\024y\244\235\210\352\327\320\242\262\223\244nm\");"
 157      88EAD7D0 
 157      A2B293A4 
 157      6E6D2229 
 157      3B
 158 0315 D17B7B4D 		.ascii	"\321{{MQ\277\255r[\304Eb\276\216\333\034\242\3503\032"
 158      51BFAD72 
 158      5BC44562 
 158      BE8EDB1C 
 158      A2E8331A 
 159 0329 6BA4580A 		.ascii	"k\244X\012E\261\235\010\276c\020\314\202\331M&r\357"
 159      45B19D08 
 159      BE6310CC 
 159      82D94D26 
 159      72EF
 160 033b 620606A3 		.ascii	"b\006\006\243\202\331U\345\216V\215\371\255\374\033"
 160      82D955E5 
 160      8E568DF9 
 160      ADFC1B
 161 034a A19DDE92 		.ascii	"\241\235\336\222\272\217l\033e\314\341\367\0202\036"
 161      BA8F6C1B 
 161      65CCE1F7 
 161      10321E
 162 0359 23197321 		.ascii	"#\031s!\343\222\216{g_\017\226\361\262Y!'C\306\326\365"
 162      E3928E7B 
 162      675F0F96 
 162      F1B25921 
 162      2743C6D6 
 163 036e 5FDF567A 		.ascii	"_\337Vz}\017\333:N\315\036'\270ah\236.\315Y\201b]\011"
 163      7D0FDB3A 
 163      4ECD1E27 
 163      B861689E 
 163      2ECD5981 
 164 0385 2FE376E0 		.ascii	"/\343v\340\213\301\363 (\266\022\354?\014\330\227\246"
 164      8BC1F320 
 164      28B612EC 
 164      3F0CD897 
 164      A6
ARM GAS  C:\Users\hgray\AppData\Local\Temp\ccCPkYZF.s 			page 13


 165 0396 07920C25 		.ascii	"\007\222\014%_-\335[Uc#&'t\354\\\017\313`R\314\247\367"
 165      5F2DDD5B 
 165      55632326 
 165      2774EC5C 
 165      0FCB6052 
 166 03ad 1805A774 		.ascii	"\030\005\247t\230@4\266\273\241^\022\031m\033\304\033"
 166      984034B6 
 166      BBA15E12 
 166      196D1BC4 
 166      1B
 167 03be 1652BC34 		.ascii	"\026R\2744\010V\270\257\307\227E\374\240Q\271(Q\005"
 167      0856B8AF 
 167      C79745FC 
 167      A051B928 
 167      5105
 168 03d0 53C6A8E8 		.ascii	"S\306\250\350\005L\213v\016\237:k\246l;B\343\335Ca\376"
 168      054C8B76 
 168      0E9F3A6B 
 168      A66C3B42 
 168      E3DD4361 
 169 03e5 0C003203 		.ascii	"\014\0002\003*VJ\241*g{\032\356\203\021,\260n[\310\272"
 169      2A564AA1 
 169      2A677B1A 
 169      EE83112C 
 169      B06E5BC8 
 170 03fa 33A9ECD9 		.ascii	"3\251\354\331-\312\256\323'|\216\3126\031\351\346)\035"
 170      2DCAAED3 
 170      277C8ECA 
 170      3619E9E6 
 170      291D
 171 040c 17A3E76F 		.ascii	"\027\243\347o\327?\263z\017\327$\243\267\356\377\035"
 171      D73FB37A 
 171      0FD724A3 
 171      B7EEFF1D 
 172 041c 5DA354DC 		.ascii	"]\243T\334\343\231\225\032\263!\251\000\321FmN,J6\002"
 172      E399951A 
 172      B321A900 
 172      D1466D4E 
 172      2C4A3602 
 173 0430 16F4FA14 		.ascii	"\026\364\372\024\022\324\003P\321\241f\256\271\335$"
 173      12D40350 
 173      D1A166AE 
 173      B9DD24
 174 043f A6330216 		.ascii	"\2463\002\026\361\224\270\227\316\364\200~]\342\205"
 174      F194B897 
 174      CEF4807E 
 174      5DE285
 175 044e 512F6D77 		.ascii	"Q/mwa\374\245_\030\177\343\205\261H@Nu(b\244\302H\270"
 175      61FCA55F 
 175      187FE385 
 175      B148404E 
 175      752862A4 
 176 0465 85386F38 		.ascii	"\2058o8\350\350\367|l\254\212\177GZzr\272\313\375J\374"
 176      E8E8F77C 
 176      6CAC8A7F 
 176      475A7A72 
 176      BACBFD4A 
ARM GAS  C:\Users\hgray\AppData\Local\Temp\ccCPkYZF.s 			page 14


 177 047a 01D5E556 		.ascii	"\001\325\345V3\263Tw\246\003_:\335Gb\035L\312\312xq"
 177      33B35477 
 177      A6035F3A 
 177      DD47621D 
 177      4CCACA78 
 178 048f 13B7F4A3 		.ascii	"\023\267\364\243\216\367>HIE\203\373\204;6\215\275\032"
 178      8EF73E48 
 178      494583FB 
 178      843B368D 
 178      BD1A
 179 04a1 CACFE172 		.ascii	"\312\317\341r:]G\325\014Wf\226[}\363\355\304\204\304"
 179      3A5D47D5 
 179      0C576696 
 179      5B7DF3ED 
 179      C484C4
 180 04b4 E3E8E170 		.ascii	"\343\350\341pe\246&\035{\315\211\247^\332>\272#-\005"
 180      65A6261D 
 180      7BCD89A7 
 180      5EDA3EBA 
 180      232D05
 181 04c7 1DDFDA22 		.ascii	"\035\337\332\"|\352\361,\012\256&$\036>tXM\300\350\352"
 181      7CEAF12C 
 181      0AAE2624 
 181      1E3E7458 
 181      4DC0E8EA 
 182 04db A1D5F34E 		.ascii	"\241\325\363Nw\272;\351\210\303\201!,\216\014wz\212"
 182      77BA3BE9 
 182      88C38121 
 182      2C8E0C77 
 182      7A8A
 183 04ed 3D9D999D 		.ascii	"=\235\231\235\251NW\346\011\266=4b!\215\361\254\367"
 183      A94E57E6 
 183      09B63D34 
 183      62218DF1 
 183      ACF7
 184 04ff 33F4C3A9 		.ascii	"3\364\303\251x\370?1\003;\246"
 184      78F83F31 
 184      033BA6
 185              		.text
 186              		.section	.gnu.lto_chMsgRelease.1824bea3,"",%progbits
 187 0000 789C8552 		.ascii	"x\234\205R]H\024Q\024>g\356\354\354\262Z\275\006I\254"
 187      5D481451 
 187      143E67EE 
 187      ECECB25A 
 187      BD0649AC 
 188 0014 D4B6F8B2 		.ascii	"\324\266\370\262CR\341SP\373\344\203/\371\236\320\270"
 188      4352E153 
 188      50FBE483 
 188      2FF99ED0 
 188      B8
 189 0025 E842E3C8 		.ascii	"\350B\343\310\316\026\372\264\243\256\251\030!\344Z"
 189      CE16FAB4 
 189      A3AEA918 
 189      21E45A
 190 0034 2C13091A 		.ascii	",\023\011\032j`\331\237\271\375\330\344O\376\013\012"
 190      6A60D99F 
 190      B9FDD8E4 
ARM GAS  C:\Users\hgray\AppData\Local\Temp\ccCPkYZF.s 			page 15


 190      4FFE0B0A 
 191 0044 65D88B18 		.ascii	"e\330\213\030\012\241\025\365l\332\271\343Z\352Z\016"
 191      0AA115F5 
 191      6CDAB9E3 
 191      5AEA5A0E 
 192 0054 BB9773EF 		.ascii	"\273\227s\357\371\276\357~\347\234+\001\300\015\006"
 192      F9BEEF7E 
 192      E79C2B01 
 192      C00D06
 193 0063 7008018E 		.ascii	"p\010\001\216P\214\014Ph\232\006\250r\011\210<0\\\010"
 193      508C0C50 
 193      689A06A8 
 193      7209883C 
 193      305C08
 194 0076 5101A378 		.ascii	"Q\001\243x\23553\034\250[N\0129\035\006}\326\255~\367"
 194      9D35331C 
 194      A85B4E0A 
 194      391D067D 
 194      D6AD7EF7 
 195 008a 35A3F6B0 		.ascii	"5\243\366\260I\364\026\372\363\017\237`\016\241fb=&"
 195      49F416FA 
 195      F30F9F60 
 195      0EA16662 
 195      3D26
 196 009c 6B642643 		.ascii	"kd&C\024i\373c*\361\371 \337\012\350\241\355\320\322"
 196      1469FB63 
 196      2AF1F920 
 196      DF0AE8A1 
 196      EDD0D2
 197 00af DA6C063B 		.ascii	"\332l\006;\201@\361Dl\342\243\344\273g\030\325\206\265"
 197      8140F144 
 197      6CE2A3E4 
 197      BB6718D5 
 197      86B5
 198 00c1 DAC68CE3 		.ascii	"\332\306\214\343&c\330\213\214\004\361\031f\341S\314"
 198      2663D88B 
 198      8C04F119 
 198      66E153CC 
 199 00d1 023A027C 		.ascii	"\002:\002|\216>\202O\366$\347D\226cS\343\2755\235\214"
 199      8E3E824F 
 199      F624E744 
 199      966353E3 
 199      BD359D8C 
 200 00e5 53C9CA5A 		.ascii	"S\311\312Z\273M\025\261o7U\004L\242\217\343\027\037"
 200      BB4D15B1 
 200      6F375504 
 200      4CA28FE3 
 200      171F
 201 00f7 ADC70F48 		.ascii	"\255\307\017Hb\353\226]|\201\022\3769\217\331:\313\367"
 201      62EB965D 
 201      7C8112FE 
 201      398FD93A 
 201      CBF7
 202 0109 25FBBC85 		.ascii	"%\373\274\205\3416\012\340K\202\276B\011v\301W\206\317"
 202      E1360AE0 
 202      4B82BE42 
 202      0976C157 
ARM GAS  C:\Users\hgray\AppData\Local\Temp\ccCPkYZF.s 			page 16


 202      86CF
 203 011b 3A80275A 		.ascii	":\200'Z\230\220\226K\344\025\001\276\3469\266C\253\237"
 203      9890964B 
 203      E41501BE 
 203      E639B643 
 203      AB9F
 204 012d B4DE9016 		.ascii	"\264\336\220\026_\250\353\360p\326a\031\353\033u\324"
 204      5FA8EBF0 
 204      70D66119 
 204      EB1B75D4 
 205 013d D0A35D7D 		.ascii	"\320\243]}_\272\275N\352<\225K\315\343\316\241\236\314"
 205      5FBABD4E 
 205      EA3C954B 
 205      CDE3CEA1 
 205      9ECC
 206 014f D2200C0B 		.ascii	"\322 \014\013\032\350\026\212j,X\301\252\305\357\315"
 206      1AE8168A 
 206      6A2C58C1 
 206      AAC5EFCD 
 207 015f BDE3BBFD 		.ascii	"\275\343\273\375\337\234u\247\374\213i~\226r\311\253"
 207      DF9C75A7 
 207      FC8B697E 
 207      9672C9AB 
 208 016f C5738E74 		.ascii	"\305s\216t\257\247.\002\276\3459i\207\327\001\2628\310"
 208      AFA72E02 
 208      BEE53969 
 208      87D701B2 
 208      38C8
 209 0181 BDF20510 		.ascii	"\275\362\005\020\246\371\205\235\375\203K\231\331sx"
 209      A6F9859D 
 209      FD834B99 
 209      D97378
 210 0190 D7B8ED31 		.ascii	"\327\270\35517\305~>x\374>C\024\0102\204\331\264\016"
 210      37C57E3E 
 210      78FC3E43 
 210      14083284 
 210      D9B40E
 211 01a3 A308CB58 		.ascii	"\243\010\313X\275\320\320\345\340v\010\261R?\332\341"
 211      BDD0D0E5 
 211      E07608B1 
 211      523FDAE1 
 212 01b3 F2B6D983 		.ascii	"\362\266\331\203^\357\312L\030V\314\263\307\254\355"
 212      5EEFCA4C 
 212      1856CCB3 
 212      C7ACED
 213 01c2 47F40EBD 		.ascii	"G\364\016\275\011*\225\004Z;\342,%`\265\317\317\330"
 213      092A9504 
 213      5A3BE22C 
 213      2560B5CF 
 213      CFD8
 214 01d4 02C67681 		.ascii	"\002\306v\201\264\211\333\002#\\\200\301*\326.l\334"
 214      B489DB02 
 214      235C80C1 
 214      2AD62E6C 
 214      DC
 215 01e5 991F49EB 		.ascii	"\231\037I\353\322\0077\207\360{R\335r\356\250z\224\252"
 215      D2073787 
ARM GAS  C:\Users\hgray\AppData\Local\Temp\ccCPkYZF.s 			page 17


 215      F07B52DD 
 215      72EEA87A 
 215      94AA
 216 01f7 1EE3558F 		.ascii	"\036\343U\217m\216<\231\\\375\344\214\3762\\&#\254\213"
 216      6D8E3C99 
 216      5CFDE48C 
 216      FE325C26 
 216      23AC8B
 217 020a E701C731 		.ascii	"\347\001\3071\012\344\222\3561\211N^=\366\203\342\232"
 217      0AE492EE 
 217      31894E5E 
 217      3DF683E2 
 217      9A
 218 021b 7F77237C 		.ascii	"\177w#|\307\207\365\265\271\311mO\235\232X'\354\327"
 218      C787F5B5 
 218      B9C96D4F 
 218      9D9A5827 
 218      ECD7
 219 022d C409BB89 		.ascii	"\304\011\273\211\223\324\304o\324\304\306n/\027\263"
 219      93D4C46F 
 219      D4C4C66E 
 219      2F17B3
 220 023c 4BABA787 		.ascii	"K\253\247\207IO\200@\307\374~\231~Ji\350RH\323O\346"
 220      494F8040 
 220      C7FC7E99 
 220      7E4A69E8 
 220      5248D34F 
 221 0251 E5CA9A2E 		.ascii	"\345\312\232.\207#\262\036V\350P\325K\374\012\010\221"
 221      8723B21E 
 221      56E850D5 
 221      4BFC0A08 
 221      91
 222 0262 724691EF 		.ascii	"rF\221\357\037\320P\231r\371Jq\220\022z\245\356/\205"
 222      1FD05099 
 222      72F94A71 
 222      90127AA5 
 222      EE2F85
 223 0275 D37BE114 		.ascii	"\323{\341\024MU\2652\271\\\013Gt\371\334\205\202@A\005"
 223      4D55B532 
 223      B95C0B47 
 223      74F9DC85 
 223      82404105 
 224 0289 21142D1C 		.ascii	"!\024-\034,\272zF%\326\371\377\260\202\025\021\316\221"
 224      2CBA7A46 
 224      25D6F9FF 
 224      B0821511 
 224      CE91
 225 029b 030585F9 		.ascii	"\003\005\205\371\205r\200Hr\376\326\245\252\036\322"
 225      85728048 
 225      72FED6A5 
 225      AA1ED2
 226 02aa 8B4A1485 		.ascii	"\213J\024\205$\\J\271\036*\366\204\300\251\006U-\\\011"
 226      245C4AB9 
 226      1E2AF684 
 226      C0A90655 
 226      2D5C09
 227 02bd FB3BE605 		.ascii	"\373;\346\005\246\210A\"\376\006\344\345}H"
ARM GAS  C:\Users\hgray\AppData\Local\Temp\ccCPkYZF.s 			page 18


 227      A6884122 
 227      FE06E4E5 
 227      7D48
 228              		.text
 229              		.section	.gnu.lto_.symbol_nodes.1824bea3,"",%progbits
 230 0000 789C55C9 		.ascii	"x\234U\311\261\015\3020\024E\321\373\374\355\254\001"
 230      B10DC230 
 230      1445D1FB 
 230      FCEDAC01 
 231 0010 A3C064DF 		.ascii	"\243\300d\337E\224\"\025\022+\260\003$\241\240@B\242"
 231      45942215 
 231      122BB003 
 231      24A1A040 
 231      42A2
 232 0022 60873454 		.ascii	"`\2074T\231\001\305P\341\342\351I\3476\300\261\214p"
 232      9901C550 
 232      E1E2E949 
 232      E736C0B1 
 232      8C70
 233 0034 96C3E105 		.ascii	"\226\303\341\005\345\306\274\2074\212\355\267\\\344"
 233      E5C6BC87 
 233      348AEDB7 
 233      5CE4
 234 0042 AA4A18E4 		.ascii	"\252J\030\344\241\022]\345\366\023\310yW`\222\307\012"
 234      A1125DE5 
 234      F613C879 
 234      576092C7 
 234      0A
 235 0053 6EF2F40F 		.ascii	"n\362\364\017F\342\364|\233\021\271\367\313\306B\244"
 235      46E2F47C 
 235      9B11B9F7 
 235      CBC642A4 
 236 0063 ED1E66D6 		.ascii	"\355\036f\326\320\316\037\261\0029\216#\337"
 236      D0CE1FB1 
 236      02398E23 
 236      DF
 237              		.text
 238              		.section	.gnu.lto_.refs.1824bea3,"",%progbits
 239 0000 789C6363 		.ascii	"x\234cc``\340\003bF bdbb`\004\"N\006\000\002\000\000"
 239      6060E003 
 239      62462062 
 239      64626260 
 239      04224E06 
 240 0018 29       		.ascii	")"
 241              		.text
 242              		.section	.gnu.lto_.decls.1824bea3,"",%progbits
 243 0000 789CB55A 		.ascii	"x\234\265Z{PSY\232\317\271'$!$\340\250\333e\355Z[n/"
 243      7B505359 
 243      9ACFB927 
 243      242124E0 
 243      A8DB65ED 
 244 0018 B39DD9D9 		.ascii	"\263\235\331\331\366\321\357\336\332\232\352\235\256"
 244      F6D1EFDE 
 244      DA9AEA9D 
 244      AE
 245 0025 DA69ABA6 		.ascii	"\332i\253\246w\247\306\235\232?\306\335\014BTZ^\223"
 245      77A7C69D 
ARM GAS  C:\Users\hgray\AppData\Local\Temp\ccCPkYZF.s 			page 19


 245      9A3FC6DD 
 245      0C42545A 
 245      5E93
 246 0037 041FB57F 		.ascii	"\004\037\265\177\314\205 \212 \017Ay*\210\240  \320"
 246      CC85208A 
 246      200F4179 
 246      2A88A020 
 246      20D0
 247 0049 A028A002 		.ascii	"\240(\240\002*\"\310CT\024E^\"*\212\240 \310{\277s\316"
 247      2A22C843 
 247      5414455E 
 247      222A8AA0 
 247      20C87BBF 
 248 005f 4DEE4D48 		.ascii	"M\356MH\324\255\232M\361\221{\316\375\316\367\375\276"
 248      D4AD9A4D 
 248      F1917BCE 
 248      FDCEF7FD 
 248      BE
 249 0070 D7B9E79C 		.ascii	"\327\271\347\234\\\205L&\373z\235L\366\215R&[\316\311"
 249      5C854C26 
 249      FB7A9D4C 
 249      F68D5226 
 249      5BCEC9
 250 0083 640BF091 		.ascii	"d\013\360\221C_-\020\006\372\017$\223\215\301\367J\031"
 250      435F2D10 
 250      06FA0F24 
 250      938DC1F7 
 250      4A19
 251 0095 FB2880E2 		.ascii	"\373(\200\342\241/\021(\005(\003(\013(\033\010\376d"
 251      A12F1128 
 251      05280328 
 251      0B281B08 
 251      FE64
 252 00a7 E34866F7 		.ascii	"\343Hf\367\371;\020\262T\306h\271\214\311\"2_#&s\202"
 252      F93B10B2 
 252      54C668B9 
 252      8CC92232 
 252      5F232673 
 253 00bc C8077A02 		.ascii	"\310\007z\0024\003\364\033\240m@\033\201\264@\263@\231"
 253      3403F41B 
 253      A06D401B 
 253      81B440B3 
 253      4099
 254 00ce 407340E9 		.ascii	"@s@\351@j\0303\002\337\335@?\000\231\201\014@\221@z"
 254      406A1833 
 254      02DFDD40 
 254      3F009981 
 254      0C409140 
 255 00e3 A0FF02FA 		.ascii	"\240\377\002\3723\320\377\010\274\004\253\014\354\342"
 255      33D0FF08 
 255      BC04AB0C 
 255      ECE2
 256 00f1 8014402A 		.ascii	"\200\024@* 5\220\026h)\307\260\023\033\340R\3667\334"
 256      20359016 
 256      6829C7B0 
 256      131BE052 
 256      F637DC
ARM GAS  C:\Users\hgray\AppData\Local\Temp\ccCPkYZF.s 			page 20


 257 0104 62FC1F01 		.ascii	"b\374\037\001~O\011~+v\202U\212\3757\002\3469\301\256"
 257      7E4F097E 
 257      2B768255 
 257      8AFD3702 
 257      E639C1AE 
 258 0118 7401BF52 		.ascii	"t\001\277R\202\327 `\214\224\340$\030\023\337\202\321"
 258      82D72060 
 258      8C94E024 
 258      1813DF82 
 258      D1
 259 0129 9B63F874 		.ascii	"\233c\370t\234s\377\256\003|*\370\376\243\003F\342g"
 259      9C73FFAE 
 259      037C2AF8 
 259      FEA30346 
 259      E267
 260 013b 82F16730 		.ascii	"\202\361g0.Y\030\343.c1s\245\353\347\234\030\307O8{"
 260      2E5918E3 
 260      2E633173 
 260      A5EBE79C 
 260      18C74F38 
 261 0150 3D4918F5 		.ascii	"=I\030\365\356\277\277\036s\210\\\016\314\037:\252X"
 261      EEBFBF1E 
 261      73885C0E 
 261      CC1F3AAA 
 261      58
 262 0161 5DC8B38F 		.ascii	"]\310\263\217\352{\031*C\330\312w#\242$\003Gc\264T\215"
 262      EA7B192A 
 262      43D8CA77 
 262      23A22403 
 262      4763B454 
 263 0176 E4D07CD9 		.ascii	"\344\320|\331\234\366\320\023\232\313\325h\0254+^\024"
 263      9CF6D013 
 263      9ACBD568 
 263      15342B5E 
 263      14
 264 0187 5468D9DD 		.ascii	"Th\331\335\032\302\2357\230\021\253a\355\257\240y\253"
 264      1AC29D37 
 264      9811AB61 
 264      EDAFA079 
 264      AB
 265 0198 AD3B17E3 		.ascii	"\255;\027\343\325T\313\203\206\374\002\"\350#5\"i\351"
 265      D554CB83 
 265      86FC0222 
 265      E8233522 
 265      69E9
 266 01aa 055DC5CF 		.ascii	"\005]\305\317\317MiY\027\341h\217{\225\243\304_\222"
 266      CF4D6959 
 266      17E1688F 
 266      7B95A3C4 
 266      5F92
 267 01bc 6BAEA773 		.ascii	"k\256\247s\246\313\023\251u{y>\234\317\262\360\356\337"
 267      A6CB13A9 
 267      757B793E 
 267      9CCFB2F0 
 267      EEDF
 268 01ce C9D019B4 		.ascii	"\311\320\031\264\022\235F+e\350\002\322\2211\345h\265"
 268      129D462B 
ARM GAS  C:\Users\hgray\AppData\Local\Temp\ccCPkYZF.s 			page 21


 268      65E802D2 
 268      9131E568 
 268      B5
 269 01df 0C554167 		.ascii	"\014UAg%t\036'\330k\356\244\374\"\365\025\317\257B\347"
 269      25741E27 
 269      D86BEEA4 
 269      FC22F515 
 269      CFAF42E7 
 270 01f3 911A5523 		.ascii	"\221\032U#Ly\300\007\037\251\2315\3719\011\331\012\234"
 270      4C79C007 
 270      1FA99935 
 270      F93909D9 
 270      0A9C
 271 0205 8FA88EAA 		.ascii	"\217\250\216\252\364GW8W:j]\3538\365a\375n\236\347P"
 271      F4475738 
 271      573A6A5D 
 271      EB38F561 
 271      FD6E9EE7 
 272 021a 0DE8B828 		.ascii	"\015\350\270(\352\000\225L\011\2374\223\251\305\261"
 272      EA00954C 
 272      099F3493 
 272      A9C5B1
 273 0229 D4B9DC88 		.ascii	"\324\271\334\210%=\327\245!\227]*\231l\\\2252M\014\271"
 273      253DD7A5 
 273      21975D2A 
 273      996C5C95 
 273      324D0CB9 
 274 023d 044AEA44 		.ascii	"\004J\352D%5V%]e\373/\251\360\035\026\301\264\252\361"
 274      25355625 
 274      5D65FB2F 
 274      A9F01D16 
 274      C1B4AAF1 
 275 0251 4637E676 		.ascii	"F7\346v\0254\343\273\246\252=p\017\273W0\031q\332\013"
 275      1534E3BB 
 275      A6AA3D70 
 275      0FBB5730 
 275      1971DA0B 
 276 0265 0FB08635 		.ascii	"\017\260\2065^\313\205xM'\236;\355\201\207\330\315\313"
 276      5ECB8578 
 276      4D279E3B 
 276      ED8187D8 
 276      CDCB
 277 0277 0F6F36B8 		.ascii	"\017o6\270\341Q\326\310\252\353\373\030\207az]y\260"
 277      E151D6C8 
 277      AAEBFB18 
 277      87617A5D 
 277      79B0
 278 0289 7A588523 		.ascii	"zX\205#Y\243v\2563C\215\017\261F\373\350\365\303\036"
 278      59A376AE 
 278      33438D0F 
 278      B146FBE8 
 278      F5C31E
 279 029c 4CF11268 		.ascii	"L\361\022h\236\031\274V\257f\342y\004\355\331\334\326"
 279      9E19BC56 
 279      AF66E279 
 279      04EDD9DC 
 279      D6
ARM GAS  C:\Users\hgray\AppData\Local\Temp\ccCPkYZF.s 			page 22


 280 02ad BB2A7C84 		.ascii	"\273*|\204\361VUT\327\013 \327B\3232p\270\317\023\237"
 280      F1565554 
 280      D70B20D7 
 280      42D33270 
 280      B8CF139F 
 281 02c1 60F7EAE3 		.ascii	"`\367\352\343\"b\324\270\2046\270\3277\236\247*\\\271"
 281      2262D4B8 
 281      8436B8D7 
 281      379EA72A 
 281      5CB9
 282 02d3 ACC3A5CB 		.ascii	"\254\303\245\313\356\255\200\344E\267\301_\267\234\370"
 282      EEAD80E4 
 282      45B7C15F 
 282      B79CF8
 283 02e2 2B7DECC1 		.ascii	"+}\354\301Sw\246]G\022\241r,W\201\253\231\366\376\205"
 283      5377A65D 
 283      4712A172 
 283      2C5781AB 
 283      99F6FE85 
 284 02f6 F91FF015 		.ascii	"\371\037\360\025v\035U\030U\357\211\233Y#\373b\325s"
 284      761D5518 
 284      55EF899B 
 284      5923FB62 
 284      D573
 285 0308 257EC01A 		.ascii	"%~\300\032\326\324_\312R?o\250g\026\343\347\354^_\327"
 285      D6D45FCA 
 285      523F6FA8 
 285      6716E3E7 
 285      EC5E5FD7 
 286 031c D5124FFC 		.ascii	"\325\022O\374B0t2\275\312\013\277f\215\346\207\013\257"
 286      42307432 
 286      BDCA0BBF 
 286      668DE687 
 286      0BAF
 287 032e D4789635 		.ascii	"\324x\2265*\322\346k\344\330\"\247\215\335\373\213\222"
 287      2AD2E66B 
 287      E4D822A7 
 287      8DDDFB8B 
 287      92
 288 033f 89B314AC 		.ascii	"\211\263\024\254 \224\244\022G\247\317\310Y\0271i't"
 288      2094A412 
 288      47A7CFC8 
 288      59173169 
 288      2774
 289 0351 1D4EED2A 		.ascii	"\035N\355*\365\304{\350\020\356\302\315\263\021Z\244"
 289      F5C47BE8 
 289      10EEC2CD 
 289      B3115AA4 
 290 0361 535B93FD 		.ascii	"S[\223\375\213\324Q\222#\203`\363\200h\263\202\230\274"
 290      8BD45192 
 290      238360F3 
 290      8068B382 
 290      98BC
 291 0373 97B0383A 		.ascii	"\227\2608:\357\0218O!8\357!t\366C'\350x55Z.\307\011"
 291      EF11384F 
 291      2138EF21 
 291      74F64327 
ARM GAS  C:\Users\hgray\AppData\Local\Temp\ccCPkYZF.s 			page 23


 291      E8783535 
 292 038b 4C4759E2 		.ascii	"LGY\342l\212\247\250\343\324'\247i\262?\005\035\217"
 292      6C8AA7A8 
 292      E3D427A7 
 292      69B23F05 
 292      1D8F
 293 039d 451D83C8 		.ascii	"E\035\203\310\245\222'\316\225\364\3613\251\032\234"
 293      A59227CE 
 293      95F4F133 
 293      A91A9C
 294 03ac CA94A4D7 		.ascii	"\312\224\244\327e\227q6%\223\215\237\261d\177\016J\206"
 294      65977136 
 294      25938D9F 
 294      B1647F0E 
 294      4A86
 295 03be 44254F5D 		.ascii	"D%O]+y\346\\I\364\301\341\343\2368\2239x\346IR'b\001"
 295      2B79E65C 
 295      49F4C1E1 
 295      E39E3893 
 295      3978E649 
 296 03d6 D34033BC 		.ascii	"\323@3\274\2523\301\213%g/\315\335\351\275\363r\\\310"
 296      AA33C18B 
 296      25672FCD 
 296      DDE9BDF3 
 296      725CC8
 297 03e9 78EFC4DC 		.ascii	"x\357\304\334\274\257\300\345\014]ES\327\014\266\241"
 297      BCAFC0E5 
 297      0C5D4553 
 297      D70CB6A1 
 298 03f9 6BA47935 		.ascii	"k\244y5\006\320^\276\027\264W\316\241\325\267f\215\251"
 298      06D05EBE 
 298      17B457CE 
 298      A1D5B766 
 298      8DA9
 299 040b 70255377 		.ascii	"p%Sw.\341\000TT\015kt\247DWy\340\233\254q!\356\325Y"
 299      2EE10054 
 299      540D6B74 
 299      A7445779 
 299      E09BAC71 
 300 0423 777C8F35 		.ascii	"w|\2175\366\274\351/\361\302\017\345v\265\266\234\325"
 300      F6BCE92F 
 300      F1C20FE5 
 300      76B5B69C 
 300      D5
 301 0434 DA90A5A6 		.ascii	"\332\220\245\246O\216\207\330\275\342\335\003\371*\270"
 301      4F8E87D8 
 301      BDE2DD03 
 301      F92AB8
 302 0443 B7127209 		.ascii	"\267\022r\011If\326\225lf-\257\031+\222\343\021f]i\321"
 302      4966D695 
 302      6C662DAF 
 302      192B92E3 
 302      11665D69 
 303 0458 C00F921C 		.ascii	"\300\017\222\034Z\275{\017\211\357\002\3307'\332\267"
 303      5ABD7B0F 
 303      89EF02D8 
 303      3727DAB7 
ARM GAS  C:\Users\hgray\AppData\Local\Temp\ccCPkYZF.s 			page 24


 304 0468 52302F9C 		.ascii	"R0/\234\347\217\361x\205\014}\272\022\255\005\343\346"
 304      E78FF178 
 304      850C7DBA 
 304      12AD05E3 
 304      E6
 305 0479 C1B89582 		.ascii	"\301\270\225\202q\263`\334\0143.?3\357\262\026O1\005"
 305      71B360DC 
 305      0C332E3F 
 305      33EFB216 
 305      4F3105
 306 048c DD45232D 		.ascii	"\335E#-X\222A\037\226\321\014\012\347 \2539\233\206"
 306      5892411F 
 306      96D10C0A 
 306      E720AB39 
 306      9B86
 307 049e 05E44245 		.ascii	"\005\344BE\030\347TEx\342\315Bw\034\346FU\204_\211\277"
 307      18E75445 
 307      78E2CD42 
 307      771CE646 
 307      55845F89 
 308 04b3 A1B44E11 		.ascii	"\241\264N\021\366\303w;\031nM\263\257\356P[#\000\211"
 308      F6C3773B 
 308      196E4DB3 
 308      AFEE505B 
 308      230089
 309 04c6 454402C0 		.ascii	"ED\002\300\330\034q0mp\005\216\242\032Pt\314|1\306q"
 309      D81C7130 
 309      6D70058E 
 309      A21A5074 
 309      CC7C31C6 
 310 04db 4CDD706C 		.ascii	"L\335pl^\205\302\271\272(\227\352\372\225\337\240\275"
 310      5E85C2B9 
 310      BA2897EA 
 310      FA95DFA0 
 310      BD
 311 04ec A0698F13 		.ascii	"\240i\217\023M\017\016\217\214\311q2S\225s\251\370\206"
 311      4D0F0E8F 
 311      8CC97132 
 311      539573A9 
 311      F886
 312 04fe 121F66AA 		.ascii	"\022\037f\252:_7%\212\2251\0042\366\203\214hG\031N\220"
 312      3A5F3725 
 312      8A953104 
 312      32F6838C 
 312      6847194E 
 313 0513 C438F7DB 		.ascii	"\3048\367\333\213\210G\275\302\024\275\202\314\370I"
 313      8B8847BD 
 313      C214BD82 
 313      CCF849
 314 0522 299FE2E3 		.ascii	")\237\342\343L\361pn\313\217dN\324\251\321\237%I\243"
 314      4CF1706E 
 314      CB8F644E 
 314      D4A9D19F 
 314      2549A3
 315 0535 63499391 		.ascii	"cI\223\221\320\237\354\216\213\030\254\324\327\3453"
 315      D09FEC8E 
 315      8B18ACD4 
ARM GAS  C:\Users\hgray\AppData\Local\Temp\ccCPkYZF.s 			page 25


 315      D7E533
 316 0544 B6C75889 		.ascii	"\266\307X\211\205\377I\330:\031\272\006Z\352I\312'\201"
 316      85FF49D8 
 316      3A19BA06 
 316      5AEA49CA 
 316      2781
 317 0556 6A9DA03A 		.ascii	"j\235\240:\201[\211\3429\361\201\374\017\207\351\003"
 317      815B89E2 
 317      39F181FC 
 317      0F87E903 
 318 0566 3911AC38 		.ascii	"9\021\2548 Z\241\023\034\261'\"/\316\003\237eJ\222\342"
 318      205AA113 
 318      1CB12722 
 318      2FCE039F 
 318      654A92E2 
 319 057a FAEF2BA5 		.ascii	"\372\357+\245S\317U\2328\3110\364\24084Qt\300\" \207"
 319      53CF559A 
 319      38C930F4 
 319      A0383451 
 319      74C02220 
 320 058f 9C002115 		.ascii	"\234\000!\025V|\377\262\034\3272-\257\243\206\263\\"
 320      567CFFB2 
 320      1CD7322D 
 320      AFA386B3 
 320      5C
 321 05a0 9B92E6D2 		.ascii	"\233\222\346\322\224\307\347\360\203K\373x^\216R\001"
 321      94C7E7F0 
 321      834BFB78 
 321      5E8E5201 
 322 05b0 508A0828 		.ascii	"P\212\010(\331\032\325\312\230\327\021\036\232}\266"
 322      D91AD5CA 
 322      98D7111E 
 322      9A7DB6
 323 05bf C71665B4 		.ascii	"\307\026e\264\316\0132\224\316i\204EUx\377\231\016\204"
 323      CE0B3294 
 323      CE698445 
 323      5578FF99 
 323      0E84
 324 05d1 E759146E 		.ascii	"\347Y\024n\2779?\255\301\026\005i\310\013-'G\345H\267"
 324      BF393FAD 
 324      C1160569 
 324      C80B2D27 
 324      47E548B7 
 325 05e5 12C128C4 		.ascii	"\022\301(\304\034A\326d2t\024D\035\346\260u\005\227"
 325      1C41D664 
 325      32741444 
 325      1DE6B075 
 325      0597
 326 05f7 C603FCD1 		.ascii	"\306\003\374\321?\223n\270V\321o'9q\004\254!\267d(\013"
 326      3F936EB8 
 326      56D16F27 
 326      397104AC 
 326      21B76428 
 327 060c 6CC964DE 		.ascii	"l\311d\336(\315h\230rW\013\334{\337\305\335\367f\341"
 327      28CD6898 
 327      72570BDC 
 327      7BDFC5DD 
ARM GAS  C:\Users\hgray\AppData\Local\Temp\ccCPkYZF.s 			page 26


 327      F766E1
 328 061f B2466A54 		.ascii	"\262FjT\266\235Q\307lF\3256[\362=\360^\005{\244\316"
 328      B69D51C7 
 328      6C46D536 
 328      5BF23DF0 
 328      5E057BA4 
 329 0634 1D1D50E2 		.ascii	"\035\035P\342X\326x\223r-G\213\223X\343@a\333\035\005"
 329      58D67893 
 329      722D478B 
 329      9358E340 
 329      61DB1D05 
 330 0648 4E618DEE 		.ascii	"Na\215\356S\363\325\012\234\316\032\231]/\213\224\370"
 330      53F3D50A 
 330      9CCE1A99 
 330      5D2F8B94 
 330      F8
 331 0659 086D701D 		.ascii	"\010mp\035\013O\236\300\274\255\223(\376\343\007\342"
 331      0B4F9EC0 
 331      BCAD9328 
 331      FEE307E2 
 332 0669 245B0050 		.ascii	"$[\000P\365\032!\002,>/2\3766\214\347\021:\311iP\276"
 332      F51A2102 
 332      2C3E2F32 
 332      FE368CE7 
 332      113AC969 
 333 067f 181DBD86 		.ascii	"\030\035\275\206\301k\270\035}Q\216O0U'\232zy7|\222"
 333      C16BB81D 
 333      7D518E4F 
 333      3055279A 
 333      7A79377C 
 334 0694 35AAF735 		.ascii	"5\252\3675\315\252p\021k\244U\356\011\207\225\010k\364"
 334      CDAA7011 
 334      6BA455EE 
 334      09879508 
 334      6BF4
 335 06a6 86D7DF54 		.ascii	"\206\327\337T\3412\326x\371\342\326\254\026W\260\006"
 335      E132D678 
 335      F9E2D6AC 
 335      1657B006 
 336 06b6 3F75E19E 		.ascii	"?u\341\236\002W\261\306\375\203oz\335\361\005\326(X"
 336      0257B1C6 
 336      FD836F7A 
 336      DDF105D6 
 336      2858
 337 06c8 188BD3E0 		.ascii	"\030\213\323\340Z\301\362\352\033\331\034+>oh\236\254"
 337      5AC1F2EA 
 337      1BD91C2B 
 337      3E6F689E 
 337      AC
 338 06d9 896EC06C 		.ascii	"\211n\300l\012\317\342\222\260Gg\301\314qO\344\315>"
 338      0ACFE292 
 338      B04767C1 
 338      CC714FE4 
 338      CD3E
 339 06eb CB74DEDE 		.ascii	"\313t\336\336\331\304\332\232\221N\234vb\337~>\253\216"
 339      D9C4DA9A 
 339      914E9C76 
ARM GAS  C:\Users\hgray\AppData\Local\Temp\ccCPkYZF.s 			page 27


 339      62DF7E3E 
 339      AB8E
 340 06fd 595304D6 		.ascii	"YS\004\326\\\340\226\211\326\307r\304\365\353\310\326"
 340      5CE09689 
 340      D6C772C4 
 340      F5EBC8D6 
 341 070d 848DB8F7 		.ascii	"\204\215\270\367u\032_\023\201)w\241s\3563Hd\357\227"
 341      751A5F13 
 341      812977A1 
 341      73EE3348 
 341      64EF97
 342 0720 B0E739B2 		.ascii	"\260\3479\262w!\007\341\375_\211\334e\216\334k\034\230"
 342      772107E1 
 342      FD5F89DC 
 342      658EDC6B 
 342      1C98
 343 0732 1B25A24F 		.ascii	"\033%\242O92\267\"G$u\022\366b\347\354\022\341C\022"
 343      3932B722 
 343      47247512 
 343      F662E7EC 
 343      12E14312 
 344 0746 243F3A45 		.ascii	"$?:E\302d'\220\204\210\007Br\350\202\\>\015.@\345\302"
 344      C2642790 
 344      84880742 
 344      72E8825C 
 344      3E0D2E40 
 345 075c 08480C74 		.ascii	"\010H\014t\021\362\247\222\363F\347\201j\200j\201\252"
 345      11F2A792 
 345      F346E781 
 345      6A806A81 
 345      AA
 346 076d 81AA802A 		.ascii	"\201\252\200*\200\316\002\235\343\274i\255\261\364\352"
 346      80CE029D 
 346      E3BC69AD 
 346      B1F4EA
 347 077c 3EBB84A6 		.ascii	">\273\204\246\027H\220\011\271%\263\001\2338\2734\333"
 347      17489009 
 347      B925B301 
 347      9B38BB34 
 347      DB
 348 078d C237ACA5 		.ascii	"\3027\254\245\310J\035\221\325;\3321-\261\243\30497"
 348      C84A1D91 
 348      D53BDA31 
 348      2DB1A3C4 
 348      3937
 349 079f 330472A6 		.ascii	"3\004r\246(\273\240\020K\353O\312,Cu\266\372\353\256"
 349      28BBA010 
 349      4BEB4FCA 
 349      2C4375B6 
 349      FAEBAE
 350 07b2 CE9ED462 		.ascii	"\316\236\324b\213\222$\036^xV\336\242D\336\272eL!\314"
 350      8B92241E 
 350      5E7856DE 
 350      A244DEBA 
 350      654C21CC 
 351 07c6 5D698FA2 		.ascii	"]i\217\242YF\301\010t\002"
 351      5946C108 
ARM GAS  C:\Users\hgray\AppData\Local\Temp\ccCPkYZF.s 			page 28


 351      7402
 352 07d0 94D63B0F 		.ascii	"\224\326;\017#\263\266%\237Y[oom\202\260\340a\216\265"
 352      23B3B625 
 352      9F595B6F 
 352      6F6D82B0 
 352      E0618EB5 
 353 07e4 0EBE2448 		.ascii	"\016\276$H#\216\275\002\216\275,8\216TC\370\343a\214"
 353      238EBD02 
 353      8EBD2C38 
 353      8E5443F8 
 353      E3618C
 354 07f7 E32928F4 		.ascii	"\343)(\364l\260\240\203\303\007Y#\243\247\256[X\220"
 354      6CB0A083 
 354      C3075923 
 354      A3A7AE5B 
 354      5890
 355 0809 5F26ED33 		.ascii	"_&\3553=IQ\032\2416\310N\363\361\304D\207\002g2\346"
 355      3D49511A 
 355      A136C84E 
 355      F3F1C444 
 355      87026732 
 356 081e B285FC48 		.ascii	"\262\205\374H\214si\343_f/\346Mj\3212o\3152\357e\336"
 356      8C7369E3 
 356      5F662FE6 
 356      4D6AD132 
 356      6FCD32EF 
 357 0834 E43FFC79 		.ascii	"\344?\374y\223k\035|h!\351\274\227{\323;\336\320\326"
 357      936B1D7C 
 357      6821E9BC 
 357      977BD33B 
 357      DED0D6
 358 0847 6848A7CE 		.ascii	"hH\247\316\333\366\321\351\234\233q\017\226?\315\202"
 358      DBF6D1E9 
 358      9C9B710F 
 358      963FCD82 
 359 0857 194FC08C 		.ascii	"\031O\300\214\026\301\014\346\302\311a<w)\226\271\260"
 359      16C10CE6 
 359      C2C9613C 
 359      772996B9 
 359      B0
 360 0868 155C7855 		.ascii	"\025\\xU\340v\342BI\260\332\354\202E\3061g\332eh#d\350"
 360      E076E242 
 360      49B0DAEC 
 360      8245C631 
 360      67DA6568 
 361 087f 3592A17B 		.ascii	"5\222\241{\261\016\265\013\010\366\300u$\366F\273\201"
 361      B10EB50B 
 361      08F6C075 
 361      24F646BB 
 361      81
 362 0890 22802C40 		.ascii	"\"\200,@\341@a@<\320\002d\350<\320\034\320\020\320 "
 362      E1406140 
 362      3CD00264 
 362      E83CD01C 
 362      D010D020 
 363 08a4 D023A001 		.ascii	"\320#\240\001\240[@7\201n\330Y\360\352\327,\353`\336"
 363      A05B4037 
ARM GAS  C:\Users\hgray\AppData\Local\Temp\ccCPkYZF.s 			page 29


 363      816ED859 
 363      F0EAD72C 
 363      EB60DE
 364 08b7 6C8288B5 		.ascii	"l\202\210\265K\301W\210)\352\034Z\2030\342\377\007\332"
 364      4BC15788 
 364      29EA1C5A 
 364      8330E2FF 
 364      07DA
 365 08c9 7CD3D263 		.ascii	"|\323\322c\264~\310v\367\034r\000wv\321\264\321\335"
 365      B47EC876 
 365      F71C7200 
 365      7776D1B4 
 365      D1DD
 366 08db B49CF1DF 		.ascii	"\264\234\361\337\006\217^q\316\357\030\212\016\273P"
 366      068F5E71 
 366      CEEF188A 
 366      0EBB50
 367 08ea DC667563 		.ascii	"\334fucgl\033\334%s\016\272\001\022;\004c\373!\023\356"
 367      676C1BDC 
 367      25730EBA 
 367      01123B04 
 367      63FB2113 
 368 08ff 03E07B40 		.ascii	"\003\340{@w\354@\317L\343\371r\236\217R\240\273B>t\270"
 368      77EC40CF 
 368      4CE3F972 
 368      9E8F52A0 
 368      BB423E74 
 369 0914 AA63098C 		.ascii	"\252c\011\214N;\030w\337\006\343!\250~7\214\376\023"
 369      4E3B1877 
 369      DF06E321 
 369      A87E378C 
 369      FE13
 370 0926 98CF5941 		.ascii	"\230\317YAs\253\3019\006\353\314\003u\335\221\254\014"
 370      73ABC139 
 370      06EBCC03 
 370      75DD91AC 
 370      0C
 371 0937 A349D005 		.ascii	"\243I\320\005l\215\002\273m\361\263\306y\022\330\356"
 371      6C8D02BB 
 371      6DF1B3C6 
 371      7912D8EE 
 372 0947 F701886E 		.ascii	"\367\001\210n\001P/\\\367\000\230\007\216U\262\377\212"
 372      01502F5C 
 372      F7009807 
 372      8E55B2FF 
 372      8A
 373 0958 A44AAE83 		.ascii	"\244J\256\203\212\356\367\231\245m:\232\204\021\256"
 373      8AEEF799 
 373      A56D3A9A 
 373      8411AE
 374 0967 75F4EB58 		.ascii	"u\364\353X\036[\253p\261|\311D\326\235\307&\262n\373"
 374      1E5BAB70 
 374      B17CC944 
 374      D69DC726 
 374      B26EFB
 375 097a 898CDD5C 		.ascii	"\211\214\335\\X\300\373\217\035 K:\342\216fq\373C\270"
 375      58C0FB8F 
ARM GAS  C:\Users\hgray\AppData\Local\Temp\ccCPkYZF.s 			page 30


 375      1D204B3A 
 375      E28E6671 
 375      FB43B8
 376 098d 6D4CD378 		.ascii	"mL\323x\252\204,a;\234\211\030<\244$\333C\022\325\026"
 376      AA842C61 
 376      3B9C8918 
 376      3CA424DB 
 376      4312D516 
 377 09a1 717C071D 		.ascii	"q|\007\035\317\340\216\015\343\302k\221|\274\017=\233"
 377      CFE08E0D 
 377      E3C26B91 
 377      7CBC0F3D 
 377      9B
 378 09b2 B8E998AC 		.ascii	"\270\351\230\254\355\366\311\015\"_\255\027CtW`\267"
 378      EDF6C90D 
 378      225FAD17 
 378      43745760 
 378      B7
 379 09c3 B9E7CE22 		.ascii	"\271\347\316\"\366\272\365\314\035\217\201\255\323Q"
 379      F6BAF5CC 
 379      1D8F81AD 
 379      D351
 380 09d1 FA1D87BA 		.ascii	"\372\035\207\272^4\351=\005\027;\233\364\004\3532\231"
 380      5E34E93D 
 380      05173B9B 
 380      F404EB32 
 380      99
 381 09e2 F79A5D78 		.ascii	"\367\232]xo>>\014\034C4\337\027\215o\266\032\317\323"
 381      6F3E3E0C 
 381      1C4334DF 
 381      178D6FB6 
 381      1ACFD3
 382 09f5 7C88CE17 		.ascii	"|\210\316\027\362\341\031\267\034=p\004\330%\261\347"
 382      F2E119B7 
 382      1C3D7004 
 382      D825B1E7 
 383 0a05 80338432 		.ascii	"\2003\2042:\216\300\233\005x3\220\015\323@S@\257\201"
 383      3A8EC09B 
 383      05783390 
 383      0DD34053 
 383      40AF81
 384 0a18 C6815E00 		.ascii	"\306\201^\000\015\003=\267\313\222\306\357\230[\210"
 384      0D033DB7 
 384      CB92C6EF 
 384      985B88
 385 0a27 D3BB412B 		.ascii	"\323\273A+\221\342r\325\322rQ2\237\364\274\213\273\356"
 385      91E272D5 
 385      D2725132 
 385      9FF4BC8B 
 385      BBEE
 386 0a39 174CF408 		.ascii	"\027L\364\0100\367\272f\226\024\375\250]\321\2178)\372"
 386      30F7BA66 
 386      9614FDA8 
 386      5DD18F38 
 386      29FA
 387 0a4b 11B8FB82 		.ascii	"\021\270\373\202\214\037\006\201\243B@\306\300\342W"
 387      8C1F0681 
ARM GAS  C:\Users\hgray\AppData\Local\Temp\ccCPkYZF.s 			page 31


 387      A34240C6 
 387      C0E257
 388 0a5a 60D94BD1 		.ascii	"`\331K\3212\262\021\331\3576\362\352\011\317\037\320"
 388      32B211D9 
 388      EF36F2EA 
 388      09CF1FD0 
 389 0a6a D003933E 		.ascii	"\320\003\223>a\200\353\242\037\372\200L\020\326\212"
 389      6180EBA2 
 389      1FFA804C 
 389      10D68A
 390 0a79 1F755EF1 		.ascii	"\037u^\361B\300#\335H:\217.Z\344\260X\266\236\020bI"
 390      42C023DD 
 390      483A8F2E 
 390      5AE4B058 
 390      B69E1062 
 391 0a8e 8E4346DF 		.ascii	"\216CF\337\345\247\216j\301\253\023\340\250\361\367"
 391      E5A78E6A 
 391      C1AB13E0 
 391      A8F1F7
 392 0a9d 72D42470 		.ascii	"r\324$p\212\216\232`\216r\361<Eo\300=\342#\325\226\224"
 392      8A8E9A60 
 392      8E72F13C 
 392      456FC03D 
 392      E223D596 
 393 0ab2 537749B5 		.ascii	"SwI\265\022I\257\305\244l\245\242l\223T\325U\301\020"
 393      1249AFC5 
 393      A46CA5A2 
 393      6C9354D5 
 393      55C110
 394 0ac5 78184EBC 		.ascii	"x\030N\274\325\016\342\224J\341\351D\254\236|\027\367"
 394      D50EE294 
 394      4AE1E944 
 394      AC9E7C17 
 394      F7
 395 0ad6 90B0A425 		.ascii	"\220\260\244%\314o\\33\270\023g\025\304\337\300\263"
 395      CC6F5C33 
 395      33B81367 
 395      15C4DFC0 
 395      B3
 396 0ae7 7851D971 		.ascii	"xQ\331qj\251\305\302\247\254\245\347\025\323B\341\010"
 396      6AA9C5C2 
 396      A7ACA5E7 
 396      15D342E1 
 396      08
 397 0af8 5B355636 		.ascii	"[5V6S\222G\342\320\307)|M\030\246G\016\221\234\023\346"
 397      539247E2 
 397      D0C7297C 
 397      4D18A647 
 397      0E919C13 
 398 0b0d 4F258B74 		.ascii	"O%\213t\201\227\034-\354s\306+\011\342`\241\020D\330"
 398      81971C2D 
 398      EC73C62B 
 398      09E260A1 
 398      1044D8
 399 0b20 BEA238C7 		.ascii	"\276\2428\307u\303\342\275\305\275\2373\363ac\2102\234"
 399      75C3E2BD 
 399      C5BD9F33 
ARM GAS  C:\Users\hgray\AppData\Local\Temp\ccCPkYZF.s 			page 32


 399      F3616388 
 399      329C
 400 0b32 B34BF716 		.ascii	"\263K\367\026\377(\316\3459\216\334\213\267\013\367"
 400      FF28CEE5 
 400      398EDC8B 
 400      B70BF7
 401 0b41 24ECB9CE 		.ascii	"$\354\271\316\331%\221h9)\304\215,N\217;\262\327/\222"
 401      D9259168 
 401      3929C48D 
 401      2C4E8F3B 
 401      B2D72F92 
 402 0b55 5E274827 		.ascii	"^'H'\213\220\253\316\331%\322\247\177f\377$m\177[]M"
 402      8B90ABCE 
 402      D925D2A7 
 402      7F66FF24 
 402      6D7F5B5D 
 403 0b6a 08EBE976 		.ascii	"\010\353\351v\027\023\351\363q\222\263$\273\257\213"
 403      1713E9F3 
 403      7192B324 
 403      BBAF8B
 404 0b79 5BD7763A 		.ascii	"[\327v:\221\022c\311\221a]\344\015m\017L\240\344\267"
 404      911263C9 
 404      91615DE4 
 404      0D6D0F4C 
 404      A0E4B7
 405 0b8c A3257434 		.ascii	"\243%t4B\354?|\023\242\355\005\353\007\261~\350\345"
 405      42EC3F7C 
 405      13A2ED05 
 405      EB07B17E 
 405      E8E5
 406 0b9e D897C04A 		.ascii	"\330\227\300J\032\326!\3025\374\347\004\031\234U.\375"
 406      1AD621C2 
 406      35FCE704 
 406      199C552E 
 406      FD
 407 0baf 130420A9 		.ascii	"\023\004 \251Tv\237\251\263~dV\361\014\226u\234\214"
 407      54769FA9 
 407      B37E6456 
 407      F10C9675 
 407      9C8C
 408 0bc1 89B45726 		.ascii	"\211\264W&\031d\207Uf\273m\203)\032I\257\311\011\313"
 408      19648755 
 408      66BB6D83 
 408      291A49AF 
 408      C909CB
 409 0bd4 D1538FE5 		.ascii	"\321S\217\345\275\210\374\376\366o2Y\274*\220\366\366"
 409      BD88FCFE 
 409      F66F3259 
 409      BC2A90F6 
 409      F6
 410 0be5 553C3CA7 		.ascii	"U<<\247\304\267Tt\2530>zg\336KN\234D\0120HN\372\316"
 410      C4B75474 
 410      AB303E7A 
 410      67DE4B4E 
 410      9C440A30 
 411 0bfd B69C29F7 		.ascii	"\266\234)\367\240}$qb0\355\274\2620Y\343\3056 \260\027"
 411      A07D2471 
ARM GAS  C:\Users\hgray\AppData\Local\Temp\ccCPkYZF.s 			page 33


 411      6230EDBC 
 411      B23059E3 
 411      C53620B0 
 412 0c12 47C7A7F2 		.ascii	"G\307\247\362\312\361\212CtN\266\360K8:\034\012\014"
 412      CAF18A43 
 412      744EB6F0 
 412      4B383A1C 
 412      0A0C
 413 0c24 C56212CB 		.ascii	"\305b\022\3138\274\002\376\357\307r\006dt\242\272K\376"
 413      38BC02FE 
 413      EFC77206 
 413      6474A2BA 
 413      4BFE
 414 0c36 61169FD5 		.ascii	"a\026\237\325\013\323I\272[\361\303\247<\257\226\023"
 414      0BD349BA 
 414      5BF1C3A7 
 414      3CAF9613 
 415 0c46 2E148D6D 		.ascii	".\024\215m\001\204K\370\277\017\367\"\024\205{\300\244"
 415      01844BF8 
 415      BF0FF722 
 415      14857BC0 
 415      A4
 416 0c57 78FC210C 		.ascii	"x\374!\014\336W\324\020\245\300\341\356\024o\314\305"
 416      DE57D410 
 416      A5C0E1EE 
 416      146FCCC5 
 417 0c67 AA7A37A9 		.ascii	"\252z7\251^\002Q\324{\200\352\015\022\324\026f\265\225"
 417      5E0251D4 
 417      7B80EA0D 
 417      12D41666 
 417      B595
 418 0c79 6804B5F3 		.ascii	"h\004\265\363G>8j\341\363x\2228\300\205\022D\275\011"
 418      473E386A 
 418      E1F37892 
 418      38C08512 
 418      44BD09
 419 0c8c 8E7A13A9 		.ascii	"\216z\023\251\336\262\342\366q\016\307\270\277\247\237"
 419      DEB2E2F6 
 419      710EC7B8 
 419      BFA79F
 420 0c9b 0E323FD5 		.ascii	"\0162?\325&_\377\205\024\337\037?\220\300K\246\360\016"
 420      265FFF85 
 420      14DF1F3F 
 420      90C04BA6 
 420      F00E
 421 0cad 59DD523A 		.ascii	"Y\335R:P\265[k\305\227\257\201r\012\347\351\021\036"
 421      50B55B6B 
 421      C597AF81 
 421      720AE7E9 
 421      111E
 422 0cbf E04B12F1 		.ascii	"\340K\022\361%9\342K\241\370n\014\237\257\366\300\251"
 422      2539E24B 
 422      A1F86E0C 
 422      9FAFF6C0 
 422      A9
 423 0cd0 0CDFD584 		.ascii	"\014\337\325\204\311gJ\212\205\314R\014\337\311\331"
 423      C9674A8A 
ARM GAS  C:\Users\hgray\AppData\Local\Temp\ccCPkYZF.s 			page 34


 423      85CC520C 
 423      DFC9D9
 424 0cdf 090F9750 		.ascii	"\011\017\227P\322)\2244+\224\210\362\273\035^\000\245"
 424      D2299434 
 424      2B9488F2 
 424      BB1D5E00 
 424      A5
 425 0cf0 973DB90A 		.ascii	"\227=\271\012\342\"\367\363G\021eC\251\"\224T\314\316"
 425      E222F7F3 
 425      47116543 
 425      A9229454 
 425      CCCE
 426 0d02 D4500683 		.ascii	"\324P\006\203\000\325\210\361\011\006\2419\247\255\237"
 426      00D588F1 
 426      0906A139 
 426      A7AD9F
 427 0d11 B3B98341 		.ascii	"\263\271\203A\230\250\256\272\341\345:\\\231\024\304"
 427      98A8AEBA 
 427      E1E53A5C 
 427      9914C4
 428 0d20 112B88D8 		.ascii	"\021+\210\3307\267ns\002\210\226\351\277>j\311\322\021"
 428      37B76E73 
 428      028896E9 
 428      BF3E6AC9 
 428      D211
 429 0d32 16745804 		.ascii	"\026tX\004p\330\012 \213\002\210..\034T\3432\006\240"
 429      70D80A20 
 429      8B02882E 
 429      2E1C54E3 
 429      3206A0
 430 0d45 626F5EA6 		.ascii	"bo^\246u\370\213\351%t8q\345Qq\370Q\353\360l:\374\316"
 430      75F88BE9 
 430      25743871 
 430      E55171F8 
 430      51EBF06C 
 431 0d5c F8649D1A 		.ascii	"\370d\235\032\327\260\341\355\031\341O\204\323\247q"
 431      D7B0E1ED 
 431      19E14F84 
 431      D3A771
 432 0d6b D2AEEB39 		.ascii	"\322\256\3539\026\246\022\266\330\344\347\246\221>K"
 432      16A612B6 
 432      D8E4E7A6 
 432      913E4B
 433 0d7a 8E17BEC4 		.ascii	"\216\027\276\304\230\263\232\366\266\270\343\253\254"
 433      98B39AF6 
 433      B6B8E3AB 
 433      AC
 434 0d87 51121F16 		.ascii	"Q\022\037\026\206\361\035\326\260\204\347\300\262\010"
 434      86F11DD6 
 434      B084E7C0 
 434      B208
 435 0d95 1EC296B7 		.ascii	"\036\302\226\267\237\000\342\273\245\3459\236\010\366"
 435      9F00E2BB 
 435      A5E5399E 
 435      08F6
 436 0da3 DFD97C84 		.ascii	"\337\331|\204\205\257\251\357Y\221C\247\337|\254Ay\000"
 436      85AFA9EF 
ARM GAS  C:\Users\hgray\AppData\Local\Temp\ccCPkYZF.s 			page 35


 436      599143A7 
 436      DF7CAC41 
 436      7900
 437 0db5 B9003B5D 		.ascii	"\271\000;]\250;_\230\236\020\006\220uP!l8Ob\351\302"
 437      A83B5F98 
 437      9E100690 
 437      7550216C 
 437      384F62E9 
 438 0dca B4BE9BCD 		.ascii	"\264\276\233\315\247\300!\235O\311d\020\365\272X\216"
 438      A7C0219D 
 438      4FC96410 
 438      F5BA588E 
 439 0dda FB2874AE 		.ascii	"\373(t\256\272>\366\226\007\322-\263\315\263\015\026"
 439      BA3EF696 
 439      07D22DB3 
 439      CDB30D16 
 440 0dea BADC2F06 		.ascii	"\272\334/\006\301E\242\023\211\024W8N\201ng8@\325T\312"
 440      C145A213 
 440      89145738 
 440      4E816E67 
 440      3840D554 
 441 0dff D3282D1E 		.ascii	"\323(-\036e^z\3220\361H\205'Yc\342Zr\201\026\3171\020"
 441      655E7AD2 
 441      30F14885 
 441      275963E2 
 441      5A728116 
 442 0e16 6953D597 		.ascii	"iS\325\227\\\376\316\\\216]\375\236\331s\315\355\354"
 442      5CFECE5C 
 442      8E5DFD9E 
 442      D973CDED 
 442      EC
 443 0e27 157ADE5C 		.ascii	"\025z\336\\\206\325\350G\274\3707\315\276\302:\230G"
 443      86D5E847 
 443      BCF837CD 
 443      BEC23A98 
 443      47
 444 0e38 CAD971FD 		.ascii	"\312\331q\375\251\302\231\0225MV\2755W\263\322\242K"
 444      A9C29912 
 444      354D56BD 
 444      3557B3D2 
 444      A24B
 445 0e4a B42EEBA5 		.ascii	"\264.\353\245\202\246\352\031k\252f\205E\337t\223\236"
 445      82A6EA19 
 445      6BAA6685 
 445      45DF7493 
 445      9E
 446 0e5b 33C17D49 		.ascii	"3\301}I\224\317b\353:\213\374\366Y\221T\340\201\317"
 446      94CF62EB 
 446      3A8BFCF6 
 446      599154E0 
 446      81CF
 447 0e6d 51C55CF9 		.ascii	"Q\305\\\371TD7\207t\032\233\217\363-\024u\025\2148'"
 447      54443787 
 447      741A9B8F 
 447      F32D1475 
 447      158C3827 
 448 0e81 A20601F6 		.ascii	"\242\006\001\366K9\251|T\011n\260SQS^Y\246\301u\314"
ARM GAS  C:\Users\hgray\AppData\Local\Temp\ccCPkYZF.s 			page 36


 448      4B39A97C 
 448      54096EB0 
 448      5351535E 
 448      59A6C175 
 449 0e96 B697B387 		.ascii	"\266\227\263\207+\204\263\242\345\320\234\353\211\217"
 449      2B84B3A2 
 449      E5D09CEB 
 449      898F
 450 0ea4 570A794C 		.ascii	"W\012yL~\355*\312\032\203*\272\311xkf\316\336\327\340"
 450      7EED2ACA 
 450      1A832ABA 
 450      C9786B66 
 450      CEDED7E0 
 451 0eb8 3BB4A12E 		.ascii	";\264\241.<[v\313\035-\243\247?\032o\3352\273%\367\005"
 451      3C5B76CB 
 451      1D2DA3A7 
 451      3F1A6FDD 
 451      32BB25F7 
 452 0ecd BC129DC7 		.ascii	"\274\022\235\307\344\374\012\2247\012!\276\006\327\015"
 452      E4FC0A94 
 452      370A21BE 
 452      06D70D
 453 0edc D81B5D01 		.ascii	"\330\033]\001\252\007\272\014T\207\035\266\270\013\327"
 453      AA07BA0C 
 453      54871DB6 
 453      B80BD7
 454 0eeb C4D5E345 		.ascii	"\304\325\343E0\261\021;_\206\330\\r\212\3552k\201\257"
 454      30B1113B 
 454      5F86D85C 
 454      728AED32 
 454      6B81AF
 455 0efe 46744923 		.ascii	"FtI#^&\225:g\335(\021\317\235v\024\273x\271\322\335"
 455      5E26953A 
 455      67DD2811 
 455      CF9D7614 
 455      BB78B9D2 
 456 0f13 2AACCCAE 		.ascii	"*\254\314\256b\266\321n\\T_R\366\301Va5D\322\251\324"
 456      62B6D16E 
 456      5C545F52 
 456      F6C15661 
 456      3544D2A9 
 457 0f28 B978C7E5 		.ascii	"\271x\307\345x-\226\356[\256\322\020ZW\247R\355W\235"
 457      782D96EE 
 457      5BAED210 
 457      5A57A752 
 457      ED579D
 458 0f3b 6A979E27 		.ascii	"j\227\236'\266\262zm\304\213\317\023\027\305\243Z\000"
 458      B6B27A6D 
 458      C48BCF13 
 458      17C5A35A 
 458      00
 459 0f4c F7AE7840 		.ascii	"\367\256x@\264sk'j\324\3701\013\375\354\217E\263\012"
 459      B4736B27 
 459      6AD4F831 
 459      0BFDEC8F 
 459      45B30A
 460 0f5f 3CCF1A71 		.ascii	"<\317\032q\247\357\317z\341=\0364Gw\267\236y\352\262"
ARM GAS  C:\Users\hgray\AppData\Local\Temp\ccCPkYZF.s 			page 37


 460      A7EFCF7A 
 460      E13D1E34 
 460      4777B79E 
 460      79EAB2
 461 0f72 045BDF56 		.ascii	"\004[\337V\202\031\254\004[\300g\315\213KPq\362P{\224"
 461      8219AC04 
 461      5BC067CD 
 461      8B4B5071 
 461      F2507B94 
 462 0f86 12B18346 		.ascii	"\022\261\203F\347\2078M0\252M0\346&h\272\015\006\334"
 462      E787384D 
 462      30AA4D30 
 462      E62668BA 
 462      0D06DC
 463 0f99 006A07BA 		.ascii	"\000j\007\272\345\230X"
 463      E59858
 464 0fa0 194D420A 		.ascii	"\031MB\012XC\332\366\326\220Nt:\204\264\315EH\205 t"
 464      5843DAF6 
 464      D6904E74 
 464      3A84B4CD 
 464      45488520 
 465 0fb5 B220B461 		.ascii	"\262 \264agG\330\367\004Y\304\324\353\316eIuwt:\304"
 465      6747D8F7 
 465      0459C4D4 
 465      EBCE6549 
 465      7577743A 
 466 0fca 7F31D475 		.ascii	"\1771\324u\302\021vb\343\217CJ\234\300Bq\277\344H\261"
 466      C2117662 
 466      E38F434A 
 466      9CC04271 
 466      BFE448B1 
 467 0fde 062DD339 		.ascii	"\006-\3239\367\326]\360\320\273\274e\253\252*\313!\022"
 467      F7D65DF0 
 467      D0BBBC65 
 467      ABAA2ACB 
 467      2112
 468 0ff0 9B3BC0DF 		.ascii	"\233;\300\337!\306\246\215V\025Y\315\234\037\376\204"
 468      21C6A68D 
 468      561559CD 
 468      9C1FFE84 
 469 1000 4D1A2BC9 		.ascii	"M\032+\311\322\361\301\313\032\341\347\363^2i\224\264"
 469      D2F1C1CB 
 469      1AE1E7F3 
 469      5E326994 
 469      B4
 470 1011 C46668F1 		.ascii	"\304fh\361\011\012\012\025%\204%r\270\2105:\367\214"
 470      090A0A15 
 470      25842572 
 470      B888353A 
 470      F78C
 471 1023 37BAE12A 		.ascii	"7\272\341*\332P\325%]\033\323\322\237ht\336\313\274"
 471      DA50D525 
 471      5D1BD3D2 
 471      9F6874DE 
 471      CBBC
 472 1035 6D81EA6C 		.ascii	"m\201\352l\222\034r=\000\345\003\370m\333\234\372.\311"
 472      921C723D 
ARM GAS  C:\Users\hgray\AppData\Local\Temp\ccCPkYZF.s 			page 38


 472      00E503F8 
 472      6DDB9CFA 
 472      2EC9
 473 1047 F926D95A 		.ascii	"\371&\331Z\014\270\010\024\333Z\264od\033\021\353\276"
 473      0CB80814 
 473      DB5AB46F 
 473      641B11EB 
 473      BE
 474 1058 C509B7F4 		.ascii	"\305\011\267\364\004h\372\017\366;\021\302\356z'r\237"
 474      0468FA0F 
 474      F63B11C2 
 474      EE7A2772 
 474      9F
 475 1069 25C180D3 		.ascii	"%\301\200\323$\350\022\202j\335\217\015,\236\331\234"
 475      24E81282 
 475      6ADD8F0D 
 475      2C9ED99C 
 476 1079 1CDEDD83 		.ascii	"\034\336\335\203\312\355$\225\333%x\202\236XB\370\372"
 476      CAED2495 
 476      DB257882 
 476      9E5842F8 
 476      FA
 477 108a 206C3D40 		.ascii	" l=@\275@\217\200\036\002u\333%\375\320F\373\035\235"
 477      BD408F80 
 477      1E0275DB 
 477      25FDD046 
 477      FB1D9D
 478 109d 1385D634 		.ascii	"\023\205\3264\032\0309\364T\216/\2614\212L\355^!}\260"
 478      1A1839F4 
 478      548E2FB1 
 478      348A4CED 
 478      5E217DB0 
 479 10b1 675C8A23 		.ascii	"g\\\212#\271\360\004\206\017\212\2710 >\330\027a}\014"
 479      B9F00486 
 479      0F8AB930 
 479      203ED817 
 479      617D0C
 480 10c4 F8DE172B 		.ascii	"\370\336\027+ho\033?\006\017\3336\226\"\207\006\233"
 480      686F1B3F 
 480      060FDB36 
 480      96228706 
 480      9B
 481 10d5 5FB9E37B 		.ascii	"_\271\343{\264\2418Wx>E\215\310O\020\336:\333IICQ\013"
 481      B4A13857 
 481      783E458D 
 481      C84F10DE 
 481      3ADB4949 
 482 10ec 4F1384EC 		.ascii	"O\023\204\354\351\206\000\3210\250\262\235\246\267;"
 482      E98600D1 
 482      30A8B29D 
 482      A6B73B
 483 10fb 46BC7F1B 		.ascii	"F\274\177\033s\003Y\230\034\027\270\035\016\361\234"
 483      73035998 
 483      1C17B81D 
 483      0EF19C
 484 110a F83D176C 		.ascii	"\370=\027l\311!\266<\025\206\020[F\301\226\021\300\376"
 484      C921B63C 
ARM GAS  C:\Users\hgray\AppData\Local\Temp\ccCPkYZF.s 			page 39


 484      1586105B 
 484      46C19611 
 484      C0FE
 485 111c 02E839D0 		.ascii	"\002\3509\3203,=<\252\333\306r\205\024M\2110\312V}\016"
 485      332C3D3C 
 485      AADBC672 
 485      85144D89 
 485      30CA567D 
 486 1131 BB7982EB 		.ascii	"\273y\202\353\007\306N\374z_`\267y\3201\265\352\207"
 486      07C64EFC 
 486      7A5F60B7 
 486      79D031B5 
 486      EA87
 487 1143 586A0D2F 		.ascii	"Xj\015/Z\224\235\337\0351\241\305\217X\350jJ\307\222"
 487      5A949DDF 
 487      1D31A1C5 
 487      8F58E86A 
 487      4AC792
 488 1156 55D2D835 		.ascii	"U\322\3305_\212%\261\033\003\331/\305\330\015/\216\235"
 488      5F8A25B1 
 488      1B03D92F 
 488      C5D80D2F 
 488      8E9D
 489 1168 CDDE5760 		.ascii	"\315\336W`\343\273\354\005\265\373o\224>\365\372\351"
 489      E3BBEC05 
 489      B5FB6F94 
 489      3EF5FAE9 
 490 1178 31EB1E20 		.ascii	"1\353\036 .\256\211\347\217rT\3211\246\310&RFz\340\377"
 490      2EAE89E7 
 490      8F7254D1 
 490      31A6C826 
 490      52467AE0 
 491 118d 38FE2999 		.ascii	"8\376)\231\002\262\373\023\355\026C]v\007x\257\331\203"
 491      02B2FB13 
 491      ED16435D 
 491      760778AF 
 491      D983
 492 119f 907C0373 		.ascii	"\220|\003s\374\376\252Vw)\363\230\335SsB`\236\240\314"
 492      FCFEAA56 
 492      7729F398 
 492      DD537342 
 492      609EA0CC 
 493 11b3 03334595 		.ascii	"\0033E\225\302[d\012h^\274\036Q\355\241\026\337#\"\375"
 493      C25B640A 
 493      685EBC1E 
 493      51EDA116 
 493      DF2322FD 
 494 11c7 E2D03798 		.ascii	"\342\3207\230\374\030\277f%\232\304\364\267\370\361"
 494      FC18BF66 
 494      259AC4F4 
 494      B7F8F1
 495 11d6 7DBB2785 		.ascii	"}\273'\205\2271\311\372\335\372\266\345r\366\266eA\177"
 495      9731C9FA 
 495      DDFAB6E5 
 495      72F6B665 
 495      417F
 496 11e8 52135A1A 		.ascii	"R\023Z\032/8\354\033D\337\031\230\006\373\246\250}3"
ARM GAS  C:\Users\hgray\AppData\Local\Temp\ccCPkYZF.s 			page 40


 496      2F38EC1B 
 496      44DF1998 
 496      06FBA6A8 
 496      7D33
 497 11fa 78A95524 		.ascii	"x\251U$m\020\344\305\205\257=\245\3103\355\326|\263"
 497      6D10E4C5 
 497      85AF3DA5 
 497      C833EDD6 
 497      7CB3
 498 120c 02F2598A 		.ascii	"\002\362Y\212\374t\306\304\244\227\2249\335\216yN`\236"
 498      FC74C6C4 
 498      A4979439 
 498      DD8E794E 
 498      609E
 499 121e A3CC6D2F 		.ascii	"\243\314m/\252b<\360KV-\2051\013In.\327\241\013v;\334"
 499      AA623CF0 
 499      4B562D85 
 499      310B496E 
 499      2ED7A10B 
 500 1235 BE0B2F87 		.ascii	"\276\013/\207\225\260\345\251\201\035\344\263\005\267"
 500      95B0E5A9 
 500      811DE4B3 
 500      05B7
 501 1243 074D917C 		.ascii	"\007M\221|\033\370\346;\312\207\346\305\364\230w\334"
 501      1BF8E63B 
 501      CA87E6C5 
 501      F49877DC 
 502 1253 43F272B2 		.ascii	"C\362r\262\001\352\315|\234\250\305\271\032\266\307"
 502      01EACD7C 
 502      9CA8C5B9 
 502      1AB6C7
 503 1262 4D9A1872 		.ascii	"M\232\030r\267\012\353\304\263\366\302\302\3446api/"
 503      B70AEBC4 
 503      B3F6C2C2 
 503      E4366170 
 503      692F
 504 1274 2C9C0A3B 		.ascii	",\234\012;\321\027\233\243\304\245L\330\311\242#%\236"
 504      D1179BA3 
 504      C4A54CD8 
 504      C9A22325 
 504      9E
 505 1285 F8026B44 		.ascii	"\370\002kD\327]\312P\300j\033E\220\221\244goVz\255J"
 505      D75DCA50 
 505      C06A1B45 
 505      9091A467 
 505      6F567AAD 
 506 129a D0F53855 		.ascii	"\320\3658U9\177,\035\036\020a\3747\015\034Uf\261*C\273"
 506      397F2C1D 
 506      1E1061FC 
 506      370D1C55 
 506      66B12A43 
 507 12af E572D2B2 		.ascii	"\345r\322\262\327\027I\365\305\354>\031\246\304qZ\366"
 507      D71749F5 
 507      C5EC3E19 
 507      A6C4715A 
 507      F6
 508 12c0 5A4274D1 		.ascii	"ZBt\321s\017A\340\310\202\333\265\350h&\360;*o\217\010"
ARM GAS  C:\Users\hgray\AppData\Local\Temp\ccCPkYZF.s 			page 41


 508      730F41E0 
 508      C882DBB5 
 508      E86826F0 
 508      3B2A6F8F 
 509 12d5 7E8FA3B0 		.ascii	"~\217\243\260\275T\330\361\3117\321\2368\225\011{\336"
 509      BD54D8F1 
 509      C937D19E 
 509      3895097B 
 509      DE
 510 12e6 91D7A611 		.ascii	"\221\327\246\021=\361\314\336\023Q\242\260(Ga\373\250"
 510      3DF1CCDE 
 510      1351A2B0 
 510      284761FB 
 510      A8
 511 12f7 B0F1B0C4 		.ascii	"\260\361\260\304b\025>\246ua\374T{\374-\215h|j\256\275"
 511      62153EA6 
 511      7561FC54 
 511      7BFC2D8D 
 511      687C6AAE 
 512 130c F1D136E3 		.ascii	"\361\3216\343c\300\370hG\025\373\251\212\313\215c\307"
 512      63C0F868 
 512      4715FBA9 
 512      8ACB8D63 
 512      C7
 513 131d 55B894A9 		.ascii	"U\270\224\251h\277=\364\237t3\003%&\354f\256\307\224"
 513      68BF3DF4 
 513      9F743303 
 513      2526EC66 
 513      AEC794
 514 1330 D67AD976 		.ascii	"\326z\331v\343qr\332y\264\277\304\365\211@\202\234d"
 514      E37172DA 
 514      79B4BFC4 
 514      F5894082 
 514      9C64
 515 1342 56BC5C48 		.ascii	"V\274\\H\255\214\371\261\253Z\001$\314\006\247\312J"
 515      AD8CF9B1 
 515      AB5A0124 
 515      CC06A7CA 
 515      4A
 516 1353 6E84F1CB 		.ascii	"n\204\361\313#\334\011\037\212\025]\020\353\210\357"
 516      23DC091F 
 516      8A155D10 
 516      EB88EF
 517 1362 00C55711 		.ascii	"\000\305W\021S7\247\306\027\030\276\271\321\2669\341"
 517      5337A7C6 
 517      1718BEB9 
 517      D1B639E1 
 518 1372 45673534 		.ascii	"Eg54o\016\036\215\020*\261\215\302j\036;\244\306\327"
 518      6F0E1E8D 
 518      102AB18D 
 518      C26A1E3B 
 518      A4C6D7
 519 1385 196FC199 		.ascii	"\031o\301\231\334J\341=Dwh\326\227\325\264r.K>E.\224"
 519      DC4AE13D 
 519      447768D6 
 519      97D5B472 
 519      2E4B3E45 
ARM GAS  C:\Users\hgray\AppData\Local\Temp\ccCPkYZF.s 			page 42


 520 139b 7CB29C96 		.ascii	"|\262\234\226\374\000\1777\222s,\352\203\362\225(IN"
 520      FC007F37 
 520      92732CEA 
 520      83F29528 
 520      494E
 521 13ad D853E54B 		.ascii	"\330S\345K\255\203\010\367\361\332\007\245j)w\366\333"
 521      AD8308F7 
 521      F1DA07A5 
 521      6A2977F6 
 521      DB
 522 13be B80F1C4F 		.ascii	"\270\017\034O:\255\205\351\261\255\206\036bU>\214\340"
 522      3AAD85E9 
 522      B1AD861E 
 522      62553E8C 
 522      E0
 523 13cf C32261FE 		.ascii	"\303\"a\376N\223/E\207\300\037\361\370C\311\340D\350"
 523      4E932F45 
 523      87C01FF1 
 523      F843C9E0 
 523      44E8
 524 13e1 F96F087A 		.ascii	"\371o\010z\272\234\314\220W\257\337\213R\343\333Z\227"
 524      BA9CCC90 
 524      57AFDF8B 
 524      52E3DB5A 
 524      97
 525 13f2 0725CD57 		.ascii	"\007%\315Wn\246(\361#\312 O\277|\346\205\007rg\2575"
 525      6EA628F1 
 525      23CA204F 
 525      BF7CE685 
 525      077267AF 
 526 1407 E9F6D057 		.ascii	"\351\366\320W\217,\361K\220\355\325\243l\271\016e\312"
 526      8F2CF14B 
 526      90EDD5A3 
 526      6CB90E65 
 526      CA
 527 1418 DDC93108 		.ascii	"\335\3111\010(<\012\012\311[M\244\207\276\351\264\204"
 527      283C0A0A 
 527      C95B4DA4 
 527      87BEE9B4 
 527      84
 528 1429 5E4A5E87 		.ascii	"^J^\207\202&:\"\267\275\016\005\372&/\367\\\346\244"
 528      82263A22 
 528      B7BD0E05 
 528      FA262FF7 
 528      5CE6A4
 529 143c A94058C4 		.ascii	"\251@X\304\\8Fs\341\2605\027N\205\345\027b!\027z\316"
 529      5C384673 
 529      E1B03517 
 529      4E85E517 
 529      6221177A 
 530 1451 2B332D42 		.ascii	"+3-Bq5\310\011'\312\020\263!\3031\033rh6\204\325\237"
 530      7135C809 
 530      27CA10B3 
 530      21C3311B 
 530      72683684 
 531 1467 B02871A2 		.ascii	"\260(q\242\247\253l}0Q\332\252r}Nt\202\3029n\205sd\350"
 531      A7AB6C7D 
ARM GAS  C:\Users\hgray\AppData\Local\Temp\ccCPkYZF.s 			page 43


 531      3051DAAA 
 531      727D4E74 
 531      82C2396E 
 532 147f 793B1653 		.ascii	"y;\026S\363B\331\200\220\232\300\207rE0\271\216`\362"
 532      F342D980 
 532      909AC087 
 532      724530B9 
 532      8E60F2
 533 1492 2898438F 		.ascii	"(\230C\217\337\364\250\245Ss\262\335\324\234/gS3|\003"
 533      DFF4A8A5 
 533      5373B2DD 
 533      D49C2F67 
 533      53337C03 
 534 14a6 7357C503 		.ascii	"sW\305\003\213\027\316e\310\007\207\317\214+E?<\265"
 534      8B17CE65 
 534      C80787CF 
 534      8C2B453F 
 534      3CB5
 535 14b8 D8261922 		.ascii	"\330&\031\"\342\244\250\371\244\243\346\002\252\271"
 535      E2A4A8F9 
 535      A4A3E602 
 535      AAB9
 536 14c6 EB555586 		.ascii	"\353UU\206\012\2271a\307\206\316]\022\336\360\326\222"
 536      0A973161 
 536      C786CE5D 
 536      12DEF0D6 
 536      92
 537 14d7 7BD949B9 		.ascii	"{\331I\271rV\024O\250\256\312\244\313j\227\211_lM|\362"
 537      7256144F 
 537      A8AECAA4 
 537      CB6A9789 
 537      5F6C4D7C 
 538 14ec 2B1870F3 		.ascii	"+\030p\363|\333\210\233c\342\237\202\344(\242\331XB"
 538      7CDB889B 
 538      63E29F82 
 538      E428A2D9 
 538      5842
 539 14fe 53B9D89A 		.ascii	"S\271\330\232\312\013\311\031/\225\216\211\357\222\333"
 539      CA0BC919 
 539      2F958E89 
 539      EF92DB
 540 150d 722FEDAE 		.ascii	"r/\355\256\\L\374\223\217\204\304/\025\022?\005\022"
 540      5C4CFC93 
 540      8F84C42F 
 540      15123F05 
 540      12
 541 151e 5F1C5C28 		.ascii	"_\034\\($\376\217\362\237\312>\\\275z\015\374\371n\365"
 541      24FE8FF2 
 541      9FCA3E5C 
 541      BD7A0DFC 
 541      F96EF5
 542 1531 DFE41F6C 		.ascii	"\337\344\037lZ\367\325'k\202Mk\214\3465&\243/t\006\232"
 542      5AF7D527 
 542      6B824D6B 
 542      8CE63526 
 542      A32F7406 
 543 1546 B6ACF655 		.ascii	"\266\254\366U\375\352\337\177\267\352\333u\353d*\243"
ARM GAS  C:\Users\hgray\AppData\Local\Temp\ccCPkYZF.s 			page 44


 543      FDEADF7F 
 543      B7EADB75 
 543      EB642AA3 
 544 1556 C12720C4 		.ascii	"\301' \304\350\037\254\326\353C\375\203\314\237~\242"
 544      E81FACD6 
 544      EB43FD83 
 544      CC9F7EA2 
 545 1566 376FF6FD 		.ascii	"7o\366\375\347\215t\260\311\034\352\347\037\274\321"
 545      E78D74B0 
 545      C91CEAE7 
 545      1FBCD1
 546 1575 1C1C1C60 		.ascii	"\034\034\034`\332\270%(t\025\275Z\345c\014\\e\010\334"
 546      DAB82528 
 546      7415BD5A 
 546      E5630C5C 
 546      6508DC
 547 1588 64F0F333 		.ascii	"d\360\3633\370m\374r\365\332U\237\254]\367\345\237>"
 547      F86DFC72 
 547      F5DA559F 
 547      AC5DF7E5 
 547      9F3E
 548 159a DB08FD1F 		.ascii	"\333\010\375\037\007\005\007\031>6\370l\362\337\350"
 548      07050719 
 548      3E36F86C 
 548      F2DFE8
 549 15a9 1FE41B10 		.ascii	"\037\344\033\020\352g\330\030\350\003\262\202\014\033"
 549      EA67D818 
 549      E803B282 
 549      0C1B
 550 15b7 F57E86CD 		.ascii	"\365~\206\315>\241\001f\275yW\210\301\264z\253Le\325"
 550      3EA10166 
 550      BD795788 
 550      C1B47AAB 
 550      4C65D5
 551 15ca F787BFA8 		.ascii	"\367\207\277\250>\323.\323F\275\311\354\007\302A\211"
 551      3ED32ED3 
 551      46BDC9EC 
 551      07C24189 
 552 15da D24C8CD3 		.ascii	"\322L\214\323\233\277q\346\023\337\340\300\300\340\240"
 552      9BBF71E6 
 552      13DFE0C0 
 552      C0E0A0
 553 15e9 3521C146 		.ascii	"5!\301F\263i\315\277\376\366\373o\277\337I\372B\374"
 553      B369CDBF 
 553      FEF6FB6F 
 553      BFDF49FA 
 553      42FC
 554 15fb 030C46D3 		.ascii	"\003\014F\323\232_}\373-\360[\321*\003\315;\003\000"
 554      9A5F7DFB 
 554      2DF05BD1 
 554      2A03CD3B 
 554      0300
 555 160d A13CC8B0 		.ascii	"\241<\310\260\323\354\026\274#\310`t\373S\250!\324\260"
 555      D3EC16BC 
 555      23C86074 
 555      FB53A821 
 555      D4B0
ARM GAS  C:\Users\hgray\AppData\Local\Temp\ccCPkYZF.s 			page 45


 556 161f C477ABDE 		.ascii	"\304w\253\336\274\025\334\350g\322\323\016y\210\321"
 556      BC15DCE8 
 556      67D2D30E 
 556      7988D1
 557 162e B0DDCBAE 		.ascii	"\260\335\313\256KoV\006\206\232\015;\365f\025p\323K"
 557      4B6F5606 
 557      869A0D3B 
 557      F5661570 
 557      D34B
 558 1640 9521C410 		.ascii	"\225!\304\020\004 \267x\030\266\033\202\314\201>\246"
 558      0420B778 
 558      18B61B82 
 558      CC813EA6 
 559 1650 6D701782 		.ascii	"mp\027\202C\007(w\370\370\233\341\246\227D8\321\356"
 559      43072877 
 559      F8F89BE1 
 559      A6974438 
 559      D1EE
 560 1662 296DE8CD 		.ascii	")m\350\315(Ta\330A\206*v\230\001_\010|\231\014\201!"
 560      285461D8 
 560      41862A76 
 560      98015F08 
 560      7C990C81 
 561 1677 D837C8EC 		.ascii	"\3307\310\354\256\327\013\356U\012\337n\320\2537k@\""
 561      AED70BEE 
 561      550ADF6E 
 561      D0AB376B 
 561      4022
 562 1689 F0F8846C 		.ascii	"\360\370\204l\0156\032\224&\242\332\264\305\015\010"
 562      0D361A94 
 562      26A2DAB4 
 562      C50D08
 563 1698 187698CD 		.ascii	"\030v\230\315\306\220\245L\205\336h\330l0\032\202|\001"
 563      C690A54C 
 563      85DE68D8 
 563      6C301A82 
 563      7C01
 564 16aa 3C880DDE 		.ascii	"<\210\015\336\364C\210\312\260\323\337\354\033\354g"
 564      F44388CA 
 564      B0D3DFEC 
 564      1BEC67
 565 16b9 5018FD76 		.ascii	"P\030\375v\301\0109\260\230\334Y\336|\005z\254\337f"
 565      C10839B0 
 565      98DC59DE 
 565      7C057AAC 
 565      DF66
 566 16cb D20FE236 		.ascii	"\322\017\3426\007\370l1)\315\2010\002Z&\263\217\331"
 566      07F86C31 
 566      29CD8130 
 566      025A26B3 
 566      8FD9
 567 16dd A032D32F 		.ascii	"\2402\323/\"\322g\223\217\311 d\335\027\237\201\355"
 567      22D26793 
 567      8FC92064 
 567      DD179F81 
 567      ED
 568 16ee D60BB5C9 		.ascii	"\326\013\265\311\274\315'\300\177K\220\336\274\356\275"
ARM GAS  C:\Users\hgray\AppData\Local\Temp\ccCPkYZF.s 			page 46


 568      BCCD27C0 
 568      7F4B90DE 
 568      BCEEBD
 569 16fd A3B6D517 		.ascii	"\243\266\325\027\314\2010\311\203|\002\015r\337\255"
 569      CC8130C9 
 569      837C020D 
 569      72DFAD
 570 170c 3E46B7E0 		.ascii	">F\267\340\000?\210Q\220a\207\301\210}\315;9S\010\027"
 570      003F8851 
 570      906187C1 
 570      887DCD3B 
 570      39530817 
 571 1720 60847CDF 		.ascii	"`\204|\337\002y\2437s\306/9\343\027\234\361s\316\370"
 571      0279A337 
 571      73C62F39 
 571      E3179CF1 
 571      73CEF8
 572 1733 1936AE5B 		.ascii	"\0316\256[\007\264\2263~\315\031\277\362 \222\211\363"
 572      07B49633 
 572      7ECD19BF 
 572      F2209289 
 572      F3
 573 1744 60D0E7FF 		.ascii	"`\320\347\3777\000\372\355_\004\002\010\015\225\340"
 573      3700FAED 
 573      5F040208 
 573      0D95E0
 574 1753 1B1C0471 		.ascii	"\033\034\004q6\313I\002\272\333\342\350\026\030\002"
 574      36CB4902 
 574      BADBE2E8 
 574      161802
 575 1762 49AD129C 		.ascii	"I\255\022\234l\326\271\250U!\233\341\206\311w\253\037"
 575      6CD6B9A8 
 575      55219BE1 
 575      86C977AB 
 575      1F
 576 1773 C8FCE89D 		.ascii	"\310\374\350\235\214\220\000\300\367O\357\026\270\313"
 576      8C9000C0 
 576      F74FEF16 
 576      B8CB
 577 1781 644DEA77 		.ascii	"dM\352w\013\205T\001>\200\377\275i\313\006H\330\277"
 577      0B855401 
 577      3E80FFBD 
 577      69CB0648 
 577      D8BF
 578 1793 7FF7DC22 		.ascii	"\177\367\334\"p\377\0362XC\257~k\0100@\254\265\276["
 578      70FF1E32 
 578      5843AF7E 
 578      6B083040 
 578      ACB5BE5B 
 579 17a7 37F86EFD 		.ascii	"7\370n\375U\360\206\000\203!d\203\007m\375\026\234\260"
 579      55F08600 
 579      83216483 
 579      076DFD16 
 579      9CB0
 580 17b9 6BBD865E 		.ascii	"k\275\206^\377\336g\233!4d\003\347\273\025\373m\242"
 580      FFDE679B 
 580      21346403 
ARM GAS  C:\Users\hgray\AppData\Local\Temp\ccCPkYZF.s 			page 47


 580      E7BB15FB 
 580      6DA2
 581 17cb 994F901A 		.ascii	"\231O\220\032\002"
 581      02
 582 17d0 61E2D814 		.ascii	"a\342\330\024\272\305=\304'\310\337W\017\032<\245\335"
 582      BAC53DC4 
 582      27C8DF57 
 582      0F1A3CA5 
 582      DD
 583 17e1 9049DBCD 		.ascii	"\220I\333\315\244\030\334\374\014\001f\037-\334\203"
 583      A418DCFC 
 583      0C01661F 
 583      2DDC83
 584 17f0 C8198CDB 		.ascii	"\310\031\214\333}\002\336\307\271f\377@\2325\233C\203"
 584      7D02DEC7 
 584      B966FF40 
 584      9A359B43 
 584      83
 585 1801 7C55DBCD 		.ascii	"|U\333\315\344Ko&\025\275\335\337h\016%2\200\301\210"
 585      E44B6F26 
 585      15BDDDDF 
 585      680E2532 
 585      80C188
 586 1814 437C8C5E 		.ascii	"C|\214^v=z\363\007\216L\254&U\001>&3i\273\023\224\360"
 586      763D7AF3 
 586      078E4CAC 
 586      2655013E 
 586      263369BB 
 587 182b AD37FF95 		.ascii	"\2557\377\225\0236\250\007#\371\006\237\350I\"\354\242"
 587      1336A807 
 587      23F9069F 
 587      E84922EC 
 587      A2
 588 183c BD4ADF50 		.ascii	"\275J\337P#\224\234Y#v\351\315\3566G\250\003}\3006\232"
 588      23949C59 
 588      2376E9CD 
 588      EE3647A8 
 588      037DC036 
 589 1851 381EA277 		.ascii	"8\036\242w\314\304\223\273L\277\013\012\010\366\335"
 589      CCC493BB 
 589      4CBF0B0A 
 589      08F6DD
 590 1860 F61E01DD 		.ascii	"\366\036\001\335E\002\317r<\224\216\321\350\365\206"
 590      4502CF72 
 590      3C948ED1 
 590      E8F586
 591 186f 209F4D01 		.ascii	" \237M\001\006\275\277\361OZ\237\200\035>\273L\220\376"
 591      06BDBFF1 
 591      4F5A9F80 
 591      1D3EBB4C 
 591      90FE
 592 1881 013069FF 		.ascii	"\0010i\377\362-\351\017\251M\222\177\315\267\337oX\277"
 592      F22DE90F 
 592      A94D927F 
 592      CDB7DF6F 
 592      58BF
 593 1893 61CDB790 		.ascii	"a\315\267\220\375k\326[\265\004\232\374M\372-\276\276"
ARM GAS  C:\Users\hgray\AppData\Local\Temp\ccCPkYZF.s 			page 48


 593      FD6BD65B 
 593      B5049AFC 
 593      4DFA2DBE 
 593      BE
 594 18a4 2C7500DD 		.ascii	",u\000\335\257A\217;\325I4j\365z?\177\223U\245\206M"
 594      AF418F3B 
 594      D549346A 
 594      F57A3F7F 
 594      9355A586 
 595 18b9 91FE4126 		.ascii	"\221\376A&\203\321\014\267h\020\364\253?\377\372\263"
 595      83D10CB7 
 595      6810F4AB 
 595      3FFFFAB3 
 596 18c9 2F55D696 		.ascii	"/U\326\226\027M\244\365\246\337\2609s\275\233\376\227"
 596      174DA4F5 
 596      A6DFB039 
 596      73BD9BFE 
 596      97
 597 18da 5045EF51 		.ascii	"PE\357Q\023\220\220[e?a\0326\373o\016\006o\007\006o"
 597      1390905B 
 597      653F611A 
 597      36FB6F0E 
 597      066F0706 
 598 18ef 27B92826 		.ascii	"'\271(&\346\006\251\322\317\277\370_0a\234\013"
 598      E606A9D2 
 598      CFBFF85F 
 598      30619C0B 
 599              		.text
 600              		.section	.gnu.lto_.symtab.1824bea3,"",%progbits
 601 0000 63684D73 		.ascii	"chMsgSend\000"
 601      6753656E 
 601      6400
 602 000a 00       		.ascii	"\000"
 603 000b 00       		.ascii	"\000"
 604 000c 00       		.ascii	"\000"
 605 000d 00000000 		.ascii	"\000\000\000\000\000\000\000\000"
 605      00000000 
 606 0015 90010000 		.ascii	"\220\001\000\000"
 607 0019 63684D73 		.ascii	"chMsgWait\000"
 607      67576169 
 607      7400
 608 0023 00       		.ascii	"\000"
 609 0024 00       		.ascii	"\000"
 610 0025 00       		.ascii	"\000"
 611 0026 00000000 		.ascii	"\000\000\000\000\000\000\000\000"
 611      00000000 
 612 002e 93010000 		.ascii	"\223\001\000\000"
 613 0032 63684D73 		.ascii	"chMsgRelease\000"
 613      6752656C 
 613      65617365 
 613      00
 614 003f 00       		.ascii	"\000"
 615 0040 00       		.ascii	"\000"
 616 0041 00       		.ascii	"\000"
 617 0042 00000000 		.ascii	"\000\000\000\000\000\000\000\000"
 617      00000000 
 618 004a 98010000 		.ascii	"\230\001\000\000"
ARM GAS  C:\Users\hgray\AppData\Local\Temp\ccCPkYZF.s 			page 49


 619 004e 636800   		.ascii	"ch\000"
 620 0051 00       		.ascii	"\000"
 621 0052 02       		.ascii	"\002"
 622 0053 00       		.ascii	"\000"
 623 0054 00000000 		.ascii	"\000\000\000\000\000\000\000\000"
 623      00000000 
 624 005c F4010000 		.ascii	"\364\001\000\000"
 625 0060 63685363 		.ascii	"chSchGoSleepS\000"
 625      68476F53 
 625      6C656570 
 625      5300
 626 006e 00       		.ascii	"\000"
 627 006f 02       		.ascii	"\002"
 628 0070 00       		.ascii	"\000"
 629 0071 00000000 		.ascii	"\000\000\000\000\000\000\000\000"
 629      00000000 
 630 0079 9C010000 		.ascii	"\234\001\000\000"
 631 007d 63685363 		.ascii	"chSchReadyI\000"
 631      68526561 
 631      64794900 
 632 0089 00       		.ascii	"\000"
 633 008a 02       		.ascii	"\002"
 634 008b 00       		.ascii	"\000"
 635 008c 00000000 		.ascii	"\000\000\000\000\000\000\000\000"
 635      00000000 
 636 0094 A0010000 		.ascii	"\240\001\000\000"
 637 0098 63685363 		.ascii	"chSchWakeupS\000"
 637      6857616B 
 637      65757053 
 637      00
 638 00a5 00       		.ascii	"\000"
 639 00a6 02       		.ascii	"\002"
 640 00a7 00       		.ascii	"\000"
 641 00a8 00000000 		.ascii	"\000\000\000\000\000\000\000\000"
 641      00000000 
 642 00b0 A2010000 		.ascii	"\242\001\000\000"
 643              		.text
 644              		.section	.gnu.lto_.opts,"",%progbits
 645 0000 272D666D 		.ascii	"'-fmath-errno' '-fsigned-zeros' '-ftrapping-math' '"
 645      6174682D 
 645      6572726E 
 645      6F272027 
 645      2D667369 
 646 0033 2D666E6F 		.ascii	"-fno-trapv' '-fno-openmp' '-fno-openacc' '-mcpu=cor"
 646      2D747261 
 646      70762720 
 646      272D666E 
 646      6F2D6F70 
 647 0066 7465782D 		.ascii	"tex-m0' '-mno-thumb-interwork' '-mthumb' '-O2' '-fo"
 647      6D302720 
 647      272D6D6E 
 647      6F2D7468 
 647      756D622D 
 648 0099 6D69742D 		.ascii	"mit-frame-pointer' '-falign-functions=16' '-ffuncti"
 648      6672616D 
 648      652D706F 
 648      696E7465 
ARM GAS  C:\Users\hgray\AppData\Local\Temp\ccCPkYZF.s 			page 50


 648      72272027 
 649 00cc 6F6E2D73 		.ascii	"on-sections' '-fdata-sections' '-fno-common' '-flto"
 649      65637469 
 649      6F6E7327 
 649      20272D66 
 649      64617461 
 650 00ff 2700     		.ascii	"'\000"
 651              		.text
 652              		.comm	__gnu_lto_v1,1,1
 653              		.comm	__gnu_lto_slim,1,1
 654              		.ident	"GCC: (GNU Tools for Arm Embedded Processors 7-2017-q4-major) 7.2.1 20170904 (release) [ARM
ARM GAS  C:\Users\hgray\AppData\Local\Temp\ccCPkYZF.s 			page 51


DEFINED SYMBOLS
                            *ABS*:00000000 chmsg.c
                            *COM*:00000001 __gnu_lto_v1
                            *COM*:00000001 __gnu_lto_slim

NO UNDEFINED SYMBOLS
