ARM GAS  C:\Users\hgray\AppData\Local\Temp\ccJjQhCx.s 			page 1


   1              		.cpu cortex-m0
   2              		.eabi_attribute 20, 1
   3              		.eabi_attribute 21, 1
   4              		.eabi_attribute 23, 3
   5              		.eabi_attribute 24, 1
   6              		.eabi_attribute 25, 1
   7              		.eabi_attribute 26, 1
   8              		.eabi_attribute 30, 2
   9              		.eabi_attribute 34, 0
  10              		.eabi_attribute 18, 4
  11              		.file	"crt1.c"
  12              		.section	.gnu.lto_.profile.1824922d,"",%progbits
  13 0000 789C6363 		.ascii	"x\234cc```\001bF\006IQ\000\000\277\000:"
  13      60606001 
  13      62460649 
  13      510000BF 
  13      003A
  14              		.text
  15              		.section	.gnu.lto_.icf.1824922d,"",%progbits
  16 0000 789C6363 		.ascii	"x\234cc``Pc@\0006\206\033\347:ZY\030\301$\023\230d\276"
  16      60605063 
  16      40003686 
  16      1BE73A5A 
  16      5918C124 
  17 0018 F4F2D65B 		.ascii	"\364\362\326[\026\226\216\226IO\330X/~\333\330\303\307"
  17      16968E96 
  17      494FD858 
  17      2F7EDBD8 
  17      C3C7
  18 002a 000056BD 		.ascii	"\000\000V\275\021\207"
  18      1187
  19              		.text
  20              		.section	.gnu.lto_.jmpfuncs.1824922d,"",%progbits
  21 0000 789C6363 		.ascii	"x\234cc``\020d@\000V fd``b``f``\001r\000\003o\000'"
  21      60601064 
  21      40005620 
  21      66646060 
  21      62606066 
  22              		.text
  23              		.section	.gnu.lto_.inline.1824922d,"",%progbits
  24 0000 789C6363 		.ascii	"x\234cc``\210c@\000V\006\006f&F\006& \223m\201<\210"
  24      60608863 
  24      40005606 
  24      06662646 
  24      06262093 
  25 0018 6260C410 		.ascii	"b`\304\020a\302\020a\006\362 \",`\022H\211\374`\001"
  25      61C21061 
  25      06F22022 
  25      2C601248 
  25      89FC6001 
  26 002c 8A289DF8 		.ascii	"\212(\235\370\341\303\300\326\001Q\305\000\000\376\366"
  26      E1C3C0D6 
  26      0151C500 
  26      00FEF6
  27 003b 06DC     		.ascii	"\006\334"
  28              		.text
  29              		.section	.gnu.lto_.pureconst.1824922d,"",%progbits
ARM GAS  C:\Users\hgray\AppData\Local\Temp\ccJjQhCx.s 			page 2


  30 0000 789C6363 		.ascii	"x\234cc``\340\006bV\006\011F\011&\011f\023\026)\000"
  30      6060E006 
  30      62560609 
  30      46092609 
  30      66131629 
  31 0015 043700B7 		.ascii	"\0047\000\267"
  32              		.text
  33              		.section	.gnu.lto___core_init.1824922d,"",%progbits
  34 0000 789C6363 		.ascii	"x\234cc``\250\003bG \226\006bFf\006F\246\011\347\030"
  34      6060A803 
  34      62472096 
  34      06624666 
  34      0646A609 
  35 0016 181A3998 		.ascii	"\030\0329\230\030\031A\214\006\016F\206z&\306z\306\036"
  35      1819418C 
  35      060E4686 
  35      7A26C67A 
  35      C61E
  36 0028 E629CC8C 		.ascii	"\346)\314\214\207\332\237\355d\322\\\336\000\004\007"
  36      87DA9FED 
  36      64D25CDE 
  36      000407
  37 0037 A66FE26A 		.ascii	"\246o\342jkh\225\230\303\314\3000\015\210A\200q3\243"
  37      6B689598 
  37      C3CCC030 
  37      0D884180 
  37      7133A3
  38 004a 260350D9 		.ascii	"&\003P\331\243\215\377\246\362\262\261@\304\031\267"
  38      A38DFFA6 
  38      F2B2B140 
  38      C419B7
  39 0059 30B23130 		.ascii	"0\26210\002\031\353/\261\036h\370\367\277\275\341\300"
  39      0219EB2F 
  39      B11E68F8 
  39      F7BFBDE1 
  39      C0
  40 006a 91C58CFB 		.ascii	"\221\305\214\373\275\230\030\030:\200\362@K\032\016"
  40      BD981818 
  40      3A80F240 
  40      4B1A0E
  41 0079 30743233 		.ascii	"0t23\201X\315\007\030\33616)\200\265\200@\0073#H\030"
  41      8158CD07 
  41      18DE3136 
  41      2980B580 
  41      40073323 
  42 008f A8D45E4F 		.ascii	"\250\324^OO\037\210\22232\2232\363\213\015-\214\364"
  42      4F1F8892 
  42      33329332 
  42      F38B0D2D 
  42      8CF4
  43 00a1 F38BF593 		.ascii	"\363\213\365\223\363ss\363\363\364\213K\022\213JJ\013"
  43      F37373F3 
  43      F3F48B4B 
  43      128B4A4A 
  43      0B
  44 00b2 F41D837C 		.ascii	"\364\035\203|\235}+@\242\005\2319\251E\305\372\356\316"
  44      9D7D2B40 
ARM GAS  C:\Users\hgray\AppData\Local\Temp\ccJjQhCx.s 			page 3


  44      A2059939 
  44      A945C5FA 
  44      EECE
  45 00c4 CEFAC945 		.ascii	"\316\372\311E%\206z\311\014\000\306\343@H"
  45      25867AC9 
  45      0C00C6E3 
  45      4048
  46              		.text
  47              		.section	.gnu.lto___early_init.1824922d,"",%progbits
  48 0000 789C6363 		.ascii	"x\234cc``\250\001bG \226\006bFf\006F\246\011\347\030"
  48      6060A801 
  48      62472096 
  48      06624666 
  48      0646A609 
  49 0016 181A3998 		.ascii	"\030\0329\230\030\031A\214\006\016F\206z&\306z\306\036"
  49      1819418C 
  49      060E4686 
  49      7A26C67A 
  49      C61E
  50 0028 E629CC8C 		.ascii	"\346)\314\214\207\332\237\355d\322\\\336\000\004\007"
  50      87DA9FED 
  50      64D25CDE 
  50      000407
  51 0037 A6FFE06A 		.ascii	"\246\377\340jkh\225\230\303\314\3000\015\210A\200q3"
  51      6B689598 
  51      C3CCC030 
  51      0D884180 
  51      7133
  52 0049 A3260350 		.ascii	"\243&\003P\331\243\215\377\246\362\262\261@\304\031"
  52      D9A38DFF 
  52      A6F2B2B1 
  52      40C419
  53 0058 B730B231 		.ascii	"\2670\26210\002\031\353/\261\036h\370\367\277\275\341"
  53      300219EB 
  53      2FB11E68 
  53      F8F7BFBD 
  53      E1
  54 0069 C0196566 		.ascii	"\300\031ef&\006\206\016\240,\320\212\206\003\014\235"
  54      2606860E 
  54      A02CD08A 
  54      86030C9D 
  55 0079 402E90D5 		.ascii	"@.\220\325|\200\341\035c\223\002X\003\010t03\202\204"
  55      7C80E11D 
  55      63930258 
  55      03087430 
  55      338284
  56 008c 814AEDF5 		.ascii	"\201J\355\365\364\364\201(9#3)3\277\330\320\302H?\277"
  56      F4F48128 
  56      39233329 
  56      33BFD8D0 
  56      C2483FBF 
  57 00a0 583F393F 		.ascii	"X?9?77?O\277\270$\261\250\244\264@\3371\310\327\331"
  57      37373F4F 
  57      BFB824B1 
  57      A8A4B440 
  57      DF31C8D7 
  58 00b5 B702245A 		.ascii	"\267\002$Z\220\231\223ZT\254\357\356\354\254\237\\T"
ARM GAS  C:\Users\hgray\AppData\Local\Temp\ccJjQhCx.s 			page 4


  58      9099935A 
  58      54ACEFEE 
  58      ECAC9F5C 
  58      54
  59 00c6 62A897CC 		.ascii	"b\250\227\314\000\000\015\221?\015"
  59      00000D91 
  59      3F0D
  60              		.text
  61              		.section	.gnu.lto___late_init.1824922d,"",%progbits
  62 0000 789C6363 		.ascii	"x\234cc``\250\001bG \226\006bFf\006F\246\011\347\030"
  62      6060A801 
  62      62472096 
  62      06624666 
  62      0646A609 
  63 0016 181A3998 		.ascii	"\030\0329\230\030\031A\214\006\016F\206z&\306z\306\036"
  63      1819418C 
  63      060E4686 
  63      7A26C67A 
  63      C61E
  64 0028 E629CC8C 		.ascii	"\346)\314\214\207\332\237\355d\322\\\336\000\004\007"
  64      87DA9FED 
  64      64D25CDE 
  64      000407
  65 0037 A66FE16E 		.ascii	"\246o\341nkh\225\230\303\314\3000\015\210A\200q3\243"
  65      6B689598 
  65      C3CCC030 
  65      0D884180 
  65      7133A3
  66 004a 260350D9 		.ascii	"&\003P\331\243\215\377\246\362\262\261@\304\031\267"
  66      A38DFFA6 
  66      F2B2B140 
  66      C419B7
  67 0059 30B23130 		.ascii	"0\26210\002\031\353/\261\036h\370\367\277\275\341\300"
  67      0219EB2F 
  67      B11E68F8 
  67      F7BFBDE1 
  67      C0
  68 006a 11656626 		.ascii	"\021ef&\006\206\016\240,\320\212\206\003\014\235@.\220"
  68      06860EA0 
  68      2CD08A86 
  68      030C9D40 
  68      2E90
  69 007c D57C80E1 		.ascii	"\325|\200\341\035c\223\002X\003\010t03\202\204\201J"
  69      1D639302 
  69      58030874 
  69      30338284 
  69      814A
  70 008e EDF5F4F4 		.ascii	"\355\365\364\364\201(9#3)3\277\330\320\302H?\277X?9"
  70      81283923 
  70      332933BF 
  70      D8D0C248 
  70      3FBF583F 
  71 00a3 3F37373F 		.ascii	"?77?O\277\270$\261\250\244\264@\3371\310\327\331\267"
  71      4FBFB824 
  71      B1A8A4B4 
  71      40DF31C8 
  71      D7D9B7
ARM GAS  C:\Users\hgray\AppData\Local\Temp\ccJjQhCx.s 			page 5


  72 00b6 02245A90 		.ascii	"\002$Z\220\231\223ZT\254\357\356\354\254\237\\Tb\250"
  72      99935A54 
  72      ACEFEEEC 
  72      AC9F5C54 
  72      62A8
  73 00c8 97CC0000 		.ascii	"\227\314\000\000\3358>\302"
  73      DD383EC2 
  74              		.text
  75              		.section	.gnu.lto___default_exit.1824922d,"",%progbits
  76 0000 789C6363 		.ascii	"x\234cc``\250\005bG 6\007bFV\006F\246\011\347\030\030"
  76      6060A805 
  76      62472036 
  76      07624656 
  76      0646A609 
  77 0017 1A399818 		.ascii	"\0329\230\030\231!\014fF\026\010\203\005\"\342\310\310"
  77      99210C66 
  77      46160883 
  77      0522E2C8 
  77      C8
  78 0028 50CFC4CC 		.ascii	"P\317\304\314\302\010$\030\240\240\207y\0123\343\241"
  78      C2082418 
  78      A0A08779 
  78      0A33E3A1 
  79 0038 F6673B99 		.ascii	"\366g;\2314\2277\000\301\201\351\367\270\333\032Z%\346"
  79      34973700 
  79      C181E9F7 
  79      B8DB1A5A 
  79      25E6
  80 004a 00554C83 		.ascii	"\000UL\203\252b\334\314\250\311\000T\366h\343\277\251"
  80      AA62DCCC 
  80      A8C90054 
  80      F668E3BF 
  80      A9
  81 005b BC6C2C10 		.ascii	"\274l,\020q\306-\214l\014\214@\306\372K\254\007\032"
  81      71C62D8C 
  81      6C0C8C40 
  81      C6FA4BAC 
  81      071A
  82 006d FEFD6F6F 		.ascii	"\376\375oo8pg1\343Oo\240P\007P\236\261\341\000\220f"
  82      38706731 
  82      E34F6FA0 
  82      5007509E 
  82      B1E10090 
  83 0082 62606C04 		.ascii	"b`l\004\321\314\014@\353\233A,\026\020\213\261\203\231"
  83      D1CC0C40 
  83      EB9B412C 
  83      16108BB1 
  83      8399
  84 0094 116CB2BD 		.ascii	"\021l\262\275\236\236>\020%gd&e\346\027\033Z\030\351"
  84      9E9E3E10 
  84      25676426 
  84      65E6171B 
  84      5A18E9
  85 00a7 E717EB27 		.ascii	"\347\027\353'\347\347\346\346\347\351\027\227$\026\225"
  85      E7E7E6E6 
  85      E7E91797 
  85      241695
ARM GAS  C:\Users\hgray\AppData\Local\Temp\ccJjQhCx.s 			page 6


  86 00b6 9416E83B 		.ascii	"\224\026\350;\006\371:\373V\200D\0132sR\213\212\365"
  86      06F93AFB 
  86      5680440B 
  86      3273528B 
  86      8AF5
  87 00c8 DD9D9DF5 		.ascii	"\335\235\235\365\223\213J\014\365\222\031\000 wC;"
  87      938B4A0C 
  87      F5921900 
  87      2077433B 
  88              		.text
  89              		.section	.gnu.lto___init_ram_areas.1824922d,"",%progbits
  90 0000 789C9555 		.ascii	"x\234\225U\315o\033U\020\177\263o\277\274k[V\334\003"
  90      CD6F1B55 
  90      107FB36F 
  90      BFBC6B5B 
  90      56DC03
  91 0013 87AACA25 		.ascii	"\207\252\312%\207^b\205S\304\005\225HP!\365\302_@\011"
  91      875E6285 
  91      53C40595 
  91      485021F5 
  91      C25F4009 
  92 0027 4844A2C4 		.ascii	"HD\242\304JR\211\023\336\346\243uZ\004UE?d9\305P\244"
  92      4A528913 
  92      DEE6A375 
  92      5A045545 
  92      3F6439C5 
  93 003d 120418D4 		.ascii	"\022\004\030\324\002\211\363\265qB\233\2268%\246\255"
  93      0289F3B5 
  93      71429B96 
  93      3825A6AD 
  94 004d AA2A7068 		.ascii	"\252*phI\015)_%\241RC\011\314\314[S7\201\002\226\275"
  94      490D295F 
  94      25A15243 
  94      09CCCC5B 
  94      53378102 
  95 0063 FBDEBEDF 		.ascii	"\373\336\276\337\314\374\3467\263cS\010q\334\024\342"
  95      CCFCE637 
  95      B3635308 
  95      71DC14E2 
  96 0073 49BCBF87 		.ascii	"I\274\277\207?\210\010\320\016\316\011\261\307\326@"
  96      3F8808D0 
  96      0ECE09B1 
  96      C7D640
  97 0082 AA850443 		.ascii	"\252\205\004C-t\265\230\264\015M?]\024\302s\334\005"
  97      2D74B598 
  97      B40D4D3F 
  97      5D14C273 
  97      DC05
  98 0094 57786117 		.ascii	"Wxa\027lz\016\226\272O\332\266f\251\363\020\237\207"
  98      6C7A0E96 
  98      BA4FDAB6 
  98      66A9F310 
  98      9F87
  99 00a6 B4F007D3 		.ascii	"\264\360\007\323\264u\256\205p\033V\216\2679\000t\367"
  99      B475AE85 
  99      701B568E 
  99      B7390074 
ARM GAS  C:\Users\hgray\AppData\Local\Temp\ccJjQhCx.s 			page 7


  99      F7
 100 00b7 6C10294D 		.ascii	"l\020)M\352\206k\331\241\260\003)]\012\360u\364\366"
 100      EA866BD9 
 100      A1B00329 
 100      5D0AF075 
 100      F4F6
 101 00c9 D7058909 		.ascii	"\327\005\211\011C\004\037\273\272xE\276.\241\270\357"
 101      43041FBB 
 101      BA7845BE 
 101      2EA1B8EF 
 102 00d9 C6B0B6F5 		.ascii	"\306\260\266\365\244\207\037\377\350\241\350^\257\357"
 102      A4871FFF 
 102      E8A1E85E 
 102      AFEF
 103 00e7 A1AC14E2 		.ascii	"\241\254\024\342\210T\0308\005[\005\302\346{?\314\312"
 103      88541838 
 103      055B05C2 
 103      E67B3FCC 
 103      CA
 104 00f8 03322B01 		.ascii	"\0032+\001t\334\336*e\256Gi\253A=n{\337x'\257\313\307"
 104      74DCDE2A 
 104      65AE4769 
 104      AB413D6E 
 104      7BDF7827 
 105 010f 80903FA5 		.ascii	"\200\220?\245\027\277\2116\234\360\274n\317\377zh\323"
 105      17BF8936 
 105      9CF0BC6E 
 105      CFFF7A68 
 105      D3
 106 0120 891E6FC6 		.ascii	"\211\036o\306\323\263R\302' \321+|\014\233\3414lf\357"
 106      D3B352C2 
 106      2720D12B 
 106      7C0C9BE1 
 106      346C66EF 
 107 0134 08BFF6D1 		.ascii	"\010\277\366\321\332\341\210\251\303\247\320\240\202"
 107      DAE188A9 
 107      C3A7D0A0 
 107      82
 108 0141 C2109880 		.ascii	"\302\020\230\200\007\263~\177\336\221\217\263\317\337"
 108      07B37E7F 
 108      DE918FB3 
 108      CFDF
 109 014f 8E0E2FEA 		.ascii	"\216\016/\352\201\317\265\241-o\006>u\030\376[\237\323"
 109      81CFB5A1 
 109      2D6F063E 
 109      7518FE5B 
 109      9FD3
 110 0161 8B77CBAE 		.ascii	"\213w\313\256\334\316\2467\3233'\355\300\364\227\346"
 110      DCCEA637 
 110      D33327ED 
 110      C0F497E6 
 111 0171 8CE7F7D6 		.ascii	"\214\347\367\326\223\341\310\003\311\214B\003\024\220"
 111      93E1C803 
 111      C98C4203 
 111      1490
 112 017f 10714146 		.ascii	"\020qAFc\310H\010I\034\253G\371\262\341{k\177\354\363"
 112      63C84808 
ARM GAS  C:\Users\hgray\AppData\Local\Temp\ccJjQhCx.s 			page 8


 112      491CAB47 
 112      F9B2E17B 
 112      6B7FECF3 
 113 0193 FCB9E6B1 		.ascii	"\374\271\346\261\225\205\370&\020YihxA\365\361\242\013"
 113      9585F826 
 113      10596968 
 113      7841F5F1 
 113      A20B
 114 01a5 421B82F0 		.ascii	"B\033\202\360\246 \013\213\257a~\022\341u\22411^\327"
 114      A6200B8B 
 114      AF617E12 
 114      E1759431 
 114      315ED7
 115 01b8 F135CEA7 		.ascii	"\3615\316\247B\244Q\210Q\360|\321/5\\\364\370\342\006"
 115      42A45188 
 115      51F07CD1 
 115      2F355CF4 
 115      F8E206
 116 01cb 74E7F2D9 		.ascii	"t\347\362\331GX\0344B\256G\372\212\027,*\201\311y\366"
 116      47581C34 
 116      42AE47FA 
 116      8A172C2A 
 116      81C979F6 
 117 01df AC4E2C47 		.ascii	"\254N,GS\277{X=3'U:w\346\177H\27398\276'\226\225\026"
 117      53BF7B58 
 117      3D332755 
 117      3A77E67F 
 117      48BB3938 
 118 01f8 4C400AC6 		.ascii	"L@\012\306)WB\277}\252\017\020}\314\363roi\344\303\207"
 118      295742BF 
 118      7DAA0F10 
 118      7DCCF372 
 118      6F69E4C3 
 119 020d 1CE60893 		.ascii	"\034\346\010\223\220B\333~)\305\202\313a5&\231\221\272"
 119      9042DB7E 
 119      29C582CB 
 119      61352699 
 119      91BA
 120 021f 5882EEC2 		.ascii	"X\202\356\302w\257V,\222##\303\265\024$S\030-\226\316"
 120      77AF562C 
 120      922323C3 
 120      B5142453 
 120      182D96CE 
 121 0233 98140E7B 		.ascii	"\230\024\016{)7N\202\330h\007\305 \346\255\003\207\256"
 121      29374E82 
 121      D86807C5 
 121      20E6AD03 
 121      87AE
 122 0245 40E27DEF 		.ascii	"@\342}\357\240\347a\011B0\205\021\017s\233\3014$8\303"
 122      A0E76109 
 122      42308511 
 122      0F739BC1 
 122      342438C3 
 123 0259 9759EA51 		.ascii	"\227Y\352Q\212\027\346x\203\257\005\341\"\353\375\027"
 123      8A17E678 
 123      83AF05E1 
 123      22EBFD17 
ARM GAS  C:\Users\hgray\AppData\Local\Temp\ccJjQhCx.s 			page 9


 124 0269 FED5FF67 		.ascii	"\376\325\377g\354\037\310\377\231\373\374\027\310\177"
 124      EC1FC8FF 
 124      99FBFC17 
 124      C87F
 125 0277 4488DBDC 		.ascii	"D\210\333\334\312U\341H\212|v{U>8\013)\255\034\315\310"
 125      CA55E148 
 125      8A7C767B 
 125      553E380B 
 125      29AD1CCD 
 126 028c 68B87073 		.ascii	"h\270ps\022P\022]\340;\211\232 \257\273\373\307\226"
 126      1250125D 
 126      E03B899A 
 126      20AFBBFB 
 126      C796
 127 029e 938A18D4 		.ascii	"\223\212\030\324\352\240o\320\001\2318\031i\300\014"
 127      EAA06FD0 
 127      01993819 
 127      69C00C
 128 02ad 91847324 		.ascii	"\221\204s$2\332_\334?(\311|}R[\030m\006\350\363\210"
 128      32DA5FDC 
 128      3F28C97C 
 128      7D525B18 
 128      6D06E8F3 
 129 02c2 C60068D0 		.ascii	"\306\000h\320\223\335[Z~Z\005\254#\000\365,&T\177/\237"
 129      93DD5B5A 
 129      7E5A05AC 
 129      2300F52C 
 129      26547F2F 
 130 02d7 3A05FB6A 		.ascii	":\005\373j\371Y\005\213S\324\373`,k\234\253k\010\034"
 130      F959058B 
 130      53D4FB60 
 130      2C6B9CAB 
 130      6B081C
 131 02ea 1CD5F2B2 		.ascii	"\034\325\362\262\271\251\326\2141T\2513\025G\271\322"
 131      B9A9D68C 
 131      3154A933 
 131      1547B9D2 
 132 02fa 36E6F440 		.ascii	"6\346\364@\341?g\3415\022q\026\205_\204\336+S\013\020"
 132      E13F67E1 
 132      35127116 
 132      855F84DE 
 132      2B530B10 
 133 030e F8A25082 		.ascii	"\370\242P\202\2647\260\306\362\352\365;\230b\\/T\316"
 133      B437B0C6 
 133      F2EAF53B 
 133      98625C2F 
 133      54CE
 134 0320 C16DAEB3 		.ascii	"\301m\256\263\\\345Guz\246\202\252\247\245\213\215\010"
 134      5CE54775 
 134      7AA682AA 
 134      A7A58B8D 
 134      08
 135 0331 FDD2BA27 		.ascii	"\375\322\272'\376\312\267\357\2365\377Y=+P\257\204,"
 135      FECAB7EF 
 135      9E35FF59 
 135      3D2B50AF 
 135      842C
ARM GAS  C:\Users\hgray\AppData\Local\Temp\ccJjQhCx.s 			page 10


 136 0343 6A6BE380 		.ascii	"jk\343\200\2009<a\231\306~\015\324\214\221\301F5c,\223"
 136      80393C61 
 136      99C67E0D 
 136      D48C91C1 
 136      4635632C 
 137 0358 BD41264B 		.ascii	"\275A&KI3X\225F\376Oi.\2604\334__\254\227F\222{\226"
 137      49335895 
 137      46FE4F69 
 137      2EB034DC 
 137      5F5FAC97 
 138 0370 C642915C 		.ascii	"\306B\221\\\201,\254\325%n\275\220z\033\231\372\245"
 138      812CACD5 
 138      256EBD90 
 138      7A1B99FA 
 138      A5
 139 0381 DD0A8EAD 		.ascii	"\335\012\216\255I\355[\376yv\300U\2039\006\363\265\211"
 139      49ED5BFE 
 139      7976C055 
 139      833906F3 
 139      B589
 140 0393 F06B1BA5 		.ascii	"\360k\033\245\030sSk\005\223F\007\356\321$3\262r\336"
 140      1873536B 
 140      05934607 
 140      EED12433 
 140      B272DE
 141 03a6 2013FCDF 		.ascii	" \023\374\337\371O\223\343\313\232\3111qu\374\230\336"
 141      F94F93E3 
 141      CB9AC931 
 141      7175FC98 
 141      DE
 142 03b7 94A78C72 		.ascii	"\224\247\214rK\200\351\302E\314\011\312j\210\"\2404"
 142      4B80E9C2 
 142      45CC09CA 
 142      6A8822A0 
 142      34
 143 03c8 F0FD65B3 		.ascii	"\360\375e\263:Z\200f\303%h\302|/\363d\241\331\026\026"
 143      3A5A8066 
 143      C32568C2 
 143      7C2FF364 
 143      A1D91616 
 144 03dc 39074BEA 		.ascii	"9\007K\352\210\021\232l?\342{Y\031\0005j\371\034\360"
 144      88119A6C 
 144      3FE27B59 
 144      1900356A 
 144      F91CF0
 145 03ef 00BBE7D1 		.ascii	"\000\273\347\321\306\306\004~[\237o{\246\255\275\263"
 145      C6C6047E 
 145      5B9F6F7B 
 145      A6ADBDB3 
 146 03ff A9F9E144 		.ascii	"\251\371\341D{g\242\265}\327\256\366\027\023\235];;"
 146      7B67A2B5 
 146      7DD7AEF6 
 146      17139D5D 
 146      3B3B
 147 0411 BA762713 		.ascii	"\272v'\023\333\236\332\321\262\343%z\232l{\341\271\216"
 147      DB9EDAD1 
 147      B2E3257A 
ARM GAS  C:\Users\hgray\AppData\Local\Temp\ccJjQhCx.s 			page 11


 147      9A6C7BE1 
 147      B98E
 148 0423 CEC4132D 		.ascii	"\316\304\023--\211\326\216\256\246\306V!;v&!\251u%\377"
 148      2D89D68E 
 148      AEA6C656 
 148      213B7626 
 148      21A97525 
 149 0438 04852C42 		.ascii	"\004\205,BF"
 149      46
 150              		.text
 151              		.section	.gnu.lto_ram_areas.1824922d,"",%progbits
 152 0000 789C75D1 		.ascii	"x\234u\321\313K\033Q\024\006\360{rMb\325\372\252\366"
 152      CB4B1B51 
 152      1406F07B 
 152      724D62D5 
 152      FAAAF6
 153 0013 A1A9FE07 		.ascii	"\241\251\376\007\031\342*;\225,\304\205\033\377\003"
 153      19E22A3B 
 153      952CC485 
 153      1BFF03
 154 0022 1B0403B5 		.ascii	"\033\004\003\265\221$Bq\223Y(\210\242+]\231E@\301\225"
 154      91244271 
 154      93592888 
 154      A22B5D99 
 154      4540C195 
 155 0036 28B4D526 		.ascii	"(\264\325&\276\265\261\332\247\266j}\264>@\024\304\225"
 155      BEB5B1DA 
 155      A7B66A7D 
 155      B43E4014 
 155      C495
 156 0048 AD0855D1 		.ascii	"\255\010U\321\233|\263\220\011g\030\346\203s.\037?\356"
 156      9B7CB390 
 156      096718E6 
 156      83732E1F 
 156      3FEE
 157 005a D88410B5 		.ascii	"\330\204\020\265V!\252\005\236>I\261\330\331\256=|\243"
 157      5621AA05 
 157      9E3E49B1 
 157      D8D9AE3D 
 157      7CA3
 158 006c 77EAFA41 		.ascii	"w\352\372A\367\251l\213H\021\225i\253\350\261%\265\240"
 158      F7A96C8B 
 158      48119569 
 158      ABE8B125 
 158      B5A0
 159 007e F405A516 		.ascii	"\364\005\245\026\226\264Eaj.S\363\213\343\243\331L\367"
 159      96B44561 
 159      6A2E53F3 
 159      8BE3A3D9 
 159      4CF7
 160 0090 B8DE19D5 		.ascii	"\270\336\031\325\253\"\222\372\245\240q\012\367K\242"
 160      AB2292FA 
 160      A5A0710A 
 160      F74BA2
 161 009f 77C9B0D0 		.ascii	"w\311\260\320\333dHzC\341\344\361\177]\035\227\262["
 161      DB64487A 
 161      43E1E4F1 
ARM GAS  C:\Users\hgray\AppData\Local\Temp\ccJjQhCx.s 			page 12


 161      7F5D1D97 
 161      B25B
 162 00b1 46D4C26E 		.ascii	"F\324\302nj\275\355\2050\203\023Z9\241\215\021\3329"
 162      6ABDED85 
 162      3083135A 
 162      39A18D11 
 162      DA39
 163 00c3 E1148493 		.ascii	"\341\024\204\223\020\306!\214Axt5\022\317\205\320fj"
 163      10C6218C 
 163      41787435 
 163      12CF85D0 
 163      666A
 164 00d5 FD6B0833 		.ascii	"\375k\01039\341\003N\230\305\010\2639\341\002\204\363"
 164      39E1034E 
 164      98C508B3 
 164      39E10284 
 164      F3
 165 00e6 10CE4138 		.ascii	"\020\316A8\013\341\312P\374:\007B\253\251\365\304\020"
 165      0BE1CA50 
 165      FC3A0742 
 165      ABA9F5C4 
 165      10
 166 00f7 E670C287 		.ascii	"\346p\302\207\2340\227\021\346q\302e\010?B\270\004a"
 166      9C309711 
 166      E671C265 
 166      083F42B8 
 166      0461
 167 0109 02C2B5F6 		.ascii	"\002\302\265\366\261\210\361\2273L\255\223\2060\237"
 167      B188F197 
 167      334CAD93 
 167      86309F
 168 0118 131670C2 		.ascii	"\023\026p\302BF\370\210\023~\203\360+\204_ \374\014"
 168      4246F888 
 168      137E83F0 
 168      2B845F20 
 168      FC0C
 169 012a E1C2F9D8 		.ascii	"\341\302\371\330\260q\207\322\324:j\010\2138a1'|\314"
 169      B07187D2 
 169      D43A6A08 
 169      8B386131 
 169      277CCC
 170 013d 089F70C2 		.ascii	"\010\237p\302u\010\177B\370\003\3025\010\023\267\227"
 170      75087F42 
 170      F803C235 
 170      0813B797 
 171 014d 7379105A 		.ascii	"sy\020ZL\255\203\206\360)'|\306\011K\030a)'\334\201"
 171      4CAD8386 
 171      F029277C 
 171      C6094B18 
 171      612927DC 
 172 0162 701BC22D 		.ascii	"p\033\302-\010\177Ax\277\346\252\007$\007Gz\316\221"
 172      087F4178 
 172      BFE6AA07 
 172      2407477A 
 172      CE91
 173 0174 CA185239 		.ascii	"\312\030R9G\332\007i\017\244? \375\006\251} \361\337"
 173      47DA0769 
ARM GAS  C:\Users\hgray\AppData\Local\Temp\ccJjQhCx.s 			page 13


 173      0FA43F20 
 173      FD06A97D 
 173      20F1DF
 174 0187 8EE3BABA 		.ascii	"\216\343\272\272:I.\007\035\220\233*\034\264\253b\223"
 174      3A492E07 
 174      1D909B2A 
 174      1CB4AB62 
 174      93
 175 0198 1CB4A172 		.ascii	"\034\264\241rU\345w\225\237T\256\250\374\240rQ\345\214"
 175      55E57795 
 175      9F54AEA8 
 175      FCA07251 
 175      E58C
 176 01aa CA6995EF 		.ascii	"\312i\225\357UN\220[\320\241\372T:\235\232z\275M\276"
 176      554E905B 
 176      D0A1FA54 
 176      3A9D9A7A 
 176      BD4DBE
 177 01bd 173E7FD0 		.ascii	"\027>\177\320\345\256\320\374A\315\353on\366\277\322"
 177      E5AED0FC 
 177      41CDEB6F 
 177      6EF6BFD2 
 178 01cd 82A18640 		.ascii	"\202\241\206@\250\265E\253\256\257\363\324\275NN[|/"
 178      A8B545AB 
 178      AEAFF3D4 
 178      BD4E4E5B 
 178      7C2F
 179 01df 1B0341AD 		.ascii	"\033\003A\255\306\343\321\274\201\220\313\351\025w\324"
 179      C6E3D1BC 
 179      8190CBE9 
 179      1577D4
 180 01ee 520F85   		.ascii	"R\017\205"
 181              		.text
 182              		.section	.gnu.lto_.symbol_nodes.1824922d,"",%progbits
 183 0000 789C55CD 		.ascii	"x\234U\315E\016\002Q\024D\321j\303\335\335\335\335%"
 183      450E0251 
 183      1444D16A 
 183      C3DDDDDD 
 183      DD25
 184 0012 8C58D6EF 		.ascii	"\214X\326\357%\260\036F83\326\304\247&\244'\357$7\225"
 184      25B01E46 
 184      3833D6C4 
 184      A726A427 
 184      EF243795 
 185 0026 3C1B80A3 		.ascii	"<\033\200\243\"\217Z\026\300\351\003H\316\346A\206\212"
 185      228F5A16 
 185      C0E90348 
 185      CEE64186 
 185      8A
 186 0037 50ACA12A 		.ascii	"P\254\241*Tk\250\011\355\037\2122\324\205nY\030%\230"
 186      546BA809 
 186      ED1F8A32 
 186      D4856E59 
 186      182598
 187 004a 2540331A 		.ascii	"%@3\032JA\3760\232*ii\244\255\223\216A\2726\322\263"
 187      4A41FE30 
 187      9A2A6969 
ARM GAS  C:\Users\hgray\AppData\Local\Temp\ccJjQhCx.s 			page 14


 187      A4AD938E 
 187      41BA36D2 
 188 005f 93BE830C 		.ascii	"\223\276\203\014\234d\350\"#7\031{\310\304K\246>2\363"
 188      9C64E822 
 188      2337197B 
 188      C8C44BA6 
 188      3E32F3
 189 0072 9379802C 		.ascii	"\223y\200,\202d\031\"\2530YG\310&J\2661\262\213\223"
 189      82641922 
 189      AB305947 
 189      C8264AB6 
 189      31B28B93 
 190 0086 7D825C90 		.ascii	"}\202\\\220\244W\244\350\015izG\206>\220\245O\344\350"
 190      A457A4E8 
 190      0D697A47 
 190      863E90A5 
 190      4FE4E8
 191 0099 0B79FA46 		.ascii	"\013y\372F\341'\276\246\346&\233"
 191      E127BEA6 
 191      E6269B
 192              		.text
 193              		.section	.gnu.lto_.refs.1824922d,"",%progbits
 194 0000 789C0DC3 		.ascii	"x\234\015\303\007\016\202@\000\000\260K\3031\004\007"
 194      070E8240 
 194      0000B04B 
 194      C3310407 
 195 0010 20C301A2 		.ascii	" \303\001\242\340k\374\377\177\244I\323\020\302o/\021"
 195      E06BFCFF 
 195      7FA449D3 
 195      10C26F2F 
 195      11
 196 0021 89D312A5 		.ascii	"\211\323\022\2452\271\302A\251rtrvQk\264\256:\275\301"
 196      32B9C241 
 196      A9727472 
 196      76516BB4 
 196      AE3ABDC1 
 197 0035 E8E6EEE1 		.ascii	"\350\346\356\341i2{Y\274}\2546\337\360\007|\323\003"
 197      69327B59 
 197      BC7DAC36 
 197      DFF0077C 
 197      D303
 198 0047 9A       		.ascii	"\232"
 199              		.text
 200              		.section	.gnu.lto_.decls.1824922d,"",%progbits
 201 0000 789CAD96 		.ascii	"x\234\255\226[PT\311\031\307OO\017\3140\\\013\255-*"
 201      5B5054C9 
 201      19C74F4F 
 201      0FCC305C 
 201      0BAD2D2A 
 202 0014 C526C462 		.ascii	"\305&\304b\243\225\254 xa+\017\233MY\225\335\227\315"
 202      A395AC20 
 202      78612B0F 
 202      9B4D5995 
 202      DD97CD
 203 0027 43AAF292 		.ascii	"C\252\362\222P\231E\230\315R\201\301\300\220h\345\345"
 203      50994598 
 203      CD5281C1 
ARM GAS  C:\Users\hgray\AppData\Local\Temp\ccJjQhCx.s 			page 15


 203      C09068E5 
 203      E5
 204 0038 288A3790 		.ascii	"(\2127\220\233\212\\\024\020DA\024q\305\013\250\334"
 204      9B8A5C14 
 204      10444114 
 204      71C50BA8 
 204      DC
 205 0049 04041105 		.ascii	"\004\004\021\005\024\257\310((\352r\023\361\202\270"
 205      14AFC828 
 205      28EA7213 
 205      F182B8
 206 0058 4CBEFEFA 		.ascii	"L\276\376\372\314\265!yHN\315\377\234\323}\276\377\357"
 206      CCB52179 
 206      484ECDFF 
 206      9CD37DBE 
 206      FFEF
 207 006a EBF3759F 		.ascii	"\353\363u\237\256q\227$\251\320O\222\346\250$mQI\222"
 207      AE719724 
 207      A9D04F92 
 207      E6A8246D 
 207      514992
 208 007d 050E0DF4 		.ascii	"\005\016\015\3645I\366\303\015t\021\324\010j\001]\001"
 208      3549F6C3 
 208      0D7411D4 
 208      086A015D 
 208      01
 209 008e 75827E0E 		.ascii	"u\202~\016\032\007M\202\246@\323\2407\240w\240\367\240"
 209      1A074D82 
 209      A640D3A0 
 209      37A077A0 
 209      F7A0
 210 00a0 0FA03906 		.ascii	"\017\2409\006 \222\244\002\251A\356 -H\007\362\002\371"
 210      2092A402 
 210      A941EE20 
 210      2D4807F2 
 210      02F9
 211 00b2 80FC40FE 		.ascii	"\200\374@\376\240\305\240\217@\001\240\237\200\002A"
 211      A0C5A08F 
 211      4001A09F 
 211      800241
 212 00c1 3F050581 		.ascii	"?\005\005\201\226\200\202A\277\000-\003\375\022\364"
 212      96808241 
 212      BF002D03 
 212      FD12F4
 213 00d0 29288448 		.ascii	")(\204HN\307\277\010\246\223\276Q\332D\031\273\353\261"
 213      4EC7BF08 
 213      A693BE51 
 213      DA4419BB 
 213      EBB1
 214 00e2 699EB8C6 		.ascii	"i\236\270\306y\342\266\315\023\3272O\\\326<qW\346\211"
 214      79E2B6CD 
 214      13D7324F 
 214      5CD63C71 
 214      57E689
 215 00f5 DBCBDE5B 		.ascii	"\333\313\336[\211\363\007-\006\205B\337\003\270.\005"
 215      89F3072D 
 215      068542DF 
ARM GAS  C:\Users\hgray\AppData\Local\Temp\ccJjQhCx.s 			page 16


 215      03B82E05 
 216 0105 AD80FB31 		.ascii	"\255\200\3731\270\216\202\302\340\376\036\\\377\004"
 216      B88E82C2 
 216      E0FE1E5C 
 216      FF04
 217 0113 52839E80 		.ascii	"R\203\236\200\206@\217A\303J\216N\345:\356\222g\200"
 217      86408F41 
 217      C34A8E4E 
 217      E53AEE92 
 217      6780
 218 0125 70CF0385 		.ascii	"p\317\003\205\305\362\214-\300aG\220\304k\371\251R\333"
 218      C5F28C2D 
 218      C0614790 
 218      C46BF9A9 
 218      52DB
 219 0137 654AAD83 		.ascii	"eJ\255\203\225\332\007)s\021\250\314M\2002W\213\225"
 219      95DA0729 
 219      7311A8CC 
 219      4D803257 
 219      8B95
 220 0149 B9F353E6 		.ascii	"\271\363S\346\322K\231[\2552\327je\356\331 \331Z`k\202"
 220      D24B995B 
 220      AD32D76A 
 220      65EED920 
 220      D95A606B 
 221 015e AD0DB646 		.ascii	"\255\015\266F\330Zak\206\255\235I\227\361\357\241\344"
 221      D85A616B 
 221      86AD9D49 
 221      97F1EFA1 
 221      E4
 222 016f 7C736A8F 		.ascii	"|sj\217\367 \031 \260,\211\037\257*\341g\2702a\333b"
 222      F7201920 
 222      B02C891F 
 222      AF2AE167 
 222      B83261DB 
 223 0184 3D08EF87 		.ascii	"=\010\357\207^\025\277(\241\254a\265(\367pV)\014\225"
 223      5E15BF28 
 223      A1AC61B5 
 223      28F77056 
 223      290C95
 224 0197 958B3F05 		.ascii	"\225\213?\005@\034\251\3749Og=$+^\231lb\315\210H\347"
 224      401CA9FC 
 224      394F673D 
 224      242B5E99 
 224      6C62CD88 
 225 01ad 640E26A7 		.ascii	"d\016&\247\261J\266\307\266a\332_\222(E\250+91\2426"
 225      B14AB6C7 
 225      B661DA5F 
 225      922845A8 
 225      2B3931A2 
 226 01c2 9387D0FE 		.ascii	"\223\207\320\376\235$ej\343\261\367\354\275\214vw\012"
 226      9D24656A 
 226      E3B1F7EC 
 226      BD8C7677 
 226      0A
 227 01d3 AF09F7D7 		.ascii	"\257\011\367\327\036\214U\271Q\037\274?Y\370\241G\253"
 227      1E8C55B9 
ARM GAS  C:\Users\hgray\AppData\Local\Temp\ccJjQhCx.s 			page 17


 227      511FBC3F 
 227      59F8A147 
 227      AB
 228 01e4 5649E40C 		.ascii	"VI\344\014\241\334\177\253\261\344\234\206.\302\247"
 228      A1DC7FAB 
 228      B1E49C86 
 228      2EC2A7
 229 01f3 55725393 		.ascii	"UrS\223[H\225\314\017m%\225\3109\214\303\310V\313\333"
 229      5B4895CC 
 229      0F6D2595 
 229      C8398CC3 
 229      C856CBDB 
 230 0207 46DF5D94 		.ascii	"F\337]\224\370\353\210\012\232\275\223]\007<\241\271"
 230      F8EB880A 
 230      9ABD935D 
 230      073CA1B9 
 231 0217 5847FC98 		.ascii	"XG\374\2307\315\262\307-`\0373f\246\310~*\362\315G\244"
 231      37CDB2C7 
 231      2D601F33 
 231      66A6C87E 
 231      2AF2CD47 
 232 022c 9E04923A 		.ascii	"\236\004\222:\022\010\203\275@\002\340lTs\222y\373\356"
 232      120883BD 
 232      4002E06C 
 232      54739279 
 232      FBEE
 233 023e 14B2A458 		.ascii	"\024\262\244X.n\224\033\007\013\202+\272R\345\033\305"
 233      2E6E941B 
 233      070B822B 
 233      BA52E51B 
 233      C5
 234 024f B2FC05C6 		.ascii	"\262\374\005\306\221Z\002SKB \376,Q\263\026\334\235"
 234      915A0253 
 234      4B4220FE 
 234      2C51B316 
 234      DC9D
 235 0261 266642BE 		.ascii	"&fB\276'\203P\203\213d\011 ^\216et\373\322\002\262\300"
 235      27835083 
 235      8B640920 
 235      5E8E6574 
 235      FBD202B2 
 236 0276 5B0D3C7D 		.ascii	"[\015<}\224\253U2<\376U\276\334\270y\223,\253\020\177"
 236      94AB5532 
 236      3CFE55BE 
 236      DCB87993 
 236      2CAB107F 
 237 028a C9866F00 		.ascii	"\311\206o\000\374%W|#\342'nN>\244\364\350Bxs\375eY\247"
 237      FC25577C 
 237      23E2276E 
 237      4E3EA4F4 
 237      E8427873 
 238 02a2 E07B973B 		.ascii	"\340{\227;\341\233l\370f\3007\271\342[\020_q\367u\263"
 238      E19B6CF8 
 238      66C037B9 
 238      E25B105F 
 238      71F775B3 
 239 02b6 273DCDF1 		.ascii	"'=\315\361E\035\217K\274h\013o<\177v\363\276/\313\325"
ARM GAS  C:\Users\hgray\AppData\Local\Temp\ccJjQhCx.s 			page 18


 239      451D8F4B 
 239      BC680B6F 
 239      3C7F76F3 
 239      BE2FCBD5 
 240 02ca 6ACD35B4 		.ascii	"j\3155\264\243\347\202\2075;i#j\3269\374\354d\010\313"
 240      A3E78287 
 240      353B6923 
 240      6AD639FC 
 240      EC6408CB 
 241 02de DF2437BE 		.ascii	"\337$7\276\017q\312\177\331\226\277\035\362_v\315\177"
 241      0F71CA7F 
 241      D996BF1D 
 241      F25F76CD 
 241      7F
 242 02ef 05F3DFD8 		.ascii	"\005\363\337\330\277+\225\320.\236r\364\371\333\213"
 242      BF2B95D0 
 242      2E9E72F4 
 242      F9DB8B
 243 02fe 582BB3DC 		.ascii	"X+\263\334\330\371\031\203\311VX\207\025&\261[gR'\222"
 243      D8F91983 
 243      C9565887 
 243      1526B15B 
 243      67522792 
 244 0312 CE77E7B4 		.ascii	"\316w\347\264\370\320\001N:\363\264\243M\307W\210L\240"
 244      F8D0014E 
 244      3AF3B4A3 
 244      4DC75788 
 244      4CA0
 245 0324 FD63FF0F 		.ascii	"\375c\377\017\227\011_\"\262\026\332\323;\267\276\245"
 245      97095F22 
 245      B216DAD3 
 245      3BB7BEA5 
 246 0334 FCB9069A 		.ascii	"\374\271\006\232=[N\026*M5\233\322k\371C><:\210\275"
 246      3D5B4E16 
 246      2A4D359B 
 246      D26BF943 
 246      3E3C3A88 
 247 0349 62E7D429 		.ascii	"b\347\324)\037\335v\266\240\212Sd\217\257X\330\015X"
 247      1FDD76B6 
 247      A08A5364 
 247      8FAF58D8 
 247      0D58
 248 035b 50D77141 		.ascii	"P\327qA\365\020\035\234C\003I74!:\277~\272\323\215\263"
 248      F5101D9C 
 248      43034937 
 248      34213ABF 
 248      7EBAD38D 
 249 0370 58A66DAF 		.ascii	"X\246m\257.oV\323\021>\254\201+\025\307X\236\245:\302"
 249      2E6F56D3 
 249      113EAC81 
 249      2B15C758 
 249      9EA53AC2 
 250 0384 3E2D5FE8 		.ascii	">-_\350\252\036=?\343\315\273XDo\306T\231\206Na\270"
 250      AA1E3D3F 
 250      E3CDBB58 
 250      446FC654 
 250      99864E61 
ARM GAS  C:\Users\hgray\AppData\Local\Temp\ccJjQhCx.s 			page 19


 251 0399 6AF0EEEC 		.ascii	"j\360\356\354\003\037\242[\006\2517\363\324\222-1\271"
 251      031FA25B 
 251      06A937F3 
 251      D4922D31 
 251      B9
 252 03aa 43963113 		.ascii	"C\2261\023+\012\271\005\2357\241\263\234\215\261q\242"
 252      2B0AB905 
 252      9D37A1B3 
 252      9C8DB171 
 252      A2
 253 03bb E1F3BC29 		.ascii	"\341\363\274)Y\016\"\267\211\216\364\333\013\267T\307"
 253      590E22B7 
 253      898EF4DB 
 253      0BB754C7 
 254 03cb E7B1A22C 		.ascii	"\347\261\242,\353\220;\035\306oRU_\360\244U\265P\216"
 254      EB903B1D 
 254      C66F5255 
 254      5FF0A455 
 254      B5508E
 255 03de FB0BE718 		.ascii	"\373\013\347\030X\322\266\225M\316=\310q\327\236\343"
 255      58D2B695 
 255      4DCE3DC8 
 255      71D79EE3 
 256 03ee 36519258 		.ascii	"6Q\222X\006\372:\334\275v\332\250\030h\257\332\003\342"
 256      06FA3ADC 
 256      BD76DAA8 
 256      1868AFDA 
 256      03E2
 257 0400 A57CCC57 		.ascii	"\245|\314W\273\322/ih\007\305\327\317\034/\274\350I"
 257      BBD22F69 
 257      6807C5D7 
 257      CF1C2FBC 
 257      E849
 258 0412 FB78C3FA 		.ascii	"\373x\303\372]\373\363\357\332:\247\213\2259\275>\372"
 258      5DFBF3EF 
 258      DA3AA78B 
 258      9539BD3E 
 258      FA
 259 0423 F69C8E3E 		.ascii	"\366\234\216>\306X\367\253\355\205\273\275I0\034\313"
 259      C658F7AB 
 259      ED85BBBD 
 259      49301CCB 
 260 0433 161D6249 		.ascii	"\026\035bI\341s\016:\322\236*gF\261\\\244\017\2068B"
 260      E1730E3A 
 260      D29E2A67 
 260      46B15CA4 
 260      0F863842 
 261 0447 16D95FAD 		.ascii	"\026\331_\255\027\207\021\006'\211\307\277/\247rY\000"
 261      17871106 
 261      2789C7BF 
 261      2FA77259 
 261      00
 262 0458 060FB806 		.ascii	"\006\017\270\006\207\262\330\033\304\036\334y\304\026"
 262      87B2D81B 
 262      C41EDC79 
 262      C416
 263 0466 FC687EB2 		.ascii	"\374h~\262c\364\224\035\375p^4\016\203\027v|\037\205"
ARM GAS  C:\Users\hgray\AppData\Local\Temp\ccJjQhCx.s 			page 20


 263      63F4941D 
 263      FD705E34 
 263      0E831776 
 263      7C1F85
 264 0479 0D8FC548 		.ascii	"\015\217\305HJM\331\221\205\273\031\010>:X\370\201\260"
 264      4A4DD991 
 264      85BB1908 
 264      3E3A58F8 
 264      81B0
 265 048b EE998F91 		.ascii	"\356\231\217\221 \210<\205yzB\202\311\020\3501h\230"
 265      20883C85 
 265      797A4282 
 265      C910E831 
 265      6898
 266 049d 045BF7CA 		.ascii	"\004[\367\312\376;=m\036t\002\253\244:z\347T\213\216"
 266      FE3B3D6D 
 266      1E7402AB 
 266      A43A7AE7 
 266      548B8E
 267 04b0 2C5A362F 		.ascii	",Z6/\216\274\000\312\177#\362A\366G\2601>\207\330g\366"
 267      8EBC00CA 
 267      7F23F241 
 267      F647B031 
 267      3E87D867 
 268 04c5 A96743C6 		.ascii	"\251gC\306\224\327\322\314\225*\377L%\307\027j\014\274"
 268      94D7D2CC 
 268      952AFF4C 
 268      25C7176A 
 268      0CBC
 269 04d7 0659BA70 		.ascii	"\006Y\272p\320?\020\177\353g\203\273\212\371\334>\237"
 269      D03F107F 
 269      EB6783BB 
 269      8AF9DC3E 
 269      9F
 270 04e8 45CA88B6 		.ascii	"E\312\210\266/8\"i\241\027\374\276m\304\354\345\230"
 270      2F382269 
 270      A117FCBE 
 270      6DC4ECE5 
 270      98
 271 04f9 6DF43F65 		.ascii	"m\364?e;:WSE>)\225o\300~9^\020\230#\313_\2211\342O\256"
 271      3B3A5753 
 271      453E2995 
 271      6FC07E39 
 271      5E109823 
 272 0514 F2F77030 		.ascii	"\362\367p0\262\236\277\300f7N>\001\337\324t\372i_j\341"
 272      B29EBFC0 
 272      66374E3E 
 272      01DFD474 
 272      FA695F6A 
 273 0529 0BB3FB71 		.ascii	"\013\263\373qN\233/@\3140\267\335\373\375\017\245\024"
 273      4E9B2F40 
 273      CC30B7DD 
 273      FBFD0FA5 
 273      14
 274 053a F3E53DA1 		.ascii	"\363\345=\241@\354\313|\002\367\252ID\274H\277e\361"
 274      40ECCB7C 
 274      02F7AA49 
ARM GAS  C:\Users\hgray\AppData\Local\Temp\ccJjQhCx.s 			page 21


 274      44BC48BF 
 274      65F1
 275 054c A5D96A44 		.ascii	"\245\331jD\034\270=\333\252U\020\243e43\030\001/\005"
 275      1CB83DDB 
 275      AA5510A3 
 275      65343318 
 275      012F05
 276 055f C04B044C 		.ascii	"\300K\004L!\240|\356\346\031wZ\314\001\3677\235\235"
 276      21A07CEE 
 276      E619775A 
 276      CC01F737 
 276      9D9D
 277 0571 D52980E1 		.ascii	"\325)\200\341r+\340\225\000x\205\200i\004\344U\216\345"
 277      722BE095 
 277      00788580 
 277      6904E455 
 277      8EE5
 278 0583 E9683507 		.ascii	"\351h5\007\\\277]Z\347m\005\004\344\313\315j$\274\026"
 278      5CBF5D5A 
 278      E76D0504 
 278      E4CBCD6A 
 278      24BC16
 279 0596 08AF91F0 		.ascii	"\010\257\221\360\006\011OZ\256<\322\322\006N\0304wU"
 279      06094F5A 
 279      AE3CD2D2 
 279      064E1834 
 279      7755
 280 05a8 7A2A84A7 		.ascii	"z*\204\247\016ex+ \336\"\342\035\"6O\346\326x\322^\216"
 280      0E65782B 
 280      20DE22E2 
 280      1D22364F 
 280      E6D678D2 
 281 05be 38D89076 		.ascii	"8\330\220v\205\012e\230\021\0003\010x\217\200\236\306"
 281      850A6598 
 281      11003308 
 281      788F809E 
 281      C6
 282 05cf DA4A0D35 		.ascii	"\332J\0155s\300\325\364\366\017nB\031f\005\300,\002"
 282      73C0D5F4 
 282      F60F6E42 
 282      196605C0 
 282      2C02
 283 05e1 3E20E0E9 		.ascii	"> \340\351PZ\215;\235\340\200\354\372\264}\363\224\341"
 283      505A8D3B 
 283      9DE080EC 
 283      FAB47DF3 
 283      94E1
 284 05f3 4781F023 		.ascii	"G\201\360#\022\346\220\360\240\350\310\214\027\265("
 284      12E690F0 
 284      A0E8C88C 
 284      17B528
 285 0602 33B1FF6C 		.ascii	"3\261\377l\251u&\346\034\312`\021\020\026D\310*\206"
 285      A97526E6 
 285      1CCA6011 
 285      101644C8 
 285      2A86
 286 0614 C8ADEB3A 		.ascii	"\310\255\353:\253\241\331n\210\230=^\243\026\252\260"
ARM GAS  C:\Users\hgray\AppData\Local\Temp\ccJjQhCx.s 			page 22


 286      ABA1D96E 
 286      88983D5E 
 286      A316AAB0 
 287 0624 49E5EA87 		.ascii	"I\345\352\207\0368oF\277\245\273\350\232\212\026s\377"
 287      1E386F46 
 287      BFA5BBE8 
 287      9A8A1673 
 287      FF
 288 0635 64D3C327 		.ascii	"d\323\303'^B\025R\004@\012\002\266 \240\363Bv=,\006"
 288      5E421552 
 288      04400A02 
 288      B620A0F3 
 288      42763D2C 
 289 064a 0EA83EBC 		.ascii	"\016\250>\274i\213\227X\205\255\002a+\022R\221\260?"
 289      698B9758 
 289      85AD0261 
 289      2B125291 
 289      B03F
 290 065c 6DC7C7B4 		.ascii	"m\307\307\264\201\003nw\344NZ\213\320\237g/\3026\201"
 290      81036E77 
 290      E44E5A8B 
 290      D09F672F 
 290      C23681
 291 066f B00D09DB 		.ascii	"\260\015\011\333\221\360\342\304\371Z\017\332\313\021"
 291      91F0E2C4 
 291      F95A0FDA 
 291      CB11
 292 067d 4D5935D7 		.ascii	"MY5\327\335\205*\354\020\000;\020\260\023\001\263%3"
 292      DD852AEC 
 292      10003B10 
 292      B01301B3 
 292      2533
 293 068f 956A6AE6 		.ascii	"\225jj\346\200c\303ww\212\237\304.\001\260\013\001i"
 293      8063C377 
 293      778A9FC4 
 293      2E01B00B 
 293      0169
 294 06a1 0828283C 		.ascii	"\010((<X\357E'8\2404\373\374A\255X\205t\201\220\216"
 294      58EF4527 
 294      38A034FB 
 294      FC41AD58 
 294      85748190 
 295 06b6 84DD4838 		.ascii	"\204\335H8qi\240\316\203Z8\241\373\324\353~\353\316"
 295      7169A0CE 
 295      835A38A1 
 295      FBD4EB7E 
 295      EBCE
 296 06c8 30EE5086 		.ascii	"0\356P\206\014\001\221\201\210LDl}\227Z\240\245\331"
 296      0C019181 
 296      884C446C 
 296      7D975AA0 
 296      A5D9
 297 06da EE88D83B 		.ascii	"\356\210\330;\362,S#\224!K\000d! \033\001m\271\351\247"
 297      F22C5323 
 297      94214B00 
 297      6421201B 
 297      016DB9E9 
ARM GAS  C:\Users\hgray\AppData\Local\Temp\ccJjQhCx.s 			page 23


 298 06ef 3D693107 		.ascii	"=i1\007T\266\336\375\231P\205\034\301\237\203\376=\350"
 298      54B6DEFD 
 298      9950851C 
 298      C19F83FE 
 298      3DE8
 299 0701 3F3C9DD9 		.ascii	"?<\235\331\241\246\325\334\277\243h\250\206\210U\330"
 299      A1A6D5DC 
 299      BFA368A8 
 299      868855D8 
 300 0711 2B10F622 		.ascii	"+\020\366\"a\037\022v4\225W\350h\003'\364U\315\346["
 300      611F1276 
 300      349557E8 
 300      680327F4 
 300      55CDE65B 
 301 0725 5FA12DDF 		.ascii	"_\241-\337^\205\\\001\221\213\210\375\210\250;Z=\005"
 301      5E855C01 
 301      918B88FD 
 301      88A83B5A 
 301      3D05
 302 0737 1B034734 		.ascii	"\033\003G4_\034)\365\025\252\220'\000\362\020\220\217"
 302      5F1C29F5 
 302      15AA9027 
 302      00F21090 
 302      8F
 303 0748 807363F7 		.ascii	"\200sc\367\336\271S3\007\314L\215\345i\2042\024\010"
 303      DEB95333 
 303      07CC4C8D 
 303      E5698432 
 303      1408
 304 075a 80020414 		.ascii	"\200\002\004\024\"\340\325\325L\370$&8 \243\241|F%\226"
 304      22E0D5D5 
 304      4CF82426 
 304      3820A3A1 
 304      7C462596 
 305 076e E1804038 		.ascii	"\341\200@8\200\204\203H\250\2770\3731\265p@Gs\253\355"
 305      80848348 
 305      A8BF30FB 
 305      31B57040 
 305      4773ABED 
 306 0782 9B7AE850 		.ascii	"\233z\350P\205\"\201P\204\204b$dV\227|\200\265\240\341"
 306      85228150 
 306      84846224 
 306      6456977C 
 306      80B5A0E1 
 307 0796 7B74FD99 		.ascii	"{t\375\2313D\250B\211\000(A\300!\376\022}U\267\275i"
 307      3344A842 
 307      89002841 
 307      C021FE12 
 307      7D55B7BD 
 308 07ab 310734D4 		.ascii	"1\0074\324\236x#n\217\245\002\240\024\001e\0100\327"
 308      9E78236E 
 308      8FA502A0 
 308      14016508 
 308      30D7
 309 07bd 9EA9F6A1 		.ascii	"\236\251\366\241\325\0340;\231\275u\236*\034\026\010"
 309      D51C303B 
 309      99BD759E 
ARM GAS  C:\Users\hgray\AppData\Local\Temp\ccJjQhCx.s 			page 24


 309      2A1C1608 
 310 07cd 879150   		.ascii	"\207\221P"
 311 07d0 8E84E399 		.ascii	"\216\204\343\231C\271\032\332\300\011\373\353r\006\255"
 311      43B91ADA 
 311      C009FBEB 
 311      7206AD
 312 07df 9BDB1B87 		.ascii	"\233\333\033\2072\034\021\020G\020q\024\021\371}{\352"
 312      321C1110 
 312      47107114 
 312      11F97D7B 
 312      EA
 313 07f0 09EDE588 		.ascii	"\011\355\345\210g\025\327\312\275\2052T\010\200\012"
 313      6715D7CA 
 313      BD853254 
 313      08800A
 314 07ff 04542260 		.ascii	"\004T\"`t\333\340CX\014\034\320\366\274\255\331C(\303"
 314      74DBE043 
 314      580C1CD0 
 314      F6BCADD9 
 314      4328C3
 315 0812 3101700C 		.ascii	"1\001p\014\001U|\203~\365>\005\026\003\007\324\026e"
 315      01557C83 
 315      7EF53E05 
 315      160307D4 
 315      1665
 316 0824 FD43ACC2 		.ascii	"\375C\254\302q\001p\034\001'\020P6:\334\256r\374\007"
 316      7101701C 
 316      01271050 
 316      363ADCAE 
 316      72FC07
 317 0837 3CEAF0BF 		.ascii	"<\352\360\277O\"\325*\374\007\314\256\020\\\363\264"
 317      4F22D52A 
 317      FC07CCAE 
 317      105CF3B4 
 318 0847 F6918763 		.ascii	"\366\221\207c0\373Sb\017>\251\004\237\304\340\256\271"
 318      30FB5362 
 318      0F3EA904 
 318      9FC4E0AE 
 318      B9
 319 0858 FE698D35 		.ascii	"\376i\2155x\373B\377\255I\015\230<\365\372\350\204D"
 319      78FB42FF 
 319      AD490D98 
 319      3CF5FAE8 
 319      8444
 320 086a 833ED618 		.ascii	"\203>\326\030kR\377\323\020\365\267\317CBB\341\027\375"
 320      6B52FFD3 
 320      10F5B7CF 
 320      434242E1 
 320      17FD
 321 087c 5DECBAD8 		.ascii	"]\354\272\330\204\244\260\317\302C\023\222B\243\023"
 321      84A4B0CF 
 321      C2431392 
 321      42A313
 322 088b E2E3138C 		.ascii	"\342\343\023\214\241I\246\250DS\362\372\320\337\376"
 322      A149A6A8 
 322      4453F2FA 
 322      D0DFFE
ARM GAS  C:\Users\hgray\AppData\Local\Temp\ccJjQhCx.s 			page 25


 323 089a E1EBB55F 		.ascii	"\341\353\265_o`\275\353c\343\014\211I\241_\256]\033"
 323      6F60BDEB 
 323      63E30C89 
 323      49A15FAE 
 323      5D1B
 324 08ac 1A9D680A 		.ascii	"\032\235h\012\013\211\326~\371\373?\006\255\015\013"
 324      0B89D67E 
 324      F9FB3F06 
 324      AD0D0B
 325 08bb 937EF3BF 		.ascii	"\223~\363\277q$/\275\336\020\225\030\267\021G\006\243"
 325      71242FBD 
 325      DE109518 
 325      B7114706 
 325      A3
 326 08cc 8C8B32F1 		.ascii	"\214\2132\361Q\372\350\3651\206o\243\222\343Lz\303\206"
 326      51FAE8F5 
 326      31866FA3 
 326      92E34C7A 
 326      C386
 327 08de 5893D608 		.ascii	"X\223\326\010\3037%'\032\375\364\370X\237\030\025\257"
 327      C3372527 
 327      1AFDF4F8 
 327      589F1815 
 327      AF
 328 08ef 8F4A3444 		.ascii	"\217J4D%y\330\356t\321q\300\302{\235^\237\034k4\255"
 328      2579D8EE 
 328      74D171C0 
 328      C27B9D5E 
 328      9F1C6B34 
 329 0904 0CD79BBE 		.ascii	"\014\327\233\276\215\376u$\016/\311\224\034\023\233"
 329      8DFE7524 
 329      0E2FC994 
 329      1C139B
 330 0913 10694A48 		.ascii	"\020iJH\210K\212\374\25319\010\357\202\242\022\343\203"
 330      884B8AFC 
 330      AB313908 
 330      EF82A212 
 330      E383
 331 0925 0CF1EB0C 		.ascii	"\014\361\353\01411\206\230\310\210\220\025A\341+\302"
 331      31318698 
 331      C8889015 
 331      41E12BC2 
 332 0935 22FEBE2A 		.ascii	"\"\376\276*\022\372\227\033\023\214\206\345\206\250"
 332      12FA971B 
 332      138C86E5 
 332      86A8
 333 0943 75B191B1 		.ascii	"u\261\221\261\306\350\270\344\030Cd|\024\260\214\206"
 333      C6E8B8E4 
 333      1843647C 
 333      14B08C86 
 334 0953 48DBE04C 		.ascii	"H\333\340L\033\327\033\222B\276\223\264\326|\177\376"
 334      1BD71B92 
 334      42BE93B4 
 334      D67C7FFE 
 335 0963 BFE64BDA 		.ascii	"\277\346K\332\230\024\251O2\305\000\034\222x\340\253"
 335      9814A94F 
 335      32C5001C 
ARM GAS  C:\Users\hgray\AppData\Local\Temp\ccJjQhCx.s 			page 26


 335      9278E0AB 
 336 0973 B317F4C1 		.ascii	"\263\027\364\301;\223a\003oz\031\023\364\266g\276\254"
 336      3B936103 
 336      6F7A1913 
 336      F4B667BE 
 336      AC
 337 0984 22B696DE 		.ascii	"\"\266\226\336\344\257g\325Z\241\267[\364\336\216]z"
 337      E4AF67D5 
 337      5AA1B75B 
 337      F4DE8E5D 
 337      7A
 338 0995 1FA5C5EB 		.ascii	"\037\245\305\353\247\367U\232\306\004\376\230\373\303"
 338      A7F7559A 
 338      C604FE98 
 338      FBC3
 339 09a3 447F9893 		.ascii	"D\177\230\223?\314\331\037\346\342\017\027\375\341N"
 339      3FCCD91F 
 339      E6E20F17 
 339      FDE14E
 340 09b2 FE70677F 		.ascii	"\376pg\177\270\213\177\245\350_\351\344_\351\354_\351"
 340      B88B7FA5 
 340      E85FE9E4 
 340      5FE9EC5F 
 340      E9
 341 09c3 E25F25FA 		.ascii	"\342_%\372W9\371W9\373W\271\370W\213\376\325N\376\325"
 341      5739F957 
 341      39FB57B9 
 341      F8578BFE 
 341      D54EFED5 
 342 09d7 CEFED52E 		.ascii	"\316\376\325.\3765\242\177\215\223\177\215\263\177\215"
 342      FE35A27F 
 342      8D937F8D 
 342      B37F8D
 343 09e6 8B3F42F4 		.ascii	"\213?B\364G8\371#\234\375\0216\377\277\001\240/\220"
 343      4738F923 
 343      9CFD1136 
 343      FFBF01A0 
 343      2F90
 344 09f8 28       		.ascii	"("
 345              		.text
 346              		.section	.gnu.lto_.symtab.1824922d,"",%progbits
 347 0000 5F5F636F 		.ascii	"__core_init\000"
 347      72655F69 
 347      6E697400 
 348 000c 00       		.ascii	"\000"
 349 000d 01       		.ascii	"\001"
 350 000e 00       		.ascii	"\000"
 351 000f 00000000 		.ascii	"\000\000\000\000\000\000\000\000"
 351      00000000 
 352 0017 BD000000 		.ascii	"\275\000\000\000"
 353 001b 5F5F6561 		.ascii	"__early_init\000"
 353      726C795F 
 353      696E6974 
 353      00
 354 0028 00       		.ascii	"\000"
 355 0029 01       		.ascii	"\001"
 356 002a 00       		.ascii	"\000"
ARM GAS  C:\Users\hgray\AppData\Local\Temp\ccJjQhCx.s 			page 27


 357 002b 00000000 		.ascii	"\000\000\000\000\000\000\000\000"
 357      00000000 
 358 0033 C0000000 		.ascii	"\300\000\000\000"
 359 0037 5F5F6C61 		.ascii	"__late_init\000"
 359      74655F69 
 359      6E697400 
 360 0043 00       		.ascii	"\000"
 361 0044 01       		.ascii	"\001"
 362 0045 00       		.ascii	"\000"
 363 0046 00000000 		.ascii	"\000\000\000\000\000\000\000\000"
 363      00000000 
 364 004e C3000000 		.ascii	"\303\000\000\000"
 365 0052 5F5F6465 		.ascii	"__default_exit\000"
 365      6661756C 
 365      745F6578 
 365      697400
 366 0061 00       		.ascii	"\000"
 367 0062 01       		.ascii	"\001"
 368 0063 00       		.ascii	"\000"
 369 0064 00000000 		.ascii	"\000\000\000\000\000\000\000\000"
 369      00000000 
 370 006c C8000000 		.ascii	"\310\000\000\000"
 371 0070 5F5F696E 		.ascii	"__init_ram_areas\000"
 371      69745F72 
 371      616D5F61 
 371      72656173 
 371      00
 372 0081 00       		.ascii	"\000"
 373 0082 00       		.ascii	"\000"
 374 0083 00       		.ascii	"\000"
 375 0084 00000000 		.ascii	"\000\000\000\000\000\000\000\000"
 375      00000000 
 376 008c CA000000 		.ascii	"\312\000\000\000"
 377 0090 5F5F7261 		.ascii	"__ram0_init_text__\000"
 377      6D305F69 
 377      6E69745F 
 377      74657874 
 377      5F5F00
 378 00a3 00       		.ascii	"\000"
 379 00a4 02       		.ascii	"\002"
 380 00a5 00       		.ascii	"\000"
 381 00a6 00000000 		.ascii	"\000\000\000\000\000\000\000\000"
 381      00000000 
 382 00ae F0000000 		.ascii	"\360\000\000\000"
 383 00b2 5F5F7261 		.ascii	"__ram0_init__\000"
 383      6D305F69 
 383      6E69745F 
 383      5F00
 384 00c0 00       		.ascii	"\000"
 385 00c1 02       		.ascii	"\002"
 386 00c2 00       		.ascii	"\000"
 387 00c3 00000000 		.ascii	"\000\000\000\000\000\000\000\000"
 387      00000000 
 388 00cb F2000000 		.ascii	"\362\000\000\000"
 389 00cf 5F5F7261 		.ascii	"__ram0_clear__\000"
 389      6D305F63 
 389      6C656172 
ARM GAS  C:\Users\hgray\AppData\Local\Temp\ccJjQhCx.s 			page 28


 389      5F5F00
 390 00de 00       		.ascii	"\000"
 391 00df 02       		.ascii	"\002"
 392 00e0 00       		.ascii	"\000"
 393 00e1 00000000 		.ascii	"\000\000\000\000\000\000\000\000"
 393      00000000 
 394 00e9 F4000000 		.ascii	"\364\000\000\000"
 395 00ed 5F5F7261 		.ascii	"__ram0_noinit__\000"
 395      6D305F6E 
 395      6F696E69 
 395      745F5F00 
 396 00fd 00       		.ascii	"\000"
 397 00fe 02       		.ascii	"\002"
 398 00ff 00       		.ascii	"\000"
 399 0100 00000000 		.ascii	"\000\000\000\000\000\000\000\000"
 399      00000000 
 400 0108 F6000000 		.ascii	"\366\000\000\000"
 401 010c 5F5F7261 		.ascii	"__ram1_init_text__\000"
 401      6D315F69 
 401      6E69745F 
 401      74657874 
 401      5F5F00
 402 011f 00       		.ascii	"\000"
 403 0120 02       		.ascii	"\002"
 404 0121 00       		.ascii	"\000"
 405 0122 00000000 		.ascii	"\000\000\000\000\000\000\000\000"
 405      00000000 
 406 012a F8000000 		.ascii	"\370\000\000\000"
 407 012e 5F5F7261 		.ascii	"__ram1_init__\000"
 407      6D315F69 
 407      6E69745F 
 407      5F00
 408 013c 00       		.ascii	"\000"
 409 013d 02       		.ascii	"\002"
 410 013e 00       		.ascii	"\000"
 411 013f 00000000 		.ascii	"\000\000\000\000\000\000\000\000"
 411      00000000 
 412 0147 FA000000 		.ascii	"\372\000\000\000"
 413 014b 5F5F7261 		.ascii	"__ram1_clear__\000"
 413      6D315F63 
 413      6C656172 
 413      5F5F00
 414 015a 00       		.ascii	"\000"
 415 015b 02       		.ascii	"\002"
 416 015c 00       		.ascii	"\000"
 417 015d 00000000 		.ascii	"\000\000\000\000\000\000\000\000"
 417      00000000 
 418 0165 FC000000 		.ascii	"\374\000\000\000"
 419 0169 5F5F7261 		.ascii	"__ram1_noinit__\000"
 419      6D315F6E 
 419      6F696E69 
 419      745F5F00 
 420 0179 00       		.ascii	"\000"
 421 017a 02       		.ascii	"\002"
 422 017b 00       		.ascii	"\000"
 423 017c 00000000 		.ascii	"\000\000\000\000\000\000\000\000"
 423      00000000 
ARM GAS  C:\Users\hgray\AppData\Local\Temp\ccJjQhCx.s 			page 29


 424 0184 FE000000 		.ascii	"\376\000\000\000"
 425 0188 5F5F7261 		.ascii	"__ram2_init_text__\000"
 425      6D325F69 
 425      6E69745F 
 425      74657874 
 425      5F5F00
 426 019b 00       		.ascii	"\000"
 427 019c 02       		.ascii	"\002"
 428 019d 00       		.ascii	"\000"
 429 019e 00000000 		.ascii	"\000\000\000\000\000\000\000\000"
 429      00000000 
 430 01a6 00010000 		.ascii	"\000\001\000\000"
 431 01aa 5F5F7261 		.ascii	"__ram2_init__\000"
 431      6D325F69 
 431      6E69745F 
 431      5F00
 432 01b8 00       		.ascii	"\000"
 433 01b9 02       		.ascii	"\002"
 434 01ba 00       		.ascii	"\000"
 435 01bb 00000000 		.ascii	"\000\000\000\000\000\000\000\000"
 435      00000000 
 436 01c3 02010000 		.ascii	"\002\001\000\000"
 437 01c7 5F5F7261 		.ascii	"__ram2_clear__\000"
 437      6D325F63 
 437      6C656172 
 437      5F5F00
 438 01d6 00       		.ascii	"\000"
 439 01d7 02       		.ascii	"\002"
 440 01d8 00       		.ascii	"\000"
 441 01d9 00000000 		.ascii	"\000\000\000\000\000\000\000\000"
 441      00000000 
 442 01e1 04010000 		.ascii	"\004\001\000\000"
 443 01e5 5F5F7261 		.ascii	"__ram2_noinit__\000"
 443      6D325F6E 
 443      6F696E69 
 443      745F5F00 
 444 01f5 00       		.ascii	"\000"
 445 01f6 02       		.ascii	"\002"
 446 01f7 00       		.ascii	"\000"
 447 01f8 00000000 		.ascii	"\000\000\000\000\000\000\000\000"
 447      00000000 
 448 0200 06010000 		.ascii	"\006\001\000\000"
 449 0204 5F5F7261 		.ascii	"__ram3_init_text__\000"
 449      6D335F69 
 449      6E69745F 
 449      74657874 
 449      5F5F00
 450 0217 00       		.ascii	"\000"
 451 0218 02       		.ascii	"\002"
 452 0219 00       		.ascii	"\000"
 453 021a 00000000 		.ascii	"\000\000\000\000\000\000\000\000"
 453      00000000 
 454 0222 08010000 		.ascii	"\010\001\000\000"
 455 0226 5F5F7261 		.ascii	"__ram3_init__\000"
 455      6D335F69 
 455      6E69745F 
 455      5F00
ARM GAS  C:\Users\hgray\AppData\Local\Temp\ccJjQhCx.s 			page 30


 456 0234 00       		.ascii	"\000"
 457 0235 02       		.ascii	"\002"
 458 0236 00       		.ascii	"\000"
 459 0237 00000000 		.ascii	"\000\000\000\000\000\000\000\000"
 459      00000000 
 460 023f 0A010000 		.ascii	"\012\001\000\000"
 461 0243 5F5F7261 		.ascii	"__ram3_clear__\000"
 461      6D335F63 
 461      6C656172 
 461      5F5F00
 462 0252 00       		.ascii	"\000"
 463 0253 02       		.ascii	"\002"
 464 0254 00       		.ascii	"\000"
 465 0255 00000000 		.ascii	"\000\000\000\000\000\000\000\000"
 465      00000000 
 466 025d 0C010000 		.ascii	"\014\001\000\000"
 467 0261 5F5F7261 		.ascii	"__ram3_noinit__\000"
 467      6D335F6E 
 467      6F696E69 
 467      745F5F00 
 468 0271 00       		.ascii	"\000"
 469 0272 02       		.ascii	"\002"
 470 0273 00       		.ascii	"\000"
 471 0274 00000000 		.ascii	"\000\000\000\000\000\000\000\000"
 471      00000000 
 472 027c 0E010000 		.ascii	"\016\001\000\000"
 473 0280 5F5F7261 		.ascii	"__ram4_init_text__\000"
 473      6D345F69 
 473      6E69745F 
 473      74657874 
 473      5F5F00
 474 0293 00       		.ascii	"\000"
 475 0294 02       		.ascii	"\002"
 476 0295 00       		.ascii	"\000"
 477 0296 00000000 		.ascii	"\000\000\000\000\000\000\000\000"
 477      00000000 
 478 029e 10010000 		.ascii	"\020\001\000\000"
 479 02a2 5F5F7261 		.ascii	"__ram4_init__\000"
 479      6D345F69 
 479      6E69745F 
 479      5F00
 480 02b0 00       		.ascii	"\000"
 481 02b1 02       		.ascii	"\002"
 482 02b2 00       		.ascii	"\000"
 483 02b3 00000000 		.ascii	"\000\000\000\000\000\000\000\000"
 483      00000000 
 484 02bb 12010000 		.ascii	"\022\001\000\000"
 485 02bf 5F5F7261 		.ascii	"__ram4_clear__\000"
 485      6D345F63 
 485      6C656172 
 485      5F5F00
 486 02ce 00       		.ascii	"\000"
 487 02cf 02       		.ascii	"\002"
 488 02d0 00       		.ascii	"\000"
 489 02d1 00000000 		.ascii	"\000\000\000\000\000\000\000\000"
 489      00000000 
 490 02d9 14010000 		.ascii	"\024\001\000\000"
ARM GAS  C:\Users\hgray\AppData\Local\Temp\ccJjQhCx.s 			page 31


 491 02dd 5F5F7261 		.ascii	"__ram4_noinit__\000"
 491      6D345F6E 
 491      6F696E69 
 491      745F5F00 
 492 02ed 00       		.ascii	"\000"
 493 02ee 02       		.ascii	"\002"
 494 02ef 00       		.ascii	"\000"
 495 02f0 00000000 		.ascii	"\000\000\000\000\000\000\000\000"
 495      00000000 
 496 02f8 16010000 		.ascii	"\026\001\000\000"
 497 02fc 5F5F7261 		.ascii	"__ram5_init_text__\000"
 497      6D355F69 
 497      6E69745F 
 497      74657874 
 497      5F5F00
 498 030f 00       		.ascii	"\000"
 499 0310 02       		.ascii	"\002"
 500 0311 00       		.ascii	"\000"
 501 0312 00000000 		.ascii	"\000\000\000\000\000\000\000\000"
 501      00000000 
 502 031a 18010000 		.ascii	"\030\001\000\000"
 503 031e 5F5F7261 		.ascii	"__ram5_init__\000"
 503      6D355F69 
 503      6E69745F 
 503      5F00
 504 032c 00       		.ascii	"\000"
 505 032d 02       		.ascii	"\002"
 506 032e 00       		.ascii	"\000"
 507 032f 00000000 		.ascii	"\000\000\000\000\000\000\000\000"
 507      00000000 
 508 0337 1A010000 		.ascii	"\032\001\000\000"
 509 033b 5F5F7261 		.ascii	"__ram5_clear__\000"
 509      6D355F63 
 509      6C656172 
 509      5F5F00
 510 034a 00       		.ascii	"\000"
 511 034b 02       		.ascii	"\002"
 512 034c 00       		.ascii	"\000"
 513 034d 00000000 		.ascii	"\000\000\000\000\000\000\000\000"
 513      00000000 
 514 0355 1C010000 		.ascii	"\034\001\000\000"
 515 0359 5F5F7261 		.ascii	"__ram5_noinit__\000"
 515      6D355F6E 
 515      6F696E69 
 515      745F5F00 
 516 0369 00       		.ascii	"\000"
 517 036a 02       		.ascii	"\002"
 518 036b 00       		.ascii	"\000"
 519 036c 00000000 		.ascii	"\000\000\000\000\000\000\000\000"
 519      00000000 
 520 0374 1E010000 		.ascii	"\036\001\000\000"
 521 0378 5F5F7261 		.ascii	"__ram6_init_text__\000"
 521      6D365F69 
 521      6E69745F 
 521      74657874 
 521      5F5F00
 522 038b 00       		.ascii	"\000"
ARM GAS  C:\Users\hgray\AppData\Local\Temp\ccJjQhCx.s 			page 32


 523 038c 02       		.ascii	"\002"
 524 038d 00       		.ascii	"\000"
 525 038e 00000000 		.ascii	"\000\000\000\000\000\000\000\000"
 525      00000000 
 526 0396 20010000 		.ascii	" \001\000\000"
 527 039a 5F5F7261 		.ascii	"__ram6_init__\000"
 527      6D365F69 
 527      6E69745F 
 527      5F00
 528 03a8 00       		.ascii	"\000"
 529 03a9 02       		.ascii	"\002"
 530 03aa 00       		.ascii	"\000"
 531 03ab 00000000 		.ascii	"\000\000\000\000\000\000\000\000"
 531      00000000 
 532 03b3 22010000 		.ascii	"\"\001\000\000"
 533 03b7 5F5F7261 		.ascii	"__ram6_clear__\000"
 533      6D365F63 
 533      6C656172 
 533      5F5F00
 534 03c6 00       		.ascii	"\000"
 535 03c7 02       		.ascii	"\002"
 536 03c8 00       		.ascii	"\000"
 537 03c9 00000000 		.ascii	"\000\000\000\000\000\000\000\000"
 537      00000000 
 538 03d1 24010000 		.ascii	"$\001\000\000"
 539 03d5 5F5F7261 		.ascii	"__ram6_noinit__\000"
 539      6D365F6E 
 539      6F696E69 
 539      745F5F00 
 540 03e5 00       		.ascii	"\000"
 541 03e6 02       		.ascii	"\002"
 542 03e7 00       		.ascii	"\000"
 543 03e8 00000000 		.ascii	"\000\000\000\000\000\000\000\000"
 543      00000000 
 544 03f0 26010000 		.ascii	"&\001\000\000"
 545 03f4 5F5F7261 		.ascii	"__ram7_init_text__\000"
 545      6D375F69 
 545      6E69745F 
 545      74657874 
 545      5F5F00
 546 0407 00       		.ascii	"\000"
 547 0408 02       		.ascii	"\002"
 548 0409 00       		.ascii	"\000"
 549 040a 00000000 		.ascii	"\000\000\000\000\000\000\000\000"
 549      00000000 
 550 0412 28010000 		.ascii	"(\001\000\000"
 551 0416 5F5F7261 		.ascii	"__ram7_init__\000"
 551      6D375F69 
 551      6E69745F 
 551      5F00
 552 0424 00       		.ascii	"\000"
 553 0425 02       		.ascii	"\002"
 554 0426 00       		.ascii	"\000"
 555 0427 00000000 		.ascii	"\000\000\000\000\000\000\000\000"
 555      00000000 
 556 042f 2A010000 		.ascii	"*\001\000\000"
 557 0433 5F5F7261 		.ascii	"__ram7_clear__\000"
ARM GAS  C:\Users\hgray\AppData\Local\Temp\ccJjQhCx.s 			page 33


 557      6D375F63 
 557      6C656172 
 557      5F5F00
 558 0442 00       		.ascii	"\000"
 559 0443 02       		.ascii	"\002"
 560 0444 00       		.ascii	"\000"
 561 0445 00000000 		.ascii	"\000\000\000\000\000\000\000\000"
 561      00000000 
 562 044d 2C010000 		.ascii	",\001\000\000"
 563 0451 5F5F7261 		.ascii	"__ram7_noinit__\000"
 563      6D375F6E 
 563      6F696E69 
 563      745F5F00 
 564 0461 00       		.ascii	"\000"
 565 0462 02       		.ascii	"\002"
 566 0463 00       		.ascii	"\000"
 567 0464 00000000 		.ascii	"\000\000\000\000\000\000\000\000"
 567      00000000 
 568 046c 2E010000 		.ascii	".\001\000\000"
 569              		.text
 570              		.section	.gnu.lto_.opts,"",%progbits
 571 0000 272D666D 		.ascii	"'-fmath-errno' '-fsigned-zeros' '-ftrapping-math' '"
 571      6174682D 
 571      6572726E 
 571      6F272027 
 571      2D667369 
 572 0033 2D666E6F 		.ascii	"-fno-trapv' '-fno-openmp' '-fno-openacc' '-mcpu=cor"
 572      2D747261 
 572      70762720 
 572      272D666E 
 572      6F2D6F70 
 573 0066 7465782D 		.ascii	"tex-m0' '-mno-thumb-interwork' '-mthumb' '-O2' '-fo"
 573      6D302720 
 573      272D6D6E 
 573      6F2D7468 
 573      756D622D 
 574 0099 6D69742D 		.ascii	"mit-frame-pointer' '-falign-functions=16' '-ffuncti"
 574      6672616D 
 574      652D706F 
 574      696E7465 
 574      72272027 
 575 00cc 6F6E2D73 		.ascii	"on-sections' '-fdata-sections' '-fno-common' '-flto"
 575      65637469 
 575      6F6E7327 
 575      20272D66 
 575      64617461 
 576 00ff 2700     		.ascii	"'\000"
 577              		.text
 578              		.comm	__gnu_lto_v1,1,1
 579              		.comm	__gnu_lto_slim,1,1
 580              		.ident	"GCC: (GNU Tools for Arm Embedded Processors 7-2017-q4-major) 7.2.1 20170904 (release) [ARM
ARM GAS  C:\Users\hgray\AppData\Local\Temp\ccJjQhCx.s 			page 34


DEFINED SYMBOLS
                            *ABS*:00000000 crt1.c
                            *COM*:00000001 __gnu_lto_v1
                            *COM*:00000001 __gnu_lto_slim

NO UNDEFINED SYMBOLS
