ARM GAS  C:\Users\hgray\AppData\Local\Temp\cchvcF7B.s 			page 1


   1              		.cpu cortex-m0
   2              		.eabi_attribute 20, 1
   3              		.eabi_attribute 21, 1
   4              		.eabi_attribute 23, 3
   5              		.eabi_attribute 24, 1
   6              		.eabi_attribute 25, 1
   7              		.eabi_attribute 26, 1
   8              		.eabi_attribute 30, 2
   9              		.eabi_attribute 34, 0
  10              		.eabi_attribute 18, 4
  11              		.file	"hal.c"
  12              		.section	.gnu.lto_.profile.1824c3c3,"",%progbits
  13 0000 789C6363 		.ascii	"x\234cc```\001bF\006;v\000\000\373\000Q"
  13      60606001 
  13      6246063B 
  13      760000FB 
  13      0051
  14              		.text
  15              		.section	.gnu.lto_.icf.1824c3c3,"",%progbits
  16 0000 789C6363 		.ascii	"x\234cc``\340`@\000F\206\363\373\317|\342`\000\000\017"
  16      6060E060 
  16      40004686 
  16      F3FBCF7C 
  16      E2600000 
  17 0015 FB0364   		.ascii	"\373\003d"
  18              		.text
  19              		.section	.gnu.lto_.jmpfuncs.1824c3c3,"",%progbits
  20 0000 789C6363 		.ascii	"x\234cc``\340f@\000F\004\023\000\001\305\000\023"
  20      6060E066 
  20      40004604 
  20      130001C5 
  20      0013
  21              		.text
  22              		.section	.gnu.lto_.inline.1824c3c3,"",%progbits
  23 0000 789C6363 		.ascii	"x\234cc``0b@\000F\006\006N;F\006& \223m\201<\023X\210"
  23      60603062 
  23      40004606 
  23      064E3B46 
  23      06262093 
  24 001a 0B1FC100 		.ascii	"\013\037\301\000\000=`\001\215"
  24      003D6001 
  24      8D
  25              		.text
  26              		.section	.gnu.lto_.pureconst.1824c3c3,"",%progbits
  27 0000 789C6363 		.ascii	"x\234cc```\006bF\006\011\000\000}\000#"
  27      60606006 
  27      62460609 
  27      00007D00 
  27      23
  28              		.text
  29              		.section	.gnu.lto_halInit.1824c3c3,"",%progbits
  30 0000 789C6DD0 		.ascii	"x\234m\320\277J\003A\020\006\360\371v\223\363\012c\245"
  30      BF4A0341 
  30      1006F0F9 
  30      7693F30A 
  30      63A5
  31 0012 85A4139B 		.ascii	"\205\244\023\2334wh\3453\370\026zM\002B\320{\200[M\221"
ARM GAS  C:\Users\hgray\AppData\Local\Temp\cchvcF7B.s 			page 2


  31      347768E5 
  31      33F8167A 
  31      4D0242D0 
  31      7B805B4D 
  32 0027 08161626 		.ascii	"\010\026\026&6W\004\033\265\022\361\357\245Z|\000\013"
  32      3657041B 
  32      B512F1EF 
  32      A55A7C00 
  32      0B
  33 0038 5B3B1541 		.ascii	"[;\025A\010bjI\364\333hq\305\015\273\354\260\373\333"
  33      08626A49 
  33      F4DB6871 
  33      C50DBBEC 
  33      B0FBDB
  34 004b 1D663D11 		.ascii	"\035f=\021\331\206\3102\327*'\264@\035>\212\354\372"
  34      D986C832 
  34      D72A27B4 
  34      401D3E8A 
  34      ECFA
  35 005d 0A7089F1 		.ascii	"\012p\211\361!\211B\202\003}\244\361\320~\317T\355\324"
  35      21894282 
  35      037DA4F1 
  35      D07ECF54 
  35      EDD4
  36 006f 30ECF1D7 		.ascii	"0\354\361\327\2429\263H\265H\217\323\005\256P\023\262"
  36      A239B348 
  36      B5488FD3 
  36      05AE5013 
  36      B2
  37 0080 97CB49B7 		.ascii	"\227\313I\267\342\225\376\366q\015OXC.\236\312\326L"
  37      E295FEF6 
  37      710D4F58 
  37      432E9ECA 
  37      D64C
  38 0092 7EDAC6BE 		.ascii	"~\332\306\276\235`\264\356\213tx\316\"\306\312\276V"
  38      9D60B4EE 
  38      8B7478CE 
  38      22C6CABE 
  38      56
  39 00a3 2E6B5919 		.ascii	".kY\031\242\325\377\256N/\361\245,\033>\317$c\343\247"
  39      A2D5FFAE 
  39      4E2FF1A5 
  39      2C1B3ECF 
  39      2463E3A7 
  40 00b7 1A3DCD57 		.ascii	"\032=\315Wp\203DRj\347\316g\213\235\242\273\315\271"
  40      70834452 
  40      6AE7CE67 
  40      8B9DA2BB 
  40      CDB9
  41 00c9 8F4AB163 		.ascii	"\217J\261cy\334\345\334h\256\330\225\350\356sn<_\354"
  41      79DCE5DC 
  41      68AED895 
  41      E8EE736E 
  41      3C5FEC
  42 00dc CA7459CE 		.ascii	"\312tY\316e\013\305\316\243\033\374\273O\354\365_\273"
  42      650BC5CE 
  42      A31BFCBB 
ARM GAS  C:\Users\hgray\AppData\Local\Temp\cchvcF7B.s 			page 3


  42      4FECF55F 
  42      BB
  43 00ed 9842171D 		.ascii	"\230B\027\035v\311\237`\013KA\020rD\365\306f\243\031"
  43      76C99F60 
  43      0B4B4110 
  43      7244F5C6 
  43      66A319
  44 0100 AFACAD86 		.ascii	"\257\254\255\206\3158\254ol\205\361N\344\326 \222_^"
  44      CD38AC6F 
  44      6C85F14E 
  44      E4D62092 
  44      5F5E
  45 0112 7B8484   		.ascii	"{\204\204"
  46              		.text
  47              		.section	.gnu.lto_.symbol_nodes.1824c3c3,"",%progbits
  48 0000 789C55C8 		.ascii	"x\234U\310\275\015\2030\030\006\341{m\343\271`\262\317"
  48      BD0D8330 
  48      1806E17B 
  48      6DE3B960 
  48      B2CF
  49 0012 05033004 		.ascii	"\005\0030\004UF\240\246\246\205\374 \005\2119P\034W"
  49      5546A0A6 
  49      A685FC20 
  49      05893950 
  49      1C57
  50 0024 B8389DF4 		.ascii	"\2708\235\364D\340\221\303\2552\030\026\310\233R\007"
  50      44E091C3 
  50      AD321816 
  50      C89B5207 
  51 0034 DA652A02 		.ascii	"\332e*\002)\265\031>2W\301[\346+x\311B\005OYS\301&\213"
  51      29B5193E 
  51      3257C15B 
  51      E62B78C9 
  51      42054F59 
  52 004c 77F044C6 		.ascii	"w\360D\306\357%O\303\\\0368\313=\375\361\277c,\027s"
  52      EF254FC3 
  52      5C1E38CB 
  52      3DFDF1BF 
  52      632C1773 
  53 0060 3E3F63C5 		.ascii	">?c\305,\354"
  53      2CEC
  54              		.text
  55              		.section	.gnu.lto_.refs.1824c3c3,"",%progbits
  56 0000 789C6363 		.ascii	"x\234cc```\004b\006\000\000D\000\010"
  56      60606004 
  56      62060000 
  56      440008
  57              		.text
  58              		.section	.gnu.lto_.decls.1824c3c3,"",%progbits
  59 0000 789C8D92 		.ascii	"x\234\215\222]HSQ\034\300\317\177w\363c9\225\250\360"
  59      5D485351 
  59      1CC0CF7F 
  59      77F36339 
  59      95A8F0
  60 0013 41C2A487 		.ascii	"A\302\244\207\212\332r\275\370`O\232&XJZ\024\005S\247"
  60      8ADA72BD 
  60      F8604F9A 
ARM GAS  C:\Users\hgray\AppData\Local\Temp\cchvcF7B.s 			page 4


  60      26584A5A 
  60      140553A7 
  61 0027 B0C172B2 		.ascii	"\260\301r\262\255\022z\271633)\037$\320\254\014+\322"
  61      AD127AB9 
  61      36333329 
  61      1F24D0AC 
  61      0C2BD2
  62 003a 242CB574 		.ascii	"$,\265tS7\235\323\374\350\303\212\012\302\034}Z\201"
  62      53379DD3 
  62      FCE8C38A 
  62      0AC21C7D 
  62      5A81
  63 004c 193E845F 		.ascii	"\031>\204_\255\377=\367\336]5$\017\367\334s\376\347"
  63      ADFF3DF7 
  63      DE5D3524 
  63      0FF7DC73 
  63      FEE7
  64 005e 9CDFEFFC 		.ascii	"\234\337\357\374\377\227\033D\010\251g\010\031\004B"
  64      FF971B44 
  64      08A96708 
  64      190442
  65 006d CA70EEC7 		.ascii	"\312p\356\307&\303\261\207H-\030\273\023{\027v\227\260"
  65      26C3B187 
  65      482D18BB 
  65      137B1776 
  65      97B0
  66 007f E7C1EEC5 		.ascii	"\347\301\356\305>@\376m\247\320\205J\222\215}\010\273"
  66      3E40FE6D 
  66      A7D0854A 
  66      928D7D08 
  66      BB
  67 0090 63996740 		.ascii	"c\231g@`=\202\313%\270\227\267*\006:zKGU\3430\006\230"
  67      603D82CB 
  67      25B897B7 
  67      2A063A7A 
  67      4B4755E3 
  68 00a7 1344D255 		.ascii	"\023D\322U\000\376\215#\327i\354\027\033\360\353\270"
  68      00FE8D23 
  68      D769EC17 
  68      1BF0EBB8 
  69 00b7 2AE307E1 		.ascii	"*\343\007\341(\027\210\2100\307\267Lp\310D/}\004\001"
  69      28178888 
  69      30C7B74C 
  69      70C8442F 
  69      7D0401
  70 00ca 2CB6F2FB 		.ascii	",\266\362\373\374ub#\242\236OK\344\010\257\\z\331\""
  70      FC756223 
  70      A29E4F4B 
  70      E408AF5C 
  70      7AD922
  71 00dd 6849AE24 		.ascii	"hI\256$\260\035HS*\022\204\217\340\270q\357\253\334"
  71      B01D4853 
  71      2A12848F 
  71      E0B871EF 
  71      ABDC
  72 00ef 07EF314E 		.ascii	"\007\3571N&\2442\3448]\235ja?(\031,\023\347\177<\023"
  72      26A432E4 
ARM GAS  C:\Users\hgray\AppData\Local\Temp\cchvcF7B.s 			page 5


  72      385D9D6A 
  72      613F2819 
  72      2C13E77F 
  73 0105 0B2A4649 		.ascii	"\013*FI\347\335\223\263o\024\352&\226o!\307\010<\004"
  73      E7DD93B3 
  73      6F14EA26 
  73      966F21C7 
  73      083C04
  74 0118 46FC9E5E 		.ascii	"F\374\236^\377ow\304\005\006\326*A\206\341\213\251\221"
  74      FF6F77C4 
  74      0506D62A 
  74      4186E18B 
  74      A991
  75 012a AB6B305C 		.ascii	"\253k0\\\247\204H\014\233*\374U\212\250\313\034Wig#"
  75      A784480C 
  75      9B2AFC55 
  75      8AA8CB1C 
  75      57696723 
  76 013e 6590BD01 		.ascii	"e\220\275\001: \032\332!\032\263q@\024\276\013\344\274"
  76      3A201ADA 
  76      211AB371 
  76      4014BE0B 
  76      E4BC
  77 0150 E9FE82D7 		.ascii	"\351\376\202\327.\213\255c\353|\254\373g\351\306\333"
  77      2E8BAD63 
  77      EB7CACFB 
  77      67E9C6DB 
  78 0160 76F60E62 		.ascii	"v\366\016b1\334)h\003\006\036\201\232+\241\215\273\033"
  78      31DC2968 
  78      03061E81 
  78      9A2BA18D 
  78      BB1B
  79 0172 5AC107D0 		.ascii	"Z\301\007\320\002\343X\237\023b\221>\367`r\\\301\034"
  79      02E3589F 
  79      1362913E 
  79      F760725C 
  79      C11C
  80 0184 A609577C 		.ascii	"\246\011W|r\266E\240\311\307\262n\377\225\370\232\346"
  80      72B645A0 
  80      C9C7B26E 
  80      FF95F89A 
  80      E6
  81 0195 09B64C49 		.ascii	"\011\266LI\257\203NI\324)\024\001]T0\362e\3544s\036"
  81      AF834E49 
  81      D4291401 
  81      5D5430F2 
  81      65EC3473 
  82 01aa A8E0AEB7 		.ascii	"\250\340\256\267\274X.\010\3365n\036\366\224\2723x\276"
  82      BC582E08 
  82      DE356E1E 
  82      F694BA33 
  82      78BE
  83 01bc 5BE2BB45 		.ascii	"[\342\273E\336E\371gC\365\363*\3469/xY\3250\243\022"
  83      DE45F967 
  83      43F5F32A 
  83      E6392F78 
  83      59D530A3 
ARM GAS  C:\Users\hgray\AppData\Local\Temp\cchvcF7B.s 			page 6


  84 01d1 04738E2D 		.ascii	"\004s\216-#\255l\211\202\362n\211w\213|\017\345\235"
  84      23AD6C89 
  84      82F26E89 
  84      778B7C0F 
  84      E59D
  85 01e3 AF9F1E65 		.ascii	"\257\237\036e\316\362_\377\346L\355-\231\200\377\030"
  85      CEF25FFF 
  85      E64CED2D 
  85      9980FF18 
  86 01f3 DCDE10C0 		.ascii	"\334\336\020\300{%\274W\304=\024ol\252\376\034\312\264"
  86      7B25BC57 
  86      C43D146F 
  86      6CAAFE1C 
  86      CAB4
  87 0205 F3FCABE2 		.ascii	"\363\374\253\342\213\353\005|\372m\314|\000\357\223"
  87      8BEB057C 
  87      FA6DCC7C 
  87      00EF93
  88 0214 F03E11F7 		.ascii	"\360>\021\367R\274\372\332\245f\206)a(>\351\232\376"
  88      52BCFADA 
  88      A5668629 
  88      61283EE9 
  88      9AFE
  89 0226 26963FFC 		.ascii	"&\226?\374=aV*\277_\022\364\213\202\001*\030-i\256e"
  89      3D61562A 
  89      BF5F12F4 
  89      8B82012A 
  89      182D69AE 
  90 023b F8FF408E 		.ascii	"\370\377@\216\341\257'5\037\303\371\377 \006\303\353"
  90      E1AF2735 
  90      1FC3F9FF 
  90      2006C3EB 
  91 024b F373D5E1 		.ascii	"\363s\325\341a\345,{\206\255\263\263\241{\251l\020\177"
  91      61E52C7B 
  91      86ADB3B3 
  91      A17BA96C 
  91      107F
  92 025d 84C7F447 		.ascii	"\204\307\364G\030\2020\252\342\306`C\216)\265\300h\333"
  92      188230AA 
  92      E2C66043 
  92      8E29B5C0 
  92      68DB
  93 026f A4566BF0 		.ascii	"\244Vk\360\321\033\214\271F\2635.^\2531[5\270\247\261"
  93      D11B8CB9 
  93      46B3352E 
  93      5EAB315B 
  93      35B8A7B1 
  94 0283 5AF4DCA8 		.ascii	"Z\364\334\250\326\207\244\354?\030\223\030\027Gb\377"
  94      D687A4EC 
  94      3F189318 
  94      174762FF 
  95 0293 7B940459 		.ascii	"{\224\004Ym\234t\353J'\215\005z\323\211\274|n\256\263"
  95      6D9C74EB 
  95      4A278D05 
  95      7AD389BC 
  95      7C6EAEB3 
  96 02a7 DAD40612 		.ascii	"\332\324\006\022\232k\316\261\344qL\302J\014=a\325d"
ARM GAS  C:\Users\hgray\AppData\Local\Temp\cchvcF7B.s 			page 7


  96      9A6BCEB1 
  96      E4714CC2 
  96      4A0C3D61 
  96      D564
  97 02b9 66E932B3 		.ascii	"f\3512\263\366\355\322&\357\324%\245f&\246\037\332s"
  97      F6EDD226 
  97      EFD425A5 
  97      6626A61F 
  97      DA73
  98 02cb E008BF87 		.ascii	"\340\010\277\207\232 +u\354X\325\275\371\026#&k \301"
  98      9A202B75 
  98      EC58D5BD 
  98      F9162326 
  98      6B20C1
  99 02de 46AD9EA3 		.ascii	"F\255\236\243\266\255\206\302\263\210\250t\20587\231"
  99      B6AD86C2 
  99      B388A874 
  99      85383799 
 100 02ee F2744604 		.ascii	"\362tF\004w\257\004\026\232-6.cLW\223\226\226\244I\311"
 100      77AF0416 
 100      9A2D362E 
 100      634C5793 
 100      9696A449 
 101 0303 484D3FA9 		.ascii	"HM?\251\245\036\201GW\230a\221*~5*\241\376\242\"\215"
 101      A51E8147 
 101      57986191 
 101      2A7E352A 
 101      A1FEA222 
 102 0318 2160F90B 		.ascii	"!`\371\013d\362\225\373"
 102      64F295FB 
 103              		.text
 104              		.section	.gnu.lto_.symtab.1824c3c3,"",%progbits
 105 0000 68616C49 		.ascii	"halInit\000"
 105      6E697400 
 106 0008 00       		.ascii	"\000"
 107 0009 00       		.ascii	"\000"
 108 000a 00       		.ascii	"\000"
 109 000b 00000000 		.ascii	"\000\000\000\000\000\000\000\000"
 109      00000000 
 110 0013 BB000000 		.ascii	"\273\000\000\000"
 111 0017 7374496E 		.ascii	"stInit\000"
 111      697400
 112 001e 00       		.ascii	"\000"
 113 001f 02       		.ascii	"\002"
 114 0020 00       		.ascii	"\000"
 115 0021 00000000 		.ascii	"\000\000\000\000\000\000\000\000"
 115      00000000 
 116 0029 BD000000 		.ascii	"\275\000\000\000"
 117 002d 626F6172 		.ascii	"boardInit\000"
 117      64496E69 
 117      7400
 118 0037 00       		.ascii	"\000"
 119 0038 02       		.ascii	"\002"
 120 0039 00       		.ascii	"\000"
 121 003a 00000000 		.ascii	"\000\000\000\000\000\000\000\000"
 121      00000000 
 122 0042 BF000000 		.ascii	"\277\000\000\000"
ARM GAS  C:\Users\hgray\AppData\Local\Temp\cchvcF7B.s 			page 8


 123 0046 7364496E 		.ascii	"sdInit\000"
 123      697400
 124 004d 00       		.ascii	"\000"
 125 004e 02       		.ascii	"\002"
 126 004f 00       		.ascii	"\000"
 127 0050 00000000 		.ascii	"\000\000\000\000\000\000\000\000"
 127      00000000 
 128 0058 C1000000 		.ascii	"\301\000\000\000"
 129 005c 69326349 		.ascii	"i2cInit\000"
 129      6E697400 
 130 0064 00       		.ascii	"\000"
 131 0065 02       		.ascii	"\002"
 132 0066 00       		.ascii	"\000"
 133 0067 00000000 		.ascii	"\000\000\000\000\000\000\000\000"
 133      00000000 
 134 006f C3000000 		.ascii	"\303\000\000\000"
 135 0073 5F70616C 		.ascii	"_pal_lld_init\000"
 135      5F6C6C64 
 135      5F696E69 
 135      7400
 136 0081 00       		.ascii	"\000"
 137 0082 02       		.ascii	"\002"
 138 0083 00       		.ascii	"\000"
 139 0084 00000000 		.ascii	"\000\000\000\000\000\000\000\000"
 139      00000000 
 140 008c C5000000 		.ascii	"\305\000\000\000"
 141 0090 68616C5F 		.ascii	"hal_lld_init\000"
 141      6C6C645F 
 141      696E6974 
 141      00
 142 009d 00       		.ascii	"\000"
 143 009e 02       		.ascii	"\002"
 144 009f 00       		.ascii	"\000"
 145 00a0 00000000 		.ascii	"\000\000\000\000\000\000\000\000"
 145      00000000 
 146 00a8 C7000000 		.ascii	"\307\000\000\000"
 147              		.text
 148              		.section	.gnu.lto_.opts,"",%progbits
 149 0000 272D666D 		.ascii	"'-fmath-errno' '-fsigned-zeros' '-ftrapping-math' '"
 149      6174682D 
 149      6572726E 
 149      6F272027 
 149      2D667369 
 150 0033 2D666E6F 		.ascii	"-fno-trapv' '-fno-openmp' '-fno-openacc' '-mcpu=cor"
 150      2D747261 
 150      70762720 
 150      272D666E 
 150      6F2D6F70 
 151 0066 7465782D 		.ascii	"tex-m0' '-mno-thumb-interwork' '-mthumb' '-O2' '-fo"
 151      6D302720 
 151      272D6D6E 
 151      6F2D7468 
 151      756D622D 
 152 0099 6D69742D 		.ascii	"mit-frame-pointer' '-falign-functions=16' '-ffuncti"
 152      6672616D 
 152      652D706F 
 152      696E7465 
ARM GAS  C:\Users\hgray\AppData\Local\Temp\cchvcF7B.s 			page 9


 152      72272027 
 153 00cc 6F6E2D73 		.ascii	"on-sections' '-fdata-sections' '-fno-common' '-flto"
 153      65637469 
 153      6F6E7327 
 153      20272D66 
 153      64617461 
 154 00ff 2700     		.ascii	"'\000"
 155              		.text
 156              		.comm	__gnu_lto_v1,1,1
 157              		.comm	__gnu_lto_slim,1,1
 158              		.ident	"GCC: (GNU Tools for Arm Embedded Processors 7-2017-q4-major) 7.2.1 20170904 (release) [ARM
ARM GAS  C:\Users\hgray\AppData\Local\Temp\cchvcF7B.s 			page 10


DEFINED SYMBOLS
                            *ABS*:00000000 hal.c
                            *COM*:00000001 __gnu_lto_v1
                            *COM*:00000001 __gnu_lto_slim

NO UNDEFINED SYMBOLS
