ARM GAS  C:\Users\hunter\AppData\Local\Temp\cclEQR20.s 			page 1


   1              		.cpu cortex-m0
   2              		.eabi_attribute 20, 1
   3              		.eabi_attribute 21, 1
   4              		.eabi_attribute 23, 3
   5              		.eabi_attribute 24, 1
   6              		.eabi_attribute 25, 1
   7              		.eabi_attribute 26, 1
   8              		.eabi_attribute 30, 2
   9              		.eabi_attribute 34, 0
  10              		.eabi_attribute 18, 4
  11              		.file	"hal_st.c"
  12              		.section	.gnu.lto_.profile.3dd49d5f,"",%progbits
  13 0000 789C6363 		.ascii	"x\234cc```\001bF\006)\036\000\000\270\0002"
  13      60606001 
  13      62460629 
  13      1E0000B8 
  13      0032
  14              		.text
  15              		.section	.gnu.lto_.icf.3dd49d5f,"",%progbits
  16 0000 789C6363 		.ascii	"x\234cc``P`@\000V\206\203\253v\265\3633\336~\324w\211"
  16      60605060 
  16      40005686 
  16      83AB76B5 
  16      F333DE7E 
  17 0017 93E9CA8B 		.ascii	"\223\351\312\213\365\015\274\314\363\277\316\270\310"
  17      F50DBCCC 
  17      F3BFCEB8 
  17      C8
  18 0024 CCB2F8F0 		.ascii	"\314\262\370\360\212\031|\014\000\371\334\016\303"
  18      8A197C0C 
  18      00F9DC0E 
  18      C3
  19              		.text
  20              		.section	.gnu.lto_.jmpfuncs.3dd49d5f,"",%progbits
  21 0000 789C6363 		.ascii	"x\234cc``\220a@\000V\020\301\010\004\365s\230\031\230"
  21      60609061 
  21      40005610 
  21      C10804F5 
  21      73981998 
  22 0014 181898A1 		.ascii	"\030\030\230\241L\026\2400\000#\314\002t"
  22      4C16A030 
  22      0023CC02 
  22      74
  23              		.text
  24              		.section	.gnu.lto_.inline.3dd49d5f,"",%progbits
  25 0000 789C6363 		.ascii	"x\234cc``He@\000V\006\006\026\036F\006& \223m\201<\210"
  25      60604865 
  25      40005606 
  25      06161E46 
  25      06262093 
  26 0018 6260E402 		.ascii	"b`\344\002\021\014l\254@a\266\017zpq&\006\026f\240\020"
  26      110C6CAC 
  26      4061B60F 
  26      7A707126 
  26      061666A0 
  27 002d D3057EB8 		.ascii	"\323\005~\270\0203\246\020\013\246\020\003\000\234z"
  27      1033A610 
ARM GAS  C:\Users\hunter\AppData\Local\Temp\cclEQR20.s 			page 2


  27      0BA61003 
  27      009C7A
  28 003c 086F     		.ascii	"\010o"
  29              		.text
  30              		.section	.gnu.lto_.pureconst.3dd49d5f,"",%progbits
  31 0000 789C6363 		.ascii	"x\234cc``\340\006bV\006\011F)&)f)\026)\000\004\001\000"
  31      6060E006 
  31      62560609 
  31      46292629 
  31      66291629 
  32 0018 A1       		.ascii	"\241"
  33              		.text
  34              		.section	.gnu.lto_stInit.3dd49d5f,"",%progbits
  35 0000 789C6363 		.ascii	"x\234cc``X\001\304\352@,\015\304\214\314\014\214L\023"
  35      60605801 
  35      C4EA402C 
  35      0DC48CCC 
  35      0C8C4C13 
  36 0014 CE313034 		.ascii	"\316104r012\202\030\015\034\214\014\365L\214\365\214"
  36      72303132 
  36      82180D1C 
  36      8C0CF54C 
  36      8CF58C
  37 0027 3DCC5398 		.ascii	"=\314S\230\031\017\265?\333\311\244\271\274\001\010"
  37      190FB53F 
  37      DBC9A4B9 
  37      BC0108
  38 0036 0E4CFF21 		.ascii	"\016L\377!\331\260\342\000\343\034f\006\206i@\014\002"
  38      D9B0E200 
  38      E31C6606 
  38      8669400C 
  38      02
  39 0047 8C9B1935 		.ascii	"\214\233\0315\031\200\312\036m\3747\225\227\215\005"
  39      1980CA1E 
  39      6DFC3795 
  39      978D05
  40 0056 22CEB885 		.ascii	"\"\316\270\205\221\215\201\021\310X\177\211\365@\303"
  40      918D8111 
  40      C8587F89 
  40      F540C3
  41 0065 BFFFED0D 		.ascii	"\277\377\355\015\007\356,b\374\317\012\224\353\000b"
  41      07EE2C62 
  41      FCCF0A94 
  41      EB0062
  42 0074 A0250D07 		.ascii	"\240%\015\007\030:\231\231@\254\346\003\014o\030\233"
  42      183A9999 
  42      40ACE603 
  42      0C6F189B 
  43 0084 17FC9606 		.ascii	"\027\374\226\006k\002\232\264s\347\233\333\354\365\177"
  43      6B029AB4 
  43      73E79BDB 
  43      ECF57F
  44 0093 1B38E630 		.ascii	"\0338\34603Nc\006\232\302\270\225\261\236a\016P\365"
  44      334E6306 
  44      9AC2B895 
  44      B19E610E 
  44      50F5
ARM GAS  C:\Users\hunter\AppData\Local\Temp\cclEQR20.s 			page 3


  45 00a5 3BC6A605 		.ascii	";\306\246\005\377\271\301\352@\240\003(\0114\200\211"
  45      FFB9C1EA 
  45      40A00328 
  45      09348089 
  46 00b5 8141554F 		.ascii	"\201AUOO\037\210\22232\2232\363\213\015-\214\364\363"
  46      4F1F8892 
  46      33329332 
  46      F38B0D2D 
  46      8CF4F3
  47 00c8 8BF53312 		.ascii	"\213\3653\022s\364\213\213\222At|q\211^2\003\000B\370"
  47      73F48B8B 
  47      9241747C 
  47      71895E32 
  47      030042F8 
  48 00dc 4617     		.ascii	"F\027"
  49              		.text
  50              		.section	.gnu.lto_stStartAlarm.3dd49d5f,"",%progbits
  51 0000 789C9552 		.ascii	"x\234\225RAh\023A\024\235\267\223\356\326\240\361\250"
  51      41681341 
  51      149DB793 
  51      EED6A0F1 
  51      A8
  52 0011 600E3D18 		.ascii	"`\016=\030j=dM\275\024\274\212 \264'{/m\024\022\210"
  52      6A3D644D 
  52      BD14BC8A 
  52      20B4277B 
  52      2F6D1412 
  53 0026 A4748347 		.ascii	"\244t\203G;\215\211iMD\017&b\210\272XK\255\020Z\255"
  53      3B8D8969 
  53      4D440F26 
  53      6288BA58 
  53      4BAD105A 
  54 003b DA56D3BA 		.ascii	"\332V\323\272\306\252\007\261V=\364\342\241(\304\"U"
  54      C6AA07B1 
  54      563DF4E2 
  54      A128C422 
  54      55
  55 004c 540A2242 		.ascii	"T\012\"B\365\317d\225z\020t\330\231\371\377\363\376"
  55      F5CF6495 
  55      7A1074D8 
  55      99F9FFF3 
  55      FE
  56 005d FBEFFF1D 		.ascii	"\373\357\377\035\23516\2471\326K\367\016\332\340\014"
  56      9D3136A7 
  56      31D64BF7 
  56      0EDAE00C 
  57 006d DAD905C6 		.ascii	"\332\331\005\306\006\0325@\032\242\021\254_C?r\374\034"
  57      061A3540 
  57      1AA211AC 
  57      5F433F72 
  57      FC1C
  58 007f 4735539B 		.ascii	"G5S\233\321ZF\005-\347\374\264~R\244\267\2278c\005\332"
  58      D15A4605 
  58      2DE7FCB4 
  58      7E52A4B7 
  58      97386305 
  59 0094 7261122D 		.ascii	"ra\022-\204z\221\232(\361,/q\300C\356\347g\305\267>"
ARM GAS  C:\Users\hunter\AppData\Local\Temp\cclEQR20.s 			page 4


  59      847A919A 
  59      28F12C2F 
  59      71C043EE 
  59      E767C5B7 
  60 00a9 E96A6822 		.ascii	"\351jh\"\367\373\365\211\327[\371.0\262\257\224\317"
  60      F7FBF589 
  60      D75BF92E 
  60      30B2AF94 
  60      CF
  61 00ba 8CE8CD23 		.ascii	"\214\350\315#B$\205\263:\314\305\316\022\347\270\003"
  61      422485B3 
  61      3ACCC5CE 
  61      12E7B803 
  62 00ca 4E84B80D 		.ascii	"N\204\270\015?n\301\317(\3040\205f\211\177sc=\277E\367"
  62      3F6EC1CF 
  62      28C43085 
  62      66897F73 
  62      633DBF45 
  63 00df D8BF6A62 		.ascii	"\330\277jb\032:\003\031\343/\033\034\261\376##\234\265"
  63      1A3A0319 
  63      E32F1B1C 
  63      B1FE2323 
  63      9CB5
  64 00f1 AB787540 		.ascii	"\253xu@'\3652\205\015\022\212\332\020\016\033\342\232"
  64      27F53285 
  64      0D128ADA 
  64      100E1BE2 
  64      9A
  65 0102 B44E38AC 		.ascii	"\264N8\254\006Mr\0159\247\346\275|\217\322\261\224M"
  65      064D720D 
  65      39A7E6BD 
  65      7C8FD2B1 
  65      944D
  66 0114 AD188161 		.ascii	"\255\030\201a\245\243vasQ8\251&)e\346O)\252\307\273"
  66      A5A37661 
  66      735138A9 
  66      262965E6 
  66      4F29AAC7 
  67 0129 081489EB 		.ascii	"\010\024\211\353=\252\305o\037V\363m\277e\245\352cY"
  67      3DAAC56F 
  67      1F56F36D 
  67      BF65A5EA 
  67      6359
  68 013b D4B9C428 		.ascii	"\324\271\304(m\005\216\015\262\031\356AGEJ\246\203\342"
  68      6D058E0D 
  68      B219EE41 
  68      47454AA6 
  68      83E2
  69 014d 8574F5B9 		.ascii	"\205t\365\271!'\343Q\260\205\362\327O\336\272+\251\344"
  69      2127E351 
  69      B085F2D7 
  69      4FDEBA2B 
  69      A9E4
  70 015f ECEC8BEF 		.ascii	"\354\354\213\3576\331\270\204\022o\300\034\251\230\225"
  70      36D9B884 
  70      126FC01C 
  70      A99895
ARM GAS  C:\Users\hunter\AppData\Local\Temp\cclEQR20.s 			page 5


  71 016e 2A289EA9 		.ascii	"*(\236\251=]\364\231e\221\032\020\313S\223\333\276P"
  71      3D5DF499 
  71      65911A10 
  71      CB5393DB 
  71      BE50
  72 0180 928EFBB0 		.ascii	"\222\216\373\260\221\247\206e\031\011rr\3111#4.A\366"
  72      91A78665 
  72      19097272 
  72      C9312334 
  72      2E41F6
  73 0193 4DA230E0 		.ascii	"M\2420\340\300\304n\277\213\300\003\204\334N\326V*i"
  73      C0C46EBF 
  73      8BC00384 
  73      DC4ED656 
  73      2A69
  74 01a5 9F2BEA1F 		.ascii	"\237+\352\037J\332\307%YU\225\203K\366\020\346\306\216"
  74      4ADAC725 
  74      59559583 
  74      4BF610E6 
  74      C68E
  75 01b7 0C8ACF53 		.ascii	"\014\212\317S\246\"\237\375\177\362G\212\\s\311\037"
  75      A6229FFD 
  75      7FF2478A 
  75      5C73C91F 
  76 01c7 2BF2CAE5 		.ascii	"+\362\312\345\334\230\267N\256\341\011e\326\220\\\316"
  76      DC98B74E 
  76      AEE10965 
  76      D6905CCE 
  77 01d7 5E0BCB49 		.ascii	"^\013\313I\253\221\263\217H\332\243\247\241\236\205"
  77      AB91B38F 
  77      48DAA3A7 
  77      A19E85
  78 01e6 5C83248F 		.ascii	"\\\203$\217~:\275\360@0h\322\027\216D{\242q+\324\326"
  78      7E3ABDF0 
  78      403068D2 
  78      178E447B 
  78      A2712BD4 
  79 01fb 6AC62D33 		.ascii	"j\306-3\322\0353\255\276\260\274\273\254D0\314\214\356"
  79      D21D33AD 
  79      BEB0BCBB 
  79      AC4430CC 
  79      8CEE
  80 020d 1E2B113D 		.ascii	"\036+\021=z\304#\217}\177K\351\215\367%,\363Pg\307\336"
  80      7AC4238F 
  80      7D7F4BE9 
  80      8DF7252C 
  80      F35067C7 
  81 0222 56B3BD7D 		.ascii	"V\263\275}\277\331y\260\343X\310%\351\212\305\016\007"
  81      BFD979B0 
  81      E358C825 
  81      E98AC50E 
  81      07
  82 0233 23EC2768 		.ascii	"#\354'hZ\004\200"
  82      5A0480
  83              		.text
  84              		.section	.gnu.lto_stStopAlarm.3dd49d5f,"",%progbits
  85 0000 789C754F 		.ascii	"x\234uO=HBQ\024>\337\273\366\372\201\232\213\334\242"
ARM GAS  C:\Users\hunter\AppData\Local\Temp\cclEQR20.s 			page 6


  85      3D484251 
  85      143EDFBB 
  85      F6FA819A 
  85      8BDCA2
  86 0013 A1E55D34 		.ascii	"\241\345]4\202\2405\202@\247\334\245l0\020\014_\264"
  86      82A03582 
  86      40A7DCA5 
  86      6C30100C 
  86      5FB4
  87 0025 FA2C4DC3 		.ascii	"\372,M\303\206\206\264\305Bhh\222\210~\355\007\036\322"
  87      8686B4C5 
  87      42686892 
  87      887EED07 
  87      1ED2
  88 0037 16583435 		.ascii	"\026X45J\201AC\204\010\011\201u\256F\264t\270\347\347"
  88      4A814143 
  88      84080981 
  88      75AE46B4 
  88      74B8E7E7 
  89 004b 9EF39DF3 		.ascii	"\236\363\235\363\235\243\023\321\030\210\002\354\007"
  89      9DA313D1 
  89      188802EC 
  89      07
  90 0058 592108DA 		.ascii	"Y!\010\332f\231(\326\245\001*\260\272@Q\015Ql\210-\201"
  90      669928D6 
  90      A5012AB0 
  90      BA40510D 
  90      516C882D 
  91 006d 52B25AD4 		.ascii	"R\262Z\324F\366-\026{\273\256\257Y\211\376\234 \312"
  91      46F62D16 
  91      7BBBAEAF 
  91      5989FE9C 
  91      20CA
  92 007f B22AC111 		.ascii	"\262*\301\021F\210aO\207\315L\257\356h\347q\014\235"
  92      4688614F 
  92      87CD4CAF 
  92      EE68E771 
  92      0C9D
  93 0091 98830E1E 		.ascii	"\230\203\016\036:l\253\371\225\264\354\233=|Nq-\305"
  93      3A6CABF9 
  93      95B4EC9B 
  93      3D7C4E71 
  93      2DC5
  94 00a3 CA24964D 		.ascii	"\312$\226M\353BS\321\252M\257(\325\033\217WY\343wN\274"
  94      EB4253D1 
  94      AA4DAF28 
  94      D51B8F57 
  94      59E3774E 
  95 00b8 4DD7D045 		.ascii	"M\327\320EkVV\340/\007N\240\343TQ\260\341|6Q\272\353"
  95      6B5656E0 
  95      2F074EA0 
  95      E35451B0 
  95      E17C3651 
  96 00ce 4C8B9C40 		.ascii	"L\213\234@\013V.|\274\367\264\277j\214\203S\371\235"
  96      0B562E7C 
  96      BCF7B4BF 
  96      6A8C8353 
ARM GAS  C:\Users\hunter\AppData\Local\Temp\cclEQR20.s 			page 7


  96      F99D
  97 00e0 97EE3C76 		.ascii	"\227\356<v\221\023\032\316\341\304\031\234\244\240\311"
  97      91131ACE 
  97      E1C4199C 
  97      A4A0C9
  98 00ef EAED7D9F 		.ascii	"\352\355}\237,X\361\230Uy\256\015\324\270I\240\210<"
  98      2C58F198 
  98      5579AE0D 
  98      D4B849A0 
  98      883C
  99 0101 32BCA6A2 		.ascii	"2\274\246\242!\\@\376\245\340Mp\311\335oX\251\244\257"
  99      215C40FE 
  99      A5E04D70 
  99      C9DD6F58 
  99      A9A4AF
 100 0114 875A972A 		.ascii	"\207Z\227*Iq\201\257\321\210\206\015C\362\013\004\027"
 100      497181AF 
 100      D188860D 
 100      43F20B04 
 100      17
 101 0125 E616C2A6 		.ascii	"\346\026\302\246k\334-\303\246\014\316\206\244\031\011"
 101      6BDC2DC3 
 101      A60CCE86 
 101      A41909
 102 0134 28EF3797 		.ascii	"(\3577\227\214\000M\374\207Z\014G\226L9\343\363\216"
 102      8C004DFC 
 102      875A0C47 
 102      964C39E3 
 102      F38E
 103 0146 BAA5C733 		.ascii	"\272\245\3073)}\323\336e\327O\237?\024\2327\202\364"
 103      297DD3DE 
 103      65D74F9F 
 103      3F149A37 
 103      82F4
 104 0158 0DEC9488 		.ascii	"\015\354\224\210<"
 104      3C
 105              		.text
 106              		.section	.gnu.lto_stSetAlarm.3dd49d5f,"",%progbits
 107 0000 789C7592 		.ascii	"x\234u\222Mh\023Q\020\307\347\277o\273[\213\326\253"
 107      4D681351 
 107      10C7E7BF 
 107      6FBB5B8B 
 107      D6AB
 108 0012 60841E0C 		.ascii	"`\204\036\014\265\036\262\246^\012^\005\021\332\223"
 108      B51EB2A6 
 108      5E0A5E05 
 108      11DA93
 109 0021 BD97360A 		.ascii	"\275\2276\012\011DR\272\301k_cjZS\324\203M!le\261\026"
 109      094452BA 
 109      C16B5F63 
 109      6A5A53D4 
 109      834D216C 
 110 0038 510C8D56 		.ascii	"Q\014\215Vmk\375X\203x\021\353\307\305K\016E%\025AQ"
 110      6D6BFD58 
 110      837811EB 
 110      C7C54B0E 
 110      45251541 
ARM GAS  C:\Users\hunter\AppData\Local\Temp\cclEQR20.s 			page 8


 111 004d 2F4584EA 		.ascii	"/E\204\352\314\266\212\036\034\366\2757\363\370\317"
 111      CCB68A1E 
 111      1CF6BD37 
 111      F3F8CF
 112 005c BCDF0C6B 		.ascii	"\274\337\014k\021\221i\020\015\362\271\233\027\024\301"
 112      11916910 
 112      0DF2B99B 
 112      1714C1
 113 006b B8B04234 		.ascii	"\270\260B4\322l\000\342\350f\320\260\201aL\250\213\012"
 113      D26C00E2 
 113      E866D0B0 
 113      81614CA8 
 113      8B0A
 114 007d B54263C9 		.ascii	"\265Bc\311\350\270\252\331\202\251\252}F\217\356\362"
 114      E8B8AAD9 
 114      82A9AA7D 
 114      468FEEF2 
 115 008d 14518997 		.ascii	"\024Q\211\227\030\346\321\301\252W\371\252\247\212\312"
 115      18E6D1C1 
 115      AA57F9AA 
 115      A78ACA
 116 009c 5380C9E1 		.ascii	"S\200\311\341\327\347\345w\255\022\032h\343\360\307"
 116      D7E7E577 
 116      AD121A68 
 116      E3F0C7
 117 00ab F56A7DA7 		.ascii	"\365j}\247\332\007b\377r\345\374\254\325>\253uN\007"
 117      DA0762FF 
 117      72E5FCAC 
 117      D53EAB75 
 117      4E07
 118 00bd F519A5F7 		.ascii	"\365\031\245\367zJ\341.\024\027\304\035Dp\033\021\342"
 118      7A4AE12E 
 118      1417C41D 
 118      44701B11 
 118      E2
 119 00ce 2BC202DA 		.ascii	"+\302\002\332E\377\366\346\306\344\016\313\364\177\277"
 119      45FFF6E6 
 119      C6E40ECB 
 119      F47FBF
 120 00dd 89455804 		.ascii	"\211EX\004v\346^7\005z\343gA\007\357\257`\371\210\311"
 120      76E65E37 
 120      057AE367 
 120      4107EFAF 
 120      60F988C9 
 121 00f1 F4924263 		.ascii	"\364\222Bc\254\3426t@\343\312\020\357t@\015\030Rk<8"
 121      ACE23674 
 121      40E3CA10 
 121      EF74400D 
 121      18526B3C 
 122 0106 FBA4451D 		.ascii	"\373\244E\035\0109\336\024\363\037\354\350L\310\361"
 122      0839DE14 
 122      F31FECE8 
 122      4CC8F1
 123 0115 747A7B59 		.ascii	"tz{Y\007\3716AY\372\027%\354\361\036\242e\256\365\021"
 123      07F93641 
 123      59FA1725 
 123      ECF11EA2 
ARM GAS  C:\Users\hunter\AppData\Local\Temp\cclEQR20.s 			page 9


 123      65AEF511 
 124 0129 B5F2F74F 		.ascii	"\265\362\367O7\246\272\376`\3457\307\262h+\321\204l"
 124      37A6BAFE 
 124      60E537C7 
 124      B2682BD1 
 124      846C
 125 013b 2585BFB0 		.ascii	"%\205\277\260\011\313\260p_\220y\343\373\322h\355\205"
 125      09CBB070 
 125      5F9079E3 
 125      FBD268ED 
 125      85
 126 014c 2D933143 		.ascii	"-\2231C\331Je\375K\313f(\245dv\376\364\3326\037\227"
 126      D94A65FD 
 126      4BCB6628 
 126      A56476FE 
 126      F4DA361F 
 127 0161 E0A9263C 		.ascii	"\340\251&<d\212\007B\301\367\205\306\263\227\255NE\347"
 127      648A0742 
 127      C1F785C6 
 127      B397AD4E 
 127      45E7
 128 0173 47F4EAC2 		.ascii	"G\364\352\302\374\236o\234d\341\021|Lr\303\362\214\210"
 128      FC9E6F9C 
 128      64E1117C 
 128      4C72C3F2 
 128      8C88
 129 0185 8289DC35 		.ascii	"\202\211\3345;>'\"\377\026\227\260\021\300\301\376\310"
 129      3B3E2722 
 129      FF1697B0 
 129      11C0C1FE 
 129      C8
 130 0196 96028F11 		.ascii	"\226\002\217\021\227N\032\310\255\026\353\011\341\015"
 130      974E1AC8 
 130      AD16EB09 
 130      E10D
 131 01a4 C1E93372 		.ascii	"\301\3513r\376\3729\204\303\025\033\343.xt\374\237D"
 131      FEFA3984 
 131      C3151BE3 
 131      2E7874FC 
 131      9F44
 132 01b6 633187BF 		.ascii	"c1\207\277D25\220\312\270\361\256N'\343:\311\376\264"
 132      44323590 
 132      CAB8F1AE 
 132      4E27E33A 
 132      C9FEB4
 133 01c9 E30E25E4 		.ascii	"\343\016%\344\354s\263\261\004\331\375\003n6u\362\204"
 133      EC73B3B1 
 133      04D9FD03 
 133      6E3675F2 
 133      84
 134 01da 29DBA1FF 		.ascii	")\333\241\377\245\014f\206\262\256s\254\267\347`\247"
 134      A50C6686 
 134      B2AE73AC 
 134      B7E760A7 
 135 01ea D3DD7DD8 		.ascii	"\323\335}\330\351=\332s*\276U\244/\235>\036K\322/\006"
 135      E93DDA73 
 135      2ABE55A4 
ARM GAS  C:\Users\hunter\AppData\Local\Temp\cclEQR20.s 			page 10


 135      2F9D3E1E 
 135      4BD22F06 
 136 01fe B6C8D1   		.ascii	"\266\310\321"
 137              		.text
 138              		.section	.gnu.lto_stGetAlarm.3dd49d5f,"",%progbits
 139 0000 789C7590 		.ascii	"x\234u\220\317+DQ\024\307\317\367\335\361\036\302\037"
 139      CF2B4451 
 139      14C7CFF7 
 139      DDF11EC2 
 139      1F
 140 0011 C0141B0B 		.ascii	"\300\024\033\013\026s\0336\312VI\261b/\306b\324\324"
 140      16731B36 
 140      CA5649B1 
 140      622FC662 
 140      D4D4
 141 0023 C893AD6B 		.ascii	"\310\223\255k\214\020\013\3711\212G\257,d!d\374\376"
 141      8C100BF9 
 141      318A47AF 
 141      2C642164 
 141      FCFE
 142 0035 D18BB291 		.ascii	"\321\213\262\221\237+K!J\0226\210p.\222\215\333\275"
 142      9F2B4B21 
 142      4A123688 
 142      702E928D 
 142      DBBD
 143 0047 EF9E73DE 		.ascii	"\357\236s\336\347\235\363\375>\223\210ZA\024\342;\207"
 143      E79DF3FD 
 143      3E93885A 
 143      4114E23B 
 143      87
 144 0058 0F04C1E8 		.ascii	"\017\004\301\350? jO5\000\035\250TP\233\2016\364\211"
 144      3F206A4F 
 144      35001DA8 
 144      54509B81 
 144      36F489
 145 006b 2181E3F8 		.ascii	"!\201\343\370\234#z\205\303\230\217\323\207\375\321"
 145      9C237A85 
 145      C3988FD3 
 145      87FDD1
 146 007a 8B2C9D02 		.ascii	"\213,\235\002y\234\336\336\355&3\012\246\224\212)o\344"
 146      799CDEDE 
 146      ED26330A 
 146      A6948A29 
 146      6FE4
 147 008c DE1A4B1E 		.ascii	"\336\032K\036\2514G\030\224`<\011?\026\340\3273\026"
 147      A9344718 
 147      94603C09 
 147      3F16E0D7 
 147      3316
 148 009e 51404C9F 		.ascii	"Q@L\237\317\277\017g\232>W\220\006\270\276\004\223X"
 148      CFBF0F67 
 148      9A3E5790 
 148      06B8BE04 
 148      9358
 149 00b0 0BCD9EA4 		.ascii	"\013\315\236\244x\352\375\243Ky\227\223x-\347\006\216"
 149      78EAFDA3 
 149      4B799793 
ARM GAS  C:\Users\hunter\AppData\Local\Temp\cclEQR20.s 			page 11


 149      782DE706 
 149      8E
 150 00c1 60A09B0F 		.ascii	"`\240\233\017+R\036\365p\211\243\016\217n\260\275\365"
 150      2B521EF5 
 150      7089A30E 
 150      8F6EB0BD 
 150      F5
 151 00d2 72FA3692 		.ascii	"r\3726\222\375\333/\256xy\203\317\326W\277\204\300\237"
 151      FDDB2FAE 
 151      787983CF 
 151      D657BF84 
 151      C09F
 152 00e4 51846598 		.ascii	"Q\204e\230X\321c\3701*\014~\225\350\334>\264\264\005"
 152      58D163F8 
 152      312A0C7E 
 152      95E8DC3E 
 152      B4B405
 153 00f7 DF177930 		.ascii	"\337\027y0\363t\237\376\235\352F\332\244;~\235\346b"
 153      F3749FFE 
 153      9DEA46DA 
 153      A43B7E9D 
 153      E662
 154 0109 028E48C1 		.ascii	"\002\216H\301\032\273X\325.\270\336u\265w\224%gT\274"
 154      1ABB58D5 
 154      2EB8DE75 
 154      B5779425 
 154      6754BC
 155 011c 5D9D5D3C 		.ascii	"]\235]<\346\016\260U\023\353p1\314B\365$\015y}\261i"
 155      E60EB055 
 155      13EB7031 
 155      CC42F524 
 155      0D797DB1 
 156 0131 2B38AB21 		.ascii	"+8\253!w\315p\204\205\015H\024\372\177\010l\"Hw\210"
 156      77CD7084 
 156      850D4814 
 156      FA7F086C 
 156      22487788 
 157 0145 9DF5BEED 		.ascii	"\235\365\276\355\230Z0\213\342?\300^\241\035r\234\037"
 157      985A308B 
 157      E23FC05E 
 157      A11D729C 
 157      1F
 158 0156 0848DEA1 		.ascii	"\010H\336\241pc}c\324\016\226\024\311\250-\303u\021"
 158      70637D63 
 158      D40E9614 
 158      C9A82DC3 
 158      7511
 159 0168 693787F4 		.ascii	"i7\207\364]k\267\004BT\372\037\325\024mn\261euMUq\221"
 159      5D6BB704 
 159      4254FA1F 
 159      D5146D6E 
 159      B165754D 
 160 017f ACAC2C93 		.ascii	"\254\254,\2235\025U\255\301\237\357j#\221\206@\230>"
 160      351555AD 
 160      C19FEF6A 
 160      23918640 
 160      983E
ARM GAS  C:\Users\hunter\AppData\Local\Temp\cclEQR20.s 			page 12


 161 0191 0124269D 		.ascii	"\001$&\235%"
 161      25
 162              		.text
 163              		.section	.gnu.lto_.symbol_nodes.3dd49d5f,"",%progbits
 164 0000 789C55C8 		.ascii	"x\234U\310\271\015\2000\020\005\321\3716\246.(\212x"
 164      B90D8030 
 164      1005D1F9 
 164      36A62E28 
 164      8A78
 165 0012 B7048AA0 		.ascii	"\267\004\212\240\012\212p\312\031P\011\302\"\333`4\322"
 165      0A8A70CA 
 165      195009C2 
 165      22DB6034 
 165      D2
 166 0023 EB81A945 		.ascii	"\353\201\251E\332d0Wh[}l\262\313\024\345\220\245(\247"
 166      DA643057 
 166      685B7D6C 
 166      B2CB14E5 
 166      90A528A7 
 167 0037 2C47B964 		.ascii	",G\271d]\020\335\262\362\013\270\017\220),\317+>4\011"
 167      5D10DDB2 
 167      F20BB80F 
 167      90292CCF 
 167      2B3E3409 
 168 004b 1E90     		.ascii	"\036\220"
 169              		.text
 170              		.section	.gnu.lto_.refs.3dd49d5f,"",%progbits
 171 0000 789C6363 		.ascii	"x\234cc```\004b\006\000\000D\000\010"
 171      60606004 
 171      62060000 
 171      440008
 172              		.text
 173              		.section	.gnu.lto_.decls.3dd49d5f,"",%progbits
 174 0000 789CB557 		.ascii	"x\234\265W{L\025W\032\2373\347\202xyY4\306\356\262\011"
 174      7B4C1557 
 174      1A9F33E7 
 174      82787959 
 174      34C6EEB2 
 175 0015 31184876 		.ascii	"1\030Hv\345e\253\3356\331\324\242uMj\333\\\335d\223"
 175      E565ABDD 
 175      36D9D4A2 
 175      754D6ADB 
 175      5CDD6493 
 176 0029 257B8B70 		.ascii	"%{\213p\255$<\\\356\245I\367\217\355\360PA]\021\304"
 176      AD243C5C 
 176      EEA549F7 
 176      8FEDF050 
 176      415D11C4 
 177 003d 170F0179 		.ascii	"\027\017\001yiE\004\025\020\020\245\"\210\010\012\210"
 177      69450415 
 177      1010A522 
 177      88080A88 
 178 004d 28CA4B05 		.ascii	"(\312K\005\305G\025\020EEd\277\363\030f\030\241u\223"
 178      C5471510 
 178      454564BF 
 178      F3186618 
 178      A17593
ARM GAS  C:\Users\hunter\AppData\Local\Temp\cclEQR20.s 			page 13


 179 0060 DDC9FDEE 		.ascii	"\335\311\375\356\314w\316\357\373}\337\371\276s\316"
 179      CC77CEEF 
 179      FB7DDFF9 
 179      BE73CE
 180 006f 9CB11604 		.ascii	"\234\261\026\004\341\366{\2020&\012\302A$\010\343pY"
 180      E1F67B82 
 180      30260AC2 
 180      412408E3 
 180      7059
 181 0081 43DB4F20 		.ascii	"C\333O \240\012U\002\273H[\035H\003\310%\220&\220+ "
 181      A00A5502 
 181      BB485B1D 
 181      4803C825 
 181      9026902B 
 182 0096 5785B7AF 		.ascii	"W\205\267\257\0040\304p\377\006\244\015\344<o\0279\307"
 182      0430C470 
 182      FF06A40D 
 182      E43C6F17 
 182      39C7
 183 00a8 5436FBC0 		.ascii	"T6\373\300\306\206\3338\201\314\341\276\177\003\355"
 183      C686DB38 
 183      81CCE1BE 
 183      7F03ED
 184 00b7 EF833C80 		.ascii	"\357\203<\200\347\016\201\361\352@\267\006\261B\214"
 184      E70E81F1 
 184      EA40B706 
 184      B1428C
 185 00c6 93C4E48C 		.ascii	"\223\304\344\214X\274\277G\223y\323@\327q^\231\253\203"
 185      58BCBF47 
 185      9379D340 
 185      D7715E99 
 185      AB83
 186 00d8 8F4DB627 		.ascii	"\217M\266'\343Y\250\261#W\346;\306\204xL\"\317\213'"
 186      E359A8B1 
 186      2357E63B 
 186      C684784C 
 186      22CF8B27 
 187 00ec 8F658986 		.ascii	"\217e\211\2063\217\363\251\271\334~\205\217\344\370"
 187      338FF3A9 
 187      B9DC7E85 
 187      8FE4F8
 188 00fb 8F9CEF13 		.ascii	"\217\234\357\023\015_\022F\235u\207\016\343\255\030"
 188      0D5F1246 
 188      9D75870E 
 188      E3AD18
 189 010a B9E911A9 		.ascii	"\271\351\021\251\234#4\035}T\366\322\2365\021D\334@"
 189      9C23341D 
 189      7D54F6D2 
 189      9E351144 
 189      DC40
 190 011c 7C0FC222 		.ascii	"|\017\302\"}~.\305\377\323#_b\227\315W\002*FXfj\211"
 190      7D7E2EC5 
 190      FFD3235F 
 190      6297CD57 
 190      022A4658 
 191 0133 1FCA9E81 		.ascii	"\037\312\236\201\275(\2569\2460\225\260:\351\221\016"
 191      BD28AE39 
ARM GAS  C:\Users\hunter\AppData\Local\Temp\cclEQR20.s 			page 14


 191      A63095B0 
 191      3AE9910E 
 192 0143 D4C1C6E4 		.ascii	"\324\301\306\344;\016\240\316\321#\227$,v\267\217v8"
 192      3B0EA0CE 
 192      D1239724 
 192      2C76B78F 
 192      7638
 193 0155 20BD7BAC 		.ascii	" \275{\254$EI\031\321\322\314?\013\250\0149\243\223"
 193      24454919 
 193      D1D2CC3F 
 193      0BA80C39 
 193      A393
 194 0167 C8594015 		.ascii	"\310Y@\025\310\235x.A\036\002:\001\215\307\2411\227"
 194      C89D782E 
 194      411E023A 
 194      018DC7A1 
 194      3197
 195 0179 B8ABEA1E 		.ascii	"\270\253\352\036qK\330,I\"*GzT\2120\305\300\300\334"
 195      714BD82C 
 195      49222A47 
 195      7A548A30 
 195      C5C0C0DC 
 196 018d F42C8043 		.ascii	"\364,\200C\331\011\007\254\361\001D\"\020+R\372j\304"
 196      D90907AC 
 196      F1014422 
 196      102B52FA 
 196      6AC4
 197 019f E97C9C9E 		.ascii	"\351|\234\236\336\307\221\371\265\033\211\217J\360q"
 197      DEC791F9 
 197      B51B898F 
 197      4AF071
 198 01ae 4AF1012E 		.ascii	"J\361\001.\231\223\370\342\233\257\035\361f\232\016"
 198      9993F8E2 
 198      9BAF1DF1 
 198      669A0E
 199 01bd 71E3E592 		.ascii	"q\343\345\222\373\323:\371iZ'\227\353\275\016\265J\222"
 199      FBD33AF9 
 199      695A2797 
 199      EBBD0EB5 
 199      4A92
 200 01cf 0BAA0227 		.ascii	"\013\252\002'g\024'\225\324\011i\005Geg75\333w\243N"
 200      67142795 
 200      D4096905 
 200      47656737 
 200      35DB77A3 
 201 01e4 044544B3 		.ascii	"\004ED\263h\222\021b\377p'B\365q\371B\254\035ZEv\343"
 201      68921162 
 201      FF702742 
 201      F571F942 
 201      AC1D5A45 
 202 01fa 50A2C826 		.ascii	"P\242\310&\374\031\376E\316!\312\274\364\307\011\220"
 202      FC19FE45 
 202      CE21CABC 
 202      F4C70990 
 203 020a 9A95F533 		.ascii	"\232\225\3653w\362%\310\364,,\331N`\224\223\235\251"
 203      77F225C8 
 203      F42C2CD9 
ARM GAS  C:\Users\hunter\AppData\Local\Temp\cclEQR20.s 			page 15


 203      4E609493 
 203      9DA9
 204 021c 8C26C52A 		.ascii	"\214&\305*LtO\204\251\014\022\3619U\236YpO\327\203\272"
 204      4C744F84 
 204      A90C12F1 
 204      39559E59 
 204      704FD783 
 205 0231 40FF5C10 		.ascii	"@\377\\\020v\330\204\320\326\315\307\036w[\341r6%k\306"
 205      76D884D0 
 205      D6CDC71E 
 205      775BE172 
 205      36256BC6 
 206 0245 47AA1CD9 		.ascii	"G\252\034\331T\023\311,\034hH\263eSm\026\250\371\333"
 206      5413C92C 
 206      1C6848B3 
 206      65536D16 
 206      A8F9DB
 207 0258 C693ACE6 		.ascii	"\306\223\254\346\355&i\337\021-\315\022\3217sQ-\024"
 207      ED2669DF 
 207      112DCD12 
 207      D1377351 
 207      2D14
 208 026a A3068A21 		.ascii	"\243\006\212!\240\363h\036\374\207\352\230\263\376\326"
 208      A0F3681E 
 208      FC87EA98 
 208      B3FED6
 209 0279 EDDFCDCF 		.ascii	"\355\337\315\317\2202z\240B\327\275\356\235\220$\230"
 209      90327AA0 
 209      42D7BDEE 
 209      9D902498 
 210 0289 09928EA0 		.ascii	"\011\222\216\240\3209\245J\347\310\224G\325\250\007"
 210      D039A54A 
 210      E7C89447 
 210      D5A807
 211 0298 A1B3A81B 		.ascii	"\241\263\250\033\342\256C\363\301::\377\306\026+|\217"
 211      E2AE43F3 
 211      C13A3AFF 
 211      C6162B7C 
 211      8F
 212 02a9 0555987F 		.ascii	"\005U\230\177\244\323F'\262b\022\007\320&mmMt\2346\224"
 212      A4D34627 
 212      B2621207 
 212      D0266D6D 
 212      4D749C36 
 213 02be 8B34947A 		.ascii	"\2134\224z\304c\371\271\277\253O\007\301\364@0\267\337"
 213      C463F9B9 
 213      BFAB4F07 
 213      C1F44030 
 213      B7DF
 214 02d0 4F96AAA2 		.ascii	"O\226\252\242$2+\001\205.(\241\\\320\206\322@C\2710"
 214      24322B01 
 214      852E28A1 
 214      5CD086D2 
 214      4043B930 
 215 02e4 7ACC010F 		.ascii	"z\314\001\017\263HJz\243[\2548Q\313o'\210\310\230\032"
 215      B3484A7A 
 215      A35BAC38 
ARM GAS  C:\Users\hunter\AppData\Local\Temp\cclEQR20.s 			page 16


 215      51CB6F27 
 215      88C8981A 
 216 02f8 15A2462D 		.ascii	"\025\242F-\321%J\224x|$\335\012K\2302\335\253\271\224"
 216      D1254A94 
 216      787C24DD 
 216      0A4B9832 
 216      DDABB994 
 217 030c 3283339D 		.ascii	"2\2033\235\375\335\244\220.+L\227\265LM\224)\177\270"
 217      FDDDA490 
 217      2E2B4C97 
 217      B54C4D94 
 217      297FB8
 218 031f E9983DD9 		.ascii	"\351\230=\331\021\010\323\353\370M\203\242:\023$IJ*"
 218      1108D3EB 
 218      F84D83A2 
 218      3A132449 
 218      4A2A
 219 0331 5A265525 		.ascii	"Z&U%\263sX\262\346nk\323\347fFK\007%\262v\000\205\232"
 219      B37358B2 
 219      E66E6BD3 
 219      E766464B 
 219      0725B276 
 220 0348 15BFCD5A 		.ascii	"\025\277\315Z\277W\250\337\301mO2\034\361n\346w|\260"
 220      BF57A8DF 
 220      C16D4F32 
 220      1CF16EE6 
 220      777CB0
 221 035b A08DE602 		.ascii	"\240\215\346\002\326\340\265G\177H/\354\227b\365t\026"
 221      D6E0B547 
 221      7F482FEC 
 221      9762F574 
 221      16
 222 036c A05685A9 		.ascii	"\240V\205\251\225oi\350*eH\177=\272\317\301n\313\304"
 222      956F69E8 
 222      2A65487F 
 222      3DBACFC1 
 222      6ECBC4
 223 037f 0AA77079 		.ascii	"\012\247py\221\013\250\015\331Q0\334\001\\zk\327\231"
 223      910BA80D 
 223      D95130DC 
 223      015C7A6B 
 223      D799
 224 0391 996C325E 		.ascii	"\231l2^'\036\223+\206\353\255\230nC\272\037\037.\265"
 224      271E932B 
 224      86EBAD98 
 224      6E43BA1F 
 224      1F2EB5
 225 03a4 6793B38A 		.ascii	"g\223\263\212t_\271\233\031c\307\272\233\210^\335v~"
 225      745FB99B 
 225      1963C7BA 
 225      9B885EDD 
 225      767E
 226 03b6 4087BB58 		.ascii	"@\207\273X\264{[\212\226\353ag\211~\247\355\013\014"
 226      B47B5B8A 
 226      96EB6167 
 226      897EA7ED 
 226      0B0C
ARM GAS  C:\Users\hunter\AppData\Local\Temp\cclEQR20.s 			page 17


 227 03c8 1A1A461B 		.ascii	"\032\032F\033\255p/\263\336ZS\\\313w\340:\242'\225W"
 227      AD702FB3 
 227      DE5A535C 
 227      CB77E03A 
 227      A2279557 
 228 03dc 57D8E27B 		.ascii	"W\330\342{\254\363\316\226\333\325\326\370\021S\344"
 228      ACF3CE96 
 228      DBD5D6F8 
 228      1153E4
 229 03eb A09C7850 		.ascii	"\240\234xP\3517\237\325#<\300:+JO\325\362\001x\251V"
 229      E9379FD5 
 229      233CC03A 
 229      2B4A4FD5 
 229      F20178A9 
 230 0400 97135B5D 		.ascii	"\227\023[]%w/\324\352\331x$\004zeK\307\247\370\031\263"
 230      25772FD4 
 230      EAD97824 
 230      047A654B 
 230      C7A7F819 
 231 0415 3C3B5498 		.ascii	"<;T\230\307\307\206A\355\331Q=\356H\206#\3614B\273\222"
 231      C7C78641 
 231      EDD9513D 
 231      EE488623 
 231      F13442BB 
 232 042a C57EB2F3 		.ascii	"\305~\262\363!Ogt\217\015\345\331\216\302\317\235v\320"
 232      214F6774 
 232      8F0DE5D9 
 232      8EC2CF9D 
 232      76D0
 233 043c 0922499F 		.ascii	"\011\"I\237\352\350n\334\007\350^\212\276\217\234d\033"
 233      EAE86EDC 
 233      07E85E8A 
 233      BE8F9C64 
 233      1B
 234 044d 028EBC95 		.ascii	"\002\216\274\225\323\345\240Fw\374\022\272 +g\217\036"
 234      D3E5A046 
 234      77FC12BA 
 234      202B678F 
 234      1E
 235 045e BF6441A6 		.ascii	"\277dA\246<\355\274\317\353\345\016j\356\363\212h\033"
 235      3CEDBCCF 
 235      EBE50E6A 
 235      EEF38A68 
 235      1B
 236 046f 3CC6FA76 		.ascii	"<\306\372v\236Nk\234\201#uT\221\337`N\364\015\206\242"
 236      9E4E6B9C 
 236      81237554 
 236      91DF604E 
 236      F40D86A2 
 237 0483 AE7D8637 		.ascii	"\256}\2067\262\2363\011\211\235\010\3071\345qL_\017"
 237      B29E3309 
 237      899D08C7 
 237      31E5714C 
 237      5F0F
 238 0495 CFCF3C50 		.ascii	"\317\317<Pw]|\350\206\267\263\2567u\325n8\211=\327\226"
 238      775D7CE8 
 238      86B7B3AE 
ARM GAS  C:\Users\hunter\AppData\Local\Temp\cclEQR20.s 			page 18


 238      3775D56E 
 238      38893DD7 
 239 04aa 1CCC4338 		.ascii	"\034\314C8\231)C\311\265\017\365x?S2ZRO\332\340L\246"
 239      992943C9 
 239      B50FF578 
 239      3F53325A 
 239      524FDAE0 
 240 04c0 E4BED89D 		.ascii	"\344\276\330\235k\207s\231\322Zv5\326\026\037fJlQ\321"
 240      6B877399 
 240      D25A7635 
 240      D6161F66 
 240      4A6C51D1 
 241 04d4 5E5B7C94 		.ascii	"^[|\224)Q\025\355\011|\007\354!zoNo\306L^\025k\320\267"
 241      295115ED 
 241      097C07EC 
 241      217A6F4E 
 241      6FC64C5E 
 242 04ec B4348C20 		.ascii	"\2644\214 |\234\201\023\006\206vZO[\2077r\035\274h\031"
 242      7C9C8113 
 242      0686765A 
 242      4F5B8737 
 242      721DBC68 
 243 0501 4A8BB39E 		.ascii	"J\213\263\236\330h\353\320\016\350\353\024=N3\373F\316"
 243      D868EBD0 
 243      0EE8EB14 
 243      3D4E33FB 
 243      46CE
 244 0513 ECB97395 		.ascii	"\354\271s\225cH[\207\351\320s\2536gl\264E\256\354\232"
 244      63485B87 
 244      E9D073AB 
 244      36676CB4 
 244      45AEEC9A 
 245 0527 ED2A5FEE 		.ascii	"\355*_\356\344\357\200\024\023-U\235\217\307qE\275\315"
 245      E4EF8014 
 245      132D559D 
 245      8FC77145 
 245      BDCD
 246 0539 9152F63C 		.ascii	"\221R\366<J\3653\254\321Xq\266\262\016\036Q\3362\362"
 246      4AF533AC 
 246      D15871B6 
 246      B20E1E51 
 246      DE32F2
 247 054c 2F3093DB 		.ascii	"/0\223\333?\300\276\024\203)|X\013\037\242po\005}V\205"
 247      3FC0BE14 
 247      83297C58 
 247      0B1FA270 
 247      6F057D56 
 248 0561 7EA1455F 		.ascii	"~\241E_\237\204\216\224\252n\304\342H\012\177\200\234"
 248      9F848E94 
 248      AA6EC4E2 
 248      480A7F80 
 248      9C
 249 0572 D05D0E97 		.ascii	"\320]\016\227\247\031\272\363V,\365*\366\221\251\331"
 249      A719BAF3 
 249      562CF52A 
 249      F691A9D9 
 250 0582 D5F01615 		.ascii	"\325\360\026\025\374\271\026\336\253\015}(\026+\360"
ARM GAS  C:\Users\hunter\AppData\Local\Temp\cclEQR20.s 			page 19


 250      FCB916DE 
 250      AB0D7D28 
 250      162BF0
 251 0591 6E2DBC4B 		.ascii	"n-\274K\305\236\300\353!\301\253\005\275\006\304(\355"
 251      C59EC0EB 
 251      21C1AB05 
 251      BD06C428 
 251      ED
 252 05a2 2478D840 		.ascii	"$x\330@P\242\350\216\266\211\256(\016$\032d#\310&\220"
 252      50A2E88E 
 252      B689AE28 
 252      0E241A64 
 252      23C82690 
 253 05b6 24902890 		.ascii	"$\220(\220- \333A\376\015\262\033$\022d\027H\014\310"
 253      2D20DB41 
 253      FE0DB21B 
 253      24126417 
 253      480CC8
 254 05c9 0E90AD20 		.ascii	"\016\220\255 \233Av\202\304\203$\210\256t\367da\276"
 254      9B417682 
 254      C4832488 
 254      AE74F764 
 254      61BE
 255 05db FA9712E5 		.ascii	"\372\227\022\345Km\224\236\332\024<P\245\340\351\324"
 255      4B6D949E 
 255      DA143C50 
 255      A5E0E9D4 
 256 05eb D59B0457 		.ascii	"\325\233\004W\347\240g\352\034\250S\246\212\345\325"
 256      E7A067EA 
 256      1CA853A6 
 256      8AE5D5
 257 05fa 94B1A8C0 		.ascii	"\224\261\250\300\257T\241\014h\301O\336\012eH\005\037"
 257      AF54A10C 
 257      68C14FDE 
 257      0A654805 
 257      1F
 258 060b 9C1AAE9E 		.ascii	"\234\032\256\236wq\252\300oj\3417\336\236\325\352\201"
 258      7771AAC0 
 258      6F6AE137 
 258      DE9ED5EA 
 258      81
 259 061c DED6E26F 		.ascii	"\336\326\342oM\306\303\034\255\217\3433U\022\235\320"
 259      4DC6C31C 
 259      AD8FE333 
 259      55129DD0 
 260 062c 18C7CB0B 		.ascii	"\030\307\313\013\021]S\302a\307\321\307o\234\"az\020"
 260      115D53C2 
 260      61C7D1C7 
 260      6F9C2261 
 260      7A10
 261 063e 94C05F82 		.ascii	"\224\300_\202J\005\337\304\34228\011\305YS\347\235S"
 261      4A05DFC4 
 261      E2323809 
 261      C55953E7 
 261      9D53
 262 0650 07AB1ADB 		.ascii	"\007\253\032\333\015U&\236M=\215'\315z\365\320\036j"
 262      0D55269E 
ARM GAS  C:\Users\hunter\AppData\Local\Temp\cclEQR20.s 			page 20


 262      4D3D8D27 
 262      CD7AF5D0 
 262      1E6A
 263 0662 F177DECA 		.ascii	"\361w\336\312\234\032\376x\352\375\200\302\311\227M"
 263      9C1AFE78 
 263      EAFD80C2 
 263      C9974D
 264 0671 43DB4107 		.ascii	"C\333A\007\374\224n{bql{\276#r\237\315F\334\026\207"
 264      FC946E7B 
 264      62716C7B 
 264      BE23729F 
 264      CD46DC16 
 265 0686 A3C988F7 		.ascii	"\243\311\210\367\201\365\036q\342\315O\0220\315\202"
 265      81F51E71 
 265      E2CD4F12 
 265      30CD82
 266 0695 417B619D 		.ascii	"A{a\235\374\277\327\0149\360\236\311,\325\251O\033\373"
 266      FCBFD70C 
 266      39F09EC9 
 266      2CD5A94F 
 266      1BFB
 267 06a7 54031450 		.ascii	"T\003\024P\262\310N\033p'G\243\343\303\311\366x\234"
 267      B2C84E1B 
 267      702747A3 
 267      E3C3C9F6 
 267      789C
 268 06b9 6DECA7B3 		.ascii	"m\354\247\263\323%\004\207\233\252\036r\270q=|\275_"
 268      D3250487 
 268      9BAA1E72 
 268      B8713D7C 
 268      BD5F
 269 06cb 92802706 		.ascii	"\222\200'\006\351\350\021-E\031&<N>*\245\212\344\240"
 269      E9E8112D 
 269      4519263C 
 269      4E3E2AA5 
 269      8AE4A0
 270 06de 53B92731 		.ascii	"S\271'1\317\036'ZQ\266\254\007e\325\374\275o\017j\307"
 270      CF1E275A 
 270      51B6AC07 
 270      65D5FCBD 
 270      6F0F6AC7 
 271 06f2 81A41C1D 		.ascii	"\201\244\034\035{\245\364\323CY\343\323\335z\234\301"
 271      7BA5F4D3 
 271      4359E3D3 
 271      DD7A9CC1 
 272 0702 B0A3FD49 		.ascii	"\260\243\375I\355\210aITw\313\223\316\351\247}\303\034"
 272      ED886149 
 272      5477CB93 
 272      CEE9A77D 
 272      C31C
 273 0714 10F91B26 		.ascii	"\020\371\033&S\244\257\230\253/*_\331\341C\224I\227"
 273      53A4AF98 
 273      AB2F2A5F 
 273      D9E14394 
 273      4997
 274 0726 1FFDE380 		.ascii	"\037\375\343\200\016\271;#\200#}\256\374\235)\240<Q"
 274      0EB93B23 
ARM GAS  C:\Users\hunter\AppData\Local\Temp\cclEQR20.s 			page 21


 274      80237DAE 
 274      FC9D29A0 
 274      3C51
 275 0738 8FB2442C 		.ascii	"\217\262D,\177\267&K@?\360\003i\206g\033z\247\337`R"
 275      7FB7264B 
 275      403FF003 
 275      6986671B 
 275      7AA7DF60 
 276 074d 9684E709 		.ascii	"\226\204\347\011h\021}\201\241l\250S\036\365\227+:\243"
 276      68117D81 
 276      A16CA853 
 276      1EF5972B 
 276      3AA3
 277 075f 1CE65092 		.ascii	"\034\346P\222\232\236X)o)D\271\323\241\177\277H\342"
 277      9A9E5829 
 277      6F2944B9 
 277      D3A17FBF 
 277      48E2
 278 0771 3B283AC9 		.ascii	";(:\311Q\022tQj\335\313\231z\316\035\373k\334\343{R"
 278      51127451 
 278      6ADDCB99 
 278      7ACE1DFB 
 278      6BDCE37B 
 279 0786 0767A8B9 		.ascii	"\007g\250\271\017\375\022w~\337\376.\375\202,\251\251"
 279      0FFD1277 
 279      7EDFFE2E 
 279      FD822CA9 
 279      A9
 280 0797 8A7C707C 		.ascii	"\212|p|\264/W\212-\204\301\374\010\2136\003\252\005"
 280      B42F578A 
 280      2D84C1FC 
 280      088B3603 
 280      AA05
 281 07a9 6779956D 		.ascii	"gy\225m\032\264\374]\024\320aq\001\230\336\034/\313"
 281      1AB4FC5D 
 281      14D06171 
 281      0198DE1C 
 281      2FCB
 282 07bb B0C7052C 		.ascii	"\260\307\005,\377i\307\366\245\330MT\376\203|U\345\311"
 282      FF69C7F6 
 282      A5D84D54 
 282      FE837C55 
 282      E5C9
 283 07cd 59355F   		.ascii	"Y5_"
 284 07d0 A97CBEB6 		.ascii	"\251|\276\266\362Gh\345\317\334\317N\326\341*\306\326"
 284      F24768E5 
 284      CFDCCF4E 
 284      D6E12AC6 
 284      D6
 285 07e1 F02CF5FE 		.ascii	"\360,\365\376\014\316V\357\301\216\371\231\354\230_"
 285      0CCE56EF 
 285      C18EF999 
 285      EC985F
 286 07f0 A0301568 		.ascii	"\2400\025h\231\216R\246\234\335GS\020nfL\327\332c\312"
 286      998E52A6 
 286      9CDD4753 
 286      106E664C 
ARM GAS  C:\Users\hunter\AppData\Local\Temp\cclEQR20.s 			page 22


 286      D7DA63CA 
 287 0804 F8BCB055 		.ascii	"\370\274\260U\235\215\347\360\263\361\330@\323\030?"
 287      9D8DE7F0 
 287      B3F1D840 
 287      D3183F
 288 0813 2092EFDD 		.ascii	" \222\357\335\321\272M\351h\332isB\2366\307Y\246O_l"
 288      D1BA4DE9 
 288      68DA6973 
 288      429E36C7 
 288      59A64F5F 
 289 0828 6977D056 		.ascii	"iw\320V\361\030d\253\210f\253\230f\372\204\234\351\326"
 289      F11864AB 
 289      8866AB98 
 289      66FA849C 
 289      E9D6
 290 083a AE6DBEDA 		.ascii	"\256m\276\332\262L\013\0369\265\251\006O\224\305=\215"
 290      B24C0B1E 
 290      39B5A906 
 290      4F94C53D 
 290      8D
 291 084b 97A58497 		.ascii	"\227\245\204\227\005\276gT\266\205\274,\245\264,%{v"
 291      05BE6754 
 291      B685BC2C 
 291      A5B42C25 
 291      7B76
 292 085d FD0977B3 		.ascii	"\375\011w\263\321\327\364\325\3248(U9:\244T\205|\272"
 292      D1D7F4D5 
 292      D4382855 
 292      393AA454 
 292      857CBA
 293 0870 9C547279 		.ascii	"\234TryR\233\3132\232\313\350\250\222D+<\300\330\006"
 293      529BCB32 
 293      9ACBE8A8 
 293      92442B3C 
 293      C0D806
 294 0883 9F9CBA6B 		.ascii	"\237\234\272k\255\004\225\256\011\352\312\244\240\312"
 294      AD0495AE 
 294      09EACAA4 
 294      A0CA
 295 0891 795015E2 		.ascii	"yP\025\342\002\301\325\303\303\023~\001\353\203\326"
 295      02C1D5C3 
 295      C3137E01 
 295      EB83D6
 296 08a0 068599BD 		.ascii	"\006\205\231\275?\362\361\0143{\256\367\017\3664\207"
 296      3FF2F10C 
 296      337BAEF7 
 296      0FF63487 
 297 08b0 0790BBD1 		.ascii	"\007\220\273\321l\361\010\260Y\361\345_\\|\275\275\005"
 297      6CF108B0 
 297      59F1E55F 
 297      5C7CBDBD 
 297      05
 298 08c1 BDD11811 		.ascii	"\275\321\030\021\024jY\344c\264\254\013\370\330\217"
 298      146A59E4 
 298      63B4AC0B 
 298      F8D88F
 299 08d0 5A992D11 		.ascii	"Z\231-\021\201Aa~\226\260\260`\263\337\267\241\021."
ARM GAS  C:\Users\hunter\AppData\Local\Temp\cclEQR20.s 			page 23


 299      8141617E 
 299      96B0B060 
 299      B3DFB7A1 
 299      112E
 300 08e2 F4C9C53F 		.ascii	"\364\311\305?<\304\305\024\262\326\024\030h\012\364"
 300      3CC4C514 
 300      B2D61418 
 300      680AF4
 301 08f1 5BE2E1E5 		.ascii	"[\342\341\345\342\343\345\275\344\037\037\370A\373\302"
 301      E2E3E5BD 
 301      E41F1FF8 
 301      41FBC2
 302 0900 D0B050D3 		.ascii	"\320\260P\323B\223\377\332 \277\240\320\200\340\210"
 302      4293FFDA 
 302      20BFA0D0 
 302      80E088
 303 090f 40935F88 		.ascii	"@\223_\210?p\205\232\374\214\201\246u\376\021\301\026"
 303      3F70859A 
 303      FC8C81A6 
 303      75FE11C1 
 303      16
 304 0920 A3E5FB0D 		.ascii	"\243\345\373\015&\263\307z\301F\366\367\267\377\251"
 304      26B3C77A 
 304      C146F6F7 
 304      B7FFA9
 305 092f 3FF3F766 		.ascii	"?\363\367f?\030Z \220\203\223\231\240Z\202BLF\213\373"
 305      3F185A20 
 305      90839399 
 305      A05A8242 
 305      4C468BFB 
 306 0943 54E908B7 		.ascii	"T\351\010\267xr;\350 80\2616[V\206\006Y\026\274K\372"
 306      78723BE8 
 306      203830B1 
 306      365B5686 
 306      065916BC 
 307 0959 043BB365 		.ascii	"\004;\263e\265\305?\334\2624\030\242\261%J\330\006\372"
 307      B5C53FDC 
 307      B23418A2 
 307      B1254AD8 
 307      06FA
 308 096b AC876793 		.ascii	"\254\207g\223E~\\a\232@\030\203\203\003\215A\340\340"
 308      457E5C61 
 308      9A401883 
 308      83038D41 
 308      E0E0
 309 097d 93E91C6C 		.ascii	"\223\351\034l\010\013\267\230=W\257Y\265\310\307\363"
 309      080BB798 
 309      3D57AF59 
 309      B5C8C7F3 
 310 098d 8B2F9679 		.ascii	"\213/\226y\256Y\271\352;o\356\222XC\214V\276\276\253"
 310      AE59B9EA 
 310      3B6FEE92 
 310      58438C56 
 310      BEBEAB
 311 09a0 0C8BC4AF 		.ascii	"\014\213\304\257\014\272e\253\226\032\3602_\203\356"
 311      0CBA65AB 
 311      961AF032 
ARM GAS  C:\Users\hunter\AppData\Local\Temp\cclEQR20.s 			page 24


 311      5F83EE
 312 09af B3656B0C 		.ascii	"\263ek\014\330\327\327\200\015 K\015\006\374\365j_\354"
 312      D8D7D780 
 312      0D204B0D 
 312      06FCF56A 
 312      5FEC
 313 09c1 FBE51A9D 		.ascii	"\373\345\032\235\257\357r\003\305\373\320\177o\274|"
 313      AFEF7203 
 313      C5FBD07F 
 313      6FBC7C
 314 09d0 85415C0D 		.ascii	"\205A\\\015\226+\227\033t\253W\001\332\327\340\003\342"
 314      962B971B 
 314      74AB5701 
 314      DAD7E003 
 314      E2
 315 09e1 0DC8BF1A 		.ascii	"\015\310\277\032>\376\357\2422[BH\011\203B (\333\011"
 315      3EFEEFA2 
 315      325B4248 
 315      09834220 
 315      28DB09
 316 09f4 C56871E2 		.ascii	"\305hq\342\0035\223\344\030\375\311\330\355\215\306"
 316      033593E4 
 316      18FDC9D8 
 316      ED8DC6
 317 0a03 7511A101 		.ascii	"u\021\241\001F\243\307\342\305\037~h#k\272\200\365\376"
 317      46A3C7E2 
 317      C51F7E68 
 317      236BBA80 
 317      F5FE
 318 0a15 E1EF4DC0 		.ascii	"\341\357M\300\30360\364,\271\3054\205\371b\037\271\373"
 318      C33630F4 
 318      2CB9C534 
 318      85F9621F 
 318      B9FB
 319 0a27 DB29BB17 		.ascii	"\333)\273\027\377\007\332)\035\310"
 319      FF07DA29 
 319      1DC8
 320              		.text
 321              		.section	.gnu.lto_.symtab.3dd49d5f,"",%progbits
 322 0000 7374496E 		.ascii	"stInit\000"
 322      697400
 323 0007 00       		.ascii	"\000"
 324 0008 00       		.ascii	"\000"
 325 0009 00       		.ascii	"\000"
 326 000a 00000000 		.ascii	"\000\000\000\000\000\000\000\000"
 326      00000000 
 327 0012 C8000000 		.ascii	"\310\000\000\000"
 328 0016 73745374 		.ascii	"stStartAlarm\000"
 328      61727441 
 328      6C61726D 
 328      00
 329 0023 00       		.ascii	"\000"
 330 0024 00       		.ascii	"\000"
 331 0025 00       		.ascii	"\000"
 332 0026 00000000 		.ascii	"\000\000\000\000\000\000\000\000"
 332      00000000 
 333 002e CC000000 		.ascii	"\314\000\000\000"
ARM GAS  C:\Users\hunter\AppData\Local\Temp\cclEQR20.s 			page 25


 334 0032 73745374 		.ascii	"stStopAlarm\000"
 334      6F70416C 
 334      61726D00 
 335 003e 00       		.ascii	"\000"
 336 003f 00       		.ascii	"\000"
 337 0040 00       		.ascii	"\000"
 338 0041 00000000 		.ascii	"\000\000\000\000\000\000\000\000"
 338      00000000 
 339 0049 CE000000 		.ascii	"\316\000\000\000"
 340 004d 73745365 		.ascii	"stSetAlarm\000"
 340      74416C61 
 340      726D00
 341 0058 00       		.ascii	"\000"
 342 0059 00       		.ascii	"\000"
 343 005a 00       		.ascii	"\000"
 344 005b 00000000 		.ascii	"\000\000\000\000\000\000\000\000"
 344      00000000 
 345 0063 D0000000 		.ascii	"\320\000\000\000"
 346 0067 73744765 		.ascii	"stGetAlarm\000"
 346      74416C61 
 346      726D00
 347 0072 00       		.ascii	"\000"
 348 0073 00       		.ascii	"\000"
 349 0074 00       		.ascii	"\000"
 350 0075 00000000 		.ascii	"\000\000\000\000\000\000\000\000"
 350      00000000 
 351 007d D3000000 		.ascii	"\323\000\000\000"
 352 0081 73745F6C 		.ascii	"st_lld_init\000"
 352      6C645F69 
 352      6E697400 
 353 008d 00       		.ascii	"\000"
 354 008e 02       		.ascii	"\002"
 355 008f 00       		.ascii	"\000"
 356 0090 00000000 		.ascii	"\000\000\000\000\000\000\000\000"
 356      00000000 
 357 0098 D5000000 		.ascii	"\325\000\000\000"
 358              		.text
 359              		.section	.gnu.lto_.opts,"",%progbits
 360 0000 272D666D 		.ascii	"'-fmath-errno' '-fsigned-zeros' '-ftrapping-math' '"
 360      6174682D 
 360      6572726E 
 360      6F272027 
 360      2D667369 
 361 0033 2D666E6F 		.ascii	"-fno-trapv' '-fno-openmp' '-fno-openacc' '-mcpu=cor"
 361      2D747261 
 361      70762720 
 361      272D666E 
 361      6F2D6F70 
 362 0066 7465782D 		.ascii	"tex-m0' '-mno-thumb-interwork' '-mthumb' '-O2' '-fo"
 362      6D302720 
 362      272D6D6E 
 362      6F2D7468 
 362      756D622D 
 363 0099 6D69742D 		.ascii	"mit-frame-pointer' '-falign-functions=16' '-ffuncti"
 363      6672616D 
 363      652D706F 
 363      696E7465 
ARM GAS  C:\Users\hunter\AppData\Local\Temp\cclEQR20.s 			page 26


 363      72272027 
 364 00cc 6F6E2D73 		.ascii	"on-sections' '-fdata-sections' '-fno-common' '-flto"
 364      65637469 
 364      6F6E7327 
 364      20272D66 
 364      64617461 
 365 00ff 2700     		.ascii	"'\000"
 366              		.text
 367              		.comm	__gnu_lto_v1,1,1
 368              		.comm	__gnu_lto_slim,1,1
 369              		.ident	"GCC: (GNU Tools for Arm Embedded Processors 7-2017-q4-major) 7.2.1 20170904 (release) [ARM
ARM GAS  C:\Users\hunter\AppData\Local\Temp\cclEQR20.s 			page 27


DEFINED SYMBOLS
                            *ABS*:00000000 hal_st.c
                            *COM*:00000001 __gnu_lto_v1
                            *COM*:00000001 __gnu_lto_slim

NO UNDEFINED SYMBOLS
