ARM GAS  C:\Users\hunter\AppData\Local\Temp\ccek3B0h.s 			page 1


   1              		.cpu cortex-m0
   2              		.eabi_attribute 20, 1
   3              		.eabi_attribute 21, 1
   4              		.eabi_attribute 23, 3
   5              		.eabi_attribute 24, 1
   6              		.eabi_attribute 25, 1
   7              		.eabi_attribute 26, 1
   8              		.eabi_attribute 30, 2
   9              		.eabi_attribute 34, 0
  10              		.eabi_attribute 18, 4
  11              		.file	"hal_pal_lld.c"
  12              		.section	.gnu.lto_.profile.3dd496fb,"",%progbits
  13 0000 789C6363 		.ascii	"x\234cc```\001bF\006\177_\000\001c\000\250"
  13      60606001 
  13      6246067F 
  13      5F000163 
  13      00A8
  14              		.text
  15              		.section	.gnu.lto_.icf.3dd496fb,"",%progbits
  16 0000 789C6363 		.ascii	"x\234cc``\020a@\000f\206\033\347:ZY\030_\366\237\274"
  16      60601061 
  16      40006686 
  16      1BE73A5A 
  16      59185FF6 
  17 0016 C1CBF4FB 		.ascii	"\301\313\364\373\305\326\345L\014\000aV\011?"
  17      C5D6E54C 
  17      0C006156 
  17      093F
  18              		.text
  19              		.section	.gnu.lto_.jmpfuncs.3dd496fb,"",%progbits
  20 0000 789C6363 		.ascii	"x\234cc``\020g@\000& fdfddd\257\237\303\314\000\304"
  20      60601067 
  20      40002620 
  20      66646664 
  20      6464AF9F 
  21 0018 8C40CCC4 		.ascii	"\214@\314\304\000\000!\215\003\213"
  21      0000218D 
  21      038B
  22              		.text
  23              		.section	.gnu.lto_.inline.3dd496fb,"",%progbits
  24 0000 789C6363 		.ascii	"x\234cc``0c@\000&\006\006f&F\020\305\300\266@\036D1"
  24      60603063 
  24      40002606 
  24      06662646 
  24      10C5C0B6 
  25 0018 30329C63 		.ascii	"02\234c8\310\310\310\310\244\300\010\224\314\273\264"
  25      38C8C8C8 
  25      C8A4C008 
  25      94CCBBB4 
  26 0028 529841E2 		.ascii	"R\230A\342\302b&&\006\261'_\030Y\300\272\000\267I\010"
  26      C2622626 
  26      06B1275F 
  26      1859C0BA 
  26      00B74908 
  27 003c 45       		.ascii	"E"
  28              		.text
  29              		.section	.gnu.lto_.pureconst.3dd496fb,"",%progbits
ARM GAS  C:\Users\hunter\AppData\Local\Temp\ccek3B0h.s 			page 2


  30 0000 789C6363 		.ascii	"x\234cc```\005b&\006\006F)\000\000\256\000)"
  30      60606005 
  30      62260606 
  30      46290000 
  30      AE0029
  31              		.text
  32              		.section	.gnu.lto__pal_lld_init.3dd496fb,"",%progbits
  33 0000 789C6363 		.ascii	"x\234cc``\250\003b{ \226\006bFf\006F\246\011\347\030"
  33      6060A803 
  33      627B2096 
  33      06624666 
  33      0646A609 
  34 0016 181A3998 		.ascii	"\030\0329\230\030\031A\214\006\016F\206z&\306z\306\036"
  34      1819418C 
  34      060E4686 
  34      7A26C67A 
  34      C61E
  35 0028 E629CC8C 		.ascii	"\346)\314\214\207\332\237\355d\322\\\336\000\004\007"
  35      87DA9FED 
  35      64D25CDE 
  35      000407
  36 0037 A6FF936C 		.ascii	"\246\377\223lXq\200q\0163\003\3034 \006\001\306\315"
  36      58718071 
  36      0E3303C3 
  36      34200601 
  36      C6CD
  37 0049 8C9A0C40 		.ascii	"\214\232\014@e\2176\376\233\312\313\306\002\021g\334"
  37      658F36FE 
  37      9BCACBC6 
  37      021167DC 
  38 0059 C2C8C6C0 		.ascii	"\302\310\306\300\010d\254\277\304z\240\341\337\377\366"
  38      0864ACBF 
  38      C47AA0E1 
  38      DFFFF6
  39 0068 86035716 		.ascii	"\206\003W\0263ntcb`\350\000\312\003-i8\300\320\311\314"
  39      336E7463 
  39      6260E800 
  39      CA032D69 
  39      38C0D0C9 
  40 007d 0462351F 		.ascii	"\004b5\037`x\307\330\244\000\326\002\002\035\314\214"
  40      6078C7D8 
  40      A400D602 
  40      021DCC8C 
  41 008d 2061A052 		.ascii	" a\240R[==} J\316\310L\312\314/6\2640\322\317/\326\317"
  41      5B3D3D7D 
  41      204ACEC8 
  41      4CCACC2F 
  41      36B430D2 
  42 00a5 48CCD12F 		.ascii	"H\314\321/\310/*)\326\017\016\36156\322\367\361q\321"
  42      C82F2A29 
  42      D60F0EF1 
  42      3536D2F7 
  42      F171D1
  43 00b8 770FF0F4 		.ascii	"w\017\360\364/3\002I\305\027\000qNN\212^2\003\000\207"
  43      2F330249 
  43      C5170071 
  43      4E4E8A5E 
ARM GAS  C:\Users\hunter\AppData\Local\Temp\ccek3B0h.s 			page 3


  43      32030087 
  44 00cc 833F2F   		.ascii	"\203?/"
  45              		.text
  46              		.section	.gnu.lto__pal_lld_setgroupmode.3dd496fb,"",%progbits
  47 0000 789CA557 		.ascii	"x\234\245WkPU\327\025\336\353\354\373\342> Ac\024\211"
  47      6B5055D7 
  47      15DEEBEC 
  47      FBE23E20 
  47      41631489 
  48 0014 A211D1A8 		.ascii	"\242\021\321\250\\!\231\210\232\372\310\264\323\264"
  48      5C219988 
  48      9AFAC8B4 
  48      D3B4
  49 0022 03024D7F 		.ascii	"\003\002M\177\364W[\023\355\350\024\012\003\326if\234"
  49      F4575B13 
  49      EDE8140A 
  49      03D66966 
  49      9C
  50 0033 F6227851 		.ascii	"\366\"xQ\223T\333D\235^I\203\202E\3331\321\011\011B"
  50      9354DB44 
  50      9D5E4983 
  50      8245DB31 
  50      D1090942 
  51 0047 62445002 		.ascii	"bDP\002TP\254y\200\217\250\211\0304(\022\342\003yt\255"
  51      5450AC79 
  51      808FA889 
  51      18342812 
  51      E2037974 
  52 005c B5CFE13E 		.ascii	"\265\317\341>\244u\030\030\317r\237u\276o\355\375\255"
  52      A4751818 
  52      CF729F75 
  52      BE6FEDFD 
  52      AD
  53 006d B5F639FB 		.ascii	"\265\3669\373Z\204\020\333\"\205(\300\377?\300\013\""
  53      5A8410DB 
  53      228528C0 
  53      FF3FC00B 
  53      22
  54 007e 04685B9B 		.ascii	"\004h[\233\205\310\263i \325@j\246\215q\302cw\222u\232"
  54      85C8B369 
  54      20D5406A 
  54      A68D71C2 
  54      63779275 
  55 0093 34737D14 		.ascii	"4s}\024\336\205\325?\215wf\315\302\317\254\374\314\002"
  55      DE85D53F 
  55      8D7766CD 
  55      C2CFACFC 
  55      CC02
  56 00a5 3645B11A 		.ascii	"6E\261\032\003\0338\325 L\2633\320\301@\273\341v\030"
  56      031B38D5 
  56      204CB333 
  56      D0C140BB 
  56      E17618
  57 00b8 03A7167E 		.ascii	"\003\247\026~\316\201\317]\3455\002\001.5\371Q[8\000"
  57      CE81CF5D 
  57      E5350201 
  57      2E35F951 
ARM GAS  C:\Users\hunter\AppData\Local\Temp\ccek3B0h.s 			page 4


  57      5B3800
  58 00cb 0D3C3610 		.ascii	"\015<6\020\177\322\244\311l\261\332\302\354\016\247"
  58      7FD2A4C9 
  58      6CB1DAC2 
  58      EC0EA7
  59 00da 2B1CF056 		.ascii	"+\034\360V\350\177\257\3117%\324\024\266Wj3\313<\370"
  59      E87FAFC9 
  59      3725D414 
  59      B6576A33 
  59      CB3CF8
  60 00ed 57BDE382 		.ascii	"W\275\343\202\305\353\3310\276\010\021\333u\024\274"
  60      C5EBD930 
  60      BE0811DB 
  60      7514BC
  61 00fc 073311D5 		.ascii	"\0073\021\325Rp\240H\276*\213$\200\011oo5\371\276\012"
  61      5270A048 
  61      BE2A8B24 
  61      80096F6F 
  61      35F9BE0A 
  62 0110 A75B0D62 		.ascii	"\247[\015b\360\266\266y\360\220].\001\201\343\376\272"
  62      F0B6B679 
  62      F0905D2E 
  62      0181E3FE 
  62      BA
  63 0121 DBEDB6B8 		.ascii	"\333\355\266\270=\036\317zOu_\251\364L+\222\022>\000"
  63      3D1ECF7A 
  63      4F755FA9 
  63      F44C2B92 
  63      123E00
  64 0134 8901E17D 		.ascii	"\211\001\341}\210\206r\210\026\350\022P\001q\010\037"
  64      88867288 
  64      16E81250 
  64      0171081F 
  65 0144 FCC7814D 		.ascii	"\374\307\201M6\371#\246~^V\350\263\353\324\272\235\221"
  65      36F923A6 
  65      7E5E56E8 
  65      B3EBD4BA 
  65      9D91
  66 0156 7BF23D2F 		.ascii	"{\362=/\024I\023\034\012%\233\004T2\371\273\367\366"
  66      1449131C 
  66      0A259B04 
  66      5432F9BB 
  66      F7F6
  67 0168 BCE1903F 		.ascii	"\274\341\220?e\362\205\033\345;\015r\363\316\250R&\233"
  67      65F2851B 
  67      E53B0D72 
  67      F3CEA852 
  67      269B
  68 017a A12A946C 		.ascii	"\241*\224l\026\360!\304\021\343\265\274}\027\245Le\366"
  68      16F021C4 
  68      11E3B5BC 
  68      7D17A54C 
  68      65F6
  69 018c A5AEAE43 		.ascii	"\245\256\256C\366\330\0225u\321\370]\371\236z\217\251"
  69      F6D81235 
  69      75D1F85D 
  69      F99E7A8F 
ARM GAS  C:\Users\hunter\AppData\Local\Temp\ccek3B0h.s 			page 5


  69      A9
  70 019d 485AE0A3 		.ascii	"HZ\340\243`>\375!|\337\340\311\277\332\344\213L\375"
  70      603EFD21 
  70      7CDFE0C9 
  70      BFDAE48B 
  70      4CFD
  71 01af F396BF14 		.ascii	"\363\226\277\024G\350\324\336\211>OuA\014\021?\036\226"
  71      47E8D4DE 
  71      893E4F75 
  71      410C113F 
  71      1E96
  72 01c1 78F38DE3 		.ascii	"x\363\215\343M\232\374\005\023wt\356\275\345\320\211"
  72      4D9AFC05 
  72      137774EE 
  72      BDE5D089 
  73 01d1 DD7E62F5 		.ascii	"\335~b\365\260\304\366/\362\377f\221\277db[\375\336"
  73      B0C4F62F 
  73      F2FF6691 
  73      BF64625B 
  73      FDDE
  74 01e3 ABE13AF1 		.ascii	"\253\341:\361\232\237X3,qk\177\253\307\"\177\303\304"
  74      9A9F5833 
  74      2C716B7F 
  74      ABC7227F 
  74      C3C4
  75 01f5 E62FDB8B 		.ascii	"\346/\333\213@'^\366\023\217\015K|\375\346\335]&\231"
  75      40275EF6 
  75      138F0D4B 
  75      7CFDE6DD 
  75      5D2699
  76 0208 C9C47D5B 		.ascii	"\311\304}[7\337\017\323\211m~b\335\260\304\313\007\007"
  76      37DF0FD3 
  76      896D7E62 
  76      DDB0C4CB 
  76      0707
  77 021a B6B92C26 		.ascii	"\266\271,&\370\004b\3418^\265x\035\305\353\010^\207"
  77      F80462E1 
  77      385EB578 
  77      1DC5EB08 
  77      5E87
  78 022c 2156B516 		.ascii	"!V\265\026\324\203\005\250\010\227\212\313\302d.\317"
  78      D48305A8 
  78      08978ACB 
  78      C2642ECF 
  79 023c 52F4F19E 		.ascii	"R\364\361\2363\232>\313\205\242\261\245CEh\030~\201"
  79      339A3ECB 
  79      85A2B1A5 
  79      43456818 
  79      7E81
  80 024e D7B7BC0A 		.ascii	"\327\267\274\012r-S\257\334\377~\253Q\277\236\022\351"
  80      722D53AF 
  80      DCFF7EAB 
  80      51BF9E12 
  80      E9
  81 025f 29F56844 		.ascii	")\365hD\374\367\260\304m\035\355\007M\362\025&n\251"
  81      FCF7B0C4 
  81      6D1DED07 
ARM GAS  C:\Users\hunter\AppData\Local\Temp\ccek3B0h.s 			page 6


  81      4DF21526 
  81      6EA9
  82 0271 F75E358A 		.ascii	"\367^5\212p\306Ol\032\226\330\337q\360_v\271\216\211"
  82      70C64F6C 
  82      1A96D8DF 
  82      71F05F76 
  82      B98E89
  83 0284 871B7B0A 		.ascii	"\207\033{\012\215\305\036\333=D<\371\177Sr\012S\320"
  83      8DC51EDB 
  83      3D443CF9 
  83      7F53720A 
  83      53D0
  84 0296 8CD709BC 		.ascii	"\214\327\011\274\0321\025\224\005\314E\013\346B\010"
  84      1A311594 
  84      05CC450B 
  84      E64208
  85 02a5 FBFFCA58 		.ascii	"\373\377\312X(\355\335\323\346j\317\300`!6\372\304\263"
  85      28EDDDD3 
  85      E66ACFC0 
  85      602136FA 
  85      C4B3
  86 02b7 E527227F 		.ascii	"\345'\"\177\006\330\327V\215\214$c\"c&c!c%cCc\013\243"
  86      06D8D756 
  86      8D8C2463 
  86      22632663 
  86      21632563 
  87 02cf 919D460E 		.ascii	"\221\235F\0162N\272u\221\011'\023A\346\0212\217\222"
  87      324EBA75 
  87      91092713 
  87      41E61132 
  87      8F92
  88 02e1 89243386 		.ascii	"\211$3\206\314X2\217\221\031G\346q2\343\311L \023Ef"
  88      CC58328F 
  88      911947E6 
  88      7132E3C9 
  88      4C201345 
  89 02f6 2219DA5E 		.ascii	"\"\031\332^\326'\310L\"3\231L\014\231)d\246\222y\222"
  89      D627C84C 
  89      2233994C 
  89      0C992964 
  89      A6927992 
  90 030a CC3432B1 		.ascii	"\31442\261d\246\223\211#3\203\314L2O\221\231Ef6\231"
  90      64A69389 
  90      233383CC 
  90      4C324F91 
  90      99456636 
  91 031f 39BCD9E3 		.ascii	"9\274\331\343\005%\307-(=s\005%(AP\212\022\005%\350"
  91      0525C72D 
  91      283D7305 
  91      25284150 
  91      8A120525 
  92 0334 59A03D3D 		.ascii	"Y\240==\2171I\214\231\317\230\005\214Y((\221\317\001"
  92      8F31498C 
  92      99CF9805 
  92      8C592828 
  92      91CF01
  93 0347 C5592428 		.ascii	"\305Y$(\231\213\005\245s\211\240\204.\025\224\322\347"
ARM GAS  C:\Users\hunter\AppData\Local\Temp\ccek3B0h.s 			page 7


  93      998B05A5 
  93      7389A084 
  93      2E1594D2 
  93      E7
  94 0358 81DE47C9 		.ascii	"\201\336G\311<W\012GX\306\021R9B\032GN\347\271\204\330"
  94      3C570A47 
  94      58C61152 
  94      39421A47 
  94      4EE7B984 
  95 036d 88FD7BCE 		.ascii	"\210\375{\316\341\251\026\233\244\206\203\374jq\015"
  95      E1A9169B 
  95      A48683FC 
  95      6A710D
  96 037c F2FBBC87 		.ascii	"\362\373\274\207+\262\251\234>9\317'\237\245\027k\367"
  96      2BB2A99C 
  96      3E39CF27 
  96      9FA5176B 
  96      F7
  97 038d 813227BD 		.ascii	"\2012'\275#\255 \3414\366B;\254\217\341\266\307X\210"
  97      23AD20E1 
  97      34F6423B 
  97      AC8FE1B6 
  97      C75888
  98 03a0 2256B7B7 		.ascii	"\"V\267\267\251\342\200T4P\264\343\203w\252#\210f\003"
  98      A9E28054 
  98      3450B4E3 
  98      8377AA23 
  98      886603
  99 03b3 0DFE8334 		.ascii	"\015\376\2034\016\336\240\203\222\020\207\240\362c\237"
  99      0EDEA083 
  99      921087A0 
  99      F2639F
 100 03c2 786D2A36 		.ascii	"xm*6\300\231\300\330\307)v\222\212}\276\242\\\247i\030"
 100      C099C0D8 
 100      C7297692 
 100      8A7DBEA2 
 100      5CA76918 
 101 03d6 1B6687C4 		.ascii	"\033f\207\304\232\217\376\340\205\325\022y\276\"w\016"
 101      9A8FFEE0 
 101      85D51279 
 101      BE22770E 
 102 03e6 2D4CAA85 		.ascii	"-L\252\2055\224V\3659\325\302\314\360i\350\302\026 "
 102      359456F5 
 102      39D5C2CC 
 102      F069E8C2 
 102      1620
 103 03f8 2E38D851 		.ascii	".8\330Q\012\266@\005\353\257\270\250\343L*X\317\346"
 103      0AB64005 
 103      EBAFB8A8 
 103      E34C2A58 
 103      CFE6
 104 040a 0D77A40A 		.ascii	"\015w\244\012f\205\317B\203-D\034\202\336\351\356y\307"
 104      6685CF42 
 104      832D441C 
 104      82DEE9EE 
 104      79C7
 105 041c A25446C0 		.ascii	"\242TF\300\347\201\261\217P\354\205t_\274+\234=X\031"
ARM GAS  C:\Users\hunter\AppData\Local\Temp\ccek3B0h.s 			page 8


 105      E781B18F 
 105      50EC8574 
 105      5FBC2B9C 
 105      3D5819
 106 042f 646CDF50 		.ascii	"dl\337Ps\322J\014\334O\360\005\357\277M\370\255\301"
 106      73D24A0C 
 106      DC4FF005 
 106      EFBF4DF8 
 106      ADC1
 107 0441 4F2156A9 		.ascii	"O!V\251\0354\256\240O&\2521\2570A\215Y\372\\5\346\034"
 107      1D34AEA0 
 107      4F26AA31 
 107      AF30418D 
 107      59FA5C35 
 108 0457 BAD5986B 		.ascii	"\272\325\230k\025\257\306\330\033>9G-u\177\345:\265"
 108      15AFC6D8 
 108      1B3E3947 
 108      2D757FE5 
 108      3AB5
 109 0469 5633BAB8 		.ascii	"V3\272\270\004W\240\340l\3551\320\275\270\230w\277\255"
 109      0457A0E0 
 109      6CED31D0 
 109      BDB89877 
 109      BFAD
 110 047b BCE752CB 		.ascii	"\274\347R\313\027\320\252^\006\267a\216O>\247\011\237"
 110      17D0AA5E 
 110      06B7618E 
 110      4F3EA709 
 110      9F
 111 048c 4C76F50E 		.ascii	"Lv\365\016\236\202\333\020\217\255\240\365\336\270\210"
 111      9E82DB10 
 111      8FADA0F5 
 111      DEB888
 112 049b E54F7355 		.ascii	"\345OsU\225\264\242\313\215\025\324|7\311\225\342j\334"
 112      95B4A2CB 
 112      8D15D47C 
 112      37C995E2 
 112      6ADC
 113 04ad 8D9EB958 		.ascii	"\215\236\271X\026\355\237Y>\271\314\325\273\273\003"
 113      16ED9F59 
 113      3EB9CCD5 
 113      BBBB03
 114 04bc 1D09985A 		.ascii	"\035\011\230Z\255\215!\251.\037\263\022I\260\346\353"
 114      AD8D21A9 
 114      2E1FB312 
 114      49B0E6EB 
 115 04cc 265FBAAB 		.ascii	"&_\272\253\255\344(\240v\223\330\030g4\350\371\312b"
 115      ADE428A0 
 115      7693D818 
 115      6734E8F9 
 115      CA62
 116 04de 8D5E353E 		.ascii	"\215^5>\211\377\022\003\213`\305\"\264\251\"\370\274"
 116      89FF1203 
 116      8B60C522 
 116      B4A922F8 
 116      BC
 117 04ef AD610A64 		.ascii	"\255a\012dE\\\340\227\337\012&8\253@]\336Mf\005Z\304"
ARM GAS  C:\Users\hunter\AppData\Local\Temp\ccek3B0h.s 			page 9


 117      455CE097 
 117      DF0A2638 
 117      AB405DDE 
 117      4D66055A 
 118 0504 C5B2AACA 		.ascii	"\305\262\252\312\320k\354\024\345k\221\002uV\376A\241"
 118      D06BEC14 
 118      E56B9102 
 118      7556FE41 
 118      A1
 119 0515 6C302B9A 		.ascii	"l0+\232\262~\015\326w\027\356\223\312\271\030\375~^"
 119      B27E0DD6 
 119      7717EE93 
 119      CAB918FD 
 119      7E5E
 120 0527 33F116AB 		.ascii	"3\361\026\253\025\364W\036\002\205\011S\013\035\332"
 120      15F4571E 
 120      02850953 
 120      0B1DDA
 121 0536 1356DC13 		.ascii	"\023V\334\023\347\2145t\350\201\354\330\331\010\015"
 121      E78C3574 
 121      E881ECD8 
 121      D9080D
 122 0545 8EBE04FD 		.ascii	"\216\276\004\375\376\350'(\372\022E{\375\303u\012\342"
 122      FEE82728 
 122      FA12457B 
 122      FDC3750A 
 122      E2
 123 0556 086C311B 		.ascii	"\010l1\033\266\330y\210&-Aq\226\"\316\037\247\221\342"
 123      B6D87988 
 123      262D4171 
 123      9622CE1F 
 123      A791E2
 124 0569 2C45444D 		.ascii	",EDMUGk~\204\2028\003\033O\362\307\341\243\232\246:"
 124      55476B7E 
 124      84823803 
 124      1B4FF2C7 
 124      E1A39AA6 
 125 057e 4B31FC3D 		.ascii	"K1\374=\017OU\370\245D\031\317\303\005\352\000|\366"
 125      0F4F55F8 
 125      A54419CF 
 125      C305EA00 
 125      7CF6
 126 0590 59455585 		.ascii	"YEU\205\313\275\337S\220G\217\354\360%\024\3036>m\301"
 126      CBBDDF53 
 126      90478FEC 
 126      F02514C3 
 126      363E6DC1 
 127 05a4 4570D3EC 		.ascii	"Ep\323\354\003\336{z\015\\zN\372\206\252\022\216\363"
 127      03DE7B7A 
 127      0D5C7A4E 
 127      FA86AA12 
 127      8EF3
 128 05b6 A19F9C77 		.ascii	"\241\237\234w\275\015\016\345\214`?qk\316ln\345\322"
 128      BD0D0EE5 
 128      8C603F71 
 128      6BCE6C6E 
 128      E5D2
ARM GAS  C:\Users\hunter\AppData\Local\Temp\ccek3B0h.s 			page 10


 129 05c8 842CA2F8 		.ascii	"\204,\242\370w\342!\313\270\344_\306e\352\300\010\245"
 129      77E221CB 
 129      B8E45FC6 
 129      65EAC008 
 129      A5
 130 05d9 B2CD50F9 		.ascii	"\262\315P\371\310\010e}\305\361\200\342}m\310\332\244"
 130      C808657D 
 130      C5F180E2 
 130      7D6DC8DA 
 130      A4
 131 05ea AFF751BD 		.ascii	"\257\367Q\275\030}\336\016]V$N\200~%\253U\207\215a\377"
 131      187DDE0E 
 131      5D56244E 
 131      807E25AB 
 131      55878D61 
 132 05ff DC51C9BA 		.ascii	"\334Q\311\272\342_F;\311\032\243d\2355d\215\035\241"
 132      E25F463B 
 132      C91AA364 
 132      9D35648D 
 132      1DA1
 133 0611 ACAB1C4F 		.ascii	"\254\253\034O\243x\337\260,zm\351\"\036cec\225\210J"
 133      A378DFB0 
 133      2C7A6DE9 
 133      221E6365 
 133      6395884A 
 134 0625 5DC438F6 		.ascii	"]\3048\366'\214JD\207\177\322k$b\034\275l\332j\333\337"
 134      278C4A44 
 134      877FD26B 
 134      24621CBD 
 134      6CDA6ADB 
 135 063a 7A46CD31 		.ascii	"zF\3151\2177\205\340\267\235Y\224\272p\307#\340d\355"
 135      8F3785E0 
 135      B79D5994 
 135      BA70C723 
 135      E064ED
 136 064d C05B490A 		.ascii	"\300[I\012@\233\250\241q\307^\247z7Z\341\372\020\336"
 136      409BA8A1 
 136      71C75EA7 
 136      7A375AE1 
 136      FA10DE
 137 0660 224E5BF8 		.ascii	"\"N[\370\015\201Y\371\246D\317\312\343#\314\312\267"
 137      0D8159F9 
 137      A644CFCA 
 137      E323CCCA 
 137      B7
 138 0671 BC403ED7 		.ascii	"\274@>\327u\032\3056J;^\355\230\200<M\300\011\320\037"
 138      751AC536 
 138      4A3B5EED 
 138      98803C4D 
 138      C009D01F 
 139 0685 9CA728F6 		.ascii	"\234\247(\366/Ry\352\0306O\177|X\236n\370\227q\223\362"
 139      2F5279EA 
 139      18364F7F 
 139      7C589E6E 
 139      F8977193 
 140 069a 14C50AAD 		.ascii	"\024\305\012\255\001\012\257\031\012'\216Pa\027\207"
 140      010AAF19 
ARM GAS  C:\Users\hunter\AppData\Local\Temp\ccek3B0h.s 			page 11


 140      0A278E50 
 140      611787
 141 06a9 3651E85B 		.ascii	"6Q\350[\241\012\243\037P\370\004N\200\376`\205\223\330"
 141      A10AA31F 
 141      50F8044E 
 141      80FE6085 
 141      93D8
 142 06bb 3F3A85DD 		.ascii	"?:\205\335\376e|G\012'\261B\233\2529+\274^\253+\234"
 142      FE657C47 
 142      0A27B142 
 142      9BAA392B 
 142      BC5EAB2B 
 143 06d0 3C42853D 		.ascii	"<B\205=\034\332L\241\2777:\333P\030\303\235=9x{Na\177"
 143      1CDA4CA1 
 143      BF373ADB 
 143      5018C39D 
 143      3D39787B 
 144 06e7 BCD2736F 		.ascii	"\274\322soX=k\037\246\347\266\177\322;\244g\012\353"
 144      583D6B1F 
 144      A6E7B67F 
 144      D23BA467 
 144      0AEB
 145 06f9 09135F4F 		.ascii	"\011\023_O0\364\3345\364L\035\241\236\273\376\320\367"
 145      30F4DC35 
 145      F44C1DA1 
 145      9EBBFED0 
 145      F7
 146 070a 42F53CC9 		.ascii	"B\365<\311z\246\006\353\231\306\376\321\351\351\365"
 146      7AA606EB 
 146      99C6FED1 
 146      E9E9F5
 147 0719 4F7A9FF4 		.ascii	"Oz\237\364LS\033\261\371mc#\006\354<\273\350v\032*{"
 147      4C531BB1 
 147      F96D6323 
 147      06EC3CBB 
 147      E8761A2A 
 148 072e 8DBE8C1D 		.ascii	"\215\276\214\035\241\312>\177\313\367\207\366\345\364"
 148      A1CA3E7F 
 148      CBF787F6 
 148      E5F4
 149 073c 07FA12CF 		.ascii	"\007\372\022\317/\370\001\233\036\334\2273\330?\272"
 149      2FF8019B 
 149      1EDC9733 
 149      D83FBA
 150 074b BE1CF02F 		.ascii	"\276\034\360/c\220t\317`\205\216\000\205}\206\302\231"
 150      639074CF 
 150      60858E00 
 150      857D86C2 
 150      99
 151 075c 2354E8D1 		.ascii	"#T\350\321\206Z>O\013Q\370\324\003\012g\341\004\350"
 151      865A3E4F 
 151      0B51F8D4 
 151      030A67E1 
 151      04E8
 152 076e 0F56389B 		.ascii	"\017V8\233\375\243S\270\336\277\214|\015\025\316f\205"
 152      FDA353B8 
 152      DEBF8C7C 
ARM GAS  C:\Users\hunter\AppData\Local\Temp\ccek3B0h.s 			page 12


 152      0D15CE66 
 152      85
 153 077f 4EFD6CA9 		.ascii	"N\375l\251N\271GV\251\323_2\235\011g\005\234W\371\344"
 153      4EB94756 
 153      A9D35F32 
 153      9D096705 
 153      9C57F9E4 
 154 0793 98ACDEDA 		.ascii	"\230\254\336\332u{\347\352\250\300s\203\011\317\210"
 154      757BE7EA 
 154      A8C07383 
 154      09CF88
 155 07a2 059AD11A 		.ascii	"\005\232\321\032.Q^\243\207\355\362\356o\321\177X\244"
 155      2E515EA3 
 155      87EDF2EE 
 155      6FD17F58 
 155      A4
 156 07b3 E0373E28 		.ascii	"\3407>(,\037TS\024\352p\313\032\205Z\206\237L\376\341"
 156      2C1F5453 
 156      14EA70CB 
 156      1A855A86 
 156      9F4CFEE1 
 157 07c7 107CAC5F 		.ascii	"\020|\254_\246`M-\031"
 157      A6604D2D 
 157      19
 158 07d0 0A968A1F 		.ascii	"\012\226\212\037\245`\030\037\207S\025\354\323t\205"
 158      A560181F 
 158      875315EC 
 158      D37485
 159 07df 4AC30D11 		.ascii	"J\303\015\021\214\342\003q\032\241\266{;[~\255`\351"
 159      8CE20371 
 159      1AA1B67B 
 159      3B5B7EAD 
 159      60E9
 160 07f1 EA13F37E 		.ascii	"\352\023\363~\341\211\203v\365\211\001\330\240\005\260"
 160      E1898376 
 160      F58901D8 
 160      A005B0
 161 0800 F8D89DCE 		.ascii	"\370\330\235\316\332\302\325o\246\033xv/{\323\252~\001"
 161      DAC2D56F 
 161      A61B7876 
 161      2F7BD3AA 
 161      7E01
 162 0812 0BFA5505 		.ascii	"\013\372U\005\370\000\277q?\210\217w\343\277\227W\255"
 162      F800BF71 
 162      3F888F77 
 162      E3BF9757 
 162      AD
 163 0823 7E697556 		.ascii	"~iuVnBR\242;+\327\275jy\206;;+gM\256\373\305\237\247"
 163      6E4252A2 
 163      3B2BD7BD 
 163      6A79863B 
 163      3B2B674D 
 164 083c 3C9DE84E 		.ascii	"<\235\350NN\376\241\373\307i?I]\233H\217~\225\215WF"
 164      4EFEA1FB 
 164      C7693F49 
 164      5D9B488F 
 164      7E958D57 
ARM GAS  C:\Users\hunter\AppData\Local\Temp\ccek3B0h.s 			page 13


 165 0851 C68AF897 		.ascii	"\306\212\370\227\205\211P\246\314\345\271\2775ef\255"
 165      858950A6 
 165      CCE5B9BF 
 165      356566AD 
 166 0861 58295F5A 		.ascii	"X)_Z\275\306\264<cM\2169\373\367\331+r\254Y\271\331"
 166      BDC6B43C 
 166      634D8E39 
 166      FBF7D92B 
 166      72AC59B9 
 167 0876 2B57AEC8 		.ascii	"+W\256\310\261d\255y%{e\216\231 9Z\3463Zf\242\226\231"
 167      B164AD79 
 167      257B658E 
 167      9920395A 
 167      E6335A66 
 168 088d 60232051 		.ascii	"`# Q\377\013V\306\027\212"
 168      FF0B56C6 
 168      178A
 169              		.text
 170              		.section	.gnu.lto_.symbol_nodes.3dd496fb,"",%progbits
 171 0000 789C6363 		.ascii	"x\234cc``\320\007b\006\246\033\214\365\014\014\023\316"
 171      6060D007 
 171      6206A61B 
 171      8CF50C0C 
 171      13CE
 172 0012 313000A9 		.ascii	"10\000\251]\015\216@\221\233\214\365\214(\"\254\327"
 172      5D0D8E40 
 172      919B8CF5 
 172      8C2822AC 
 172      D7
 173 0023 19191A95 		.ascii	"\031\031\032\225@\252\001(\355\013\034"
 173      40AA0128 
 173      ED0B1C
 174              		.text
 175              		.section	.gnu.lto_.refs.3dd496fb,"",%progbits
 176 0000 789C6363 		.ascii	"x\234cc```\004b\006\000\000D\000\010"
 176      60606004 
 176      62060000 
 176      440008
 177              		.text
 178              		.section	.gnu.lto_.decls.3dd496fb,"",%progbits
 179 0000 789CAD56 		.ascii	"x\234\255V\177LTW\026~\367\335\031\034\0363b\006\332"
 179      7F4C5457 
 179      167EF7DD 
 179      191C1E33 
 179      6206DA
 180 0013 98AD7F10 		.ascii	"\230\255\177\020Cq\262IAh\263m6\355\246\273\205\326"
 180      4371B249 
 180      4168B36D 
 180      36EDA6BB 
 180      85D6
 181 0025 66B590B1 		.ascii	"f\265\220\261M\323v\222)2S\235\024fX\347\321\244\177"
 181      4DD37692 
 181      2932539D 
 181      146658E7 
 181      D1A47F
 182 0038 F5C18C42 		.ascii	"\365\301\214B\225*P\266-\214\355R\320\246\242EL\361"
 182      952A50B6 
ARM GAS  C:\Users\hunter\AppData\Local\Temp\ccek3B0h.s 			page 14


 182      2D8CED52 
 182      D0A6A245 
 182      4CF1
 183 004a 07A23222 		.ascii	"\007\2422\"\010\012Td+\265Z\204Z\001\253h\001-\"\242"
 183      080A5464 
 183      2BB55A84 
 183      5A01AB68 
 183      012D22A2 
 184 005e ECB9F7BE 		.ascii	"\354\271\367\276\231\367\030\231dw\333\2279\363\336"
 184      99F71899 
 184      6477DB97 
 184      39F3DE
 185 006d 3DEF3BE7 		.ascii	"=\357;\347;\367\234s\357}\021\034\307\335\323s\\\033"
 185      3BF79C73 
 185      EF7D111C 
 185      C7DDD373 
 185      5C1B
 186 007f CF715DF0 		.ascii	"\317q]\360<\013\027\206\3731\020r\237\002\271\013r\237"
 186      3C0B1786 
 186      FB311072 
 186      9F02B90B 
 186      729F
 187 0091 6317C038 		.ascii	"c\027\3008\015\3428\001\004~\\,\342\346\\\221<\323\277"
 187      0DE23801 
 187      047E5C2C 
 187      E2E65C91 
 187      3CD3BF
 188 00a4 298F918C 		.ascii	")\217\221\214\017\275\036\002\\\224\2143\022?!\\\315"
 188      0FBD1E02 
 188      5C948C33 
 188      123F215C 
 188      CD
 189 00b5 20CB405E 		.ascii	" \313@^\007\371U\216'\002d\004d\034\344*\310u\2201\220"
 189      07F9558E 
 189      27026404 
 189      641CE42A 
 189      C8759031 
 190 00ca 5F641E61 		.ascii	"_d\036a\036\236r\214&\213\332>\326b\036\221\347\302"
 190      1E9E728C 
 190      268BDA3E 
 190      D6621E91 
 190      E7C2
 191 00dc E1E21994 		.ascii	"\341\342\031\224\270[b\227\356=\016}\215p\000x\306["
 191      B85B6297 
 191      EE3D0E7D 
 191      8D700078 
 191      C65B
 192 00ee BF0D6FC6 		.ascii	"\277\015o\306\310( \015\014\307\273+\177Z\010\303X\001"
 192      C828200D 
 192      0CC7BB2B 
 192      7F5A08C3 
 192      5801
 193 0100 C5A98646 		.ascii	"\305\251\206F6\254\237-\0374\340\025\324k\177\307\316"
 193      36AC9F2D 
 193      1F34E015 
 193      D46B7FC7 
 193      CE
ARM GAS  C:\Users\hunter\AppData\Local\Temp\ccek3B0h.s 			page 15


 194 0111 5DC47099 		.ascii	"]\304p\231\200H\376\242A\265g\264\361\216\201\251\010"
 194      8048FEA2 
 194      41B567B4 
 194      F18E81A9 
 194      08
 195 0122 A277EBC4 		.ascii	"\242w\353\304\366\005x\025y\346\007\276\277\373\303"
 195      F6057815 
 195      79E607BE 
 195      BFFBC3
 196 0131 4224988A 		.ascii	"B$\230\212$\251@\252\362H\221+8\264\037-A\373\320\022"
 196      24A940AA 
 196      F248912B 
 196      38B41F2D 
 196      41FBD012 
 197 0145 0E1D4126 		.ascii	"\016\035A&b\323\200\0229t\010\224\215\240\374\202\304"
 197      62D38012 
 197      39740894 
 197      8DA0FC82 
 197      C4
 198 0156 EA6FF7FD 		.ascii	"\352o\367\375\245bB\222\342\320a$\240&\204)\006&\276"
 198      A5624292 
 198      E2D06124 
 198      A0268429 
 198      0626BE
 199 0169 4C60D1EF 		.ascii	"L`\321\357\334^Z\035\201\233\021\345h\362\015\265\361"
 199      DC5E5A1D 
 199      819B11E5 
 199      68F20DB5 
 199      F1
 200 017a E138FCE1 		.ascii	"\3418\374\3419\032\227\236\330 I<j\006\216\243\012\007"
 200      391A979E 
 200      D820493C 
 200      6A068EA3 
 200      0A07
 201 018c 5032924F 		.ascii	"P2\222Oz\367\246\011\340\324\363_9\005\203\033\336\241"
 201      7AF7A609 
 201      E0D4F35F 
 201      3905831B 
 201      DEA1
 202 019e C12896B5 		.ascii	"\301(\226\265\3050\274T\320\320a\300\333Y1>(oi\321\340"
 202      C530BC54 
 202      D0D061C0 
 202      DB59313E 
 202      286F69D1 
 203 01b3 5A36A8A9 		.ascii	"Z6\250\251(-\324\342=l\260\263\254\244^\300{\331\240"
 203      282DD4E2 
 203      3D6CB0B3 
 203      ACA45EC0 
 203      7BD9A0
 204 01c6 77ACEBD3 		.ascii	"w\254\353\323(V\207E0l\233\275\355\217f\036y\022Q\355"
 204      28568745 
 204      306C9BBD 
 204      ED8F661E 
 204      791251ED 
 205 01da 77D391F8 		.ascii	"w\323\221\370k\006\3351}w\214\024\"\201\024\002\253"
 205      6B06DD31 
 205      7D778C14 
ARM GAS  C:\Users\hunter\AppData\Local\Temp\ccek3B0h.s 			page 16


 205      22811402 
 205      AB
 206 01eb CA90C0CA 		.ascii	"\312\220\300\312\320\334y\362\013=n\244`\276\256rf&"
 206      D0DC79F2 
 206      0B3D6EA4 
 206      60BEAE72 
 206      6626
 207 01fd 3A90A312 		.ascii	":\220\243\022\217\2445q\250\035\"\357 \323\371\006\246"
 207      8FA43571 
 207      A81D22EF 
 207      20D3F906 
 207      A6
 208 020e 93204FA7 		.ascii	"\223 O\247\023\224\247TuH\370\270\220\344\250\033r\324"
 208      1394A754 
 208      7548F8B8 
 208      90E4A81B 
 208      72D4
 209 0220 A5E42841 		.ascii	"\245\344(AN\321\321\322\013\303\002ne\034\005=\377\274"
 209      4ED1D1D2 
 209      0BC3026E 
 209      651C053D 
 209      FFBC
 210 0232 1996E34C 		.ascii	"\031\226\343Lx\216\306\224VZ\207\036\3408\255pt\007"
 210      788EC694 
 210      565A871E 
 210      E038AD70 
 210      7407
 211 0244 EA503055 		.ascii	"\352P0U}X\207\273)\211f\362\313}}\013QL|\274\251\224"
 211      7D5887BB 
 211      298966F2 
 211      CB7D7D0B 
 211      514C7CBC 
 212 025a 58978020 		.ascii	"X\227\200 ^)\015\207\376\215b\210\007\324\007\204\337"
 212      5E290D87 
 212      FE8D6288 
 212      07D40784 
 212      DF
 213 026b A2787416 		.ascii	"\242xt\026\305\323\236\257&Q\371O\237_\356\233\270,"
 213      C5D39EAF 
 213      2651F94F 
 213      9F5FEE9B 
 213      B82C
 214 027d 499BF494 		.ascii	"I\233\364\224\256\027\350\210A0\314$\342\"yI\020\177"
 214      AE17E888 
 214      4130CC24 
 214      E2227949 
 214      107F
 215 028f F5910AC9 		.ascii	"\365\221\012\311_\200)\370\344\274\340v\302*O\345\242"
 215      5F8029F8 
 215      E4BCE076 
 215      C22A4FE5 
 215      A2
 216 02a0 4F808546 		.ascii	"O\200\205F@\234<\013\266\3324\355-\327\032\004\024\037"
 216      409C3C0B 
 216      B6DA34ED 
 216      2DD71A04 
 216      141F
ARM GAS  C:\Users\hunter\AppData\Local\Temp\ccek3B0h.s 			page 17


 217 02b2 1F6B626E 		.ascii	"\037kbn\373|\306\032\217\324\261\234\366^\033\370\375"
 217      FB7CC61A 
 217      8FD4B19C 
 217      F65E1BF8 
 217      FD
 218 02c3 1EC52AED 		.ascii	"\036\305*\3555'\010p;\351[\230O\243 \354'\302\243\313"
 218      35270870 
 218      3BE95B98 
 218      4FA320EC 
 218      27C2A3CB 
 219 02d7 081A7A55 		.ascii	"\010\032zUB\032uF\010\232d\344<d\344;\310\31099#,\346"
 219      421A7546 
 219      089A64E4 
 219      3C64E43B 
 219      C8C83939 
 220 02ee 6F7C8BF3 		.ascii	"o|\213\363\301\202\240\346\006\215\272\017\2255D\306"
 220      C182A0E6 
 220      068DBA0F 
 220      953544C6 
 221 02fe 82D3FCF0 		.ascii	"\202\323\374\360N\2719\036U\015ld\015\354=~v\237\036"
 221      4EB9391E 
 221      550D6C64 
 221      0DEC3D7E 
 221      769F1E
 222 0311 6FC1B423 		.ascii	"o\301\264#\207:\367\024\350p\031\033T6\335:\245e@\035"
 222      873AF714 
 222      E870191B 
 222      5436DD3A 
 222      A565401D 
 223 0325 0C3FEBAE 		.ascii	"\014?\353\256\353\324\342\217\330\273\246]u\275<\336"
 223      EBD4E28F 
 223      D8BBA65D 
 223      75BD3CDE 
 224 0335 C606BB1B 		.ascii	"\306\006\273\033\3076#\274\235\015\306\013\367\210x"
 224      C73623BC 
 224      9D0DC60B 
 224      F78878
 225 0344 177BF6DD 		.ascii	"\027{\366\335\354\3779\222y0\301pk\317\277.\350\330"
 225      ECFF3992 
 225      7930C170 
 225      6BCFBF2E 
 225      E8D8
 226 0356 D2F193C5 		.ascii	"\322\361\223\3052\365\371\3452\036\357\245X}q\217\347"
 226      32F5F9E5 
 226      321EEFA5 
 226      587D718F 
 226      E7
 227 0367 B4160A00 		.ascii	"\264\026\012\000WL\274\211\334\252%\257G\362\017W\312"
 227      574CBC89 
 227      DCAA25AF 
 227      47F20F57 
 227      CA
 228 0378 85380685 		.ascii	"\2058\006\205\270\004\251\035\205\024\317M\355~\304"
 228      B804A91D 
 228      8514CF4D 
 228      ED7EC4
 229 0387 2A41E02D 		.ascii	"*A\340-\217TJ~/\246\350\376P\364\017(\024>\375\007\005"
ARM GAS  C:\Users\hunter\AppData\Local\Temp\ccek3B0h.s 			page 18


 229      8F544A7E 
 229      2FA6E8FE 
 229      50F40F28 
 229      143EFD07 
 230 039c 7E717E78 		.ascii	"~q~x\262\202\236P\241\007C\321\003\0178oY\242\300\217"
 230      B2829E50 
 230      A10743D1 
 230      030F386F 
 230      59A2C08F 
 231 03b0 87C25B54 		.ascii	"\207\302[Tpe\241@\005\207\000q\231\276\034\225\027\312"
 231      7065A140 
 231      05870071 
 231      99BE1C95 
 231      17CA
 232 03c2 0D688B5F 		.ascii	"\015h\213_\240\210# \343 WA~\006\271\0022\001r\015\344"
 232      A0882320 
 232      E3205741 
 232      7E06B902 
 232      3201720D 
 233 03d7 3AC85870 		.ascii	":\310Xp!\021\366S*\366\203\241\354\007\224\251\311M"
 233      2111F653 
 233      2AF683A1 
 233      EC0794A9 
 233      C94D
 234 03e9 5669A44D 		.ascii	"Vi\244M6:we0W\027\3255\370i\336\032\250\262\324\253"
 234      363A7765 
 234      305717D5 
 234      35F869DE 
 234      1AA8B2D4 
 235 03fe 221E9E9F 		.ascii	"\"\036\236\237X\235\245\253\252\244\3768\177R\003\316"
 235      589DA5AB 
 235      AAA4FE38 
 235      7F5203CE 
 236 040e 618DDDF7 		.ascii	"a\215\335\367\011\014~\001\332\273u\376\244R8\364\227"
 236      090C7E01 
 236      DABB75FE 
 236      A45238F4 
 236      97
 237 041f BF7BAA41 		.ascii	"\277{\252A\213\367\323\376\342\217\356\337qd\0012\305"
 237      8BF7D3FE 
 237      E28FEEDF 
 237      71640132 
 237      C5
 238 0430 C8FBC0B6 		.ascii	"\310\373\300\266\010\262\017\374\012\3067\225\015\215"
 238      08B20FFC 
 238      0AC63795 
 238      0D8D
 239 043e 4C3E4C35 		.ascii	"L>L5\320-(\302\377[\020\210\345\323\272\272q\254\337"
 239      D02D28C2 
 239      FF5B1088 
 239      E5D3BABA 
 239      71ACDF
 240 0451 143C0029 		.ascii	"\024<\000)\265\262X'\221^\016\002\260\007\336\377d\304"
 240      B5B25827 
 240      915E0E02 
 240      B007DEFF 
 240      64C4
ARM GAS  C:\Users\hunter\AppData\Local\Temp\ccek3B0h.s 			page 19


 241 0463 808FB3B8 		.ascii	"\200\217\263\270\317]9z}\001\322\233\302\230\242;\020"
 241      CF5D397A 
 241      7D01D29B 
 241      C298A23B 
 241      10
 242 0474 8B62CD66 		.ascii	"\213b\315fw\373N|\323\0309\234\247\340\305me~\200#7"
 242      77FB4E7C 
 242      D318399C 
 242      A7E0C56D 
 242      657E8023 
 243 0489 D09285DF 		.ascii	"\320\222\205\337:Yj\300\305\032\3122|\307\333\020\025"
 243      3A596AC0 
 243      C51ACA32 
 243      7CC7DB10 
 243      15
 244 049a EE849E09 		.ascii	"\356\204\236\011{B\367\035\214- ]s\027j7\255\3604\323"
 244      7B42F71D 
 244      8C2D205D 
 244      73176A37 
 244      ADF034D3 
 245 04ae 83816881 		.ascii	"\203\201h\201\247\266{\347\214\006W0\236\311\326\221"
 245      A7B67BE7 
 245      8C065730 
 245      9EC9D691 
 246 04be 1A5D389E 		.ascii	"\032]8\236\331\260<\323O\221j\335\007\226{\017\260\334"
 246      D9B03CD3 
 246      4F916ADD 
 246      07967B0F 
 246      B0DC
 247 04d0 A72C8D2D 		.ascii	"\247,\215-\033\317\030\006`\311\223/\276E\354c\017\261"
 247      1BCF1806 
 247      60C9932F 
 247      BE45EC63 
 247      0FB1
 248 04e2 7FB813A1 		.ascii	"\177\270\023\241\343\331\300\205\230\036\264<\273\311"
 248      E3D9C085 
 248      981EB43C 
 248      BBC9
 249 04f0 50320898 		.ascii	"P2\010\230\310\317\360\317\313>\370\200_\372\223\035"
 249      C8CFF0CF 
 249      CB3EF880 
 249      5FFA931D 
 250 0500 20B557F6 		.ascii	" \265W\366\236\321\005..\340\236\205\025\260\343\230"
 250      9ED1052E 
 250      2EE09E85 
 250      15B0E398 
 251 0510 CBB9642A 		.ascii	"\313\271d*\2439\261r\301\327\3010\225I\"\271\311\016"
 251      A339B172 
 251      C1D7C130 
 251      954922B9 
 251      C90E
 252 0522 7D5E37A2 		.ascii	"}^7\242\031\204\215\214\343\236\347\270\022]\016\325"
 252      19848D8C 
 252      E39EE7B8 
 252      125D0ED5 
 253 0532 D6EEAE18 		.ascii	"\326\356\256\030\212\304\325\032\266W\027\317\226k\027"
 253      8AC4D51A 
ARM GAS  C:\Users\hunter\AppData\Local\Temp\ccek3B0h.s 			page 20


 253      B65717CF 
 253      966B17
 254 0541 7F445BDC 		.ascii	"\177D[\334#-\342\321\233\017\007\217K\016y\370\305\360"
 254      232DE2D1 
 254      9B0F078F 
 254      4B0E79F8 
 254      C5F0
 255 0553 EFD43077 		.ascii	"\357\3240w-\2677\214\032\226VI\365\203\360\015\260\005"
 255      2DB7378C 
 255      1A965649 
 255      F583F00D 
 255      B005
 256 0565 CF766D94 		.ascii	"\317vm\224z\300\356Y\212C\005|\260\022\360\010\377\371"
 256      7AC0EE59 
 256      8A43057C 
 256      B012F008 
 256      FFF9
 257 0577 FC204212 		.ascii	"\374 B\022?\000\261y\371\245`\177}\207\347\303h|\203"
 257      3F00B179 
 257      F9A5607F 
 257      7D87E7C3 
 257      687C83
 258 058a 111FE868 		.ascii	"\021\037\350h.\0224<+\030\241\000\335l\305\226\232\010"
 258      2E12343C 
 258      2B18A100 
 258      DD6CC596 
 258      9A08
 259 059c AA230DB4 		.ascii	"\252#\015\264\221\247\312\256\363'\276b@\322\275\205"
 259      91A7CAAE 
 259      F327BE62 
 259      40D2BD85 
 260 05ac 4C997F65 		.ascii	"L\231\177e\372ZD\330\260\337\247a\027\361r\334\235\003"
 260      FA5A44D8 
 260      B0DFA761 
 260      17F172DC 
 260      9D03
 261 05be 67B70A10 		.ascii	"g\267\012\020w\325\240\274\301C\217\302\327\013\240"
 261      77D5A0BC 
 261      C1438FC2 
 261      D70BA0
 262 05cd D00625E8 		.ascii	"\320\006%\350\015\241Ao\242AW\235\355\277\254\307^-"
 262      0DA1416F 
 262      A241579D 
 262      EDBFACC7 
 262      5E2D
 263 05df 0DBA6EE2 		.ascii	"\015\272n\342V]\004;\300\310gti\377\261i\003\371\340"
 263      565D043B 
 263      C0C86774 
 263      69FFB169 
 263      03F9E0
 264 05f2 94E49508 		.ascii	"\224\344\225\010ze\015\177\300C?\302n\210\212y\362\261"
 264      7A650D7F 
 264      C0433FC2 
 264      6E888A79 
 264      F2B1
 265 0604 C91FF972 		.ascii	"\311\037\371r|\302\200bT\237A\210\354Ml\277\334\302"
 265      7CC28062 
ARM GAS  C:\Users\hunter\AppData\Local\Temp\ccek3B0h.s 			page 21


 265      549F4188 
 265      EC4D6CBF 
 265      DCC2
 266 0616 B3AD642B 		.ascii	"\263\255d+oR\035\365\355\265\270q\307FI\322\220\367"
 266      6F521DF5 
 266      EDB5B871 
 266      C74649D2 
 266      90F7
 267 0628 2187FDE1 		.ascii	"!\207\375\341\362K\205Q\270\211\006\306\037\276ur\300"
 267      F24B8551 
 267      B88906C6 
 267      1FBE7572 
 267      C0
 268 0639 10DCCDFA 		.ascii	"\020\334\315\372\276\242\273Y\031\370,Q&H\\\250w\263"
 268      BEA2BB59 
 268      19F82C51 
 268      26485CA8 
 268      77B3
 269 064b 203B2AE5 		.ascii	" ;*\345M\017\004@\276\014\356\025M\031\214%\262\301"
 269      4D0F0440 
 269      BE0CEE15 
 269      4D198C25 
 269      B2C1
 270 065d B3883A0C 		.ascii	"\263\210:\014\004\374!o\014\314\221`\307\352O\235\214"
 270      04FC216F 
 270      0CCC9160 
 270      C7EA4F9D 
 270      8C
 271 066e 7EB446AA 		.ascii	"~\264F\252\362\323\3368w\320+IF\002B\233Y\004A\303\315"
 271      F2D3DE38 
 271      77D02B49 
 271      4602429B 
 271      590441C3 
 272 0683 34CFE5FC 		.ascii	"4\317\345\374\243\334\323\211\211I\360\313Z\347X\343"
 272      A3DCD389 
 272      8949F0CB 
 272      5AE758E3 
 273 0693 70B9939F 		.ascii	"p\271\223\237JIr\271\223\326ef'\345\272\326\213\356"
 273      4A4972B9 
 273      93D66566 
 273      27E5BAD6 
 273      8BEE
 274 06a5 A4D52FAF 		.ascii	"\244\325/\257z<%i\345\312\324\244\0272^L\177'\205\274"
 274      7A3C2569 
 274      E5CAD4A4 
 274      17325E4C 
 274      7F2785BC 
 275 06b9 B2E68264 		.ascii	"\262\346\202dg\333\022\263t/\274\364J\334s\311\311\234"
 275      67DB12B3 
 275      742FBCF4 
 275      4ADC73C9 
 275      C99C
 276 06cb E6AFCF9B 		.ascii	"\346\257\317\233W\012Vk\236\303)>\236b\025\337\312\372"
 276      570A566B 
 276      9EC3293E 
 276      9E6215DF 
 276      CAFA
ARM GAS  C:\Users\hunter\AppData\Local\Temp\ccek3B0h.s 			page 22


 277 06dd B385BA74 		.ascii	"\263\205\272t\213y6\207\313\"\272\\\331n\313Zg^\034"
 277      8B793687 
 277      CB22BA5C 
 277      D96ECB5A 
 277      675E1C
 278 06f0 7D8ACB5C 		.ascii	"}\212\313\\\237\023g\317Yc\267\331\3546\313\223\211"
 278      9F1367CF 
 278      5963B7D9 
 278      EC36CB93 
 278      89
 279 0701 CBE35296 		.ascii	"\313\343R\226'?\371\217',\240\177\314\351r\332\037\263"
 279      273FF98F 
 279      272CA07F 
 279      CCE972DA 
 279      1FB3
 280 0713 67AE7158 		.ascii	"g\256qX\034\316\254\354<\233\335\222\223\011\276\234"
 280      1CCEACEC 
 280      3C9BDD92 
 280      9309BE9C 
 281 0723 768BD566 		.ascii	"v\213\325f\177+3/[\264\212\357\346\332\335\211\3538"
 281      7F2B332F 
 281      5BB48AEF 
 281      E6DADD89 
 281      EB38
 282 0735 5D80EF8D 		.ascii	"]\200\357\215\337\225\317\375\256\333bu\2136p\016$\332"
 282      DF95CFFD 
 282      AEDB6275 
 282      8B36700E 
 282      24DA
 283 0747 95E9CFFD 		.ascii	"\225\351\317\375\335\254\371\333j\263\031\275\212Vh"
 283      DDACF9DB 
 283      6AB319BD 
 283      8A5668
 284 0756 B3B2ED99 		.ascii	"\263\262\355\231\353\345\271&\377\311*\352\002\017\330"
 284      EBE5B926 
 284      FFC92AEA 
 284      020FD8
 285 0765 6D17FFD7 		.ascii	"m\027\377\327t\272\305\034\210\177m\256\303\005L8=\325"
 285      74BAC51C 
 285      887F6DAE 
 285      C3054C38 
 285      3DD5
 286 0777 8C5F4C35 		.ascii	"\214_L5k3^\311H5/H_\235\221\226\226j\216H\177\371\265"
 286      6B335EC9 
 286      48352F48 
 286      5F9D9196 
 286      966A8E48 
 287 078e 8C34B376 		.ascii	"\2144\263vUzj\232\231$z\205^\261\262\212\202\303E|;"
 287      557A6A9A 
 287      99247A85 
 287      5EB1B28A 
 287      82C3457C 
 288 07a3 6C56F199 		.ascii	"lV\361\231\337P\313u\234\2369\312\311t\277\015\223r"
 288      DF50CB75 
 288      9C9E39CA 
 288      C974BF0D 
 288      9372
ARM GAS  C:\Users\hunter\AppData\Local\Temp\ccek3B0h.s 			page 23


 289 07b5 B8725C36 		.ascii	"\270r\\6\273U4\004\020V\207\323\361\233\030\262\270"
 289      BB553404 
 289      105687D3 
 289      F19B18B2 
 289      B8
 290 07c6 8782BE20 		.ascii	"\207\202\276 Sk\327\273\362r"
 290      536BD7BB 
 290      F272
 291 07d0 094714D5 		.ascii	"\011G\024\325\332\337\261;E\367\037\303\371\227K\023"
 291      DADFB13B 
 291      45F71FC3 
 291      F9974B13 
 292 07e0 7008E10A 		.ascii	"p\010\341\012p\243FV\361?q\274\207\373"
 292      70A34656 
 292      F13F71BC 
 292      87FB
 293              		.text
 294              		.section	.gnu.lto_.symtab.3dd496fb,"",%progbits
 295 0000 5F70616C 		.ascii	"_pal_lld_init\000"
 295      5F6C6C64 
 295      5F696E69 
 295      7400
 296 000e 00       		.ascii	"\000"
 297 000f 00       		.ascii	"\000"
 298 0010 00       		.ascii	"\000"
 299 0011 00000000 		.ascii	"\000\000\000\000\000\000\000\000"
 299      00000000 
 300 0019 04010000 		.ascii	"\004\001\000\000"
 301 001d 5F70616C 		.ascii	"_pal_lld_setgroupmode\000"
 301      5F6C6C64 
 301      5F736574 
 301      67726F75 
 301      706D6F64 
 302 0033 00       		.ascii	"\000"
 303 0034 00       		.ascii	"\000"
 304 0035 00       		.ascii	"\000"
 305 0036 00000000 		.ascii	"\000\000\000\000\000\000\000\000"
 305      00000000 
 306 003e 0A010000 		.ascii	"\012\001\000\000"
 307 0042 5F70616C 		.ascii	"_pal_events\000"
 307      5F657665 
 307      6E747300 
 308 004e 00       		.ascii	"\000"
 309 004f 00       		.ascii	"\000"
 310 0050 00       		.ascii	"\000"
 311 0051 00000000 		.ascii	"\000\000\000\000\000\000\000\000"
 311      00000000 
 312 0059 14010000 		.ascii	"\024\001\000\000"
 313              		.text
 314              		.section	.gnu.lto_.opts,"",%progbits
 315 0000 272D666D 		.ascii	"'-fmath-errno' '-fsigned-zeros' '-ftrapping-math' '"
 315      6174682D 
 315      6572726E 
 315      6F272027 
 315      2D667369 
 316 0033 2D666E6F 		.ascii	"-fno-trapv' '-fno-openmp' '-fno-openacc' '-mcpu=cor"
 316      2D747261 
ARM GAS  C:\Users\hunter\AppData\Local\Temp\ccek3B0h.s 			page 24


 316      70762720 
 316      272D666E 
 316      6F2D6F70 
 317 0066 7465782D 		.ascii	"tex-m0' '-mno-thumb-interwork' '-mthumb' '-O2' '-fo"
 317      6D302720 
 317      272D6D6E 
 317      6F2D7468 
 317      756D622D 
 318 0099 6D69742D 		.ascii	"mit-frame-pointer' '-falign-functions=16' '-ffuncti"
 318      6672616D 
 318      652D706F 
 318      696E7465 
 318      72272027 
 319 00cc 6F6E2D73 		.ascii	"on-sections' '-fdata-sections' '-fno-common' '-flto"
 319      65637469 
 319      6F6E7327 
 319      20272D66 
 319      64617461 
 320 00ff 2700     		.ascii	"'\000"
 321              		.text
 322              		.comm	__gnu_lto_v1,1,1
 323              		.comm	__gnu_lto_slim,1,1
 324              		.ident	"GCC: (GNU Tools for Arm Embedded Processors 7-2017-q4-major) 7.2.1 20170904 (release) [ARM
ARM GAS  C:\Users\hunter\AppData\Local\Temp\ccek3B0h.s 			page 25


DEFINED SYMBOLS
                            *ABS*:00000000 hal_pal_lld.c
                            *COM*:00000001 __gnu_lto_v1
                            *COM*:00000001 __gnu_lto_slim

NO UNDEFINED SYMBOLS
