ARM GAS  C:\Users\hunter\AppData\Local\Temp\ccioDPO8.s 			page 1


   1              		.cpu cortex-m0
   2              		.eabi_attribute 20, 1
   3              		.eabi_attribute 21, 1
   4              		.eabi_attribute 23, 3
   5              		.eabi_attribute 24, 1
   6              		.eabi_attribute 25, 1
   7              		.eabi_attribute 26, 1
   8              		.eabi_attribute 30, 2
   9              		.eabi_attribute 34, 0
  10              		.eabi_attribute 18, 4
  11              		.file	"hal_lld.c"
  12              		.section	.gnu.lto_.profile.3dd4aa8d,"",%progbits
  13 0000 789C6363 		.ascii	"x\234cc```\003bF\2069L\273\030\001\004\217\001g"
  13      60606003 
  13      62468639 
  13      4CBB1801 
  13      048F0167 
  14              		.text
  15              		.section	.gnu.lto_.icf.3dd4aa8d,"",%progbits
  16 0000 789C6363 		.ascii	"x\234cc``Pe@\0006\206\347\273\036\354\342f\234\321\325"
  16      60605065 
  16      40003686 
  16      E7BB1EEC 
  16      E2669CD1 
  17 0015 7C9C9105 		.ascii	"|\234\221\005L\262\256\334\271\325\202\355\362\256E"
  17      4CB2AEDC 
  17      B9D582ED 
  17      F2AE45
  18 0024 7F98D9B7 		.ascii	"\177\230\331\267\374\336\321\305\306\000\000B#\020\335"
  18      FCDED1C5 
  18      C6000042 
  18      2310DD
  19              		.text
  20              		.section	.gnu.lto_.jmpfuncs.3dd4aa8d,"",%progbits
  21 0000 789C6363 		.ascii	"x\234cc``Ped\200\003V \006r\231\200\344\001\026F\006"
  21      60605065 
  21      64800356 
  21      20067299 
  21      80E40116 
  22 0016 20FE0F04 		.ascii	" \376\017\004\374\014L\214S\230\031\327\277\331\371"
  22      FC0C4C8C 
  22      539819D7 
  22      BFD9F9
  23 0025 93B79B79 		.ascii	"\223\267\233y\0163P\011\343fF\031\270\032\006\006\026"
  23      0E335009 
  23      E3664619 
  23      B81A0606 
  23      16
  24 0036 740D083E 		.ascii	"t\015\010>\037#H\357\264\326C\347\331Az\031\201z\267"
  24      1F2348EF 
  24      B4D643E7 
  24      D9417A19 
  24      817AB7
  25 0049 30CA0085 		.ascii	"0\312\000\205\336^[\275\206\031\"\304\307\270\225Q\246"
  25      DE5E5BBD 
  25      861922C4 
  25      C7B89551 
ARM GAS  C:\Users\hunter\AppData\Local\Temp\ccioDPO8.s 			page 2


  25      A6
  26 005a 5E01BF29 		.ascii	"^\001\277) mpuX\\H\222\223P\014#J\035+8\200\330\200"
  26      206D7075 
  26      585C4892 
  26      93500C23 
  26      4A1D2B38 
  27 0071 1800718A 		.ascii	"\030\000q\212D\240"
  27      44A0
  28              		.text
  29              		.section	.gnu.lto_.inline.3dd4aa8d,"",%progbits
  30 0000 789C6363 		.ascii	"x\234cc``\330\302\200\000\254\014\014bB\214\014Lj\023"
  30      6060D8C2 
  30      8000AC0C 
  30      0C62428C 
  30      0C4C6A13 
  31 0014 3E3332B0 		.ascii	">32\260-\220g\002\01122\030Z\001\305\\\026\354`\206"
  31      2D906702 
  31      09323218 
  31      5A01C55C 
  31      16EC6086 
  32 0028 8B317103 		.ascii	"\2131q\003\305'\370A\244Y\005\201\002\023\374&\370\301"
  32      C527F841 
  32      A4590581 
  32      0213FC26 
  32      F8C1
  33 003a 192CA46B 		.ascii	"\031,\244kae\020\321\003j\221yp\013\311f.\024\202\215"
  33      616510D1 
  33      036A9179 
  33      700BC966 
  33      2E14828D 
  34 004e C1623F23 		.ascii	"\301b?#PM\326\207\016q\270\032\006\000*\276\030\375"
  34      504DD687 
  34      0E71B81A 
  34      06002ABE 
  34      18FD
  35              		.text
  36              		.section	.gnu.lto_.pureconst.3dd4aa8d,"",%progbits
  37 0000 789C6363 		.ascii	"x\234cc``\340\006bV\006)F)\026)V)6)\000\004+\000\251"
  37      6060E006 
  37      62560629 
  37      46291629 
  37      56293629 
  38              		.text
  39              		.section	.gnu.lto_hal_lld_backup_domain_init.3dd4aa8d,"",%progbits
  40 0000 789C9D52 		.ascii	"x\234\235RKO\024A\020\256\232\356\231}DN^\014r0\361"
  40      4B4F1441 
  40      10AE9AEE 
  40      997D444E 
  40      5E0C7230 
  41 0015 04074641 		.ascii	"\004\007FA\015\361\007p\343\244Wc\004\017\220l\202q"
  41      0DF10770 
  41      E3A45763 
  41      040F906C 
  41      8271
  42 0027 3D70A357 		.ascii	"=p\243W\226\307\242&\306\310#\270\3211\221(&\260!\340"
  42      96C7A226 
  42      C6C823B8 
ARM GAS  C:\Users\hunter\AppData\Local\Temp\ccioDPO8.s 			page 3


  42      D1319128 
  42      26B021E0 
  43 003b 63579165 		.ascii	"cW\221e\361\261>\000ENp!\202\006\237\007%\001\"\240"
  43      F1B13E00 
  43      454E7021 
  43      82069F07 
  43      250122A0 
  44 004f D5DD0383 		.ascii	"\325\335\003\203\\\004:35=\325\225\357\373\352\353\262"
  44      5C043A33 
  44      353DD595 
  44      EFFBEAEB 
  44      B2
  45 0060 0060AF09 		.ascii	"\000`\257\011p\224\276e\364\242\017\320\270<\012\020"
  45      7094BE65 
  45      F4A20FD0 
  45      B83C0A10 
  46 0070 F11B06CB 		.ascii	"\361\033\006\313\026\203\010\362l.\210]\014\271Ns\303"
  46      168308F2 
  46      6C2E885D 
  46      0CB94E73 
  46      C3
  47 0081 6C2FA0B4 		.ascii	"l/\240\264\265\270\237\322&Z:m!\312\215\360#\324\032"
  47      B5B89FD2 
  47      265A3A6D 
  47      21CA8DF0 
  47      23D41A
  48 0094 8C9B16D6 		.ascii	"\214\233\026\326\342Ev\225a\246\361S\322\310\277-h\245"
  48      E2457695 
  48      61A6F153 
  48      D2C8BF2D 
  48      68A5
  49 00a6 DB7E1E8E 		.ascii	"\333~\036\216\210\372=q\006\320J\257\\\330\207\371@"
  49      88FA3D71 
  49      06D04AAF 
  49      5CD887F9 
  49      40
  50 00b7 651F7A57 		.ascii	"e\037zW[r,\256\363\330\217\026 m\022\343fZ\254\376i"
  50      5B722CAE 
  50      F3D88F16 
  50      206D12E3 
  50      665AACFE 
  51 00cc 14E9F94E 		.ascii	"\024\351\371N\374]\272\033!\316\320\220\201\311\300"
  51      FC5DBA1B 
  51      21CED090 
  51      81C9C0
  52 00db 653065B0 		.ascii	"e0e\260d\360\311\340\227! CP\006\200&B$i\"\0151f\310"
  52      64F0C9E0 
  52      97212043 
  52      50068026 
  52      42246922 
  53 00f3 5D5D1ABE 		.ascii	"]]\032\276`&\365y\371\210\344\351`H\364\255\365\231"
  53      6026F579 
  53      F988E4E9 
  53      6048F4AD 
  53      F599
  54 0105 31DF0516 		.ascii	"1\337\005\026g\006J57W\242=\001\375+\246#\202S\352\316"
  54      67064A35 
ARM GAS  C:\Users\hunter\AppData\Local\Temp\ccioDPO8.s 			page 4


  54      3757A23D 
  54      01FD2BA6 
  54      238253EA 
  55 011a 504A041C 		.ascii	"PJ\004\034\274\036\241F\366\305\031\303\373\230\207"
  55      BC1EA146 
  55      F6C519C3 
  55      FB9887
  56 0129 F7300F64 		.ascii	"\3670\017d\375@[\177#\332\335\"\212q\306\361\001:\330"
  56      FD405B7F 
  56      23DADD22 
  56      8A71C6F1 
  56      013AD8
  57 013c A2FAC387 		.ascii	"\242\372\303\207h\023Y\335b\003j.C\323\365\314\015\306"
  57      681359DD 
  57      62036A2E 
  57      43D3F5CC 
  57      0DC6
  58 014e 83121F51 		.ascii	"\203\022\037Q\030\230$\024R4\321\254\212\266\307\225"
  58      18982414 
  58      5234D1AC 
  58      8AB6C795 
  59 015e F2B81EA1 		.ascii	"\362\270\036\241M\004\252\267\256ZM\3076\266f\252\326"
  59      4D04AAB7 
  59      AE5A4DC7 
  59      36B666AA 
  59      D6
  60 016f A612235F 		.ascii	"\246\022#_\375\372W8M\252\265[\211\336k\350\321Y8@t"
  60      FDFA5738 
  60      4DAAB55B 
  60      89DE6BE8 
  60      D1593840 
  61 0184 8F5DBA2B 		.ascii	"\217]\272+}\023'$[D\036q|\242\370\344\335\340\240\356"
  61      7D132724 
  61      5B441E71 
  61      7CA2F8E4 
  61      DDE0A0EE 
  62 0198 6DB9A1CB 		.ascii	"m\271\241\313\324l\\\023\316v\316:\001\2679\013\323"
  62      D46C5C13 
  62      CE76CE3A 
  62      01B7390B 
  62      D3
  63 01a9 84F311A3 		.ascii	"\204\363\021\243S\303\207\334\"\252h\373\276\224\353"
  63      53C387DC 
  63      22AA68FB 
  63      BE94EB
  64 01b8 16701C92 		.ascii	"\026p\034\222D\264b\214A\266X_\316\374\\l\306\347\232"
  64      44B4628C 
  64      41B6585F 
  64      CEFC5C6C 
  64      C6E79A
  65 01cb B1519D53 		.ascii	"\261Q\235S\016\377\321\227\361\364\015\243M\347w\027"
  65      0EFFD197 
  65      F1F40DA3 
  65      4DE77717 
  66 01db 6EFCE292 		.ascii	"n\374\342\222\214\243 \266\247\332\353\371\271\346\035"
  66      8CA320B6 
  66      A7DAEBF9 
ARM GAS  C:\Users\hunter\AppData\Local\Temp\ccioDPO8.s 			page 5


  66      B9E61D
  67 01ea 123CF308 		.ascii	"\022<\363\010\236+\202u\1779\002\276P\315\304\030\337"
  67      9E2B8275 
  67      7F3902BE 
  67      50CDC418 
  67      DF
  68 01fb 3868DD33 		.ascii	"8h\3353\226\356\335\334\246\331Y\217\353\345f\263]\270"
  68      96EEDDDC 
  68      A6D9598F 
  68      EBE566B3 
  68      5DB8
  69 020d 156772C5 		.ascii	"\025gr\305t\275\244Qz\245\335\236\\s[\366\227\370\226"
  69      74BDA451 
  69      7AA5DD9E 
  69      5C735BF6 
  69      97F896
  70 0220 5CCAD125 		.ascii	"\\\312\321%\200\257\327\3356\241\275`MaB\233\321\301"
  70      80AFD7DD 
  70      36A1BD60 
  70      4D61429B 
  70      D1C1
  71 0232 7C5B55A8 		.ascii	"|[U\250\206\357\215\247od\323\240\373\011K]\355?\203"
  71      86EF8DA7 
  71      6F64D3A0 
  71      FB094B5D 
  71      ED3F83
  72 0245 BD75E851 		.ascii	"\275u\350Q\017zL\316\265_\317u\212i\370\300\266\300"
  72      0F7A4CCE 
  72      B55FCF75 
  72      8A69F8C0 
  72      B6C0
  73 0257 DE7A60EF 		.ascii	"\336z`\3576\351\014\022\226rm\207:\307=\350\367RgPy"
  73      36E90C12 
  73      96726D87 
  73      3AC73DE8 
  73      F7526750 
  74 026c 6BB9D7FF 		.ascii	"k\271\327\377\003\317;\013\227\024\252r\275\211*\351"
  74      03CF3B0B 
  74      9714AA72 
  74      BD892AE9 
  75 027c C4002829 		.ascii	"\304\000(),\264\351\251\250\254*\257\252\016\037,)\262"
  75      2CB4E9A9 
  75      A8AC2AAF 
  75      AA0E1F2C 
  75      29B2
  76 028e ABC376E5 		.ascii	"\253\303v\345\251\220}\246\372\354\271\260}\354xYq\221"
  76      A9907DA6 
  76      FAECB9B0 
  76      7DEC7859 
  76      7191
  77 02a0 8EA5076A 		.ascii	"\216\245\007jj\344\311\311P\350ta\005\374\005\302\010"
  77      6AE4C9C9 
  77      50E87461 
  77      05FC05C2 
  77      08
  78 02b1 AE33     		.ascii	"\2563"
  79              		.text
ARM GAS  C:\Users\hunter\AppData\Local\Temp\ccioDPO8.s 			page 6


  80              		.section	.gnu.lto_Vector68.3dd4aa8d,"",%progbits
  81 0000 789C9D56 		.ascii	"x\234\235V]l\024U\024\276g\356\374\265\335\335\266\364"
  81      5D6C1455 
  81      14BE67EE 
  81      FCB5DDDD 
  81      B6F4
  82 0012 6F959636 		.ascii	"o\225\2266\255M\003&]\301\027\022\037\215&>\350\213"
  82      AD4D0326 
  82      5DC11712 
  82      1F8D263E 
  82      E88B
  83 0024 BE13A42A 		.ascii	"\276\023\244*Mj0\324\030\336:\333n\177P\242\255\261"
  83      4D6A30D4 
  83      18DE3ADB 
  83      6E7F50A2 
  83      ADB1
  84 0036 952CAB69 		.ascii	"\225,\253i\242\2111bJ#\012[*]W\212\374\025(\002\242"
  84      A2893162 
  84      4A230A5B 
  84      2A5D578A 
  84      FC152802 
  85 004b 4550906A 		.ascii	"EP\220jK)P\220\002\375\363\234;3\273\323\246;\256n\272"
  85      4B295090 
  85      02FDF39C 
  85      3B33BBD3 
  85      A63BAE6E 
  86 0060 B773CFBD 		.ascii	"\267s\317\275\367\234\357|\347\236oGe\214\235\3600\366"
  86      F79CEF7C 
  86      E79E6F47 
  86      658C9DF0 
  86      30F6
  87 0072 02FE7F1D 		.ascii	"\002\376\177\035\277\220\301@j?\311XP\227$\336V\305"
  87      BF90C140 
  87      6A3FC958 
  87      509724DE 
  87      56C5
  88 0084 8C4C8546 		.ascii	"\214L\205F\017\227\344\320QF\323\035\012NeP\314]\212"
  88      0F97E4D0 
  88      5146D31D 
  88      0A4E6550 
  88      CC5D8A
  89 0097 A4EE5C83 		.ascii	"\244\356\\\203f\375~\005\232UI\273,v\351\2752N5\320"
  89      66FD7E05 
  89      9A5549BB 
  89      2C76E9BD 
  89      324E35D0 
  90 00ab CD5D3A00 		.ascii	"\315]:\000=\030:\260\006\211\313\212\252\351\320\000"
  90      3D183AB0 
  90      0689CB8A 
  90      AAE9D000 
  91 00bb 3BF8071C 		.ascii	";\370\007\034\342\255\243Qi\365g\006~b\037\356\327\202"
  91      E2ADA351 
  91      69F56706 
  91      7E621FEE 
  91      D782
  92 00cd 46B33FC2 		.ascii	"F\263?\302\031\353\302/}\340+X\315p\333phO\204\277\303"
  92      19EBC22F 
ARM GAS  C:\Users\hunter\AppData\Local\Temp\ccioDPO8.s 			page 7


  92      7DE02B58 
  92      CD70DB70 
  92      684F84BF 
  93 00e2 231C40C6 		.ascii	"#\034@\306\351\355\241\360U\037M%(\303\351\350\356\335"
  93      E9EDA1F0 
  93      551F4D25 
  93      28C3E9E8 
  93      EEDD
  94 00f4 BD1EFE14 		.ascii	"\275\036\376\024\320\316\235w/\354\361T~b\030\215F\354"
  94      D0CE9D77 
  94      2FECF154 
  94      7E62188D 
  94      46EC
  95 0106 DE476AD8 		.ascii	"\336Gj\330\210\205\312\"\234\3037\300\321)|\015\305"
  95      8885CA22 
  95      9CC337C0 
  95      D1297C0D 
  95      C5
  96 0117 B0178A85 		.ascii	"\260\027\212\205s\334}\245w\276\323\253\312\260\017"
  96      73DC7DA5 
  96      77BED3AB 
  96      CAB00F
  97 0126 2ACD98B0 		.ascii	"*\315\230\260\037T\011\027n\216\217O\311\374\031\341"
  97      1F540917 
  97      6E8E8F4F 
  97      C9FC19E1 
  98 0136 32DA111D 		.ascii	"2\332\021\035\264]\036[ey\224!\272\254\307\316\360\250"
  98      B45D1E5B 
  98      65799421 
  98      BAACC7CE 
  98      F0A8
  99 0148 9F3F27CE 		.ascii	"\237?'\316u\214\204/y\255s\247\341\210!\323\251\003"
  99      758C842F 
  99      79AD73A7 
  99      E18821D3 
  99      A903
 100 015a AE38FAA1 		.ascii	"\2568\372\241\022\372\020\013\301@0\337\202\272$\376"
 100      12FA100B 
 100      C14030DF 
 100      82BA24FE 
 101 016a 957F8BFF 		.ascii	"\225\177\213\377?\202\016`\320\203\311\2401P\2011\205"
 101      3F820E60 
 101      D083C9A0 
 101      31508131 
 101      85
 102 017b 38B1F1D8 		.ascii	"8\261\361\330[z\316(1c~\241\325\210\215\226\214\334"
 102      5B7ACE28 
 102      31637EA1 
 102      D5888D96 
 102      8CDC
 103 018d 9DCEAD02 		.ascii	"\235\316\255\002\026\341\212\204\203\312q\320d\232*"
 103      16E18A84 
 103      83CA71D0 
 103      649A2A
 104 019c 38E82A4D 		.ascii	"8\350*M5\0342tz\312\240!\223\206,\0342=8dyi\263\217"
 104      351C3274 
 104      7ACAA021 
ARM GAS  C:\Users\hunter\AppData\Local\Temp\ccioDPO8.s 			page 8


 104      93862C1C 
 104      323D3864 
 105 01b4 CE66D342 		.ascii	"\316f\323B\016Ms\351\354\012\232\346\321\331|z*\240"
 105      0E4D73E9 
 105      EC0A9AE6 
 105      D1D97C7A 
 105      2AA0
 106 01c6 A1908622 		.ascii	"\241\220\206\":\353\247\263%\214\340\255b\004\256\224"
 106      3AEBA7B3 
 106      258CE0AD 
 106      6204AE94 
 107 01d6 11CC7246 		.ascii	"\021\314rF\000+\030Ae\254\015k\211W\316\210\261\355"
 107      002B1841 
 107      65AC0D6B 
 107      8957CE88 
 107      B1ED
 108 01e8 5CA2A7A6 		.ascii	"\\\242\247\246\030\233\200P\367\314\273\234\262\014"
 108      189B8050 
 108      F7CCBB9C 
 108      B20C
 109 01f6 F312E235 		.ascii	"\363\022\3425:1\2425\314\031z\204{\2728\346\014\337"
 109      3A31A235 
 109      CC197A84 
 109      7BBA38E6 
 109      0CDF
 110 0208 410311D3 		.ascii	"A\003\021\3233\021}\340\245\353\345\005\006q(\216p\037"
 110      33117DE0 
 110      A5EBE505 
 110      0671288E 
 110      701F
 111 021a 1B85C632 		.ascii	"\033\205\3062:Jq\3618\033\207\306\276\317\3078\225("
 111      3A4A71F1 
 111      381B87C6 
 111      BECFC738 
 111      9528
 112 022c CC010F75 		.ascii	"\314\001\017u5\307Oit([\024\277\351\341\300\035\037"
 112      35C74F69 
 112      74285B14 
 112      BFE9E1C0 
 112      1D1F
 113 023e 3AC7EB9C 		.ascii	":\307\353\234\335\315M\302\037\014\337h\313\352\206"
 113      DDCD4DC2 
 113      1F0CDF68 
 113      CBEA86
 114 024d 8F833911 		.ascii	"\217\2039\021\236\003\207\260\007\276\247j\340\312\241"
 114      9E0387B0 
 114      07BEA76A 
 114      E0CAA1
 115 025c 8EEBED99 		.ascii	"\216\353\355\231k{\214v\303\300\332\346\302 t\003<^"
 115      6B7B8C76 
 115      C3C0DAE6 
 115      C2207403 
 115      3C5E
 116 026e 6C152A78 		.ascii	"l\025*x|r\257\036\370\322Z]\001\207am\247h\020\370\001"
 116      7C72AF1E 
 116      F8D25A5D 
 116      0187616D 
ARM GAS  C:\Users\hunter\AppData\Local\Temp\ccioDPO8.s 			page 9


 116      A76810F8 
 117 0283 028464AA 		.ascii	"\002\204d\252\025L \253\020\213\011\025\247D\016\232"
 117      154C20AB 
 117      108B0915 
 117      A7440E9A 
 118 0293 04D40C73 		.ascii	"\004\324\014s]J\013\331\021\027dG]\220\345\3011B\006"
 118      5D4A0BD9 
 118      11176447 
 118      5D90E5C1 
 118      314206
 119 02a6 84ECB840 		.ascii	"\204\354\270@\026\267\003s'Cy\202\241\376\370\320a\225"
 119      16B70373 
 119      27437982 
 119      A1FEF8D0 
 119      6195
 120 02b8 621AE270 		.ascii	"b\032\342p>\242\203\023V\324\363\373\372\366y\321o("
 120      3EA28313 
 120      56D4F3FB 
 120      FAF679D1 
 120      6F28
 121 02ca 484B0530 		.ascii	"HK\0050\204Q;\261\222\350\370\244\231\262\355XN+\243"
 121      84513BB1 
 121      92E8F8A4 
 121      99B2ED58 
 121      4E2BA3
 122 02dd 532E199D 		.ascii	"S.\031\235v\345z\2302\022\312pf\011\327\012\006GC\323"
 122      76E57A98 
 122      3212CA70 
 122      6609D70A 
 122      064743D3 
 123 02f1 548B65A0 		.ascii	"T\213e\2404\321L\266Y\333V\212f\364:w18/Q\352\032\370"
 123      34D14CB6 
 123      59DB568A 
 123      66F43A77 
 123      31382F51 
 124 0308 E0470492 		.ascii	"\340G\004\222\250Q?\325\250\324\231\221\226VFg]2:\347"
 124      A8513FD5 
 124      A8D49991 
 124      96564667 
 124      5D323AE7 
 125 031c 9251219C 		.ascii	"\222Q!\234\247\214d\312\350\247\3055\322\2355*\\\256"
 125      A78C64CA 
 125      E8A7C535 
 125      D29D352A 
 125      5CAE
 126 032e 4645880E 		.ascii	"FE\210\016.\244\250\321\317\242F\0129\376E8N\262\220"
 126      2EA4A8D1 
 126      CFA2460A 
 126      39FE4538 
 126      4EB290
 127 0341 81CE29CB 		.ascii	"\201\316)\313k\020\032y\33229\373L\303>\033\261\204"
 127      6B101A79 
 127      DA3239FB 
 127      4CC33E1B 
 127      B184
 128 0353 693BB2DD 		.ascii	"i;\262\335V\205\375\212\016n\331\0162\005\223Dm\374"
 128      5685FD8A 
ARM GAS  C:\Users\hunter\AppData\Local\Temp\ccioDPO8.s 			page 10


 128      0E6ED90E 
 128      32059344 
 128      6DFC
 129 0365 ECDB60E9 		.ascii	"\354\333`\351\342\177\271@\027\0058\225\300\375\012"
 129      E27FB940 
 129      17053895 
 129      C0FD0A
 130 0374 0174E864 		.ascii	"\001t\350d<\313\231\270\337\324\374\2446\370\273\351"
 130      3CCB99B8 
 130      DFD4FCA4 
 130      36F8BBE9 
 131 0384 46A36D6F 		.ascii	"F\243mo\323\355\367}\030\017\"\374\021\270\214\374_"
 131      D3EDF77D 
 131      180F22FC 
 131      11B88CFC 
 131      5F
 132 0395 B282ED9A 		.ascii	"\262\202\355\2322f=\310\277\211\343Q\370\015\203Q\343"
 132      32663DC8 
 132      BF89E351 
 132      F80D8351 
 132      E3
 133 03a6 99FCF71F 		.ascii	"\231\374\367\037\373tHC(\346\352J\370\235\370\327\010"
 133      FB744843 
 133      28E6EA4A 
 133      F89DF8D7 
 133      08
 134 03b7 C915A4C9 		.ascii	"\311\025\244\311A\311\"\030+\221\222\253\011Jd\026\177"
 134      41C92218 
 134      2B9192AB 
 134      094A6416 
 134      7F
 135 03c8 4C5092C0 		.ascii	"LP\222\300\354I\007\344\037. \257-\0029\263k\362\222"
 135      EC4907E4 
 135      1F2E20AF 
 135      2D0239B3 
 135      6BF292
 136 03db 2F01320B 		.ascii	"/\0012\013F\011\244N \377D\220\023\320,n+C\220\370\365"
 136      4609A44E 
 136      20FF4490 
 136      13D02C6E 
 136      2B4390F8 
 137 03f0 603522BC 		.ascii	"`5\"\274X S,u\025z8\301\351\327#\314\275\350qpa:\226"
 137      5820532C 
 137      75157A38 
 137      C1E9D723 
 137      CCBDE871 
 138 0408 4D99E890 		.ascii	"M\231\350\220\236\352\2149n\364\271\346\0033\222\343"
 138      9EEA8C39 
 138      6EF4B9E6 
 138      033392E3 
 139 0418 468FD38D 		.ascii	"F\217\323\215\376\013\354+\375\305\324X\213\307\321"
 139      FE0BEC2B 
 139      FDC5D458 
 139      8BC7D1
 140 0427 A4D71382 		.ascii	"\244\327\023\2028\221lR\201\244\034\301\230\315F?k\007"
 140      38916C52 
 140      81A41CC1 
ARM GAS  C:\Users\hunter\AppData\Local\Temp\ccioDPO8.s 			page 11


 140      98CD463F 
 140      6B07
 141 0439 A9D9CA2D 		.ascii	"\251\331\312-\032\305\272/-h7\\\240M\272A\313\203\233"
 141      1AC5BA2F 
 141      2D68375C 
 141      A04DBA41 
 141      CB839B
 142 044c 0945BC95 		.ascii	"\011E\274\225\3506\0219{\331\033\354Ky\203o'%p*!\201"
 142      E8361139 
 142      7BD91BEC 
 142      4B79836F 
 142      2725702A 
 143 0462 C2534E5A 		.ascii	"\302SNZ9\334q\311\341\256;\275\177'4\360\336\022zs1"
 143      39DC71C9 
 143      E1AE3BBD 
 143      7F2734F0 
 143      DE127A73 
 144 0477 BAAD81C2 		.ascii	"\272\255\201\302\260\002\023C\263\335\375\302V\201\346"
 144      B0021343 
 144      B3DDFDC2 
 144      5681E6
 145 0486 A4E8511D 		.ascii	"\244\350Q\035\006\250\016\025\316\034\362\322\312a\332"
 145      06A80E15 
 145      CE1CF2D2 
 145      CA61DA
 146 0495 2587FB6E 		.ascii	"%\207\373n9\024\302\203\204\352=\\\\\207\374ee./\245"
 146      3914C283 
 146      84EA3D5C 
 146      5C87FC65 
 146      652E2FA5 
 147 04a9 CCCD2465 		.ascii	"\314\315$en6)s\302UA\230JXa\365\264ir\350\232\312v\256"
 147      6E362973 
 147      C2554198 
 147      4A5861F5 
 147      B46972E8 
 148 04c1 49EA9A58 		.ascii	"I\352\232X.\024\354\344\332\272\026K\241k\251o\305\\"
 148      2E14ECE4 
 148      DABA164B 
 148      A16BA96F 
 148      C55C
 149 04d3 52D7E649 		.ascii	"R\327\346I\327\012\235\244\026\245\243\021\013.\032"
 149      D70A9DA4 
 149      16A5A311 
 149      0B2E1A
 150 04e2 6148A411 		.ascii	"aH\244\021\345)\204,(\331B\326(\005\234I\0279\224Kc"
 150      E529842C 
 150      28D942D6 
 150      28059C49 
 150      1739944B 
 151 04f7 635509E5 		.ascii	"cU\011\345\022\253\376tP5I\251Q\205\026\241Z\252\\\315"
 151      12ABFE74 
 151      503549A9 
 151      518516A1 
 151      5AAA5CCD 
 152 050b 92AD5C2D 		.ascii	"\222\255\\-\222\245\\1\241\\E\370\365#\337\266r\351"
 152      92A55C31 
 152      A15C45F8 
ARM GAS  C:\Users\hunter\AppData\Local\Temp\ccioDPO8.s 			page 12


 152      F523DFB6 
 152      72E9
 153 051d 8EF7C268 		.ascii	"\216\367\302h\266x\371]\214\254\244\213\332\015Z\245"
 153      B678F95D 
 153      8CACA48B 
 153      DA0D5AA5 
 154 052d 063C5912 		.ascii	"\006<Y\022A\255\234\204\306\356\201\367\300|Qf\364\232"
 154      41AD9C84 
 154      C6EE81F7 
 154      C07C5166 
 154      F49A
 155 053f 09E40477 		.ascii	"\011\344\004w\255\257\256\016\340\337\246\315\265/\327"
 155      ADAFAE0E 
 155      E0DFA6CD 
 155      B52FD7
 156 054e 6EA95FBB 		.ascii	"n\251_\273~]`K}`\363\306\272\300\033[\266\276Y\037x"
 156      7E5D604B 
 156      7D60F3C6 
 156      BAC01B5B 
 156      B6BE591F 
 157 0563 F1A5E79F 		.ascii	"\361\245\347\237\\g\216\317>\261m\033\255l\250\253\253"
 157      5C678ECF 
 157      3EB16D1B 
 157      AD6CA8AB 
 157      AB
 158 0574 A9DEC432 		.ascii	"\251\336\30426\324o|\353\225\232\015u[ym\3156\345\325"
 158      36D46F7C 
 158      EB959A0D 
 158      755B796D 
 158      CD36E5D5 
 159 0588 BA8DAFD5 		.ascii	"\272\215\257\325\377\003\006h\0149"
 159      FF030668 
 159      0C39
 160              		.text
 161              		.section	.gnu.lto_Vector6C.3dd4aa8d,"",%progbits
 162 0000 789C9D56 		.ascii	"x\234\235VkL\034U\024\276g\356\274\200\335\345\261e"
 162      6B4C1C55 
 162      14BE67EE 
 162      BC80DDE5 
 162      B165
 163 0012 592DB40D 		.ascii	"Y-\264\015\330\3206\246k\353\237&\3764\232\370C\377"
 163      D8D036A6 
 163      6BEB9F26 
 163      FE349AF8 
 163      43FF
 164 0024 E87F82A5 		.ascii	"\350\177\202\245Z\022\014\246\030\303?fa)Tk\002F\220"
 164      5A120CA6 
 164      18C33F66 
 164      6129546B 
 164      024690
 165 0037 6C378644 		.ascii	"l7\206D\0235\326\264\304*\202X\326\225b_\364eE\224>"
 165      1335D6B4 
 165      C42A8258 
 165      D695625F 
 165      F4654594 
 166 004c B4B5ABA5 		.ascii	"\264\265\253\245\224\266\024\265O\3529wfv\007\302\216"
 166      94B614B5 
ARM GAS  C:\Users\hunter\AppData\Local\Temp\ccioDPO8.s 			page 13


 166      4FEA3977 
 166      667607C2 
 166      8E
 167 005d AB1BF632 		.ascii	"\253\033\3662\367\334{\317\371\316w\356\371vT\306\330"
 167      F7DC7BCF 
 167      F9CE77EE 
 167      F97654C6 
 167      D8
 168 006e 510F63CF 		.ascii	"Q\017c\317\341\377W\360\0139\014\244\216c\214\205uI"
 168      E1FF57F0 
 168      0B390CA4 
 168      8E638C85 
 168      7549
 169 0080 E2ED95CC 		.ascii	"\342\355\225\314\310Uh\364pI\216\034b4\335\251\340T"
 169      C85568F4 
 169      70498E1C 
 169      6234DDA9 
 169      E054
 170 0092 06C5DCA5 		.ascii	"\006\305\334\245Hj\317:4\353\267*\320\254J\332y\261"
 170      486ACF3A 
 170      34EBB72A 
 170      D0AC4ADA 
 170      79B1
 171 00a4 4BEF9371 		.ascii	"K\357\223q\252\201n\356\322\001\350\301\320\2015I\\"
 171      AA816EEE 
 171      D201E8C1 
 171      D0813549 
 171      5C
 172 00b5 56544D87 		.ascii	"VTM\207&\330\311\337\341\220hK\016Hk?4\360\023\177\267"
 172      26D8C9DF 
 172      E190684B 
 172      0E486B3F 
 172      34F0137F 
 173 00ca 23376CB4 		.ascii	"#7l\264\006c\234\261n\374\322\007>\203\265\014\267\235"
 173      06639CB1 
 173      6EFCD207 
 173      3E83B50C 
 173      B79D
 174 00dc 8CEC8DF1 		.ascii	"\214\354\215\3617y\214\003\3108\2751\026\275\350\243"
 174      37798C03 
 174      C838BD31 
 174      16BDE8A3 
 175 00ec A904AB70 		.ascii	"\251\004\253p\232\334\275\273\317\303\237\000\332\331"
 175      9ADCBDBB 
 175      CFC39F00 
 175      DAD9
 176 00fa 3337B1D7 		.ascii	"37\261\327\263\372}\303h6\342\343\037\251Q#\036Y\025"
 176      B3FA7DC3 
 176      6836E2E3 
 176      1FA95123 
 176      1E5915
 177 010d E31CBE00 		.ascii	"\343\034\276\000\216N\341s(\205}P*\234\343\356\013}"
 177      8E4EE173 
 177      28857D50 
 177      2A9CE3EE 
 177      0B7D
 178 011f F35D5E55 		.ascii	"\363]^U\206~Xm\306\204/A\225p\341\332\324\324\254\314"
ARM GAS  C:\Users\hunter\AppData\Local\Temp\ccioDPO8.s 			page 14


 178      867E586D 
 178      C6842F41 
 178      9570E1DA 
 178      D4D4ACCC 
 179 0133 9F122E07 		.ascii	"\237\022.\007:\007\016\330.\247\326X\036e\030X\322c"
 179      3A070ED8 
 179      2EA7D658 
 179      1E651858 
 179      D263
 180 0145 573419E4 		.ascii	"W4\031\344\317\210s\235\223\321s^\353\334\0118h\310"
 180      CF88739D 
 180      93D1735E 
 180      EBDC0938 
 180      68C8
 181 0157 74EA2B57 		.ascii	"t\352+W\034C\260\032\006\021\013\301@0_\203\272(~b\355"
 181      1C43B01A 
 181      06110BC1 
 181      40305F83 
 181      BA287E62 
 182 016c BFC4FF1F 		.ascii	"\277\304\377\037A\2071\350\376t\3208\250\300\230B\234"
 182      418731E8 
 182      FE74D038 
 182      A8C09842 
 182      9C
 183 017d D878EC2D 		.ascii	"\330x\354-{N)qc\376A\233\021\037]svn\274\250\022X\214"
 183      7B4E2971 
 183      63FE419B 
 183      111F5D73 
 183      766EBCA8 
 184 0194 2B120E2A 		.ascii	"+\022\016*\307A\223i\252\340\240\2534\325p\310\321\351"
 184      C7419369 
 184      AAE0A0AB 
 184      34D570C8 
 184      D1E9
 185 01a6 2987865C 		.ascii	")\207\206\\\032\362p\310\365\340\220\347\245\315>:\233"
 185      1AF270C8 
 185      F5E090E7 
 185      A5CD3E3A 
 185      9B
 186 01b7 4F0B0534 		.ascii	"O\013\0054-\244\263E4\365\323\331e\364TLC\200\206\022"
 186      2DA4B345 
 186      34F5D3D9 
 186      65F4544C 
 186      43808612 
 187 01cb 3A1BA4B3 		.ascii	":\033\244\263e\214\340\255`\004n%#\230\345\214\000V"
 187      658CE0AD 
 187      60046E25 
 187      2398E58C 
 187      0056
 188 01dd 3082CA58 		.ascii	"0\202\312X;\326\022\257\234\021g;\270DO-q6\015\221\336"
 188      3BD612AF 
 188      9C11673B 
 188      B8444F2D 
 188      71360D91 
 189 01f2 4F306DCC 		.ascii	"O0m\3142\312\313\210\327\201\351I\255\351\276\241\307"
 189      32CACB88 
 189      D781E949 
ARM GAS  C:\Users\hunter\AppData\Local\Temp\ccioDPO8.s 			page 15


 189      ADE9BEA1 
 189      C7
 190 0203 B8A79B63 		.ascii	"\270\247\233c\316\360\0154\0211{\246\007n{\351zy\201"
 190      CEF00D34 
 190      11317BA6 
 190      076E7BE9 
 190      7A7981
 191 0216 41024A63 		.ascii	"A\002Jc\334\307\222\320\274\212\216R\\<\316\246\240"
 191      DCC792D0 
 191      BC8A8E52 
 191      5C3CCEA6 
 191      A0
 192 0227 79F0E3B7 		.ascii	"y\360\343\267\024*Q\224\003\036\352nM\034\327\350P\276"
 192      142A5194 
 192      031EEA6E 
 192      4D1CD7E8 
 192      50BE
 193 0239 287ECB9D 		.ascii	"(~\313\235\341\233>t\216\3279\277\227\233\204\337>y"
 193      E19B3E74 
 193      8ED739BF 
 193      979B84DF 
 193      3E79
 194 024b B53DAF17 		.ascii	"\265=\257\027\336\013\027\304x\001\214`\017|K\325\300"
 194      DE0B17C4 
 194      78018C60 
 194      0F7C4BD5 
 194      C0
 195 025c 9591CE2B 		.ascii	"\225\221\316+\035\271\033\366\030\035\206\201\265-\204"
 195      1DB91BF6 
 195      181D8681 
 195      B52D84
 196 026b 03D00BF0 		.ascii	"\003\320\013\360h\251U\250\360\221\231}z\350Sk\265\010"
 196      68A955A8 
 196      F091997D 
 196      7AE8536B 
 196      B508
 197 027d 46614397 		.ascii	"FaC\227h\020\370\016B\204d\266\015L +\020\213\011\025"
 197      6810F80E 
 197      428464B6 
 197      0D4C202B 
 197      108B0915 
 198 0291 A7440E9A 		.ascii	"\247D\016\232\004\324\034s]\312\012\331A\027d\207\\"
 198      04D41C73 
 198      5DCA0AD9 
 198      41176487 
 198      5C
 199 02a2 90F9E130 		.ascii	"\220\371\3410!\003BvD K\330\201\271\223!\277`h(16\252"
 199      21034276 
 199      44204BD8 
 199      81B99321 
 199      BF606828 
 200 02b9 524C431C 		.ascii	"RLC\034^\206\350\340\250\025u\274\177\260\337\213~#"
 200      5E86E8E0 
 200      A81575BC 
 200      7FB0DF8B 
 200      7E23
 201 02cb 615A2A86 		.ascii	"aZ*\2061\214\332\205\225D\307\307\314\224m\307rV\031"
ARM GAS  C:\Users\hunter\AppData\Local\Temp\ccioDPO8.s 			page 16


 201      318CDA85 
 201      9544C7C7 
 201      CC946DC7 
 201      725619
 202 02de 1D77C9E8 		.ascii	"\035w\311\350\204+\327')#\241\014\247\026q\255`p4\264"
 202      842BD727 
 202      2923A10C 
 202      A71671AD 
 202      607034B4 
 203 02f2 CC6EB70C 		.ascii	"\314n\267\014\224&\232\311v\317\266\255D3z\275\177&"
 203      94269AC9 
 203      76CFB6AD 
 203      44337ABD 
 203      7F26
 204 0304 3C2F51EA 		.ascii	"</Q\352\032\370\340{\004\222\252\321\020\325h\2453#"
 204      1AF8E07B 
 204      0492AAD1 
 204      10D568A5 
 204      3323
 205 0316 2DAB8C4E 		.ascii	"-\253\214N\273d\364\203KF\001\030\247\214d\312\350\307"
 205      BB64F483 
 205      4B460118 
 205      A78C64CA 
 205      E8C7
 206 0328 8535D29D 		.ascii	"\2055\322\2355\012,U\243\022D\007\023\031j\364\223\250"
 206      350A2C55 
 206      A3124407 
 206      13196AF4 
 206      93A8
 207 033a 91428E7F 		.ascii	"\221B\216\177\026\216\323,\344\240s\312\362\022D&\237"
 207      168ED32C 
 207      E4A073CA 
 207      F2124426 
 207      9F
 208 034b B44CCE3E 		.ascii	"\264L\316>\323\260\317&-a\332\201l\267Wb\277\242\203"
 208      D3B0CF26 
 208      2D61DA81 
 208      6CB75762 
 208      BFA283
 209 035e EBB6835C 		.ascii	"\353\266\203\\\301$Q\2338\375\006X\272\370_.\320\031"
 209      C124519B 
 209      38FD0658 
 209      BAF85F2E 
 209      D019
 210 0370 014E2570 		.ascii	"\001N%pg!\204\016\235\214\3479\023\017\232\232\237\326"
 210      6721840E 
 210      9D8CE739 
 210      130F9A9A 
 210      9FD6
 211 0382 86602FDD 		.ascii	"\206`/\335h\264\355k\271\361\266\017\343A\214?\004\347"
 211      68B4ED6B 
 211      B9F1B60F 
 211      E3418C3F 
 211      04E7
 212 0394 91FF7356 		.ascii	"\221\377sV\260]\263\306=\017\362o\342x\030~\301`\324"
 212      B05DB3C6 
 212      3D0FF26F 
ARM GAS  C:\Users\hunter\AppData\Local\Temp\ccioDPO8.s 			page 17


 212      E278187E 
 212      C160D4
 213 03a7 7826FF43 		.ascii	"x&\377C\207?\030\323\020\212\271\272\034~%\3765Br\001"
 213      873F18D3 
 213      108AB9BA 
 213      1C7E25FE 
 213      35427201 
 214 03bb 697250B2 		.ascii	"irP\262\000\306r\244\344b\212\022\231%\036\021\224\244"
 214      00C672A4 
 214      E4628A12 
 214      99251E11 
 214      94A4
 215 03cd 307BB201 		.ascii	"0{\262\001\371\233\013\310K\013@\336\3355s\316\227\002"
 215      F99B0BC8 
 215      4B0B40DE 
 215      DD3573CE 
 215      9702
 216 03df 99074902 		.ascii	"\231\007I\002\251\023\310\337\021\3444\264\212\333\312"
 216      A913C8DF 
 216      11E434B4 
 216      8ADBCA
 217 03ee 10247E3D 		.ascii	"\020$~=X\215\030/\025\310\024K]\205\036\366(\364\353"
 217      588D182F 
 217      15C8144B 
 217      5D851EF6 
 217      28F4EB
 218 0401 11E55EE7 		.ascii	"\021\345^\347O\266\016\331\365\350e\307\215\3369\227"
 218      4FB60ED9 
 218      F5E865C7 
 218      8DDE3997 
 219 0411 1C911D37 		.ascii	"\034\221\0357z\212n\364\037`_\351\211\304D\267\352h"
 219      7A8A6EF4 
 219      1F605FE9 
 219      89C444B7 
 219      EA68
 220 0423 D22B2941 		.ascii	"\322+)A\234N7\251@R\216`\314f\243\237\265\375\324l\345"
 220      9C4E37A9 
 220      40528E60 
 220      CC66A39F 
 220      B5FDD46C 
 221 0438 168D62DD 		.ascii	"\026\215b\335\227\025\264\253.\320f\334\240\371\341"
 221      9715B4AB 
 221      2ED066DC 
 221      A0F9E1
 222 0447 5A4A11AF 		.ascii	"ZJ\021\257\247\272MD\316_\362\006\3732\336\340\033i"
 222      A7BA4D44 
 222      CE5FF206 
 222      FB32DEE0 
 222      1B69
 223 0459 099C4D49 		.ascii	"\011\234MI\240\360T\220U\0167]r\230s\247\367\317\224"
 223      A0F05490 
 223      550E375D 
 223      729873A7 
 223      F7CF94
 224 046c 06FEB588 		.ascii	"\006\376\265\210\336B\214nk\2400\024abh\266\273_\330"
 224      DE428C6E 
 224      6BA03014 
ARM GAS  C:\Users\hunter\AppData\Local\Temp\ccioDPO8.s 			page 18


 224      616268B6 
 224      BB5FD8
 225 047f 2AD09C16 		.ascii	"*\320\234\026=\252\3030\325\241\302\231\203?\253\034"
 225      3DAAC330 
 225      D5A1C299 
 225      833FAB1C 
 226 048f FE76C9E1 		.ascii	"\376v\311\341\226[\016\001\270\235R\275;\013\353\260"
 226      965B0E01 
 226      B89D52BD 
 226      3B0BEBB0 
 227 049f 6C4999F3 		.ascii	"lI\231\363g\224\271\273i\231\273\227\2269\341\2528J"
 227      6794B9BB 
 227      6999BB97 
 227      9639E1AA 
 227      384A
 228 04b1 25ACB07A 		.ascii	"%\254\260z\33249tMe=\353\322\272&\226\003\202\235B["
 228      DA343974 
 228      4D653DEB 
 228      D2BA2696 
 228      03829D42 
 229 04c6 D7E21974 		.ascii	"\327\342\031t-\363\255\270\237\326\265y\322\265\200"
 229      2DF3ADB8 
 229      9FD6B579 
 229      D2B580
 230 04d5 93D4926C 		.ascii	"\223\324\222l4\342\201\213F\030\022iDy\006!\013K\266"
 230      34E2818B 
 230      46181269 
 230      44790621 
 230      0B4BB6
 231 04e8 90354B21 		.ascii	"\2205K!g\322%\016\345\322\330\345\312\224r\211\325`"
 231      67D2250E 
 231      E5D2D8E5 
 231      CA947289 
 231      D560
 232 04fa 36A85AA4 		.ascii	"6\250Z\244\314\250\"\013P-V\256V\311V\256\355\222\245"
 232      CCA8220B 
 232      502D56AE 
 232      56C956AE 
 232      ED92A5
 233 050d 5C71A15C 		.ascii	"\\q\241\\%\370\015\"\337\266r\351\216\367\302\276b\361"
 233      25F80D22 
 233      DFB672E9 
 233      8EF7C2BE 
 233      62F1
 234 051f F2BB1059 		.ascii	"\362\273\020YY7\265\033\264IMx\262,\206Z9\003\315\275"
 234      5937B51B 
 234      B4494D78 
 234      B22C865A 
 234      3903CDBD 
 235 0533 FD5D60BE 		.ascii	"\375]`\276(3z\315\004r\202\2736\255_\037\302\277\315"
 235      28337ACD 
 235      047282BB 
 235      36AD5F1F 
 235      C2BFCD
 236 0546 5B6B5FAC 		.ascii	"[k_\254\255o\330\260ic\250\276!\264\265\272.\364j\375"
 236      AD6FD8B0 
 236      6963A8BE 
ARM GAS  C:\Users\hunter\AppData\Local\Temp\ccioDPO8.s 			page 19


 236      21B4B5BA 
 236      2EF46AFD 
 237 055a B6D71A42 		.ascii	"\266\327\032B\317\277\360\354\343\033\315\361\351\307"
 237      CFBFF0EC 
 237      E31BCDF1 
 237      E9C7
 238 0568 1A1B69A5 		.ascii	"\032\033i\245\252\256\256f\375f\226S\325P\375\372\226"
 238      AAAEAE66 
 238      FD669653 
 238      D550FDFA 
 238      96
 239 0579 9AAABA6D 		.ascii	"\232\252\272m\274\266\246Qy\251\256\372\345\206\177"
 239      BCB6A651 
 239      79A9AEFA 
 239      E5867F
 240 0588 0019A80A 		.ascii	"\000\031\250\012O"
 240      4F
 241              		.text
 242              		.section	.gnu.lto_hal_lld_init.3dd4aa8d,"",%progbits
 243 0000 789C9D54 		.ascii	"x\234\235TMk\023Q\024\275g\336L2\024%\0137\202\005\335"
 243      4D6B1351 
 243      14BD67DE 
 243      4C321425 
 243      0B378205 
 244 0015 7693D1BA 		.ascii	"v\223\321\272)\376\000w\342B\267\"Z\301\026\002\021"
 244      29FE0077 
 244      E242B722 
 244      5AC11602 
 244      11
 245 0026 E3A2BB4C 		.ascii	"\343\242\273L\214m\342\007X\304F\320A#\012ZDB\250_\031"
 245      8C6DE207 
 245      58C446D0 
 245      41230A5A 
 245      4442A85F 
 246 003b BFC6A8B5 		.ascii	"\277\306\250\265j?4f\241\226.t!\250\305M]\210\222\306"
 246      6A3F3466 
 246      A1962E74 
 246      21A8C54D 
 246      5D8892C6 
 247 004f FBDE4427 		.ascii	"\373\336D'\024\272\230\01437of\016\347\234{\346\345"
 247      14BA980C 
 247      33376F66 
 247      0EE79C7B 
 247      E6E5
 248 0061 4688C830 		.ascii	"F\210\3100\210\266\361\357\006\276 \010\332\350,Q\306"
 248      88B6F1EF 
 248      06BE2008 
 248      DAE82C51 
 248      C6
 249 0072 D400B9B0 		.ascii	"\324\000\271\260MPZC\032\247\304Y\201j\356KE\353\271"
 249      4D505A43 
 249      1AA7C459 
 249      816AEE4B 
 249      45EBB9
 250 0085 66F3E19D 		.ascii	"f\363\341\235+\304F\354\341\365\216 *\360%\017L\240"
 250      2BC446EC 
 250      E1F58E20 
ARM GAS  C:\Users\hunter\AppData\Local\Temp\ccioDPO8.s 			page 20


 250      2AF0250F 
 250      4CA0
 251 0097 8718F6B9 		.ascii	"\207\030\366\271\274<\2666\242\373\317q\013\021\002"
 251      BC3CB636 
 251      A2FBCF71 
 251      0B1102
 252 00a6 2F4A35C3 		.ascii	"/J5\303\263\227\2339\333\233\276\202\306\316u G@\223"
 252      B3979B39 
 252      DB9BBE82 
 252      C6CE7520 
 252      474093
 253 00b9 45C8A2CB 		.ascii	"E\310\242\313b\310\022\221\245K\026\242<S\260\017\333"
 253      62C81291 
 253      A54B16A2 
 253      3C53B00F 
 253      DB
 254 00ca A3E34293 		.ascii	"\243\343B\223\253\254G\337Pu\277\276?(\211\317\013\260"
 254      ABAC47DF 
 254      5075BFBE 
 254      3F2889CF 
 254      0BB0
 255 00dc 5E61B83A 		.ascii	"^a\270:\027=)\034\241A\312\317\227f\276\233\376\255"
 255      173D291C 
 255      A141CACF 
 255      9766BE9B 
 255      FEAD
 256 00ee 5DCCDB3A 		.ascii	"]\314\333:?\272Z*_@\021\0273\354|\223#\004\356\240\033"
 256      3FBA5A2A 
 256      5F401117 
 256      33EC7C93 
 256      2304EEA0 
 257 0103 B7D14D12 		.ascii	"\267\321M\022\177f\242\276\307\272i\037\203#t\334e\330"
 257      7F66A2BE 
 257      C7BA691F 
 257      832374DC 
 257      65D8
 258 0115 98EA07F7 		.ascii	"\230\352\007\367`\261V\366\327\010|)\315W[r\263\327"
 258      60B156F6 
 258      D7087C29 
 258      CD575B72 
 258      B3D7
 259 0127 75490F34 		.ascii	"uI\0174\233\271F\014\025\346aO\365\023\012\027J\315"
 259      9BB9460C 
 259      15E6614F 
 259      F5130A17 
 259      4ACD
 260 0139 0DD4EEC3 		.ascii	"\015\324\356\303b\011I\364\323\014\303\223\221\257t"
 260      620949F4 
 260      D30CC393 
 260      91AF74
 261 0148 3C08981E 		.ascii	"<\010\230\036\302j\017E\007\341\221o\321\035\377\020"
 261      C26A0F45 
 261      07E1916F 
 261      D11DFF10 
 262 0158 F57BE90A 		.ascii	"\365{\351\012e\363\261\"\227\037\021\236\012%\244GE"
 262      65F3B122 
 262      971F119E 
ARM GAS  C:\Users\hunter\AppData\Local\Temp\ccioDPO8.s 			page 21


 262      0A25A447 
 262      45
 263 0169 F22420A9 		.ascii	"\362$ \251*\207\013S\3437\304\277 \233\315\030\236\372"
 263      2A870B53 
 263      E337C4BF 
 263      209BCD18 
 263      9EFA
 264 017b 2E3BEAFF 		.ascii	".;\352\377Y\300\376\034V\320\360\307V\303\"\224\327"
 264      59C0FE1C 
 264      56D0F0C7 
 264      56C32294 
 264      D7
 265 018c 49C5A649 		.ascii	"I\305\246I\266\027+v\201\356s\325N\217zk\376\233\347"
 265      B6172B76 
 265      81EE73D5 
 265      4E8F7A6B 
 265      FE9BE7
 266 019f 5D30D5F9 		.ascii	"]0\325\371.x\031\250\275\222\273@\3578\205\327\001\323"
 266      2E7819A8 
 266      BD92BB40 
 266      EF3885D7 
 266      01D3
 267 01b1 747B0A0B 		.ascii	"t{\012\013\255\024\214P\276f\024\233\372\023\317\256"
 267      AD148C50 
 267      BE66149B 
 267      FA13CFAE 
 268 01c1 48A1C535 		.ascii	"H\241\3055\351\376^j\245 \207\0020\327y\012o\002\265"
 268      E9FE5E6A 
 268      A5208702 
 268      30D7790A 
 268      6F02B5
 269 01d4 B7328508 		.ascii	"\2672\205\010-\"[\274\274Q\015\020\006W*\213\363\321"
 269      2D225BBC 
 269      BC510D10 
 269      06572A8B 
 269      F3D1
 270 01e6 74C3361D 		.ascii	"t\3036\035a\024\344\227F\015i\236\022>\256\274\012\216"
 270      6114E497 
 270      460D699E 
 270      123EAEBC 
 270      0A8E
 271 01f8 B3C0BB36 		.ascii	"\263\300\2736\334\247Up\254\213z\013\367\003G\213\177"
 271      DCA75570 
 271      AC8B7A0B 
 271      F703478B 
 271      7F
 272 0209 2EA90ED4 		.ascii	".\251\016\324\\\313\263\032\217\036\246\352\213\307"
 272      5CCBB31A 
 272      8F1EA6EA 
 272      8BC7
 273 0217 2D3EFB07 		.ascii	"->\373\007\006\367\017&S[\372z\255d\312\032\330\227"
 273      06F70F26 
 273      535BFA7A 
 273      AD64CA1A 
 273      D897
 274 0229 B00E250F 		.ascii	"\260\016%\017\037IY\273v\357\330\332\353\327\355\233"
 274      1F4959BB 
ARM GAS  C:\Users\hunter\AppData\Local\Temp\ccioDPO8.s 			page 22


 274      76EFD8DA 
 274      EBD7ED9B 
 275 0239 8786E49B 		.ascii	"\207\206\344\233\275\211\304\201x?\375\005d\263\242"
 275      BD89C481 
 275      783FFD05 
 275      64B3A2
 276 0248 DD       		.ascii	"\335"
 277              		.text
 278              		.section	.gnu.lto_stm32_clock_init.3dd4aa8d,"",%progbits
 279 0000 789CA557 		.ascii	"x\234\245W]l\024U\024\276g\376v\366\377\267\245\224"
 279      5D6C1455 
 279      14BE67FE 
 279      76F6FFB7 
 279      A594
 280 0012 3E98F844 		.ascii	">\230\370DL\272\212/\304\267}\361\315'\215o\306\010"
 280      4CBA8A2F 
 280      C4B77DF1 
 280      CD278D6F 
 280      C608
 281 0024 3E40ACA9 		.ascii	">@\254\251\261\306\360\306\024hi\205\030c(&t%M41\004"
 281      B1C6F0C6 
 281      14686985 
 281      18632826 
 281      74254D34 
 282 003a EB865095 		.ascii	"\353\206P\225\026\013k\241\326\266@\005\353O\177\360"
 282      160B6BA1 
 282      D6B64005 
 282      EB4F7FF0 
 283 004a 07297669 		.ascii	"\007)vi\005\324\012mE\326{\356\271\2633\231>\350l'\315"
 283      05D40A6D 
 283      45D67BEE 
 283      B9B33399 
 283      3EE86C27 
 284 005f B777EF99 		.ascii	"\267w\357\231\375\3569\337\371\356\235\251\301\030{"
 284      FDEE39DF 
 284      F9EE9DA9 
 284      C1187B
 285 006e 39C2D813 		.ascii	"9\302\330\023\374\363a`\014j\030(o]b\254\325T@\245\201"
 285      FCF36160 
 285      0C6A1828 
 285      6F5D62AC 
 285      D55440A5 
 286 0083 AA64FA86 		.ascii	"\252d\372\206\030\263B\332l\230Y\221\014\315\3474\320"
 286      18B342DA 
 286      6C985991 
 286      0CCDE734 
 286      D0
 287 0094 29AE2B69 		.ascii	")\256+i\212\033\"\236\246\371\234\001\001\212\007\224"
 287      8A1B229E 
 287      A6F99C01 
 287      018A0794 
 288 00a4 14C54D11 		.ascii	"\024\305M\021O\321|\316\204 \305\203J\222\342!\021O"
 288      4FD17CCE 
 288      8420C583 
 288      4A92E221 
 288      114F
 289 00b6 D27C2E04 		.ascii	"\322|.\004a\212\207\225\004\305#\"\236\240\371\\\004"
ARM GAS  C:\Users\hunter\AppData\Local\Temp\ccioDPO8.s 			page 23


 289      618A8795 
 289      04C52322 
 289      9EA0F95C 
 289      04
 290 00c7 A2148F2A 		.ascii	"\242\024\217*q\212\307D<N\363\271\030\000~Z&\260\335"
 290      718AC744 
 290      3C4EF3B9 
 290      18007E5A 
 290      26B0DD
 291 00da 8A9AD1F4 		.ascii	"\212\232\321\364\264\021H\231\301d(\234\210D\3431\330"
 291      B4114899 
 291      C164289C 
 291      8844E331 
 291      D8
 292 00eb 1D5099BC 		.ascii	"\035P\231\274t{\020\260\007A{\020\266\007Q{pP=\244\302"
 292      747B10B0 
 292      07417B10 
 292      B607517B 
 292      70503DA4 
 293 0100 D0FE1BFD 		.ascii	"\320\376\033\375\312\346\017,~\025\3379\232j\267\332"
 293      CAE60F2C 
 293      7E15DF39 
 293      9A6AB7DA 
 294 0110 EAF29CEE 		.ascii	"\352\362\234\356\260\244\204\223\260\231\361\333\256"
 294      B0A48493 
 294      B099F1DB 
 294      AE
 295 011d 9D78D015 		.ascii	"\235x\320\02554\232\207>0\030\327\230\025\256\350E\353"
 295      35349A87 
 295      3E3018D7 
 295      9815AEE8 
 295      45EB
 296 012f 4179BF55 		.ascii	"Ay\277U\\|\017\312\317>\002,\257\202\202\240\"h\010"
 296      5C7C0FCA 
 296      CF3E022C 
 296      AF8282A0 
 296      226808
 297 0142 3A828110 		.ascii	":\202\201\020@0\021\202\010!\2040B\004!\212\020C\210"
 297      40301182 
 297      08218430 
 297      4204218A 
 297      104388
 298 0155 23241092 		.ascii	"#$\020\222\010)\2044B\006\241\006\241\026a\003B\035"
 298      08298434 
 298      4206A106 
 298      A1166103 
 298      421D
 299 0167 C246847A 		.ascii	"\302F\204z\204M\010\015\010\214u\360\\g\303V\221u\252"
 299      844D080D 
 299      088C75F0 
 299      5C67C356 
 299      9175AA
 300 017a 0A1FEC2D 		.ascii	"\012\037\354-\262\23304P\312\227\014,\340\210\012\274"
 300      B29B3034 
 300      50CA970C 
 300      2CE0880A 
 300      BC
ARM GAS  C:\Users\hunter\AppData\Local\Temp\ccioDPO8.s 			page 24


 301 018b AEC36D43 		.ascii	"\256\303mC\023\201\003j^U\000\313\234)\\\\0\351\253"
 301      1381036A 
 301      5E5500CB 
 301      9C295C5C 
 301      30E9AB
 302 019e D5D36169 		.ascii	"\325\323ai|\352\375\302\211n\350\201\243\255\\\241\207"
 302      7CEAFDC2 
 302      896EE881 
 302      A3AD5CA1 
 302      87
 303 01af F2AA0A9F 		.ascii	"\362\252\012\237@\003|\314\327\300\373\337>9\371\\\266"
 303      40037CCC 
 303      D7C0FBDF 
 303      3E39F95C 
 303      B6
 304 01c0 D7DA0779 		.ascii	"\327\332\007yU\203O\371m]B78\005Y\276\330\336\345v\240"
 304      55834FF9 
 304      6D5D4237 
 304      380559BE 
 304      D8DEE576 
 305 01d5 A5145AAD 		.ascii	"\245\024Z\255\357\374H\273\240\007~\365s\016\236\320"
 305      EFFC48BB 
 305      A0077EF5 
 305      730E9ED0 
 306 01e5 E41BE21E 		.ascii	"\344\033\342\036_+\0158+\235\206,\247\347\243NUe\334"
 306      5F2B0D38 
 306      2B9D862C 
 306      A7E7A34E 
 306      5565DC
 307 01f8 267695EF 		.ascii	"&v\225\357\226\002\264\264\372\177\231[1\244\301g\016"
 307      9602B4B4 
 307      FA7F995B 
 307      31A4C167 
 307      0E
 308 0209 F7205571 		.ascii	"\367 Uq\277}T'.\215\350\206\313\367\212q*C\2013\234"
 308      BF7D5427 
 308      2E8DE886 
 308      CBF78A71 
 308      2A438133 
 309 021e 660EF64D 		.ascii	"f\016\366M\237\273 kE\321\012\213\375+Q\272\203\301"
 309      9FBB206B 
 309      45D10A8B 
 309      FD2B51BA 
 309      83C1
 310 0230 595C8861 		.ascii	"Y\\\210a?2\214\373\033:U\315\325\216\343\307d\242\272"
 310      3F328CFB 
 310      1B3A55CD 
 310      D58EE3C7 
 310      64A2BA
 311 0243 2F098A22 		.ascii	"/\011\212\"M4!|n\247)\023\220\\g\356\266\275N)\334/"
 311      4D34217C 
 311      6EA72913 
 311      905C67EE 
 311      B6BD4E29 
 312 0259 97CB7118 		.ascii	"\227\313q\030\252^\357s\316b\347QoC\350\255\273\365"
 312      AA5EEF73 
 312      CE62E751 
ARM GAS  C:\Users\hunter\AppData\Local\Temp\ccioDPO8.s 			page 25


 312      6F43E8AD 
 312      BBF5
 313 026b FE705496 		.ascii	"\376pT\226\021\360\251\367\260\303\375\205]\310\224"
 313      11F0A9F7 
 313      B0C3FD85 
 313      5DC894
 314 027a D4DB24BA 		.ascii	"\324\333$\272\277\347\017M\001\225\022\201\021\322{"
 314      BFE70F4D 
 314      01951281 
 314      11D27B
 315 0289 A6A2B7E9 		.ascii	"\246\242\267\351\0228-\0056\\\002\237\262\375\036\364"
 315      12382D05 
 315      365C029F 
 315      B2FD1EF4 
 316 0299 55F3978E 		.ascii	"U\363\227\216\017F=\002\207\210\2530\3326\"\323Z\001"
 316      0F463D02 
 316      8788AB30 
 316      DA3622D3 
 316      5A01
 317 02ab 18AB5EDE 		.ascii	"\030\253^\336qg\251\013(o\010\211\226\346\373\311\031"
 317      7167A90B 
 317      286F0889 
 317      96E6FBC9 
 317      19
 318 02bc 1EAA9EFA 		.ascii	"\036\252\236\372\377\020\364\242#\350%\310\272\367\270"
 318      FF10F4A2 
 318      23E825C8 
 318      BAF7B8
 319 02cb C6CD3841 		.ascii	"\306\3158Ai\016\224\246;e\303\302\276r\375J\260\343"
 319      690E94A6 
 319      3B65C3C2 
 319      BE72FD4A 
 319      B0E3
 320 02dd 8683CB9E 		.ascii	"\206\203\313\236M\036\341\\\353\331\325W\034\352\257"
 320      4D1EE15C 
 320      EBD9D557 
 320      1CEAAF
 321 02ec 51868870 		.ascii	"Q\206\210pY\300\355\262\031{WG}\272l\322\341\376\306"
 321      59C0EDB2 
 321      197B5747 
 321      7DBA6CD2 
 321      E1FEC6
 322 02ff EBB218A7 		.ascii	"\353\262\030\247[\273\215c.[\245\244\255L\227\255\226"
 322      5BBB8D63 
 322      2E5BA5A4 
 322      AD4C97AD 
 322      96
 323 0310 6DFDE2BE 		.ascii	"m\375\342\276\212\374V$\"\236\"\337y\364Kp\256\365\350"
 323      8AFC5624 
 323      229E22DF 
 323      79F44B70 
 323      AEF5E8
 324 0323 F7BD433D 		.ascii	"\367\275C=\205\372%\204~A\267~+\366.M\372\324o\332\341"
 324      85FA2584 
 324      7E41B77E 
 324      2BF62E4D 
 324      FAD46FDA 
ARM GAS  C:\Users\hunter\AppData\Local\Temp\ccioDPO8.s 			page 26


 325 0338 9EF19E8A 		.ascii	"\236\361\236\212)N\267V\277\224K\277\244\324/T\321o"
 325      294EB756 
 325      BF944BBF 
 325      A4D42F54 
 325      D16F
 326 034a 69BE3C5A 		.ascii	"i\276<Z\225\273gE\"\032&r\025\262\266\235\227\346;\306"
 326      95BB6745 
 326      221A2672 
 326      15B2B69D 
 326      97E63BC6 
 327 035e ABA2FBC1 		.ascii	"\253\242\373\301\331,?\212\315\322u}\317\035\2256\013"
 327      D92C3F8A 
 327      CDD2757D 
 327      CF1D9536 
 327      0B
 328 036f FF39C04F 		.ascii	"\3779\300O\366\002oV\267\300\317b\001|/\201kN\276\003"
 328      F6026F56 
 328      B7C0CF62 
 328      017C2F81 
 328      6B4EBE03 
 329 0383 A5EEE3B2 		.ascii	"\245\356\343\262\023i_=\376\3059*\256{\354\223!\256"
 329      13695F3D 
 329      FEC5392A 
 329      AE7BEC93 
 329      21AE
 330 0395 CB73AB13 		.ascii	"\313s\253\023A:\2258\233\011s\325\033\352\206\263\330"
 330      413A9538 
 330      9B0973D5 
 330      1BEA86B3 
 330      D8
 331 03a6 AF68A88C 		.ascii	"\257h\250\2140T\330m\250\374\202,\243\306\247\241\346"
 331      3054D86D 
 331      A8FC822C 
 331      A3C6A7A1 
 331      E6
 332 03b7 1DEE92D7 		.ascii	"\035\356\222\327P\265D7^>x[\257T\222\200\233^\213\325"
 332      50B54437 
 332      5E3E785B 
 332      AF549280 
 332      9B5E8BD5 
 333 03cb BA2C9690 		.ascii	"\272,\226\220\026\213\270,v\254\322\262\312\021\250"
 333      168BB82C 
 333      76ACD2B2 
 333      CA11A8
 334 03da 8BD79CD5 		.ascii	"\213\327\234\325\271\341\003&}\265\212\364\232\263\320"
 334      B9E10326 
 334      7DB58AF4 
 334      9AB3D0
 335 03e9 DD7B3568 		.ascii	"\335{5h7u\033\177\2012`\221g\277 \263\357\377gx0\356"
 335      37751B7F 
 335      81326091 
 335      67BF20B3 
 335      EFFF6778 
 336 03ff 4AFF3791 		.ascii	"J\3777\221>>\007\341\226\360\315\300\331\221\261(\371"
 336      3E3E07E1 
 336      96F0CDC0 
 336      D991B128 
ARM GAS  C:\Users\hunter\AppData\Local\Temp\ccioDPO8.s 			page 27


 336      F9
 337 0410 2609B7ED 		.ascii	"&\011\267\355.\177dwy\203/\341\3578\256\374\335\323"
 337      2E7F6477 
 337      79832FE1 
 337      EF38AEFC 
 337      DDD3
 338 0422 E53ACE25 		.ascii	"\345:\316%6[\225=\375\303\241\376\023{Z'z\032u\367\264"
 338      365B953D 
 338      FDC3A1FE 
 338      137B5A27 
 338      7A1A75F7 
 339 0437 302E93DE 		.ascii	"0.\223\336\350\263\247K\016\367_\336C\266\236\323\255"
 339      E8B3A74B 
 339      0EF75FDE 
 339      43B69ED3 
 339      AD
 340 0448 7D76D773 		.ascii	"}v\327s\222#\247\227\306d\233M\270[ih\\64\346:s\007"
 340      9223A797 
 340      C6649B4D 
 340      B85B6968 
 340      5C3634E6 
 341 045f 5FA29F6D 		.ascii	"_\242\237m\362U\362=\221\026\376G\000\313\0365\0338"
 341      F255F23D 
 341      9116FE47 
 341      00CB1E35 
 341      1B38
 342 0471 D77A8EDC 		.ascii	"\327z\216\334\025\207z\025\325l`\267`OO\271W0\311B\200"
 342      15877A15 
 342      D56C60B7 
 342      604F4FB9 
 342      5730C942 
 343 0486 17C01F3C 		.ascii	"\027\300\037<[\033\033\263\374o\373\216\235\333v6\267"
 343      5B1B1BB3 
 343      FC6FFB8E 
 343      9DDB7636 
 343      B7
 344 0497 3CB6754B 		.ascii	"<\266uK\266\271%\273\343\205\246\354+\315\257\276\326"
 344      B6B925BB 
 344      E385A6EC 
 344      2BCDAFBE 
 344      D6
 345 04a8 927DFA99 		.ascii	"\222}\372\231\247\036\337B\370\344\243\273va\344\371"
 345      A71EDF42 
 345      F8E4A3BB 
 345      7661E4F9 
 346 04b8 A6A6171B 		.ascii	"\246\246\027\033\267\263\177\001\337y\016\276"
 346      B7B37F01 
 346      DF790EBE 
 347              		.text
 348              		.section	.gnu.lto_.symbol_nodes.3dd4aa8d,"",%progbits
 349 0000 789C558C 		.ascii	"x\234U\214I\012\302@\020E\377\357!\211\272\364\000\212"
 349      490AC240 
 349      1045FFEF 
 349      2189BAF4 
 349      008A
 350 0012 27D19355 		.ascii	"'\321\223U\013\202\340\312\225'\310%t\347Zp\345<\306"
 350      0B82E0CA 
ARM GAS  C:\Users\hunter\AppData\Local\Temp\ccioDPO8.s 			page 28


 350      9527C825 
 350      74E75A70 
 350      E53CC6
 351 0025 E0326708 		.ascii	"\3402g\010v\244\005{S\017\336\253\252\004@\227~\250"
 351      76A4057B 
 351      530FDEAB 
 351      AA044097 
 351      7EA8
 352 0037 1305986F 		.ascii	"\023\005\230o\001\217\245[\273\304\2733\205?\267r#\300"
 352      018FA55B 
 352      BBC4BB33 
 352      853FB772 
 352      23C0
 353 0049 3E88BEDF 		.ascii	">\210\276\337\266O\262\241\272PT\264\241\256\024\035"
 353      B64FB2A1 
 353      BA5054B4 
 353      A1AE141D 
 354 0059 9B1BC5C4 		.ascii	"\233\033\305\304_\216T\343\201?gA\261\337\00487\364"
 354      5F8E54E3 
 354      813F6741 
 354      B1DF0438 
 354      37F4
 355 006b E24E4922 		.ascii	"\342NI\"QR\322H\274(\331\277\320l!/jjfx/\252\236!v\233"
 355      5152D248 
 355      BC28D9BF 
 355      D06C212F 
 355      6A6A6678 
 356 0085 7D8A8687 		.ascii	"}\212\206\207:\2056\241\233\320M\350&t\013\224\323\252"
 356      3A8536A1 
 356      9BD04DE8 
 356      26740B94 
 356      D3AA
 357 0097 A76D0793 		.ascii	"\247m\007\223Y\3036rO|\000\320nG\371"
 357      59C33672 
 357      4F7C00D0 
 357      6E47F9
 358              		.text
 359              		.section	.gnu.lto_.refs.3dd4aa8d,"",%progbits
 360 0000 789C6363 		.ascii	"x\234cc``\360\005b\036F\006&f\006&6\006&\016\006&^\006"
 360      6060F005 
 360      621E4606 
 360      26660626 
 360      3606260E 
 361 0018 66610666 		.ascii	"fa\006fQ\006&q\006&)\006&\031\006&E\006fu\006fM\036"
 361      51062671 
 361      06262906 
 361      26190626 
 361      45066675 
 362 0030 16625431 		.ascii	"\026bT1\000\000i\330\002\261"
 362      000069D8 
 362      02B1
 363              		.text
 364              		.section	.gnu.lto_.decls.3dd4aa8d,"",%progbits
 365 0000 789CD558 		.ascii	"x\234\325XyPTW\272\357sO\323\013\253\005\326<k\036U"
 365      79505457 
 365      BAEF734F 
 365      D30BAB05 
ARM GAS  C:\Users\hunter\AppData\Local\Temp\ccioDPO8.s 			page 29


 365      D63C6B1E 
 366 0015 E3F33115 		.ascii	"\343\3631\025^\275\032\026\315\342\233z3/\330\352\230"
 366      5EBD1A16 
 366      CDE29B7A 
 366      332FD8EA 
 366      98
 367 0026 4ACC58AD 		.ascii	"J\314X\2553\251\3140\323AhbOX\034\272I\231\367\327e"
 367      33A9CC30 
 367      D3416862 
 367      4F581CBA 
 367      4999F7D7 
 368 003b 1545C105 		.ascii	"\025E\301\005\243B\014\233ID\221E\203\210\2004\213\010"
 368      A3420C9B 
 368      49449145 
 368      83888034 
 368      8B08
 369 004d 28A0B881 		.ascii	"(\240\270\201\"KD\026\027dQ\024\020\235\357\234s\273"
 369      224B4416 
 369      17645114 
 369      109DEF9C 
 369      73BB
 370 005f EFEDB6C9 		.ascii	"\357\355\266\311$S\363\317\334\342\353s\317\271\277"
 370      2453F3CF 
 370      DCE2EB73 
 370      CFB9BF
 371 006e F3FBBEF3 		.ascii	"\363\373\276\363}\337\371\356\271(d2Y\227\267L\226#"
 371      7DDFF9EE 
 371      B9286432 
 371      5997B74C 
 371      9623
 372 0080 97C95458 		.ascii	"\227\311TX&{\011\227\002\306jA8\220\017A\252e\354R\203"
 372      267B0997 
 372      02C66A41 
 372      38900F41 
 372      AA65EC52 
 373 0095 9C03390F 		.ascii	"\234\0039\017\322\014r\001\244\025\344*\310M\220n\220"
 373      D20C7201 
 373      A415E42A 
 373      C84D906E 
 373      90
 374 00a6 1E10A091 		.ascii	"\036\020\240\221\375\007\222\311\336\004\371\037$\263"
 374      FD0792C9 
 374      DE04F91F 
 374      24B3
 375 00b4 B952A1AF 		.ascii	"\271R\241\257\204\366#\220\327@4\320\017\002\031\203"
 375      84F62390 
 375      D74034D0 
 375      0F021983 
 376 00c4 FB4DD086 		.ascii	"\373M\320\206#\246\367\177\241\325\201 A\247\375\225"
 376      23A6F77F 
 376      A1D58120 
 376      41A7FD95 
 377 00d4 0E0F7E26 		.ascii	"\016\017~&\360x\202,\004\271$\330\012\313\221\271#\306"
 377      F078822C 
 377      04B924D8 
 377      0ACB91B9 
 377      23C6
ARM GAS  C:\Users\hunter\AppData\Local\Temp\ccioDPO8.s 			page 30


 378 00e6 FF07B20E 		.ascii	"\377\007\262\016\270\377/\302\007\367\006\304\326\324"
 378      B8FF2FC2 
 378      07F706C4 
 378      D6D4
 379 00f4 05F217B8 		.ascii	"\005\362\027\270_Lx@>\001\211\000q\025l\211$\272A\242"
 379      5F4C7840 
 379      3E018900 
 379      71156C89 
 379      24BA41A2 
 380 0108 40DE0079 		.ascii	"@\336\000y\035\344\277A|A\242A\256\010\376\360\204\373"
 380      1DE4BF41 
 380      7C41A241 
 380      AE08FEF0 
 380      84FB
 381 011a 7F035183 		.ascii	"\177\003Q\203x\201\374\024d\032\306U\320\006\200\370"
 381      7881FC14 
 381      641AC655 
 381      D00680F8 
 382 012a 21E68FF3 		.ascii	"!\346\217\363\202\217\256\012~\265\370Gz\355\375\027"
 382      828FAE0A 
 382      7EB5F847 
 382      7AEDFD17 
 383 013a 5B53F30F 		.ascii	"[S\363\017X\323~\273x[bL\354\331\014m\003\264\220z\262"
 383      58D37EBB 
 383      785B624C 
 383      ECD90C6D 
 383      03B4907A 
 384 014f 50B8FF08 		.ascii	"P\270\377\010$\030\344w\210\215]\020b\337#\344\226\375"
 384      2418E477 
 384      888D5D10 
 384      62DF23E4 
 384      96FD
 385 0161 95F53DDC 		.ascii	"\225\365=\334\333\240M\001Q\301\375\037\241\375\003"
 385      DBA04D01 
 385      51C1FD1F 
 385      A1FD03
 386 0170 C89F4142 		.ascii	"\310\237AB\210\257@>\000I\000\371\223\220c\255\016\370"
 386      88AF403E 
 386      004900F9 
 386      939063AD 
 386      0EF8
 387 0182 3330BADD 		.ascii	"30\272\335Tp\014\247b\364\2323\";\303\003\206\212\037"
 387      54700CA7 
 387      62F49A33 
 387      223BC303 
 387      868A1F
 388 0195 544CBBB1 		.ascii	"TL\273\261!\202\270\270\257\370\3371GoG\213\012\036"
 388      2182B8B8 
 388      AFF8DF31 
 388      476F478B 
 388      0A1E
 389 01a7 29FC0A79 		.ascii	")\374\012yv\251\376_\206\312\020\2660u\244O\034Vb\015"
 389      76A9FE5F 
 389      86CA10B6 
 389      3075A44F 
 389      1C56620D 
 390 01bb 055E4E2C 		.ascii	"\005^N,\371\202\260z:#9t\307[3\357\270Cw\2413Z\234\201"
ARM GAS  C:\Users\hunter\AppData\Local\Temp\ccioDPO8.s 			page 31


 390      F982B07A 
 390      3A233974 
 390      C75B33EF 
 390      B84377A1 
 391 01d3 B9DEAED9 		.ascii	"\271\336\256\331nw\344\354\233\302\363\361|N\002\257"
 391      6E77E4EC 
 391      9BC2F3F1 
 391      7C4E02AF 
 392 01e3 5E234315 		.ascii	"^#C\025\310\033\235F\3362T\211|\211\346S\310O\206\276"
 392      C81B9D46 
 392      DE325489 
 392      7C89E653 
 392      C84F86BE 
 393 01f7 85C19330 		.ascii	"\205\301\2230\3705Qg~z\360\327\007'x~1:\203\234Q9\302"
 393      F8355167 
 393      7E7AF0D7 
 393      0727787E 
 393      313A839C 
 394 020e 14038B7B 		.ascii	"\024\003\213{\315\231\031Ppxw\236\002\227!b\001W\231"
 394      CD991950 
 394      7078779E 
 394      02972162 
 394      015799
 395 0221 75F71C37 		.ascii	"u\367\0347\237\216\263\363\353(^\322\230\304\363\034"
 395      9F8EB3F3 
 395      EB285ED2 
 395      98C4F31C 
 396 0231 AA061D55 		.ascii	"\252\006\035U\242\016PI\032\030\005E\025u\311\227\335"
 396      A20E5049 
 396      1A180545 
 396      1575C997 
 396      DD
 397 0242 7AD16D04 		.ascii	"z\321m\0049\201\026\320\365#\304~\241%B\373/-\027b\343"
 397      398116D0 
 397      F523C47E 
 397      A12542FB 
 397      2F2D1762 
 398 0257 30CAB146 		.ascii	"0\312\261F\200\222\216e\212p\017\277\234\300\301Yx\351"
 398      80928E65 
 398      8A700FBF 
 398      9CC0C159 
 398      78E9
 399 0269 9F4080A4 		.ascii	"\237@\200\244\254\3549Sg\271d\026zf\226e\236\214Q\332"
 399      ACEC3953 
 399      67B96416 
 399      7A669665 
 399      9E8C51DA 
 400 027d 2A934CB2 		.ascii	"*\223L\262\261Uf}l5S\\$\022\302}&\267hH\336\207z\240"
 400      B155667D 
 400      6C35535C 
 400      2412C27D 
 400      26B76848 
 401 0295 BF5A26DB 		.ascii	"\277Z&\333\245\212\244\243\207:\363\316r8\223\245\313"
 401      A58AA4A3 
 401      873AF3CE 
 401      723893A5 
 401      CB
ARM GAS  C:\Users\hunter\AppData\Local\Temp\ccioDPO8.s 			page 32


 402 02a6 B9974FCD 		.ascii	"\271\227O\315\036,\0138\222 c\027\017\271\260,X\000"
 402      1E2C0B38 
 402      92206317 
 402      0FB9B02C 
 402      5800
 403 02b8 DDC21D2F 		.ascii	"\335\302\035/3\234\026}N\334\276+\201_\300\241\217~"
 403      339C167D 
 403      4EDCBE2B 
 403      815FC0A1 
 403      8F7E
 404 02ca 82EA2118 		.ascii	"\202\352!\030u\020\014\031j@\213\3407J\316\224u'T?t"
 404      75100C19 
 404      6A408BE0 
 404      374ACE94 
 404      7527543F 
 405 02df 5B92C39B 		.ascii	"[\222\303\233\373x\363\2436\237\033\365\311\374%\230"
 405      FB78F3A3 
 405      369F1BF5 
 405      C9FC2598 
 406 02ef F736C5A1 		.ascii	"\3676\305\241Z1N\265$\037\221\031\365!T\203z\301\362"
 406      5A314EB5 
 406      241F9119 
 406      F5215483 
 406      7AC1F2
 407 0302 736809CC 		.ascii	"sh\011\314O\372<\375\272+\036ef\355Ih\312r\001\262\034"
 407      4FFA3CFD 
 407      BA2B1E65 
 407      66ED4968 
 407      CA7201B2 
 408 0317 201B3CC4 		.ascii	" \033<\304e\362\346x\236\204\234P5\212T\215\366T\347"
 408      65F2E678 
 408      9E849C50 
 408      358A548D 
 408      F654E7
 409 032a 29D58DCA 		.ascii	")\325\215\312\222C.\370)\243:\335\274\273J%P\325\371"
 409      92432EF8 
 409      29A33ADD 
 409      BCBB4A25 
 409      50D5F9
 410 033d DA303589 		.ascii	"\33205\211LM\366L\315\224\351\340\227\351%\030\363\230"
 410      4C4DF64C 
 410      CD94E9E0 
 410      97E92518 
 410      F398
 411 034f 32C5EFCD 		.ascii	"2\305\357\315\336\352,0\365T\271\332P\265\210T-\366"
 411      DEEA2C30 
 411      F554B9DA 
 411      50B58854 
 411      2DF6
 412 0361 54172815 		.ascii	"T\027(\025?\\\331\355\201w2\252]'\022x\017\201jf\215"
 412      3F5CD9ED 
 412      817732AA 
 412      5D271278 
 412      0F816A66 
 413 0376 0DD34591 		.ascii	"\015\323E\221\351\242=S+e\352\035\233<\357\202\277d"
 413      E9A23D53 
 413      2B65EA1D 
ARM GAS  C:\Users\hunter\AppData\Local\Temp\ccioDPO8.s 			page 33


 413      9B3CEF82 
 413      BF64
 414 0388 4CD9DDE3 		.ascii	"L\331\335\343\307\225\270\224v\270\353/\207\207\235"
 414      C795B894 
 414      76B8EB2F 
 414      87879D
 415 0397 91ABEF76 		.ascii	"\221\253\357v\353\216\"\021\263\356\251\313\260\247"
 415      EB8E2211 
 415      B3EEA9CB 
 415      B0A7
 416 03a5 74AE023B 		.ascii	"t\256\002;\333L7\036\275\376\305Y\262a/!W\324.\252\326"
 416      DB4C371E 
 416      BDFEC559 
 416      B2612F21 
 416      57D42EAA 
 417 03ba B9B2A8A6 		.ascii	"\271\262\250\246\267o\277\"\227\223MD\000\020k\030+"
 417      B76FBF22 
 417      97934D44 
 417      00106B18 
 417      2B
 418 03cb 4F4F4E45 		.ascii	"OONE\363f\305\025\232\025\035HH\213\263w\256\015)a\245"
 418      F366C515 
 418      9A151D48 
 418      488BB377 
 418      AE0D2961 
 419 03e0 7DA06C68 		.ascii	"}\240lhny[\3110\237\342LQ\250MT\327&\324(t\225\256\360"
 419      6E795BC9 
 419      309FE24C 
 419      51A84D54 
 419      D726D428 
 420 03f8 546E5F92 		.ascii	"Tn_\222\032\347\311\351\012[\213GR\025\270\222uJ\262"
 420      1AE7C9E9 
 420      0A5B8B47 
 420      5215B892 
 420      754AB2
 421 040b 065B9460 		.ascii	"\006[\224`\017\272Ng\300HQ\341l\2113\265\360Cg\301\300"
 421      0FBA4E67 
 421      C04851E1 
 421      6C8933B5 
 421      F04367C1 
 422 0420 9CCCD412 		.ascii	"\234\314\324\0227\251\201\260h\321\300.j`\247\305\300"
 422      37A981B0 
 422      68D1C02E 
 422      6A60A7C5 
 422      C0
 423 0431 B8A9FDB9 		.ascii	"\270\251\375\271\03430'\223_\021\317\357\340\315G8\202"
 423      1C333027 
 423      935F11CF 
 423      EFE0CD47 
 423      3882
 424 0443 42D72C06 		.ascii	"B\327,\006\242\033HNz\314\306\233\324\306\324\3733\351"
 424      A21B484E 
 424      7ACCC69B 
 424      D4C6D4FB 
 424      33E9
 425 0455 089B9959 		.ascii	"\010\233\231YqU\225\015\012a\225\365\007q\333\271d\363"
 425      7155950D 
ARM GAS  C:\Users\hunter\AppData\Local\Temp\ccioDPO8.s 			page 34


 425      0A6195F5 
 425      0771DBB9 
 425      64F3
 426 0467 3A96F8B7 		.ascii	":\226\370\267\304E\336\262\020tS\202\346\241\272\036"
 426      C445DEB2 
 426      10745382 
 426      E6A1BA1E 
 427 0477 8C139C28 		.ascii	"\214\023\234(\301\261\370\035\003n\002\301\255\002\\"
 427      C1B1F81D 
 427      036E02C1 
 427      AD025C
 428 0486 D86E25B8 		.ascii	"\330n%\270-\022\334\266\020\364P\202\222\352\236i\025"
 428      2D12DCB6 
 428      10F45082 
 428      92EA9E69 
 428      15
 429 0497 6E64042D 		.ascii	"nd\004-\371SuNl#\017\220\376t\351\370c\025\333\3119"
 429      F953754E 
 429      6C230F90 
 429      FE74E9F8 
 429      6315DBC9 
 430 04ac 0AE83F38 		.ascii	"\012\350?8\220\232\340\341\234B|\302\022\003\200\226"
 430      909AE0E1 
 430      9C427CC2 
 430      12038096 
 431 04bc C490A1EF 		.ascii	"\304\220\241\357H\355D\376\254+\251\003\236\254\016"
 431      48ED44FE 
 431      AC2BA903 
 431      9EAC0E
 432 04cb E47D3ED3 		.ascii	"\344}>\323\345\202\273\230\246\342\244\201\002\302\354"
 432      E582BB98 
 432      A6E2A481 
 432      02C2EC
 433 04da 0DAF2324 		.ascii	"\015\257#$y\027y\263w\321\267\346\311\343r|\207b\271"
 433      791779B3 
 433      77D1B7E6 
 433      C9E3727C 
 433      8762B9
 434 04ed D2E3037F 		.ascii	"\322\343\003\177A\276\316\226\227\203_\322V\222\346"
 434      41BECE96 
 434      97835FD2 
 434      5692E6
 435 04fc 2350B887 		.ascii	"#P\270\207\304ey\223\272M_\002|>\217\027\311\3202o\024"
 435      C4657993 
 435      BA4D5F02 
 435      7C3E8F17 
 435      C9D0326F 
 436 0511 00E93A0C 		.ascii	"\000\351:\014\351\352-\274\002\006\301\324\273\314\266"
 436      E9EA2DBC 
 436      0206C1D4 
 436      BBCCB6
 437 0520 82EC230D 		.ascii	"\202\354#\015n\370!S\320s\374Q\033\0265\024/9I_\015"
 437      6EF82153 
 437      D073FC51 
 437      1B163514 
 437      2F39495F 
 438 0535 0F40C33D 		.ascii	"\017@\303=Q\303\010\232G\305}\307*N\317>\037r\305O\330"
ARM GAS  C:\Users\hunter\AppData\Local\Temp\ccioDPO8.s 			page 35


 438      51C3089A 
 438      47C57DC7 
 438      2A4ECF3E 
 438      1F72C54F 
 439 054a 7A332B1F 		.ascii	"z3+\037\267\010\236UAw\342F\366c'<\313\236\035\350("
 439      B7089E55 
 439      4177E246 
 439      F663273C 
 439      CB9E1DE8 
 440 055f 5D459C9A 		.ascii	"]E\234\232\360\203\336_\344M=\274\265_\341*\331\237"
 440      F083DE5F 
 440      E44D3DBC 
 440      B55FE12A 
 440      D99F
 441 0571 63481A87 		.ascii	"cH\032\207q\344*\324\356\273\007\037lS\3428\005US\330"
 441      71E42AD4 
 441      EEBB071F 
 441      6C53E238 
 441      055553D8 
 442 0585 5DDFA3C0 		.ascii	"]\337\243\300[Y'\361\334\354\0365Ng\235\372\033qqJ\234"
 442      5B5927F1 
 442      DCEC1E35 
 442      4E679DFA 
 442      1B71714A 
 443 059a C13AD51D 		.ascii	"\301:\325\035\335o\343Lv\177j\260\271\321\231\305\237"
 443      DD6FE34C 
 443      767F6AB0 
 443      B9D199C5 
 443      9F
 444 05ab 27512AD9 		.ascii	"'Q*\331s\352$\024\015\372P1\224y}\017\207||||}\274\362"
 444      73EA2414 
 444      0DFA5031 
 444      94797D0F 
 444      877C7C7C 
 445 05c3 F8C404DE 		.ascii	"\370\304\004\336\334{\021?\373f\373N>\247\016Q\223\246"
 445      DC7B113F 
 445      FB66FB4E 
 445      3EA70E51 
 445      93A6
 446 05d5 C0792F90 		.ascii	"\300y/\220\227\270\036\177b^ 9\001\262\011-\377\007"
 446      97B81E7F 
 446      625E2039 
 446      01B2092D 
 446      FF07
 447 05e7 552B1153 		.ascii	"U+\021S\360\023\207\340\012$\242oJ\320\317\354\321\243"
 447      F01387E0 
 447      0A24A26F 
 447      4AD0CFEC 
 447      D1A3
 448 05f9 4884B338 		.ascii	"H\204\2638N\235\365\214\343yD`2!\2062+\327\365\032\317"
 448      4E9DF58C 
 448      E3794460 
 448      32218632 
 448      2BD7F51A 
 449 060e BC04BE29 		.ascii	"\274\004\276)\200\222=vLF\015\335M\013\000\010lu\364"
 449      80923D76 
 449      4C460DDD 
ARM GAS  C:\Users\hunter\AppData\Local\Temp\ccioDPO8.s 			page 36


 449      4D0B0008 
 449      6C75F4
 450 0621 140077E8 		.ascii	"\024\000w\3503\002\007N\364\034\"4\215|\320\014\310"
 450      3302074E 
 450      F41C2234 
 450      8D7CD00C 
 450      C8
 451 0632 1CC82CF2 		.ascii	"\034\310,\362\261\234\223\006\366O\366\273\343\036\352"
 451      B19C9306 
 451      F64FF6BB 
 451      E31EEA
 452 0641 2CCE9C31 		.ascii	",\316\2341X\342\201|\275\230i\2035\0128V\2418\316\013"
 452      58E2817C 
 452      BD986983 
 452      350A3856 
 452      A138CE0B 
 453 0655 B2DF9A60 		.ascii	"\262\337\232`\304\320y\024\"\236\363\375!:\323*\217"
 453      C4D07914 
 453      229EF3FD 
 453      213AD32A 
 453      8F
 454 0666 943A4933 		.ascii	"\224:I3\203\250\0203#\236\263dF\337\310\211d9\236`a"
 454      83A81033 
 454      239EB364 
 454      46DFC889 
 454      64399E60 
 455 067b BECC673F 		.ascii	"\276\314g?t\307S\254S>z\254\334\215\305\334L\213e\312"
 455      74C753AC 
 455      533E7AAC 
 455      DC8DC5DC 
 455      4C8B65CA 
 456 068f A55B1C9E 		.ascii	"\245[\034\236\241\017\345\011Y\265i\036\310\013bncf"
 456      A10FE509 
 456      59B5691E 
 456      C80B626E 
 456      6366
 457 06a1 12E72DF8 		.ascii	"\022\347-\370l+\307l\334\016\366n\343|P\012\347#\361"
 457      6C2BC76C 
 457      DC0EF66E 
 457      E37C500A 
 457      E723F1
 458 06b4 7A5B93C4 		.ascii	"z[\223\304\353\311\034\246\360\371\003^\267F\014x\242"
 458      EBC91CA6 
 458      F0F9035E 
 458      B7460C78 
 458      A2
 459 06c5 4374A024 		.ascii	"Ct\240$\3345,\334\000\222\206\033V\220rjx\267\007~\311"
 459      DC352CDC 
 459      0092861B 
 459      5690726A 
 459      78B7077E 
 460 06da 0251B56F 		.ascii	"\002Q\265of\207\013\362rl?\332\011f\317\267\004\246"
 460      66870BF2 
 460      726C3FDA 
 460      0966CFB7 
 460      04A6
 461 06ec E67A130D 		.ascii	"\346z\023\015\335\016\000\245r\326\320\021\245TW\363"
ARM GAS  C:\Users\hunter\AppData\Local\Temp\ccioDPO8.s 			page 37


 461      DD0E00A5 
 461      72D6D011 
 461      A55457F3 
 462 06fc 58CB13A5 		.ascii	"X\313\023\2454\000;l\002\220f\015\300\370\363C\345j"
 462      34003B6C 
 462      0290660D 
 462      C0F8F343 
 462      E56A
 463 070e 56101642 		.ascii	"V\020\026Bw\256w\327.\245Pi\311N\253\352\234\234Q\343"
 463      77AE77D7 
 463      2EA55069 
 463      C94EABEA 
 463      9C9C51E3 
 464 0722 5425B159 		.ascii	"T%\261Y\335w&3\0246\232\027\335k>y\204\334\334[\200"
 464      DD772633 
 464      14369A17 
 464      DD6B3E79 
 464      84DCDC5B 
 465 0737 BBBF49DB 		.ascii	"\273\277I\333\301\367\231\021-T\003\220G\031\240K\250"
 465      C1F79911 
 465      2D540390 
 465      4719A04B 
 465      A8
 466 0748 492C4B97 		.ascii	"I,K\2271_\022|\307\257\016\360\3468L\261\017\035a_\315"
 466      315F127C 
 466      C7AF0EF0 
 466      E6384CB1 
 466      0F1D615F 
 467 075d F65DE095 		.ascii	"\366]\340\225t\216<\313\020\\r\000\\\262\037\\\222\011"
 467      748E3CCB 
 467      105C7200 
 467      5CB21F5C 
 467      9209
 468 076f 7210641F 		.ascii	"r\020d\037\310^\220= \237[#M\324\265U/\314\247\221\206"
 468      C85E903D 
 468      209F5B23 
 468      4DD4B555 
 468      2FCCA791 
 469 0784 62841E09 		.ascii	"b\204\036\011\372\034nV\206\037\255\366LH\340\017\004"
 469      FA1C6E56 
 469      861FADF6 
 469      4C48E00F 
 469      04
 470 0795 50FB7673 		.ascii	"P\373vs\016\354\253\227\242\253\004v\360'J\340\354\330"
 470      0EECAB97 
 470      A2AB0476 
 470      F0274AE0 
 470      ECD8
 471 07a7 ED3363B0 		.ascii	"\3553c\260\212eF\006gW\010\010\325\213*OFE>\004&\034"
 471      8A654606 
 471      67570808 
 471      D58B2A4F 
 471      46453E04 
 472 07bd 1B1A286A 		.ascii	"\033\032(j\236\262h\206\255\204&\355\341\222\014&\325"
 472      9EB26886 
 472      AD8426ED 
 472      E1920C26 
ARM GAS  C:\Users\hunter\AppData\Local\Temp\ccioDPO8.s 			page 38


 472      D5
 473 07ce F7D8     		.ascii	"\367\330"
 474 07d0 089C20F7 		.ascii	"\010\234 \367\320\030rG\213\306\207\334\355\363\316"
 474      D0187247 
 474      8BC687DC 
 474      EDF3CE
 475 07df E2617408 		.ascii	"\342at\010\034\373c\234,\244|5\315\305/`b\226\230\213"
 475      1CFB639C 
 475      2CA47C35 
 475      CDC52F60 
 475      6296988B 
 476 07f3 19965CBC 		.ascii	"\031\226\\\274\033?V.\367\334%(|[N\201\375`k\037]\325"
 476      1B3F562E 
 476      F7DC2528 
 476      7C5B4E81 
 476      FD606B1F 
 477 0809 979CA7E5 		.ascii	"\227\234\247\345\245M\3207RJ\317+\274\004\363R\3465"
 477      A54DD037 
 477      524ACF2B 
 477      BC04F352 
 477      E635
 478 081b 4FF6776D 		.ascii	"O\366wm\003\256{\361-\365\256R\315\331\337\247\271\276"
 478      03AE7BF1 
 478      2DF5AE52 
 478      CDD9DFA7 
 478      B9BE
 479 082d 7D6AC9CF 		.ascii	"}j\311\317\363\3711X\321\350\264g\006\237\263\006\345"
 479      F3F93158 
 479      D1E8B467 
 479      069FB306 
 479      E5
 480 083e 709E7056 		.ascii	"p\236pV\245K\222\314\353\245G\331\\\356\347\344p\177"
 480      A54B92CC 
 480      EBA547D9 
 480      5CEEE7E4 
 480      707F
 481 0850 74FF7639 		.ascii	"t\377v9\376\212:\027eM\336\036\0216\223/9o^\312\276"
 481      FE8A3A17 
 481      654DDE1E 
 481      1136932F 
 481      396F5ECA 
 482 0865 251C5BCC 		.ascii	"%\034[\314\344\203\344yC\373=\016\237a\330\363G\312"
 482      E483E479 
 482      43FB3D0E 
 482      9F61D8F3 
 482      47CA
 483 0877 6A113DEA 		.ascii	"j\021=\352\221\210\263\263^\335\376\362\003*:\006\207"
 483      9188B3B3 
 483      5EDDFEF2 
 483      032A3A06 
 483      87
 484 0888 BCAF393A 		.ascii	"\274\2579:\226=\326\326\3566\357\001\365\010G\316\177"
 484      963DD6D6 
 484      EE36EF01 
 484      F50847CE 
 484      7F
 485 0899 DF70C2F9 		.ascii	"\337p\302\371/\267\350(\034m%\333\036\236K\266}\001"
ARM GAS  C:\Users\hunter\AppData\Local\Temp\ccioDPO8.s 			page 39


 485      2FB7E828 
 485      1C6D25DB 
 485      1E9E4BB6 
 485      7D01
 486 08ab 67393003 		.ascii	"g90\003\366\351\241\347E*\\\317\322b\262wo\211\213\355"
 486      F6E9A1E7 
 486      452A5CCF 
 486      D262B277 
 486      6F898BED 
 487 08bf 615B3A15 		.ascii	"a[:\025\025\202\347\305\331,\354/\316.\210'\371|\014"
 487      1582E7C5 
 487      D92CEC2F 
 487      CE2E8827 
 487      F97C0C
 488 08d2 C68F8A71 		.ascii	"\306\217\212q/\340\204\343vY\332\35697\334A\025\310"
 488      2FE084E3 
 488      7659DAEE 
 488      3937DC41 
 488      15C8
 489 08e4 0BF29B4B 		.ascii	"\013\362\233K\325\010j\207\257\220\3005B\002\303J\217"
 489      D5086A87 
 489      AF90C035 
 489      4202C34A 
 489      8F
 490 08f5 C3E4E279 		.ascii	"\303\344\342y\362w\236\372^,$i)\330U\002A/\262\331\365"
 490      F2779EFA 
 490      5E2C2469 
 490      29D85502 
 490      412FB2D9 
 491 090a A335C266 		.ascii	"\2435\302f\"\246}\345\220]\272/\205\212]\374J\305\316"
 491      22A67DE5 
 491      905DBA2F 
 491      858A5DFC 
 491      4AC5CE
 492 091d BF5236AD 		.ascii	"\277R6\255\304\335\314ES\2559\275\342\253\363\005{u"
 492      C4DDCC45 
 492      53AD39BD 
 492      E2ABF305 
 492      7B75
 493 092f 7E0BC427 		.ascii	"~\013\304'\304\265\027s\257\274:\2555\375$\230:\237"
 493      C4B51773 
 493      AFBC3AAD 
 493      35FD2498 
 493      3A9F
 494 0941 D9A0EB71 		.ascii	"\331\240\353qr\371\204Z\232\253\204\3720L\316\247\245"
 494      72F9845A 
 494      9AAB84FA 
 494      304CCEA7 
 494      A5
 495 0952 AFCC3657 		.ascii	"\257\3146W\233\356\364\244\271B\262\222#\366\324\364"
 495      9BEEF4A4 
 495      B942B292 
 495      23F6D4F4 
 496 0962 82BD2459 		.ascii	"\202\275$Y\001\202\362\230-\222\2110\002\277\247h\262"
 496      0182F298 
 496      2D928930 
 496      02BFA768 
ARM GAS  C:\Users\hunter\AppData\Local\Temp\ccioDPO8.s 			page 40


 496      B2
 497 0973 1697A66C 		.ascii	"\026\227\246l%\037\310$\343\370\316\361\237\220\327"
 497      251FC824 
 497      E3F8CEF1 
 497      9F90D7
 498 0982 EAE1BBFF 		.ascii	"\352\341\273\377\211\037\260\224L;\322\336\255\000\322"
 498      891FB094 
 498      4C3BD2DE 
 498      AD00D2
 499 0991 9C3AF2D5 		.ascii	"\234:\362\325\353\373\025|\365\356B\024|Z\240\025S\211"
 499      EBFB157C 
 499      F5EE4214 
 499      7C5AA015 
 499      5389
 500 09a3 8C94933D 		.ascii	"\214\224\223=YA\231/\235\351\273\353\216\2373\236\375"
 500      5941992F 
 500      9DE9BBEB 
 500      8E9F339E 
 500      FD
 501 09b4 15DF8DB9 		.ascii	"\025\337\215\271\343\227,\360\335\205[\357+ \360\276"
 501      E3972CF0 
 501      DD855BEF 
 501      2B20F0BE 
 502 09c4 3ED6C3D9 		.ascii	">\326\303\331\375c\222\303\331\031 \252v\034\236yb_"
 502      FD6392C3 
 502      D91920AA 
 502      761C9E79 
 502      625F
 503 09d6 2D38F12C 		.ascii	"-8\361,8\261\012\234XcS\214\332zX4\253\355\253,Q>\330"
 503      38B10A9C 
 503      5863538C 
 503      DA7A5834 
 503      ABEDAB2C 
 504 09ed 2379F157 		.ascii	"#y\361W:\324l-\233\231'\032j\2248AE\203\277\263r\266"
 504      3AD46C2D 
 504      9B99271A 
 504      6A943841 
 504      4583BFB3 
 505 0a03 04CDFBBA 		.ascii	"\004\315\373\272\256\003K\276\337\252\321\036\232.\265"
 505      AE034BBE 
 505      DFAAD11E 
 505      9A2EB5
 506 0a12 00328BE9 		.ascii	"\0002\213\351Rm)\221\335\235\035-X\272okm^\327\365\354"
 506      526D2991 
 506      DD9D1D2D 
 506      58BA6F6B 
 506      6D5ED7F5 
 507 0a27 754D5A00 		.ascii	"uMZ\000W\226W5\012g\370\000\350>;\220\364\015\302\351"
 507      57965735 
 507      0A67F800 
 507      E83E3B90 
 507      F40DC2E9 
 508 0a3b D44E74E1 		.ascii	"\324Nt\341zn\221\023\336\307:\255C\245\035J\234\305"
 508      7A6E9113 
 508      DEC73AAD 
 508      43A51D4A 
 508      9CC5
ARM GAS  C:\Users\hunter\AppData\Local\Temp\ccioDPO8.s 			page 41


 509 0a4d 3A96FF89 		.ascii	":\226\377\211y\322\377\211\241\335\365O&]p>{6\232x\267"
 509      79D2FF89 
 509      A1DDF54F 
 509      265D703E 
 509      7B369A78 
 510 0a62 4FF8425A 		.ascii	"O\370BZD\346m\333\263\217\303G\204y\227\352\267\253"
 510      44E66DDB 
 510      B38FC347 
 510      847997EA 
 510      B7AB
 511 0a74 7109EB6C 		.ascii	"q\011\353l\257\355JV\343\323\254\223;\\\261\327\003"
 511      AFED4A56 
 511      E3D3AC93 
 511      3B5CB1D7 
 511      03
 512 0a85 D7B04ED5 		.ascii	"\327\260N\325\2552\177\334\304\356\013*v\366;\341\313"
 512      AD327FDC 
 512      C4EE0B2A 
 512      76F63BE1 
 512      CB
 513 0a96 AC73A73C 		.ascii	"\254s\247<qJ\216\257\261\316\221\301/\322\\\231\242"
 513      714A8EAF 
 513      B1CE91C1 
 513      2FD25C99 
 513      A2
 514 0aa7 E5E4F323 		.ascii	"\345\344\363#\2778\033\011\005\022C\377j\305\265\024"
 514      BF381B09 
 514      051243FF 
 514      6AC5B514 
 515 0ab7 177C9362 		.ascii	"\027|\223b\027<\274}\362\202\222\234\353\311y\203]\364"
 515      173CBC7D 
 515      F282929C 
 515      EBC97983 
 515      5DF4
 516 0ac9 D441E338 		.ascii	"\324A\3438,\211\343\005ph\2474\216-\234\375\011\256"
 516      2C89E305 
 516      7068A734 
 516      8E2D9CFD 
 516      09AE
 517 0adb 63937882 		.ascii	"c\223x\202k\265\207\337A\366\360\026\203\010?g\017o"
 517      6BB587DF 
 517      41F6F016 
 517      83083F67 
 517      0F6F
 518 0aed E01C27E8 		.ascii	"\340\034'\350\025\310\206\016\372\254SH\205\357 \025"
 518      15C8860E 
 518      FAAC5348 
 518      85EF2015 
 519 0afd 6E412ADC 		.ascii	"nA*\334\004\031\000\351\006\351\003\271\016r\033\344"
 519      041900E9 
 519      06E903B9 
 519      0E721BE4 
 520 0b0d 1A482F48 		.ascii	"\032H/H?\310\035\220.\220\033 =6\207\325:\2111\215\366"
 520      3FC81D90 
 520      2E901B20 
 520      3D3687D5 
 520      3A89318D 
ARM GAS  C:\Users\hunter\AppData\Local\Temp\ccioDPO8.s 			page 42


 521 0b22 C6E4BFB2 		.ascii	"\306\344\277\262\324\011\235\010\277l\017\177\345h{"
 521      D4099D08 
 521      BF6C0F7F 
 521      E5687B
 522 0b31 4F823EE3 		.ascii	"O\202>\343\020-\371L\252\223x\261\335\036<\372\212\027"
 522      102DF94C 
 522      AA9378B1 
 522      DD1E3CFA 
 522      8A17
 523 0b43 6F4AE017 		.ascii	"oJ\340\027\035\307HB\336!Y\346U\307>\2671\\B\336l\017"
 523      1DC74842 
 523      DE2159E6 
 523      55C73EB7 
 523      315C42DE 
 524 0b59 6FB2276F 		.ascii	"o\262'o\221\240\333\034\307_\202\236\220\240+\035sK"
 524      91A0DB1C 
 524      C75F829E 
 524      90A02B1D 
 524      734B
 525 0b6b 3FF07A7A 		.ascii	"?\360zzY\305\351tTq^H3\365\274\343\360IT\317H\342q\311"
 525      59C5E974 
 525      54715E48 
 525      33F5BCE3 
 525      F04954CF 
 526 0b83 B18B0385 		.ascii	"\261\213\003\205\372\364\244\260\360\266\013\356a\365"
 526      FAF4A4B0 
 526      F0B60BEE 
 526      61F5
 527 0b91 29E3CA80 		.ascii	")\343\312\200\217}y\262$$\032\202<\374g\345\244\260"
 527      8F7D79B2 
 527      24241A82 
 527      3CFC67E5 
 527      A4B0
 528 0ba3 E4115ACE 		.ascii	"\344\021Z\316\006\201\364\256X\316:-\345l`\356E\237"
 528      0681F4AE 
 528      58CE3A2D 
 528      E56C60EE 
 528      459F
 529 0bb5 8BB49C0D 		.ascii	"\213\264\234\015\332\224\263a\241\234\015\323r\226\023"
 529      DA94B361 
 529      A19C0DD3 
 529      729613
 530 0bc4 977AC5E6 		.ascii	"\227z\305\346[\221\374\267J\004\217\010\340\021\012"
 530      5B91FCB7 
 530      4A048F08 
 530      E0110A
 531 0bd3 BE58D8DA 		.ascii	"\276X\330\332\352.\005\223\023\232\010\276'\200\357"
 531      EA2E0593 
 531      139A08BE 
 531      2780EF
 532 0be2 51F0F450 		.ascii	"Q\360\364P\035/w\026\376S\222\362w\376S\202\356s\344"
 532      1D2F7716 
 532      FE5392F2 
 532      77FE5382 
 532      EE73E4
 533 0bf5 7FEDB965 		.ascii	"\177\355\271e\361\333\254\012R\346\373pB\017\250\202"
 533      F1DBAC0A 
ARM GAS  C:\Users\hunter\AppData\Local\Temp\ccioDPO8.s 			page 43


 533      52E6FB70 
 533      420FA882 
 534 0c05 8CEA6B89 		.ascii	"\214\352k\211H\012v\370\231\213\036RpmS\367\260\\jz"
 534      480A76F8 
 534      998B1E52 
 534      706D53F7 
 534      B05C6A7A 
 535 0c19 998DE9A3 		.ascii	"\231\215\351\243\002x\224\202s\317'i\244\330+6>y$`\037"
 535      02789482 
 535      73CF2769 
 535      A4D82B36 
 535      3E792460 
 536 0c2e 516CF6F3 		.ascii	"Ql\366\363\331\2036>i\260\001\217\011\3401\012\036<"
 536      D983363E 
 536      69B0018F 
 536      09E0310A 
 536      1E3C
 537 0c40 5C011BE0 		.ascii	"\\\001\033\340\236P\367\353\366\030\360(\273\277y\242"
 537      9E50F7EB 
 537      F618F028 
 537      BBBF79A2 
 538 0c50 BF5F819F 		.ascii	"\277_\201\237\262\316Df\343}g<\303:YEG\0231\236c\235"
 538      B2CE4466 
 538      E37D673C 
 538      C33A5945 
 538      4713319E 
 539 0c66 EEAAB806 		.ascii	"\356\252\270\006w\234\244\246\235\376\354\370\001'\274"
 539      779CA4A6 
 539      9DFEECF8 
 539      0127BC
 540 0c75 9D759E55 		.ascii	"\235u\236U]\316\343Xm\367\201\356Qsj\023\026\276$\311"
 540      5DCEE358 
 540      6DF781EE 
 540      51736A13 
 540      16BE24C9 
 541 0c89 E1F7EBF6 		.ascii	"\341\367\353\366\351\014\204\323(\326%\277\337\\\305"
 541      E90C84D3 
 541      28D625BF 
 541      DF5CC5
 542 0c98 099F92A4 		.ascii	"\011\237\222\244\252[\312\372\005\311f\231\204\304\232"
 542      AA5BCAFA 
 542      05C96699 
 542      84C49A
 543 0ca7 FBFE3A3D 		.ascii	"\373\376:=\363\256\270[f\354\341M\363\324\351i\330\026"
 543      F3AEB85B 
 543      66ECE14D 
 543      F3D4E969 
 543      D816
 544 0cb9 CFE8B339 		.ascii	"\317\350\2639aO\304c_\224\200}P\034\310K\310u\036\332"
 544      614FC463 
 544      5F94807D 
 544      501CC84B 
 544      C8751EDA 
 545 0ccd 17D0CE82 		.ascii	"\027\320\316\202$\302}\022\310s\233\232|\363]\333\262"
 545      24C27D12 
 545      C8739B9A 
 545      7CF35DDB 
ARM GAS  C:\Users\hunter\AppData\Local\Temp\ccioDPO8.s 			page 44


 545      B2
 546 0cde E9C04E69 		.ascii	"\351\300Ni\365\221\240\237\330\243G\355\321\035\022"
 546      F591A09F 
 546      D8A347ED 
 546      D11D12
 547 0ced F463C768 		.ascii	"\364c\307h\233\177NH\340S\366p\177\373Z5\332\302j\325"
 547      9B7F4E48 
 547      E053F670 
 547      7FFB5A35 
 547      DAC26AD5 
 548 0d01 9CC35AD5 		.ascii	"\234\303Z\325\"q\377S\207\\\022;\357I\024O\330\203_"
 548      2271FF53 
 548      875C123B 
 548      EF49144F 
 548      D8835F
 549 0d14 29EF1312 		.ascii	")\357\023\022\364\270c\264\365\344\225\334\305w\272"
 549      F4B863B4 
 549      F5E495DC 
 549      C577BA
 550 0d23 E0BD6A76 		.ascii	"\340\275jv\354\036\037nQX\217\335\215\027i\341I\301"
 550      EC1E1F6E 
 550      51588FDD 
 550      8D1769E1 
 550      49C1
 551 0d35 5E28195B 		.ascii	"^(\031[\013\317\334\253\307nK\224\321V\010\356?\022"
 551      0BCFDCAB 
 551      C76E4B94 
 551      D15608EE 
 551      3F12
 552 0d47 6872D0CA 		.ascii	"hr\320\312\354\373V-\335XD\255\270\261\266a\266\261"
 552      ECFB562D 
 552      DD5844AD 
 552      B8B1B661 
 552      B6B1
 553 0d59 48FB969F 		.ascii	"H\373\226\237\237?\374\205n2l4D\033\003\227/\365\217"
 553      9F3FFC85 
 553      6E326C34 
 553      441B0397 
 553      2FF58F
 554 0d6c 36FA6F0A 		.ascii	"6\372o\012\211\360\337\034\035c2\372\257\337\260v\331"
 554      89F0DF1C 
 554      1D6332FA 
 554      AFDFB076 
 554      D9
 555 0d7d 52F6BB3A 		.ascii	"R\366\273:`\313\026\362D\027\021\021\346\027\252\372"
 555      60CB16F2 
 555      44171111 
 555      E617AAFA 
 556 0d8d CDFBBF5B 		.ascii	"\315\373\277[\254\011\014\2249\353t\261\206(\323\262"
 556      AC090C94 
 556      39EB74B1 
 556      8628D3B2 
 557 0d9d A53A5378 		.ascii	"\245:Sx\350/\203)\221\321\024\033f\210\0166EGG\030\203"
 557      E82F8329 
 557      91D1141B 
 557      66880E36 
 557      45474718 
ARM GAS  C:\Users\hunter\AppData\Local\Temp\ccioDPO8.s 			page 45


 558 0db2 3F8E8A5D 		.ascii	"?\216\212]L\357\026\207\304D.\326Gn\324\207\205\351"
 558      4CEF1687 
 558      C4442ED6 
 558      476ED487 
 558      85E9
 559 0dc4 C382DFF2 		.ascii	"\303\202\337\362\013X\2744 \360\255\277\276\036\014"
 559      0B58BC34 
 559      20F0ADBF 
 559      BE1E0C
 560 0dd3 E3BF888A 		.ascii	"\343\277\210\212\216\322\377B\037\262\321\020l\210\012"
 560      8ED2FF42 
 560      1FB2D110 
 560      6C880A
 561 0de2 8D880DD3 		.ascii	"\215\210\015\323\007G\206\000W\224>X\027\246\017\017"
 561      07478600 
 561      57943E58 
 561      17A60F0F 
 562 0df2 898D30E9 		.ascii	"\211\2150\351L\237m\326\033\3756\311T\026}\177\374\247"
 562      4C9F6DD6 
 562      1BFD36C9 
 562      54167D7F 
 562      FCA7
 563 0e04 EA337E66 		.ascii	"\3523~f\014\326\031Ma@\016J~*\254T\2671$\364\223\330"
 563      0CD6194D 
 563      61400E4A 
 563      7E2AAC54 
 563      B73124F4 
 564 0e1a CDBAB0E8 		.ascii	"\315\272\260\350\310\020C\224\316\020e0-\377\007]&S"
 564      C8104394 
 564      CE106530 
 564      2DFF075D 
 564      2653
 565 0e2c FD5E1F6A 		.ascii	"\375^\037j\212\216ys\271\345F\343j\321Bx\027\030M\221"
 565      8A8E7973 
 565      B9E546E3 
 565      6AD14278 
 565      17184D91 
 566 0e40 B0ACD088 		.ascii	"\260\254\320\210\350\320O\350\200\247\2160\352\0141"
 566      E8D04FE8 
 566      80A78E30 
 566      EA0C31
 567 0e4f 7FD5E937 		.ascii	"\177\325\3517\033\"\242?\216\325\253b\364\037\203\371"
 567      1B22A23F 
 567      8ED5AB62 
 567      F41F83F9 
 568 0e5f 3A53A023 		.ascii	":S\240##B\243##\243\243\004;\202\264k5k\267\000\"4:"
 568      2342A323 
 568      23A3A304 
 568      3B82B46B 
 568      356BB700 
 569 0e76 460F2B7A 		.ascii	"F\017+z\343\307\315\320}\372f$\314Z\244\323m\2145D\230"
 569      E3C7CDD0 
 569      7DFA6624 
 569      CC5AA4D3 
 569      6D8C3544 
 570 0e8b 60ED317A 		.ascii	"`\3551zSlL\224.$,,Fo4\312#\364!\341J\260\355\035\260"
 570      536C4C94 
ARM GAS  C:\Users\hunter\AppData\Local\Temp\ccioDPO8.s 			page 46


 570      2E242C2C 
 570      466F34CA 
 570      23F421E1 
 571 0ea4 F4973FCE 		.ascii	"\364\227?\316%l\241\006c\014(P\206E\206\374`\212\367"
 571      256CA106 
 571      630C2850 
 571      864586FC 
 571      608AF7
 572 0eb7 DE5BE9BF 		.ascii	"\336[\351\277rm\320\247\201\002\005\314\005\012O\235"
 572      726DD0A7 
 572      810205CC 
 572      050A4F9D 
 573 0ec7 B5077731 		.ascii	"\265\007w1\372\220H\243\332\250\217\0107D\205\351\267"
 573      FA9048A3 
 573      DAA88F08 
 573      374485E9 
 573      B7
 574 0ed8 A8597E2E 		.ascii	"\250Y~.\327\231\224B\353d\334d\01079\205\002$\306)4"
 574      D7999442 
 574      EB64DC64 
 574      08373985 
 574      0224C629 
 575 0eed 32C4F889 		.ascii	"2\304\370\2112tSHT\224>B\256Y\027\244u\322\274\277r"
 575      32745348 
 575      54943E42 
 575      AE5917A4 
 575      75D2BCBF 
 576 0f02 83166B34 		.ascii	"\203\026k4Z\271fm\220\326\241]\202\333\364[L`\230\375"
 576      5AB9666D 
 576      90D6A15D 
 576      82DBF45B 
 576      4C6098FD 
 577 0f16 C2C203DE 		.ascii	"\302\302\003\336\010\334\262\034\354\362\002Su\032F"
 577      08DCB21C 
 577      ECF20253 
 577      751A46
 578 0f25 ADDB00D9 		.ascii	"\255\333\000\331\273R\037\216\301H\374\316z\255\374"
 578      BB521F8E 
 578      C148FCCE 
 578      7AADFC
 579 0f34 9DD51AAD 		.ascii	"\235\325\032\255\013\001\010\017\024\237\322\234\360"
 579      0B01080F 
 579      149FD29C 
 579      F0
 580 0f41 B45F8ACE 		.ascii	"\264_\212\316\264P\262<\360\031\304!\314\020\243\"\275"
 580      B450B23C 
 580      F019C421 
 580      CC10A322 
 580      BD
 581 0f52 F0D8A850 		.ascii	"\360\330\250Pw\353C\362\314\244&\343\233CbB\"=l\360"
 581      77EB43F2 
 581      CCA426E3 
 581      9B436242 
 581      223D6CF0 
 582 0f66 3A93C7FA 		.ascii	":\223\307\372\317\214&}\244\006b\253!)\306i`\221\353"
 582      CF8C267D 
 582      A40662AB 
ARM GAS  C:\Users\hunter\AppData\Local\Temp\ccioDPO8.s 			page 47


 582      2129C669 
 582      6091EB
 583 0f79 B52EEB3E 		.ascii	"\265.\353>\320Zlp\322\254\376\215v\031\375]\252\014"
 583      D05A6C70 
 583      D2ACFE8D 
 583      7619FD5D 
 583      AA0C
 584 0f8b 5AB342BB 		.ascii	"Z\263B\273~\203V\276b\245F\253\014Z\267\"p\325\373\264"
 584      7E8356BE 
 584      62A546AB 
 584      0C5AB722 
 584      70D5FBB4 
 585 0f9f 5D       		.ascii	"]"
 586 0fa0 0AAD021E 		.ascii	"\012\255\002\036B\243\"\303\004Dn\226\222\033\254y\007"
 586      42A322C3 
 586      04446E96 
 586      921BAC79 
 586      07
 587 0fb1 DC06F3B1 		.ascii	"\334\006\363\261F\273\324E\253\321X\327\375\333\025"
 587      46BBD445 
 587      ABD158D7 
 587      FDDB15
 588 0fc0 5A9576D5 		.ascii	"Z\225v\325\372U\332\337\257Z\311\005i\271\365Z\345o"
 588      FA55DADF 
 588      AF5AC905 
 588      69B9F55A 
 588      E56F
 589 0fd2 D76D7877 		.ascii	"\327mxw\325\207Z9\371\301A\340\357\017\264\353\264n"
 589      D5875A39 
 589      F9C141E0 
 589      EF0FB4EB 
 589      B46E
 590 0fe4 ABDF0B5A 		.ascii	"\253\337\013Z\277\3062\355o:D\331:"
 590      BFC632ED 
 590      6F3A44D9 
 590      3A
 591              		.text
 592              		.section	.gnu.lto_.symtab.3dd4aa8d,"",%progbits
 593 0000 56656374 		.ascii	"Vector68\000"
 593      6F723638 
 593      00
 594 0009 00       		.ascii	"\000"
 595 000a 00       		.ascii	"\000"
 596 000b 00       		.ascii	"\000"
 597 000c 00000000 		.ascii	"\000\000\000\000\000\000\000\000"
 597      00000000 
 598 0014 C7000000 		.ascii	"\307\000\000\000"
 599 0018 56656374 		.ascii	"Vector6C\000"
 599      6F723643 
 599      00
 600 0021 00       		.ascii	"\000"
 601 0022 00       		.ascii	"\000"
 602 0023 00       		.ascii	"\000"
 603 0024 00000000 		.ascii	"\000\000\000\000\000\000\000\000"
 603      00000000 
 604 002c C9000000 		.ascii	"\311\000\000\000"
 605 0030 68616C5F 		.ascii	"hal_lld_init\000"
ARM GAS  C:\Users\hunter\AppData\Local\Temp\ccioDPO8.s 			page 48


 605      6C6C645F 
 605      696E6974 
 605      00
 606 003d 00       		.ascii	"\000"
 607 003e 00       		.ascii	"\000"
 608 003f 00       		.ascii	"\000"
 609 0040 00000000 		.ascii	"\000\000\000\000\000\000\000\000"
 609      00000000 
 610 0048 CB000000 		.ascii	"\313\000\000\000"
 611 004c 73746D33 		.ascii	"stm32_clock_init\000"
 611      325F636C 
 611      6F636B5F 
 611      696E6974 
 611      00
 612 005d 00       		.ascii	"\000"
 613 005e 00       		.ascii	"\000"
 614 005f 00       		.ascii	"\000"
 615 0060 00000000 		.ascii	"\000\000\000\000\000\000\000\000"
 615      00000000 
 616 0068 CD000000 		.ascii	"\315\000\000\000"
 617 006c 53797374 		.ascii	"SystemCoreClock\000"
 617      656D436F 
 617      7265436C 
 617      6F636B00 
 618 007c 00       		.ascii	"\000"
 619 007d 00       		.ascii	"\000"
 620 007e 00       		.ascii	"\000"
 621 007f 00000000 		.ascii	"\000\000\000\000\000\000\000\000"
 621      00000000 
 622 0087 39010000 		.ascii	"9\001\000\000"
 623 008b 5F73746D 		.ascii	"_stm32_dma_streams\000"
 623      33325F64 
 623      6D615F73 
 623      74726561 
 623      6D7300
 624 009e 00       		.ascii	"\000"
 625 009f 02       		.ascii	"\002"
 626 00a0 00       		.ascii	"\000"
 627 00a1 00000000 		.ascii	"\000\000\000\000\000\000\000\000"
 627      00000000 
 628 00a9 21010000 		.ascii	"!\001\000\000"
 629 00ad 5F73746D 		.ascii	"_stm32_dma_isr_redir\000"
 629      33325F64 
 629      6D615F69 
 629      73725F72 
 629      65646972 
 630 00c2 00       		.ascii	"\000"
 631 00c3 02       		.ascii	"\002"
 632 00c4 00       		.ascii	"\000"
 633 00c5 00000000 		.ascii	"\000\000\000\000\000\000\000\000"
 633      00000000 
 634 00cd 36010000 		.ascii	"6\001\000\000"
 635 00d1 5F706F72 		.ascii	"_port_irq_epilogue\000"
 635      745F6972 
 635      715F6570 
 635      696C6F67 
 635      756500
ARM GAS  C:\Users\hunter\AppData\Local\Temp\ccioDPO8.s 			page 49


 636 00e4 00       		.ascii	"\000"
 637 00e5 02       		.ascii	"\002"
 638 00e6 00       		.ascii	"\000"
 639 00e7 00000000 		.ascii	"\000\000\000\000\000\000\000\000"
 639      00000000 
 640 00ef D4000000 		.ascii	"\324\000\000\000"
 641 00f3 69727149 		.ascii	"irqInit\000"
 641      6E697400 
 642 00fb 00       		.ascii	"\000"
 643 00fc 02       		.ascii	"\002"
 644 00fd 00       		.ascii	"\000"
 645 00fe 00000000 		.ascii	"\000\000\000\000\000\000\000\000"
 645      00000000 
 646 0106 DC000000 		.ascii	"\334\000\000\000"
 647 010a 646D6149 		.ascii	"dmaInit\000"
 647      6E697400 
 648 0112 00       		.ascii	"\000"
 649 0113 02       		.ascii	"\002"
 650 0114 00       		.ascii	"\000"
 651 0115 00000000 		.ascii	"\000\000\000\000\000\000\000\000"
 651      00000000 
 652 011d DE000000 		.ascii	"\336\000\000\000"
 653              		.text
 654              		.section	.gnu.lto_.opts,"",%progbits
 655 0000 272D666D 		.ascii	"'-fmath-errno' '-fsigned-zeros' '-ftrapping-math' '"
 655      6174682D 
 655      6572726E 
 655      6F272027 
 655      2D667369 
 656 0033 2D666E6F 		.ascii	"-fno-trapv' '-fno-openmp' '-fno-openacc' '-mcpu=cor"
 656      2D747261 
 656      70762720 
 656      272D666E 
 656      6F2D6F70 
 657 0066 7465782D 		.ascii	"tex-m0' '-mno-thumb-interwork' '-mthumb' '-O2' '-fo"
 657      6D302720 
 657      272D6D6E 
 657      6F2D7468 
 657      756D622D 
 658 0099 6D69742D 		.ascii	"mit-frame-pointer' '-falign-functions=16' '-ffuncti"
 658      6672616D 
 658      652D706F 
 658      696E7465 
 658      72272027 
 659 00cc 6F6E2D73 		.ascii	"on-sections' '-fdata-sections' '-fno-common' '-flto"
 659      65637469 
 659      6F6E7327 
 659      20272D66 
 659      64617461 
 660 00ff 2700     		.ascii	"'\000"
 661              		.text
 662              		.comm	__gnu_lto_v1,1,1
 663              		.comm	__gnu_lto_slim,1,1
 664              		.ident	"GCC: (GNU Tools for Arm Embedded Processors 7-2017-q4-major) 7.2.1 20170904 (release) [ARM
ARM GAS  C:\Users\hunter\AppData\Local\Temp\ccioDPO8.s 			page 50


DEFINED SYMBOLS
                            *ABS*:00000000 hal_lld.c
                            *COM*:00000001 __gnu_lto_v1
                            *COM*:00000001 __gnu_lto_slim

NO UNDEFINED SYMBOLS
