ARM GAS  C:\Users\hgray\AppData\Local\Temp\ccvUTm38.s 			page 1


   1              		.cpu cortex-m0
   2              		.eabi_attribute 20, 1
   3              		.eabi_attribute 21, 1
   4              		.eabi_attribute 23, 3
   5              		.eabi_attribute 24, 1
   6              		.eabi_attribute 25, 1
   7              		.eabi_attribute 26, 1
   8              		.eabi_attribute 30, 2
   9              		.eabi_attribute 34, 0
  10              		.eabi_attribute 18, 4
  11              		.file	"hal_st_lld.c"
  12              		.section	.gnu.lto_.profile.1824dff4,"",%progbits
  13 0000 789C6363 		.ascii	"x\234cc```\001bF\006+Y\000\001\011\000c"
  13      60606001 
  13      6246062B 
  13      59000109 
  13      0063
  14              		.text
  15              		.section	.gnu.lto_.icf.1824dff4,"",%progbits
  16 0000 789C6363 		.ascii	"x\234cc``\340c@\000&\206\371\013V\314\343a|<{\303d^"
  16      6060E063 
  16      40002686 
  16      F90B56CC 
  16      E3617C3C 
  17 0018 06002A1F 		.ascii	"\006\000*\037\005w"
  17      0577
  18              		.text
  19              		.section	.gnu.lto_.jmpfuncs.1824dff4,"",%progbits
  20 0000 789C6363 		.ascii	"x\234cc``\250d@\000&\010f<\300\302\310\000\304\377\201"
  20      6060A864 
  20      40002608 
  20      663CC0C2 
  20      C800C4FF 
  21 0015 801F28C2 		.ascii	"\200\037(\3028\205\231q\375\233\235?y\273\231\34703"
  21      38859971 
  21      FD9B9D3F 
  21      79BB99E7 
  21      3033
  22 0027 3032306E 		.ascii	"020nf\224\201+\002*g``\001)Y\263\354\343\001~\220\022"
  22      6694812B 
  22      022A6760 
  22      60012959 
  22      B3ECE301 
  23 003e 46467EC6 		.ascii	"FF~\306-P%\374\020%@\351=\363{VrA\244\231\030\267B\245"
  23      2D5025FC 
  23      102540E9 
  23      3DF37B56 
  23      7241A499 
  24 0056 99C0D20C 		.ascii	"\231\300\322\014\000(Q\033\267"
  24      0028511B 
  24      B7
  25              		.text
  26              		.section	.gnu.lto_.inline.1824dff4,"",%progbits
  27 0000 789C6363 		.ascii	"x\234cc``pb@\000&\006\006^1F\006&\276+\376\014l\013"
  27      60607062 
  27      40002606 
  27      065E3146 
ARM GAS  C:\Users\hgray\AppData\Local\Temp\ccvUTm38.s 			page 2


  27      0626BE2B 
  28 0018 E499C062 		.ascii	"\344\231\300b\334\014\014\214\023\374\030\271\240j\030"
  28      DC0C0C8C 
  28      13FC18B9 
  28      A06A18
  29 0027 81504406 		.ascii	"\201PD\006\250H\346\301-F\270*f\036\260n\006\000\351"
  29      A848E6C1 
  29      2D46B82A 
  29      661EB06E 
  29      0600E9
  30 003a 7C0644   		.ascii	"|\006D"
  31              		.text
  32              		.section	.gnu.lto_.pureconst.1824dff4,"",%progbits
  33 0000 789C6363 		.ascii	"x\234cc```\003b&\206]\214\214R\000\003\261\000\345"
  33      60606003 
  33      6226865D 
  33      8C8C5200 
  33      03B100E5 
  34              		.text
  35              		.section	.gnu.lto_Vector7C.1824dff4,"",%progbits
  36 0000 789C8553 		.ascii	"x\234\205S[L\024W\030\376\3779\263W\026HL\037\372\260"
  36      5B4C1457 
  36      18FEFF39 
  36      B3571648 
  36      4C1FFAB0 
  37 0014 0F6BA2F1 		.ascii	"\017k\242\361\022\303\004\305\306\244I\033\245/$\356"
  37      12C304C5 
  37      C6A4491B 
  37      A52F24EE 
  38 0024 4BF1D98D 		.ascii	"K\361\331\215\016k\331f\3275;H\364\211YX\213TL4\321"
  38      0E6BD966 
  38      D7353B48 
  38      F4895958 
  38      8B544C34 
  39 0039 D5925137 		.ascii	"\325\222Q7\266\361\222\250\240\266\266\353\005G(U\274"
  39      B6F192A8 
  39      A0B6B6EB 
  39      05472855 
  39      BC
  40 004a 2058AD4D 		.ascii	" X\255Mx(\221@\325Rc\015\221h\024\372\3773\210\354n"
  40      78289140 
  40      D552630D 
  40      916814FA 
  40      FF3388EC 
  41 005f B527BB67 		.ascii	"\265'\273g\3169\337\177\373\276\363\037'\000\264\313"
  41      CE39DF7F 
  41      FBBEF31F 
  41      2700B4CB 
  42 006f 008B11A0 		.ascii	"\000\213\021\240\202\326\350\000\224v\365\001$\335\222"
  42      82D6E800 
  42      9476F501 
  42      24DD92
  43 007e 24FAFDA0 		.ascii	"$\372\375\240{e\263\034t\237@\331>\226\021y\241\273"
  43      7B65B31C 
  43      749F40D9 
  43      3E961179 
  43      A1BB
ARM GAS  C:\Users\hgray\AppData\Local\Temp\ccvUTm38.s 			page 3


  44 0090 111A2421 		.ascii	"\021\032$!c\003\266\212=\002\273\232G\263\322\242\243"
  44      6303B68A 
  44      3D02BB9A 
  44      47B3D2A2 
  44      A3
  45 00a1 3A0D73DF 		.ascii	":\015s\337\313\322\244\276\355CC\000\244\351\317\003"
  45      CBD2A4BE 
  45      ED434300 
  45      A4E9CF03 
  46 00b1 CFE22220 		.ascii	"\317\342\" \263\201T\207!v\010C \312\264\375\347V\333"
  46      B3815487 
  46      21760843 
  46      20CAB4FD 
  46      E756DB
  47 00c4 70096F25 		.ascii	"p\011o%\014\320v\364\304\211\323>\361\011\262\345\376"
  47      0CD076F4 
  47      C489D33E 
  47      F109B2E5 
  47      FE
  48 00d5 F1DF3B7C 		.ascii	"\361\337;|\363\277\325\365F\335\234\274\354l\323\315"
  48      F3BFD5F5 
  48      46DD9CBC 
  48      EC6CD3CD 
  49 00e5 54C01002 		.ascii	"T\300\020\002\317\241\240\240\370\003\372\361{\364["
  49      CFA1A0A0 
  49      F803FAF1 
  49      7BF45B
  50 00f4 C1C9FAC1 		.ascii	"\301\311\372\301\351\311\275\305N\031\177\304\371vN"
  50      E9C9BDC5 
  50      4E197FC4 
  50      F9764E
  51 0103 FC099D40 		.ascii	"\374\011\235@\244\220\217\332\3578L}r\252Y7\237|\332"
  51      A4908FDA 
  51      EF384C7D 
  51      72AA5937 
  51      9F7CDA
  52 0116 39DEF781 		.ascii	"9\336\367\201\017\301\020\262\304\023\031\261\017l'"
  52      0FC110B2 
  52      C41319B1 
  52      0F6C27
  53 0125 27E2A59B 		.ascii	"'\342\245\233\320\"$^5\2310\206\251\314\324!\301\241"
  53      D022245E 
  53      35993086 
  53      A9CCD421 
  53      C1A1
  54 0137 DA8493B2 		.ascii	"\332\204\223\262d\263c\203\256\206\327\272\333\020\216"
  54      64B36383 
  54      AE86D7BA 
  54      DB108E
  55 0146 B4E0E859 		.ascii	"\264\340\350Yl\340\364\355c\331\027\305\314\303\211"
  55      6CE0F4ED 
  55      63D917C5 
  55      CCC389
  56 0155 80E7D16F 		.ascii	"\200\347\321o\010\027\214bc\200]9>\271\303c\354:\377"
  56      08178C62 
  56      63805D39 
  56      3EB9C363 
ARM GAS  C:\Users\hgray\AppData\Local\Temp\ccvUTm38.s 			page 4


  56      EC3AFF
  57 0168 A8B5A5C8 		.ascii	"\250\265\245\310\016\207\344\225\336\326u\333\305^n"
  57      0E87E495 
  57      DED675DB 
  57      C55E6E
  58 0177 8B71DFC9 		.ascii	"\213q\337\311\211\247^{\3132\262>\231\003\177z2x0I["
  58      89A75E7B 
  58      CB32B23E 
  58      99037F7A 
  58      32783049 
  59 018c 22EFC18B 		.ascii	"\"\357\301\213\304\372\002\263&\254y\364F\177\211rR"
  59      C4FA02B3 
  59      26AC79F4 
  59      467F8972 
  59      52
  60 019d 4F2519F3 		.ascii	"O%\031\363\342%\314\340^Kn\354D\205\3225\275\372\352"
  60      E225CCE0 
  60      5E4B6EEC 
  60      4485D235 
  60      BDFAEA
  61 01b0 1B979D4D 		.ascii	"\033\227\235M\262\023\366LM\230\245\234AF\011/S\234"
  61      B213F64C 
  61      4D98A59C 
  61      4146092F 
  61      539C
  62 01c2 114C0D76 		.ascii	"\021L\015vWL\333\314\346!\023\017sZ\336\026!\240\337"
  62      574CDBCC 
  62      E621130F 
  62      735ADE16 
  62      21A0DF
  63 01d5 4F7A1083 		.ascii	"Oz\020\203\361\207;{-\006\271\305e\216\260\242\357\257"
  63      F1873B7B 
  63      2D06B9C5 
  63      658EB0A2 
  63      EFAF
  64 01e7 EFCADBFA 		.ascii	"\357\312\333\372\272P\231M\337K\311\272\311\353/L>\030"
  64      BA50994D 
  64      DF4BC9BA 
  64      C9EB2F4C 
  64      3E18
  65 01f9 6E3D771D 		.ascii	"n=w\035g.4e\367\323\3019\016\353B\323t5y\330\037\307"
  65      672E3465 
  65      F7D3C139 
  65      0EEB42D3 
  65      743579D8 
  66 020f 2BBE5601 		.ascii	"+\276V\001\177fP\344\203\203\247\226D\000{\030\223\013"
  66      7F6650E4 
  66      8383A796 
  66      44007B18 
  66      930B
  67 0221 B00B01C2 		.ascii	"\260\013\001\302~a\314\221\217=^\013x\225\021\347\254"
  67      7E61CC91 
  67      8F3D5E0B 
  67      789511E7 
  67      AC
  68 0232 DE02BC46 		.ascii	"\336\002\274F\227\331\313m\305\0235\327n\226\354Xg\367"
  68      97D9CB6D 
ARM GAS  C:\Users\hgray\AppData\Local\Temp\ccvUTm38.s 			page 5


  68      C51335D7 
  68      6E96EC58 
  68      67F7
  69 0244 886F6E9B 		.ascii	"\210on\233tH\337O4\213\330\341\331\2513\367\212\250"
  69      7448DF4F 
  69      348BD8E1 
  69      D9A933F7 
  69      8AA8
  70 0256 BD00AFE3 		.ascii	"\275\000\257\343\\\232o\240L\275\3244\364\367\236\347"
  70      5C9A6FA0 
  70      4CBDD434 
  70      F4F79EE7 
  71 0266 1BF2A975 		.ascii	"\033\362\251u\314Ps\345\344\272I\271nq.\236r[\317\227"
  71      CC5073E5 
  71      E4BA49B9 
  71      6E712E9E 
  71      725BCF97 
  72 027a A60EB9C9 		.ascii	"\246\016\271\311X\037u\237!\212\247\205\333U(\334\231"
  72      581F759F 
  72      218AA785 
  72      DB5528DC 
  72      99
  73 028b 99E89E42 		.ascii	"\231\350\236B\341\002\255$\334m\006\275\205\302\315"
  73      E102AD24 
  73      DC6D06BD 
  73      85C2CD
  74 029a 8B02F633 		.ascii	"\213\002\3663VT(\334\302/\001\007\030\363\345c\317B"
  74      565428DC 
  74      C22F0107 
  74      18F3E563 
  74      CF42
  75 02ac 80771829 		.ascii	"\200w\030)\316!\363+\221\271\313\005\337\265\205;\374"
  75      CE21F32B 
  75      91B9CB05 
  75      DFB5853B 
  75      FC
  76 02bd BFC2DDB3 		.ascii	"\277\302\335\263\204\373\215\204\343\376\223\337>\310"
  76      84FB8D84 
  76      E3FE93DF 
  76      3EC8
  77 02cb A116C363 		.ascii	"\241\026\303c\275\355\\MJ\322\242\204\034\356\223 \364"
  77      BDED5C4D 
  77      4AD2A284 
  77      1CEE9320 
  77      F4
  78 02dc D60C510A 		.ascii	"\326\014Q\012O\26013\361\035Z\266<\266\323{\245(\024"
  78      4FB03133 
  78      F11D5AB6 
  78      3CB6D37B 
  78      A52814
  79 02ef FCE3B232 		.ascii	"\374\343\2622\205~jmd}$\256\225\257X\252\3045\245v]"
  79      857E6A6D 
  79      647D24AE 
  79      95AF58AA 
  79      C435A576 
  80 0304 54D9144F 		.ascii	"T\331\024O\324iJ\365\232\340\262\245\312\352\325\237"
  80      D4694AF5 
ARM GAS  C:\Users\hgray\AppData\Local\Temp\ccvUTm38.s 			page 6


  80      9AE0B2A5 
  80      CAEAD59F 
  81 0314 296BAA82 		.ascii	")k\252\202\365\345\214\204\264\272P4ZS\246\202'\244"
  81      F5E58C84 
  81      B4BA5034 
  81      5A53A682 
  81      27A4
  82 0326 ADAB0FD7 		.ascii	"\255\253\017\327\204\242\211U\377\025E\215\307b\361"
  82      84A28955 
  82      FF15458D 
  82      C762F1
  83 0335 8D4A784B 		.ascii	"\215JxK\235\262\362\363\240R\031\254\256\252V*\343\211"
  83      9DB2F2F3 
  83      A05219AC 
  83      AEAA562A 
  83      E389
  84 0347 B052B551 		.ascii	"\260R\265Q\215n\256\011+jL\213h\241/T\265\254\026\026"
  84      8D6EAE09 
  84      2B6A4C8B 
  84      68A12F54 
  84      B5AC1616 
  85 035b BCAB90B8 		.ascii	"\274\253\220\270FS\242\316\372\276\313\216\340\310\233"
  85      4653A2CE 
  85      FABECB8E 
  85      E0C89B
  86 036a 98B5DA56 		.ascii	"\230\265\332V\215\354\226\277\247$\233\033\025U\031"
  86      8DEC96BF 
  86      A7249B1B 
  86      155519
  87 0379 DC42162A 		.ascii	"\334B\026*\325\024\252\377(F^nu\223\026\251\241\307"
  87      D514AAFF 
  87      28465E6E 
  87      759316A9 
  87      A1C7
  88 038b E08A8563 		.ascii	"\340\212\205c\361\304V\373 L\007\377\002\257\201\362"
  88      F1C456FB 
  88      204C07FF 
  88      02AF81F2 
  89 039b 92       		.ascii	"\222"
  90              		.text
  91              		.section	.gnu.lto_st_lld_init.1824dff4,"",%progbits
  92 0000 789C9D94 		.ascii	"x\234\235\224ML\023A\030\206\347\335\331\376\"\020="
  92      4D4C1341 
  92      1886E7DD 
  92      D9FE2210 
  92      3D
  93 0011 99D88317 		.ascii	"\231\330\203\027\017x`S\274\230\030o^L\340\004WC\024"
  93      0F786053 
  93      BC98186F 
  93      5E4CE004 
  93      574314
  94 0024 0F909060 		.ascii	"\017\220\220`,\361h\027\260\024\204\0305\026\023\255"
  94      2CF16817 
  94      B0148418 
  94      351613AD 
  95 0034 D8440321 		.ascii	"\330D\003!\221\024\004\324\"\312Z+(?\005\021\024('\017"
  95      911404D4 
ARM GAS  C:\Users\hgray\AppData\Local\Temp\ccvUTm38.s 			page 7


  95      22CA5A2B 
  95      283F0511 
  95      1428270F 
  96 0048 8042883F 		.ascii	"\200B\210?\004M\014\3407\263\245%z\242\223\356twf\366"
  96      044D0CE0 
  96      37B3A525 
  96      7AA293EE 
  96      747766F6 
  97 005c 79E69DDD 		.ascii	"y\346\235\335Y+c\254\311\302\330I\372?D\0078\203r=\316"
  97      592B63AC 
  97      C9C2D849 
  97      FA3F4407 
  97      3883723D 
  98 0071 588D5D01 		.ascii	"X\215]\001\304\211n\007\363*\360\242\231\337\342\210"
  98      C4896E07 
  98      F32AF0A2 
  98      99DFE288 
  99 0081 FA17234A 		.ascii	"\372\027#J^\273N\305\270\375\343@\275\356;\030\344\214"
  99      5EBB4EC5 
  99      B8FDE340 
  99      BDEE3B18 
  99      E48C
 100 0093 B5D0210A 		.ascii	"\265\320!\012z\220\307h\330\347\356\255@\266U5\333\321"
 100      7A90C768 
 100      D8E7EEAD 
 100      40B65535 
 100      DBD1
 101 00a5 0B2B039D 		.ascii	"\013+\003\235\204\247,\206\276\265\355\327\215\330\003"
 101      84A72C86 
 101      BEB5EDD7 
 101      8DD803
 102 00b4 6C16EF07 		.ascii	"l\026\357\007\013r(\242\342\242RE\305X\003\335Cb\335"
 102      0B7228A2 
 102      E2A25245 
 102      C55803DD 
 102      4362DD
 103 00c7 608D5C11 		.ascii	"`\215\\\021gu\006\373\212h\377\227\301\012A\272\303"
 103      677506FB 
 103      8A68FF97 
 103      C10A41BA 
 103      C3
 104 00d8 4182165F 		.ascii	"A\202\026_t\302\326\304\203\\\201\360%\302\343+v\363"
 104      74C2D6C4 
 104      835C81F0 
 104      25C2E32B 
 104      76F3
 105 00ea 520F35E8 		.ascii	"R\0175\350*5=\014w\337E\010\25554\325\303A\316\361\004"
 105      2A353D0C 
 105      77DF4508 
 105      AD3534D5 
 105      C341CEF1 
 106 00ff 2EF4C1C5 		.ascii	".\364\301\305\304\370\233=\323g\264N\375\012\202\\\305"
 106      C4F89B3D 
 106      D367B44E 
 106      FD0A825C 
 106      C5
 107 0110 531A1690 		.ascii	"S\032\026\220\001\360\014\032\271\352~\327\303T)\246"
ARM GAS  C:\Users\hgray\AppData\Local\Temp\ccvUTm38.s 			page 8


 107      01F00C1A 
 107      B9EA7ED7 
 107      C35429A6 
 108 0120 AD37365C 		.ascii	"\25576\\/\361\240\022!\006\315g\372\252\034\263'S\177"
 108      2FF1A012 
 108      2106CD67 
 108      FAAA1CB3 
 108      27537F
 109 0133 DAF41C1A 		.ascii	"\332\364\034\032\341e\260\216\021\207i\343\273\203Y"
 109      E165B08E 
 109      118769E3 
 109      BB8359
 110 0142 64B0C0CC 		.ascii	"d\260\300\314\322F\226y\251w\371d\260\265\033\033\361"
 110      D2469679 
 110      A977F964 
 110      B0B51B1B 
 110      F1
 111 0153 ACB4CE8A 		.ascii	"\254\264\316\212\027\244\033H\352Z\257\015\375\314N"
 111      17A41B48 
 111      EA5AAF0D 
 111      FDCC4E
 112 0162 F95E4A9F 		.ascii	"\371^J\237Xz\014\376\223L%\335\377Q\366\3006\322\354"
 112      587A0CFE 
 112      934C25DD 
 112      FF51F6C0 
 112      36D2EC
 113 0175 57228B2A 		.ascii	"W\"\213*H\353\313\343\2159IV*\211M&\211w\376\372\346"
 113      48EBCBE3 
 113      8D394956 
 113      2A894D26 
 113      8977FEFA 
 114 018a 342FC5DB 		.ascii	"4/\305\333#\222\204\356-9\222\262\320ez\370v\274&]4"
 114      239284EE 
 114      2D3992B2 
 114      D0657AF8 
 114      76BC265D 
 115 019f A9F32F8E 		.ascii	"\251\363/\216N\346\010]\215\230\212\212\230\024*B\370"
 115      4EE6085D 
 115      8D988A8A 
 115      98142A42 
 115      F8
 116 01b0 061A0D88 		.ascii	"\006\032\015\2105\315/@\020U\014\036\301\220\231e}9"
 116      35CD2F40 
 116      10550C1E 
 116      C1909965 
 116      7D39
 117 01c2 9E9AC1DE 		.ascii	"\236\232\301\336\370\303\222/_\330\267\222\2772\320"
 117      F8C3922F 
 117      5FD8B792 
 117      BF32D0
 118 01d1 356B31F9 		.ascii	"5k1\371\333Tr\361nG1\221\241bD*T\241\030\225\212\324"
 118      DB5472F1 
 118      6E473191 
 118      A162442A 
 118      54A11895 
 119 01e7 1AA96018 		.ascii	"\032\251`\030\333\301\317f\204w`\\\342i7\213N\243\271"
 119      DBC1CF66 
ARM GAS  C:\Users\hgray\AppData\Local\Temp\ccvUTm38.s 			page 9


 119      8477605C 
 119      E269378B 
 119      4EA3B9
 120 01fa B6C3E60E 		.ascii	"\266\303\346\016\213\316\320c\371\304\342\320p\324%"
 120      8BCED063 
 120      F9C4E2D0 
 120      70D425
 121 0209 DFBE09B8 		.ascii	"\337\276\011\270\323\272\271\014\323LJ\235U\360\336"
 121      D3BAB90C 
 121      D34C4A9D 
 121      55F0DE
 122 0218 133AC59B 		.ascii	"\023:\305\233\317\2207%y6\301\373\260\233\227\310\220"
 122      CF903725 
 122      7936C1FB 
 122      B09B97C8 
 122      90
 123 0229 372D7976 		.ascii	"7-yv\301\233\221\253\335\347\037\353v\232\253\015|\334"
 123      C19B91AB 
 123      DDE71FEB 
 123      769AAB0D 
 123      7CDC
 124 023b C12F6488 		.ascii	"\301/d\210\377$\361\016\201\237\245\351\012\336*|\241"
 124      FF24F10E 
 124      819FA5E9 
 124      0ADE2A7C 
 124      A1
 125 024c ED362E3F 		.ascii	"\3556.?xtG$\262\232\260y7u{\220;[\304V\301\034\274\242"
 125      78744724 
 125      B29AB079 
 125      37757B90 
 125      3B5BC456 
 126 0264 E351DB77 		.ascii	"\343Q\333w#WL$\013\271\230\207\213\232\006\3567w8\315"
 126      23574C24 
 126      0BB99887 
 126      8B9A06EE 
 126      377738CD 
 127 0278 260509B8 		.ascii	"&\005\011\270\202|\037[Cm\350O\273\334\233\362\353\332"
 127      827C1F5B 
 127      436DE84F 
 127      BBDC9BF2 
 127      EBDA
 128 028a 400CFA1E 		.ascii	"@\014\372\036\322\0268\221\237\257\321\257\254\274\342"
 128      D2163891 
 128      9FAFD1AF 
 128      ACBCE2
 129 0299 5C4595C7 		.ascii	"\\E\225\307}\274@\253\362h\345g+\265\013U\027\253=Z"
 129      7DBC40AB 
 129      F268E567 
 129      2BB50B55 
 129      17AB3D5A 
 130 02ad 7149D1B1 		.ascii	"qI\321\261\002\255\260\360\224Vr\272\350\222[\364\224"
 130      02ADB0F0 
 130      945672BA 
 130      E8925BF4 
 130      94
 131 02be 7AAA4B2B 		.ascii	"z\252K++\317\347\227\261\277@\251\340\242"
 131      2BCFE797 
ARM GAS  C:\Users\hgray\AppData\Local\Temp\ccvUTm38.s 			page 10


 131      B1BF40A9 
 131      E0A2
 132              		.text
 133              		.section	.gnu.lto_.symbol_nodes.1824dff4,"",%progbits
 134 0000 789C55C8 		.ascii	"x\234U\310=\016@@\024\304\361\231}\3265\\\205\223\275"
 134      3D0E4040 
 134      14C4F199 
 134      7DD6355C 
 134      8593BD
 135 0013 2D8444E5 		.ascii	"-\204D\345\020N\241Vk}\026\012\245\304\015\304\213\312"
 135      104EA156 
 135      6B7D160A 
 135      A5C40DC4 
 135      8BCA
 136 0025 1693FFE4 		.ascii	"\026\223\377\344\227\002hlp\023\025hG\300\322\207\302"
 136      9702686C 
 136      70131568 
 136      47C0D287 
 136      C2
 137 0036 64A63212 		.ascii	"d\2462\022\256T\367\011\020Bn\260Q%\202\205\232D\260"
 137      AE54F709 
 137      10426EB0 
 137      51258285 
 137      9A44B0
 138 0049 53FD1F04 		.ascii	"S\375\037\004\011\272\343\241\330+\253\333\013\034\206"
 138      09BAE3A1 
 138      D82BABDB 
 138      0B1C86
 139 0058 EACA841E 		.ascii	"\352\312\204\036g}ex\001\224\276#P"
 139      677D6578 
 139      0194BE23 
 139      50
 140              		.text
 141              		.section	.gnu.lto_.refs.1824dff4,"",%progbits
 142 0000 789C6363 		.ascii	"x\234cc```\004b\006\000\000D\000\010"
 142      60606004 
 142      62060000 
 142      440008
 143              		.text
 144              		.section	.gnu.lto_.decls.1824dff4,"",%progbits
 145 0000 789CB558 		.ascii	"x\234\265X{P\024G\032\337\236^\226e\027\320Z\255\224"
 145      7B501447 
 145      1ADF9E5E 
 145      966517D0 
 145      5AAD94
 146 0013 7765D551 		.ascii	"we\325Q)\253\244\356. h.V\356\222R\327gUHR\213^]r\324"
 146      29ABA4EE 
 146      2E20682E 
 146      56EE9252 
 146      D7675548 
 147 002d 6D1056DD 		.ascii	"m\020V\335:X\022v\361\364\217\273\014\002\206\207\017"
 147      3A581276 
 147      F1F48FBB 
 147      0C028687 
 147      0F
 148 003e 547C810F 		.ascii	"T|\201\017\020\301\027(\250\210\210\310K\001y(\242\342"
 148      10C11728 
ARM GAS  C:\Users\hgray\AppData\Local\Temp\ccvUTm38.s 			page 11


 148      A88888C8 
 148      4B017928 
 148      A2E2
 149 0050 134544C5 		.ascii	"\023ED\305G\024P\300G\324\373\272{\206\231\035\026\357"
 149      471450C0 
 149      47D4FBBA 
 149      7B86991D 
 149      16EF
 150 0062 72959BE2 		.ascii	"r\225\233\342\333\231\257\347\327\277\376\372\373\276"
 150      DB99AFE7 
 150      D7BFFEFA 
 150      FBBE
 151 0070 E9FE1A8D 		.ascii	"\351\376\032\215J\245\252\374\225J5\316M\245Z\204T\252"
 151      4AA5AAFC 
 151      954A35CE 
 151      4DA55A84 
 151      54AA
 152 0082 B77061D2 		.ascii	"\267pa\322\006\302\201|\005R\246b\227\006\344\024H-"
 152      06C2817C 
 152      0552A662 
 152      9706E414 
 152      482D
 153 0094 C8199066 		.ascii	"\310\031\220f\220V\220k\252\241W\012p\215\204\3737 "
 153      9056906B 
 153      AAA1570A 
 153      708D84FB 
 153      3720
 154 00a6 0690D120 		.ascii	"\006\220\321 \365 \343A\256\013\274\027A|\000\367\033"
 154      F520E341 
 154      AE0BBC17 
 154      417C00F7 
 154      1B
 155 00b7 900E78FE 		.ascii	"\220\016x\376-\334\177\007r\022\236\177\017\367&\270"
 155      2DDC7F07 
 155      72129E7F 
 155      0FF726B8 
 156 00c7 C34DE509 		.ascii	"\303M\345\011?#\204\261\311x~\240O\000\011\004\231\004"
 156      3F2384B1 
 156      C9787EA0 
 156      4F000904 
 156      9904
 157 00d9 3219E463 		.ascii	"2\031\344c\304\354\371\023\334?\005\231\0022\015d\006"
 157      C4ECF913 
 157      DC3F0599 
 157      02320D64 
 157      06
 158 00ea 62B62AAF 		.ascii	"b\266*\257\325\320\356%\330Gl\"s_ \330\021\003w;\222"
 158      D5D0EE25 
 158      D8476C22 
 158      735F20D8 
 158      1103773B 
 159 00ff 6CEB86B6 		.ascii	"l\353\206\266\305\210\371\341*\210\016d\036\350Q cA"
 159      C588F9E1 
 159      2A880E64 
 159      1EE85120 
 159      6341
 160 0111 DC41B420 		.ascii	"\334A\264 :\020=\261\025\344\327 \006\304|X;\214\217"
ARM GAS  C:\Users\hgray\AppData\Local\Temp\ccvUTm38.s 			page 12


 160      3A103DB1 
 160      15E4D720 
 160      06C47C58 
 160      3B8C8F
 161 0124 D2306AAB 		.ascii	"\3220j\253\333\263\017\247`4^\207\210\347G@\323\201"
 161      DBB30FA7 
 161      60345E87 
 161      88E74740 
 161      D381
 162 0136 47252FBC 		.ascii	"G%/\274X\023A\224lj\376\001c\216>gf\277\314u\367\313"
 162      58134194 
 162      6C6AFE01 
 162      638E3E67 
 162      66BFCC75 
 163 014c E3D9A5FD 		.ascii	"\343\331\245\375\247\012\025!,R\265\254\356\335\351"
 163      A70A1521 
 163      2C52B5AC 
 163      EEDDE9
 164 015b 8E6752E0 		.ascii	"\216gR\340\271\370\202-\204\326\240CjP{\232\322o{\203"
 164      B9F8822D 
 164      84D6A043 
 164      6A507B9A 
 164      D26F7B83 
 165 016f 3A5A877C 		.ascii	":Z\207|\3220w\363\312\253\353\336H\347\233\310\363\313"
 165      D23077F3 
 165      CAABEBDE 
 165      48E79BC8 
 165      F3CB
 166 0181 F8CC38DE 		.ascii	"\370\3148\336c\266\012\225\240\261\350(\032\253B\245"
 166      63B60A95 
 166      A0B1E828 
 166      1AAB42A5 
 167 0191 C8970C7D 		.ascii	"\310\227\014}\004\371\251\320ah<\004\215\271d\270\212"
 167      04F9A9D0 
 167      61683C04 
 167      8DB964B8 
 167      8A
 168 01a2 B3E99F6E 		.ascii	"\263\351\237n\356\345y\037t\014\351P1\302\024\003\021"
 168      EEE5791F 
 168      740CE950 
 168      31C21403 
 168      11
 169 01b3 1AAF6306 		.ascii	"\032\257c\006\354\331\271f\207\006\037E\304\002\256"
 169      ECD9B966 
 169      87061F45 
 169      C402AE
 170 01c2 34E3CE29 		.ascii	"4\343\316)n\2701N\014?\306\321\367k\022x\236Ce0\306"
 170      6EB8314E 
 170      0C3FC6D1 
 170      F76B1278 
 170      9E436530 
 171 01d7 71690C18 		.ascii	"qi\014\030\222\334\240\225\270\244j\3719\257\233\250"
 171      92DCA095 
 171      B8A46AF9 
 171      39AF9BA8 
 172 01e7 0D8173D1 		.ascii	"\015\201s\321H:\177\204\330/\334\211P\375\255x!\326"
 172      483A7F84 
ARM GAS  C:\Users\hgray\AppData\Local\Temp\ccvUTm38.s 			page 13


 172      D82FDC89 
 172      50FDAD78 
 172      21D6
 173 01f9 0EAD1CBB 		.ascii	"\016\255\034\273\011P\242\210]\204g\370\345\004\016"
 173      0950A288 
 173      5D8467F8 
 173      E5040E
 174 0208 4EE4A57F 		.ascii	"N\344\245\177\002\001\222\263\262\367l8\361R\211\364"
 174      020192B3 
 174      B2F76C38 
 174      F15289F4 
 175 0218 CC2CB19F 		.ascii	"\314,\261\237\212Q:\017&\353\344d\253j\360\365\240\231"
 175      8A513A0F 
 175      26EBE464 
 175      AB6AF0F5 
 175      A099
 176 022a D2249110 		.ascii	"\322$\221\020\356cY\373\357\251\333\321\015\320g\252"
 176      EE6359FB 
 176      EFA9DBD1 
 176      0DD067AA 
 177 023a 54A9DA48 		.ascii	"T\251\332H\332\232\271.g\217\016oe\351r\352\355@\305"
 177      DA9AB92E 
 177      678F0E6F 
 177      65E972EA 
 177      ED40C5
 178 024d 0896051C 		.ascii	"\010\226\005\034I\220\356\306\255z\226\005#A\315[\361"
 178      4990EEC6 
 178      AD7A9605 
 178      2341CD5B 
 178      F1
 179 025e 36CD6DCC 		.ascii	"6\315m\314\006\342\366\3248~$\207\276y\017UC0\252 \030"
 179      06E2F6D4 
 179      387E2487 
 179      BE790F55 
 179      4330AA20 
 180 0273 2A74128D 		.ascii	"*t\022\215\201_\233\232\015v\255\265\241_\377~&\237"
 180      815F9B9A 
 180      0D76ADB5 
 180      A15FFF7E 
 180      269F
 181 0285 D9CE570C 		.ascii	"\331\316W\0144N*\257Z\3167C\277)\024\207*\2458U\222"
 181      344E2AAF 
 181      5ACE3743 
 181      BF291487 
 181      2AA53855 
 182 029a 7C4415A8 		.ascii	"|D\025\250\035\241rt\023,?\205\336'\011\270\342I\346"
 182      1DA17274 
 182      132C3F85 
 182      DE2709B8 
 182      E249E6
 183 02ad 08DCC1CC 		.ascii	"\010\334\301\314\252(\\}\230\023\310\3164x\246\363\025"
 183      AA285C7D 
 183      9813C8CE 
 183      3478A6F3 
 183      15
 184 02be CB781272 		.ascii	"\313x\022rBU#Q\325(\251j)\325\315\356\247\265z\374\230"
 184      42552351 
ARM GAS  C:\Users\hgray\AppData\Local\Temp\ccvUTm38.s 			page 14


 184      D528A96A 
 184      29D5CDEE 
 184      A7B57AFC 
 185 02d3 516DBFDE 		.ascii	"Qm\277\336\223\357\216c1M\271\326\267]]:\344\351\233"
 185      93EF8E63 
 185      314DB9D6 
 185      B75D5D3A 
 185      E4E99B
 186 02e6 3C987264 		.ascii	"<\230rdJ\203I\327\000Ig\366\024\330Y\266]\272?i\313"
 186      4A8349D7 
 186      004967F6 
 186      14D859B6 
 186      5DBA3F69 
 187 02fb 0992D1F5 		.ascii	"\011\222\321\365\310\023\235\226\2066{\262i\257>\233"
 187      C8139D96 
 187      86367BB2 
 187      69AF3E9B 
 188 030b 7C5EAD26 		.ascii	"|^\255&YF\000\340\014h+^\275<\005\015\353\266&\352\266"
 188      594600E0 
 188      0C682B5E 
 188      BD3C050D 
 188      EBB626EA 
 189 0320 4624F8ED 		.ascii	"F$\370\355\304\355\213\367\334a\252\3550\330\275'\223"
 189      C4ED8BF7 
 189      DC61AAED 
 189      30D8BD27 
 189      93
 190 0331 CF1474F1 		.ascii	"\317\024t\361\211:\212Bu\322pu\302G\214\316\320\031"
 190      893A8A42 
 190      75D27075 
 190      C2478CCE 
 190      D019
 191 0343 261557AF 		.ascii	"&\025W\257\304\270\227N\012\325\027=mD\002\303\303D"
 191      C4B8974E 
 191      0AD5173D 
 191      6D4402C3 
 191      C344
 192 0355 5C7E7A79 		.ascii	"\\~zy\305\227\314\353g%\202\263\"A3%8\222\325\236\340"
 192      C597CCEB 
 192      672582B3 
 192      22413325 
 192      3892D59E 
 193 036a 81F3D594 		.ascii	"\201\363\325\224\240\351\300\375\024\015\256aJA\306"
 193      A0E9C0FD 
 193      140DAE61 
 193      4A41C6
 194 0379 DD7A7798 		.ascii	"\335zw\230\020j\241=\240e\177\336\253\002\035\235\342"
 194      106AA13D 
 194      A0657FDE 
 194      AB021D9D 
 194      E2
 195 038a 573A6186 		.ascii	"W:a\206\231\351)\005^\362\031\202\327\244\031^\2443"
 195      99E92905 
 195      5EF21982 
 195      D7A4195E 
 195      A433
 196 039c BC20CE30 		.ascii	"\274 \3160\266\177c\026\307\354\313L\347\247-\343W\360"
ARM GAS  C:\Users\hgray\AppData\Local\Temp\ccvUTm38.s 			page 15


 196      B67F6316 
 196      C7ECCB4C 
 196      E7A72DE3 
 196      57F0
 197 03ae 15BB3982 		.ascii	"\025\2739\202B\347D\003\321y\244&\032\263\261\225\332"
 197      42E74403 
 197      D179A426 
 197      1AB3B195 
 197      DA
 198 03bf 9871A123 		.ascii	"\230q\241#\233\303\015\314\254\332\335E\225\210\032"
 198      9BC30DCC 
 198      ACDADD45 
 198      95881A
 199 03ce 413E7B66 		.ascii	"A>{fE\303\300\256r\365`\333eD\033{N\334\330\300\015"
 199      45C3C0AE 
 199      72F560DB 
 199      65441B7B 
 199      4EDCD8C0 
 200 03e3 EBFCABD4 		.ascii	"\353\374\253\324\264+\242i;\017n\331\347)\270\356v\006"
 200      B42BA269 
 200      3B0F6ED9 
 200      E729B8EE 
 200      7606
 201 03f5 DE564D5D 		.ascii	"\336VM]\007 tIr\335%\321\254k\324\254\314\330\224\363"
 201      07207449 
 201      72DD25D1 
 201      AC6BD4AC 
 201      CCD894F3 
 202 0409 6E9EB20C 		.ascii	"n\236\262\014\"\023\021SH\205\256#O\012\206;I\205[\353"
 202      22131153 
 202      4885AE23 
 202      4F0A863B 
 202      49855BEB 
 203 041d CB3DD8F7 		.ascii	"\313=\330\367u\231\014\230^\372\254\336\215\351Z\362"
 203      75990C98 
 203      5EFAACDE 
 203      8DE95AF2 
 204 042d FAF1BE62 		.ascii	"\372\361\276b/\366\275U\220\327\347\357f\305{\262\327"
 204      2FF6BD55 
 204      90D7E7EF 
 204      66C57BB2 
 204      D7
 205 043e CD44AF6E 		.ascii	"\315D\257n\255\355V\343T7\352\202M-\2053t\260X\306\375"
 205      ADED56E3 
 205      5437EA82 
 205      4D2D8533 
 205      74B058C6 
 206 0453 578B2574 		.ascii	"W\213%thl|\325\344\2067\260\336)\247\212j\204\365\276"
 206      686C7CD5 
 206      E48637B0 
 206      DE29A78A 
 206      6A84F5BE 
 207 0467 8EE869C7 		.ascii	"\216\350i\307\252K\365x3{y;\271\243Z\203\2671E4\312"
 207      AA4BF578 
 207      337B793B 
 207      B9A35A83 
 207      B7314534 
ARM GAS  C:\Users\hgray\AppData\Local\Temp\ccvUTm38.s 			page 16


 208 047c 2018B5FD 		.ascii	" \030\265\375Z_=\302;\330\313\322\342\3435\302\004&"
 208      5A5F3DC2 
 208      3BD8CBD2 
 208      E2E335C2 
 208      0426
 209 048e C8160C03 		.ascii	"\310\026\014\003[0\216\334=]\243c\363\341\021\350e-"
 209      5B308EDC 
 209      3D5DA363 
 209      F3E111E8 
 209      652D
 210 04a0 D7A7E05D 		.ascii	"\327\247\340]\254gUo\301.an\030\324\366\324\352\267"
 210      AC67556F 
 210      C12E616E 
 210      18D4F6D4 
 210      EAB7
 211 04b2 23C87478 		.ascii	"#\310tx\301\215\320.y\3611Y\314\221\377X\364#\233J_"
 211      C18DD02E 
 211      79F13159 
 211      CC91FF58 
 211      F4239B4A 
 212 04c7 6AC14C43 		.ascii	"j\301LC*\015*\254)j\032\360\207\200~@\321O\220A\354"
 212      2A0D2AAC 
 212      296A1AF0 
 212      87807E40 
 212      D14F9041 
 213 04dc 4313EE56 		.ascii	"C\023\356V\316\015o9\272\343]\350\375\3319\033ux\037"
 213      CE0D6F39 
 213      BAE35DE8 
 213      FDD9391B 
 213      75781F
 214 04ef 3332E369 		.ascii	"32\343i\333}!^\276\240\346\366\227\306i\361\001\366"
 214      DB7D215E 
 214      BEA0E6F6 
 214      97C669F1 
 214      01F6
 215 0501 6EDD89AD 		.ascii	"n\335\211\255M\356\370\020S\304\375\322@\367K\264\354"
 215      4DEEF810 
 215      53C4FDD2 
 215      40F74BB4 
 215      EC
 216 0512 D2345CCC 		.ascii	"\3224\\\314\336\224\257Y\333\206p)S\036\307\337i\027"
 216      DE94AF59 
 216      DB867029 
 216      531EC7DF 
 216      6917
 217 0524 FC3306D4 		.ascii	"\3743\006\324\365\015\017\307\343\012\366\352M]\365"
 217      F50D0FC7 
 217      E30AF6EA 
 217      4D5DF5
 218 0533 785CC39E 		.ascii	"x\\\303\236k\216\354\336\205p#Sz\323k\036\352p3S2[\266"
 218      6B8EECDE 
 218      85702353 
 218      7AD36B1E 
 218      EA703353 
 219 054a 1CD5E2F3 		.ascii	"\034\325\342\363L\311}\276!\327\023_f\312\205\222\213"
 219      4CC97DBE 
 219      21D7135F 
ARM GAS  C:\Users\hgray\AppData\Local\Temp\ccvUTm38.s 			page 17


 219      66CA8592 
 219      8B
 220 055b 897ADCC6 		.ascii	"\211z\334\306\224\304\302\302Mz|\213)\313J\257\254\021"
 220      94C4C2C2 
 220      4D7A7C8B 
 220      29CB4AAF 
 220      AC11
 221 056d 16F576A2 		.ascii	"\026\365v\242w\346tfz\010Q\321\200\236\334\3228\200"
 221      77E67466 
 221      7A0851D1 
 221      809EDCD2 
 221      3880
 222 057f F01D065E 		.ascii	"\360\035\006^\323\335\273N3l\034\3429!\016\023h\030"
 222      D3DDBB4E 
 222      336C1CE2 
 222      39210E13 
 222      6818
 223 0591 8A8BB29F 		.ascii	"\212\213\262\237h\225q\270\011\350\033\024\235\300\031"
 223      689571B8 
 223      09E81B14 
 223      9DC019
 224 05a0 C43E047D 		.ascii	"\304>\004}\362d\331k\244\214\303p\350\367*~\310L\320"
 224      F264D96B 
 224      A48CC370 
 224      E8F72A7E 
 224      C84CD0
 225 05b3 A371EC1A 		.ascii	"\243q\354\0325N\274|\311\317\016>>\016\326\3422\234"
 225      354EBC7C 
 225      C9CF0E3E 
 225      3E0ED6E2 
 225      329C
 226 05c5 54D8792E 		.ascii	"T\330y.\226\3379\206R=\205ot\0257J\372\016z)o\011\371"
 226      96DF3986 
 226      523D856F 
 226      7415374A 
 226      FA0E7A29 
 227 05dc 55B12E1D 		.ascii	"U\261.\035\337\303\336\021\217)\374\245\022\376\234"
 227      DFC3DE11 
 227      8F29FCA5 
 227      12FE9C
 228 05eb C2032474 		.ascii	"\302\003$t\225\014\375F\211\276\341\204\216\345+\256"
 228      950CFD46 
 228      89BEE184 
 228      8EE52BAE 
 229 05fb 26E2580A 		.ascii	"&\342X\012\357F\006\364H\200\213i\206\356\017\261\245"
 229      EF4606F4 
 229      48808B69 
 229      86EE0FB1 
 229      A5
 230 060c 5EC6FEDA 		.ascii	"^\306\376\3325\273\034\336\"\203\377\244\204?P\232\336"
 230      35BB1CDE 
 230      2283FFA4 
 230      843F509A 
 230      DE
 231 061d 9B8825F8 		.ascii	"\233\210%\370\035%\274S\306\276F\210\007\017\213 Z\306"
 231      1D25BC53 
 231      C6BE4688 
ARM GAS  C:\Users\hgray\AppData\Local\Temp\ccvUTm38.s 			page 18


 231      070F8B20 
 231      5AC6
 232 062f 8D45B11C 		.ascii	"\215E\261\034yI\360\260\200\240M\234/Z\313\215C\253"
 232      7949F0B0 
 232      80A04D9C 
 232      2F5ACB8D 
 232      43AB
 233 0641 41924052 		.ascii	"A\222@R@V\200\244\203$\202\244\202\244\201\254\003\331"
 233      405680A4 
 233      832482A4 
 233      82A481AC 
 233      03D9
 234 0653 02F20348 		.ascii	"\002\362\003H\006H2\310\006\2205 +A6\203\254\007\331"
 234      064832C8 
 234      06903520 
 234      2B413683 
 234      AC07D9
 235 0666 C88DA3AB 		.ascii	"\310\215\243\253'3\363\345\277$+\337*\255\364W\272\340"
 235      2733F3E5 
 235      BF242BDF 
 235      2AADF457 
 235      BAE0
 236 0678 81CC052F 		.ascii	"\201\314\005/\\G\317\011.\367\301]\327>\220\273Lf\013"
 236      5C47CF09 
 236      2EF7C15D 
 236      D73E90BB 
 236      4C660B
 237 068b CFB9B245 		.ascii	"\317\271\262E\006~)3\245_I\3357\304\224^\031|\3005\\"
 237      067E2933 
 237      A55F49DD 
 237      37C4945E 
 237      197CC035 
 238 06a0 9E774932 		.ascii	"\236wI2\303o)\341\355C\263Z>\321.%\376\2363\036r\264"
 238      C36F29E1 
 238      ED43B35A 
 238      3ED12E25 
 238      FE9E331E 
 239 06b6 3E49C8D4 		.ascii	">I\310\324\345\234\001\305\011S\025?D(\222\007\315a"
 239      E59C01C5 
 239      0953153F 
 239      44289207 
 239      CD61
 240 06c8 35CFE337 		.ascii	"5\317\3437\206XH\017\202R\011\233\240\024\3017\211\270"
 240      8658480F 
 240      8252099B 
 240      A014C137 
 240      89B8
 241 06da E430CF27 		.ascii	"\3440\317'i\350\340\267]\033+\233\333U\231'^\271Nc\247"
 241      69E8E0B7 
 241      5D1B2B9B 
 241      DB559927 
 241      5EB94E63 
 242 06ef AC974FAD 		.ascii	"\254\227O\255G\211\277?\304sr\3703\327\353\001\205\223"
 242      4789BF3F 
 242      C47372F8 
 242      33D7EB01 
 242      8593
ARM GAS  C:\Users\hgray\AppData\Local\Temp\ccvUTm38.s 			page 19


 243 0701 835463EB 		.ascii	"\203Tc\353no\234\243\241\225`Q\342\225\274\021\310w"
 243      6E6F9CA3 
 243      A1956051 
 243      E295BC11 
 243      C877
 244 0713 149B716B 		.ascii	"\024\233qk\022\216#3\336\016\275\267r\203;?q\3000\037"
 244      128E2333 
 244      DE0EBDB7 
 244      72833B3F 
 244      71C0301F 
 245 0727 0CDA06DF 		.ascii	"\014\332\006\337\311\377\373\233!5|yV\261Z^ml\227MP"
 245      C9FFFB9B 
 245      21357C79 
 245      56B15A5E 
 245      6D6C974D 
 246 073c 85323956 		.ascii	"\20529Vm\300\235,\364\257\362\217\011\233\022Y\347\313"
 246      6DC09D2C 
 246      F4AFF28F 
 246      099B1259 
 246      E7CB
 247 074e 1BE38FEB 		.ascii	"\033\343\217\353\207]\332w\210K{\026G\327\366g\311\011"
 247      875DDA77 
 247      884B7B16 
 247      47D7F667 
 247      C909
 248 0760 034281E0 		.ascii	"\003B\201\340\016\352\356\273[Vy\262Mc2\250\027\237"
 248      0EEAEEBB 
 248      5B5679B2 
 248      4D6332A8 
 248      179F
 249 0772 97BDF4C4 		.ascii	"\227\275\364\304\205\324y\352\274\270\275\335j\344;"
 249      85D479EA 
 249      BCB8BDDD 
 249      6AE43B
 250 0781 160119D2 		.ascii	"\026\001\031\322\345\212\207M\025\332\303\351P\016\207"
 250      E58A874D 
 250      15DAC3E9 
 250      500E87
 251 0790 C5D36B3A 		.ascii	"\305\323k:\017\203w\177O\232\341YK\357\364\264\307g"
 251      0F83777F 
 251      4F9AE159 
 251      4BEFF4B4 
 251      C767
 252 07a2 F3788C0A 		.ascii	"\363x\214\012M\244\373\012\312\005\367\355\241\326\354"
 252      4DA4FB0A 
 252      CA05F7ED 
 252      A1D6EC
 253 07b1 06EFEE62 		.ascii	"\006\357\356b\346\354\353Hk\220m\036\210r\357\204\367"
 253      E6ECEB48 
 253      6B906D1E 
 253      8872EF84 
 253      F7
 254 07c2 D974B9DA 		.ascii	"\331t\271\332K7\017:\007\252\220:\345\247"
 254      4B370F3A 
 254      07AA903A 
 254      E5A7
 255 07d0 579BBDE5 		.ascii	"W\233\275\345\256:\351T\230\355\023\\\265\217\272*\253"
ARM GAS  C:\Users\hgray\AppData\Local\Temp\ccvUTm38.s 			page 20


 255      AE3AE954 
 255      98ED135C 
 255      B58FBA2A 
 255      AB
 256 07e1 36C128C7 		.ascii	"6\301(\30769a\363\004l\036\305\336\333\305\017x\343"
 256      363961F3 
 256      046C1EC5 
 256      DEDBC50F 
 256      78E3
 257 07f3 231AB621 		.ascii	"#\032\266!\237L\317\366\202\222\261\002\216&g\257\340"
 257      9F4CCFF6 
 257      8292B102 
 257      8E2667AF 
 257      E0
 258 0804 7D8505B0 		.ascii	"}\205\005\260!\215\216\367\240\243\345K\271\223\317"
 258      218D8EF7 
 258      A0A3E54B 
 258      B993CF
 259 0813 29CE26FB 		.ascii	")\316&\3739R=v\3677\254\301\270\207q]\250>\323\340!"
 259      39523D76 
 259      F737ACC1 
 259      B887715D 
 259      A83ED3E0 
 260 0828 7041E5BE 		.ascii	"pA\345\276\271\211\236\2312g\263\352\375\200Dv@IV@\311"
 260      B9899E99 
 260      3267B3EA 
 260      FD804476 
 260      40495640 
 261 083d AAFB5BE1 		.ascii	"\252\373[\341l\263\314\235\222]\274\237zP4\354\366\223"
 261      6CB3CC9D 
 261      925DBC9F 
 261      7A5034EC 
 261      F693
 262 084f C95DF091 		.ascii	"\311]\360\221\3021\271JM\271\012%\256B%\327A\312\225"
 262      C231B94A 
 262      4DB90A25 
 262      AE4225D7 
 262      41CA95
 263 0862 3BF03CC5 		.ascii	";\360<\305\033\257g\\\217Zw7{\012\\W\377\306\216_Y\354"
 263      1BAF675C 
 263      8F5A7737 
 263      7B0A5C57 
 263      FFC68E5F 
 264 0878 F8754862 		.ascii	"\370uHb:\244d:L\231\236\305\256;\240\305\333\031\323"
 264      3AA4643A 
 264      4C999EC5 
 264      AE3BA0C5 
 264      DB19D3
 265 088b DEFC6D05 		.ascii	"\336\374m\005\3368\237))U\325[4\344lq\204\023\316\026"
 265      DE389F29 
 265      2955D55B 
 265      34E46C71 
 265      8413CE16 
 266 089f 2F5A522F 		.ascii	"/ZR/\210\003\335|\2027\347d\254\3443c\371)ul\260\"q"
 266      8803DD7C 
 266      8237E764 
 266      ACE43363 
ARM GAS  C:\Users\hgray\AppData\Local\Temp\ccvUTm38.s 			page 21


 266      F929756C 
 267 08b6 3054CCA9 		.ascii	"0T\314\251\211\346<\336Q:\336\363\276\312J-~\303\206"
 267      89E63CDE 
 267      513ADEF3 
 267      BECA4A2D 
 267      7EC386
 268 08c9 B8B4A161 		.ascii	"\270\264\241a@/\205\247\344\220<<%\222\355%J\256c\224"
 268      402F85A7 
 268      E4903C3C 
 268      2592ED25 
 268      4AAE6394 
 269 08dd 6BC7E52B 		.ascii	"k\307\345+\0075x\255\226Uh\373\037\027\211\\\275)\330"
 269      073578AD 
 269      965568FB 
 269      1F17895C 
 269      BD29D8
 270 08f0 C90DA512 		.ascii	"\311\015\245\022U\251\222\3528\245J\313\251MR\343]\214"
 270      55A992EA 
 270      38A54ACB 
 270      A94D52E3 
 270      5D8C
 271 0902 2ABFA232 		.ascii	"*\277\2422K\026\3512\347H\227IdeJ\262\023\224\354tg"
 271      4B16E932 
 271      E7489749 
 271      64654AB2 
 271      1394EC74 
 272 0917 7E95373E 		.ascii	"~\2257>\306\310\322\266]\242\007*\026i\237\007N\221"
 272      C6C8D2B6 
 272      5DA2072A 
 272      16699F07 
 272      4E91
 273 0929 2E97B8CA 		.ascii	".\227\270\312\225\\\025\224\253}\373\275u^\370,\343"
 273      955C1594 
 273      AB7DFBBD 
 273      755EF82C 
 273      E3
 274 093a 7A96D6FF 		.ascii	"z\226\326\377@4\254\303\3544\305J\211\251R\311TE\231"
 274      4034ACC3 
 274      EC34C54A 
 274      89A952C9 
 274      544599
 275 094d 76DD5AB5 		.ascii	"v\335Z\265\323\035_\323\016\023\334\304\314\214J\255"
 275      D31D5FD3 
 275      0E13DCC4 
 275      CC8C4AAD 
 276 095d 14DC37D9 		.ascii	"\024\3347\331\316\301\255\036\014\356I\010n\265r\210"
 276      CEC1AD1E 
 276      0CEE4908 
 276      6EB57288 
 277 096d 532CB89B 		.ascii	"S,\270\233\022\2402\356bC4\264f\355w\303\217\231\322"
 277      12A032EE 
 277      624334B4 
 277      66ED77C3 
 277      8F99D2
 278 0980 74AFB0C5 		.ascii	"t\257\260\305\035?c\312\306\222\216no\374\023S\326T"
 278      1D3F63CA 
 278      C6928E6E 
ARM GAS  C:\Users\hgray\AppData\Local\Temp\ccvUTm38.s 			page 22


 278      6FFC1353 
 278      D654
 279 0992 F73DD563 		.ascii	"\367=\325c\336\203\301\222\326\256\347p\002Sz\232\253"
 279      DE83C192 
 279      D6AEE770 
 279      02537A9A 
 279      AB
 280 09a3 933DF04A 		.ascii	"\223=\360J\246$W^Y\356\201\3273%\253\253d\335\010\274"
 280      A624575E 
 280      59EE81D7 
 280      3325ABAB 
 280      64DD08BC 
 281 09b7 8529C7AF 		.ascii	"\205)\307\257\025\371\343\034\366\274\247d\345-7\274"
 281      15F9E31C 
 281      F6BCA764 
 281      E52D37BC 
 282 09c7 9F29B78B 		.ascii	"\237)\267\213\343\373\325\370 S\232\217\265\337\361"
 282      E3FBD5F8 
 282      20539A8F 
 282      B5DFF1
 283 09d6 C6C54C11 		.ascii	"\306\305L\021\227K\003[.{\263\017lG\302\301\016N;#\177"
 283      974B035B 
 283      2E7BB30F 
 283      6C47C2C1 
 283      0E4E3B23 
 284 09eb 6C3BD4E0 		.ascii	"l;\324\340\216\224\205\255P\326\036p[\221\237\014\256"
 284      8E9485AD 
 284      50D61E70 
 284      5B919F0C 
 284      AE
 285 09fc A942741B 		.ascii	"\251Bt\033k\000\277\\~w\245\323\262H\332\365\232\224"
 285      6B00BF5C 
 285      7E77A5D3 
 285      B248DAF5 
 285      9A94
 286 0a0e F0A19B6A 		.ascii	"\360\241\233j\275U\202\327(\341\262=\325i\247\273\000"
 286      BD5582D7 
 286      28E1B23D 
 286      D569A7BB 
 286      00
 287 0a1f 6BED79BA 		.ascii	"k\355y\272\326^\026\266\271\016X\247\257\301\366t\025"
 287      D65E16B6 
 287      B90E58A7 
 287      AFC1F674 
 287      15
 288 0a30 A413E43A 		.ascii	"\244\023\344:H;H+H\033\310E\220\233 \267@n\203\\\001"
 288      483B482B 
 288      481BC845 
 288      909B20B7 
 288      406E835C 
 289 0a45 B90472C3 		.ascii	"\271\004r\303\251\004\254\222\031S\2534fh\005\337k\226"
 289      A904AC92 
 289      1953AB34 
 289      666805DF 
 289      6B96
 290 0a57 E0E794F0 		.ascii	"\340\347\224\360\241\025\243\014\335\342\022-/\036d"
 290      A115A30C 
ARM GAS  C:\Users\hgray\AppData\Local\Temp\ccvUTm38.s 			page 23


 290      DDE2122D 
 290      2F1E64
 291 0a66 5E3CAB04 		.ascii	"^<\253\004\017-\310\257\312\340\215\256c$#o\261:W\272"
 291      0F2DC8AF 
 291      CAE08DAE 
 291      6324236F 
 291      B13A57BA 
 292 0a7a 2E7CEE64 		.ascii	".|\356d\270\214\274^I>\244`\254\227\241\317\270\216"
 292      B88CBC5E 
 292      493EA460 
 292      AC97A1CF 
 292      B88E
 293 0a8c BFBCD095 		.ascii	"\277\274\320\225\241O\273\346f\246\260b\350\306MV\376"
 293      A14FBBE6 
 293      66A6B062 
 293      E8C64D56 
 293      FE
 294 0a9d 5D7659FE 		.ascii	"]vY\376u\031v\304\361u\023(Y\235\353\360\311\313fY<"
 294      751976C4 
 294      F1751328 
 294      599DEBF0 
 294      C9CB6659 
 295 0ab2 9A5DBB58 		.ascii	"\232]\273X,\317\372\362\362\332\364\270\217~N\\\332"
 295      2CCFFAF2 
 295      F2DAF4B8 
 295      8F7E4E5C 
 295      DA
 296 0ac3 F9CE7168 		.ascii	"\371\316qh\224\257\313\204D\367 \017\177\251\234\024"
 296      94AFCB84 
 296      44F7200F 
 296      7FA99C14 
 297 0ad3 A67C5F03 		.ascii	"\246|_\003\365\013\272\013\244w\244U\3572-\377H]\365"
 297      F50BBA0B 
 297      A477A455 
 297      EF322DFF 
 297      485DF5
 298 0ae6 FA4DBB5E 		.ascii	"\372M\273^^-\334u*\302\272\204j\241\213V\013/ZV%\270"
 298      5E2DDC75 
 298      2AC2BA84 
 298      6AA18B56 
 298      0B2F5A56 
 299 0afc E158F6AF 		.ascii	"\341X\366\257\371\352\266\202\002-Nd\312\353\316\362"
 299      F9EAB682 
 299      022D4E64 
 299      CAEBCEF2 
 300 0b0c 760FBC9A 		.ascii	"v\017\274\232*\232\370\336\265qtE\030\347;\212\371\352"
 300      2A9AF8DE 
 300      B5717445 
 300      18E73B8A 
 300      F9EA
 301 0b1e 6E99CCB5 		.ascii	"n\231\314\265\017\300\214\236w\036H>\221<\373P\011\036"
 301      0FC08C9E 
 301      771E483E 
 301      913CFB50 
 301      091E
 302 0b30 9ABC0F3E 		.ascii	"\232\274\017>q\3760\206r;}t2\364}\327\344\262\363Bk"
 302      71FE3086 
ARM GAS  C:\Users\hgray\AppData\Local\Temp\ccvUTm38.s 			page 24


 302      723B7D74 
 302      32F47DD7 
 302      E4B2F342 
 303 0b45 194B981E 		.ascii	"\031K\230\036\347\204q\012\236\364\357\227\036!r\335"
 303      E784710A 
 303      9EF4EF97 
 303      1E2172DD 
 304 0b55 10B94710 		.ascii	"\020\271G\020\211\307 O@~\224\212\336M\235\257\333\021"
 304      89C7204F 
 304      407E948A 
 304      DE4D9DAF 
 304      DB11
 305 0b67 DE401DC5 		.ascii	"\336@\035\305\355\337T\267W\257\314\205\301c\3663`\371"
 305      EDDF54B7 
 305      57AFCC85 
 305      C163F633 
 305      60F9
 306 0b79 4F8CCCCA 		.ascii	"O\214\314\312\232\023j\022\343\247\000\356\225b\334"
 306      9A136A12 
 306      E3A700EE 
 306      9562DC
 307 0b88 23C6F8F8 		.ascii	"#\306\370\370\326\267\011\036\362\030?u\212q\237\020"
 307      D6B7091E 
 307      F2183F75 
 307      8A719F10 
 308 0b98 E33E1AE3 		.ascii	"\343>\032\343\364e\005\035\0329\370\252S\371\330/\200"
 308      F465051D 
 308      1A39F8AA 
 308      53F9D82F 
 308      80
 309 0ba9 C9FD633F 		.ascii	"\311\375c??\177\370\013[d\235o\215\262\007L\016\364"
 309      3F7FF80B 
 309      5B649D6F 
 309      8DB2074C 
 309      0EF4
 310 0bbb 8FB2FB2F 		.ascii	"\217\262\373/\012\215\360\3776*\332a\367\017\236\033"
 310      0A8DF0FF 
 310      362ADA61 
 310      F70F9E1B 
 311 0bcb 3431D0FF 		.ascii	"41\320\377\263\317\246\373\317\235\023\2648\200\274"
 311      B3CFA6FB 
 311      CF9D13B4 
 311      3880BC
 312 0bda 31DB1DE6 		.ascii	"1\333\035\346\210\210p\2770\355\254\317\347\371\030"
 312      888870BF 
 312      30EDACCF 
 312      E7F918
 313 0be9 0302543A 		.ascii	"\003\002T:\2639\306jsL\0144;\026\204}\034B\271\354\216"
 313      B339C66A 
 313      734C0C34 
 313      3B16847D 
 313      1C42B9EC 
 314 0bfe 98706B54 		.ascii	"\230pkT\210#**\302\036\262\320\026\343C\237|B\243#}"
 314      88232A2A 
 314      C21EB2D0 
 314      16E3439F 
 314      7C42A323 
ARM GAS  C:\Users\hgray\AppData\Local\Temp\ccvUTm38.s 			page 25


 315 0c13 2C91F32D 		.ascii	",\221\363-\341\341\226\360\220\217\374&\370\004N\010"
 315      E1E196F0 
 315      908FFC26 
 315      F8044E08 
 316 0c23 F8E8BB49 		.ascii	"\370\350\273I!\320\376\201-\312f\371\300\022:\337\032"
 316      21D0FE81 
 316      2DCA66F9 
 316      C0123ADF 
 316      1A
 317 0c34 62B58545 		.ascii	"b\265\205E\304\204[B\"C\201\313f\0111\207[\026\204\306"
 317      C4845B42 
 317      224381CB 
 317      66093187 
 317      5B1684C6 
 318 0c48 4438CC8E 		.ascii	"D8\314\216\245\337Z\354~\213TZq\274\277\376\242\343"
 318      A5DF5AEC 
 318      7E8B545A 
 318      71BCBFFE 
 318      A2E3
 319 0c5a D997DA43 		.ascii	"\331\227\332C`z\341@N\006\371\263%\314\021\025\375\221"
 319      607AE140 
 319      4E06F9B3 
 319      25CC1115 
 319      FD91
 320 0c6c F18FFFBB 		.ascii	"\361\217\377\273\217Tz\366d\266\332\254\016\203\231"
 320      8F547AF6 
 320      64B6DAAC 
 320      0E8399
 321 0c7b 74305BA3 		.ascii	"t0[\243\2773[\276\265FD-\214\261h\243-\013\301\026\263"
 321      BF335BBE 
 321      B546442D 
 321      8CB168A3 
 321      2D0BC116 
 322 0c90 23C0D518 		.ascii	"#\300\325\030aQ\221\221Q6a\230\251\246 c\320\022@\204"
 322      61519191 
 322      51366198 
 322      A9A62063 
 322      D0124084 
 323 0ca4 45455BC0 		.ascii	"EE[\300\274\017\177^\017\363\342?DB/C\330\242\340\245"
 323      BC0F7F5E 
 323      0FF3E23F 
 323      44422F43 
 323      D8A2E0A5 
 324 0cb8 F6B9D648 		.ascii	"\366\271\326HK\364\354P[x\204%z\316xWD\321\016\177\301"
 324      4BF4EC50 
 324      5B788425 
 324      7ACE7857 
 324      44D10E7F 
 325 0ccd 2BF002FC 		.ascii	"+\360\002\374\002]\307\230\315\363c\254\021\016\253"
 325      025DC798 
 325      CDF363AC 
 325      110EAB
 326 0cdc CD1C6D71 		.ascii	"\315\034mq\304D\333\314\241\341\341\321\026\273]\035"
 326      C444DBCC 
 326      A1E1E1D1 
 326      16BB5D1D 
 327 0cec 61095D30 		.ascii	"a\011]0\322\266\330\0326\303\026:?\302\302\3746\361"
ARM GAS  C:\Users\hgray\AppData\Local\Temp\ccvUTm38.s 			page 26


 327      D2B6D81A 
 327      36C3163A 
 327      3FC2C2FC 
 327      36F1
 328 0cfe DD5E132C 		.ascii	"\335^\023,\025l$\235a\0107\2431\3104\221\373\302\244"
 328      156C249D 
 328      610837A3 
 328      31C83491 
 328      FBC2A4
 329 0d11 9E1E34D5 		.ascii	"\236\0364\325\204\247\033M\352i\323\347\232\260\321"
 329      84A71B4D 
 329      EA69D3E7 
 329      9AB0D1
 330 0d20 68C22690 		.ascii	"h\302&\220\251&\023\3762\330\210\215\237\317U\033\215"
 330      A92613FE 
 330      32D8888D 
 330      9FCF551B 
 330      8D
 331 0d31 334C141F 		.ascii	"3L\024\037H\177\003\360\214Y&.\030z\316\231aR\007\007"
 331      487F03F0 
 331      8C59262E 
 331      187ACE99 
 331      61520707 
 332 0d45 01DA680A 		.ascii	"\001\332h\012\004\011\000\344_L?3\317\355\216H\222^"
 332      040900E4 
 332      5F4C3F33 
 332      CFED8E48 
 332      925E
 333 0d57 56E232FD 		.ascii	"V\3422\375\240bv\250\303\026\205F\033\242\354\241\021"
 333      A06276A8 
 333      C3168546 
 333      1BA2ECA1 
 333      11
 334 0d68 E0C5CFA2 		.ascii	"\340\305\317\242\302\376>3:*rN\260\311\245\017\011="
 334      C2FE3E33 
 334      3A2A724E 
 334      B0C9A50F 
 334      093D
 335 0d7a 81126792 		.ascii	"\201\022g\222;p\215\244\356\227u4\320\224\210\200\006"
 335      3B708DA4 
 335      EE977534 
 335      D0948880 
 335      06
 336 0d8b F3026831 		.ascii	"\363\002h1[\355\321\036\203M^fs\270\325N\\J\222\306"
 336      5BEDD11E 
 336      834D5E66 
 336      73B8D54E 
 336      5C4A92C6 
 337 0d9f 2B34E21F 		.ascii	"+4\342\037\241K\355\220J\021\360QL{G\370-K\034\304\261"
 337      A14BED90 
 337      4A11F051 
 337      4C7B47F8 
 337      2D4B1CC4 
 338 0db4 FEC6A0E0 		.ascii	"\376\306\240\3409\301\376F\210\276\377\0341\230\221"
 338      39C1FE46 
 338      88BEFF1C 
 338      319891
ARM GAS  C:\Users\hgray\AppData\Local\Temp\ccvUTm38.s 			page 27


 339 0dc3 76ABDDBC 		.ascii	"v\253\335\2740\214x{\0241\352\013\347d\030-\314m\236"
 339      308C787B 
 339      1431EA0B 
 339      E764182D 
 339      CC6D9E
 340 0dd6 2D426624 		.ascii	"-Bf$\265\332\251i452\306\346d\271^\326\350i6[l\242\351"
 340      B5DAA969 
 340      343532C6 
 340      E664B95E 
 340      D6E86936 
 341 0dee 6EC699B3 		.ascii	"n\306\231\263L\023\351o\240\373\324\331\323L\301$\250"
 341      4C13E96F 
 341      A0FBD4D9 
 341      D34CC124 
 341      A8
 342 0dff C124BA46 		.ascii	"\301$\272F\223\373\324/\247\005\314\370\234\336\003"
 342      93FBD42F 
 342      A705CCF8 
 342      9CDE03
 343 0e0e E1AE0100 		.ascii	"\341\256\001\000\334\264\244\231\000\311C \3531\307"
 343      DCB4A499 
 343      00C94320 
 343      EB31C7
 344 0e1d A4261C9C 		.ascii	"\244&\034\234\321u<e\323\017\236\313b:s\302\222%,\232"
 344      D1753C65 
 344      D30F9ECB 
 344      623A73C2 
 344      92252C9A 
 345 0e31 0B267C18 		.ascii	"\013&|\030\260d2\211\247\311h4\317\205\225d\272e\201"
 345      B0643289 
 345      A7C96834 
 345      CF859564 
 345      BA6581
 346 0e44 860C32F3 		.ascii	"\206\0142\363k\315\234\351\306/\246\317 Z\340\314\257"
 346      6BCD9CE9 
 346      C62FA6CF 
 346      205AE0CC 
 346      AF
 347 0e55 BDA74F9B 		.ascii	"\275\247O\233\025d\234'b\376\015\234Q\035\366"
 347      15649C27 
 347      62FE0D9C 
 347      511DF6
 348              		.text
 349              		.section	.gnu.lto_.symtab.1824dff4,"",%progbits
 350 0000 56656374 		.ascii	"Vector7C\000"
 350      6F723743 
 350      00
 351 0009 00       		.ascii	"\000"
 352 000a 00       		.ascii	"\000"
 353 000b 00       		.ascii	"\000"
 354 000c 00000000 		.ascii	"\000\000\000\000\000\000\000\000"
 354      00000000 
 355 0014 C5000000 		.ascii	"\305\000\000\000"
 356 0018 73745F6C 		.ascii	"st_lld_init\000"
 356      6C645F69 
 356      6E697400 
 357 0024 00       		.ascii	"\000"
ARM GAS  C:\Users\hgray\AppData\Local\Temp\ccvUTm38.s 			page 28


 358 0025 00       		.ascii	"\000"
 359 0026 00       		.ascii	"\000"
 360 0027 00000000 		.ascii	"\000\000\000\000\000\000\000\000"
 360      00000000 
 361 002f C7000000 		.ascii	"\307\000\000\000"
 362 0033 5F706F72 		.ascii	"_port_irq_epilogue\000"
 362      745F6972 
 362      715F6570 
 362      696C6F67 
 362      756500
 363 0046 00       		.ascii	"\000"
 364 0047 02       		.ascii	"\002"
 365 0048 00       		.ascii	"\000"
 366 0049 00000000 		.ascii	"\000\000\000\000\000\000\000\000"
 366      00000000 
 367 0051 CE000000 		.ascii	"\316\000\000\000"
 368 0055 63685379 		.ascii	"chSysTimerHandlerI\000"
 368      7354696D 
 368      65724861 
 368      6E646C65 
 368      724900
 369 0068 00       		.ascii	"\000"
 370 0069 02       		.ascii	"\002"
 371 006a 00       		.ascii	"\000"
 372 006b 00000000 		.ascii	"\000\000\000\000\000\000\000\000"
 372      00000000 
 373 0073 D0000000 		.ascii	"\320\000\000\000"
 374 0077 6E766963 		.ascii	"nvicEnableVector\000"
 374      456E6162 
 374      6C655665 
 374      63746F72 
 374      00
 375 0088 00       		.ascii	"\000"
 376 0089 02       		.ascii	"\002"
 377 008a 00       		.ascii	"\000"
 378 008b 00000000 		.ascii	"\000\000\000\000\000\000\000\000"
 378      00000000 
 379 0093 DB000000 		.ascii	"\333\000\000\000"
 380              		.text
 381              		.section	.gnu.lto_.opts,"",%progbits
 382 0000 272D666D 		.ascii	"'-fmath-errno' '-fsigned-zeros' '-ftrapping-math' '"
 382      6174682D 
 382      6572726E 
 382      6F272027 
 382      2D667369 
 383 0033 2D666E6F 		.ascii	"-fno-trapv' '-fno-openmp' '-fno-openacc' '-mcpu=cor"
 383      2D747261 
 383      70762720 
 383      272D666E 
 383      6F2D6F70 
 384 0066 7465782D 		.ascii	"tex-m0' '-mno-thumb-interwork' '-mthumb' '-O2' '-fo"
 384      6D302720 
 384      272D6D6E 
 384      6F2D7468 
 384      756D622D 
 385 0099 6D69742D 		.ascii	"mit-frame-pointer' '-falign-functions=16' '-ffuncti"
 385      6672616D 
ARM GAS  C:\Users\hgray\AppData\Local\Temp\ccvUTm38.s 			page 29


 385      652D706F 
 385      696E7465 
 385      72272027 
 386 00cc 6F6E2D73 		.ascii	"on-sections' '-fdata-sections' '-fno-common' '-flto"
 386      65637469 
 386      6F6E7327 
 386      20272D66 
 386      64617461 
 387 00ff 2700     		.ascii	"'\000"
 388              		.text
 389              		.comm	__gnu_lto_v1,1,1
 390              		.comm	__gnu_lto_slim,1,1
 391              		.ident	"GCC: (GNU Tools for Arm Embedded Processors 7-2017-q4-major) 7.2.1 20170904 (release) [ARM
ARM GAS  C:\Users\hgray\AppData\Local\Temp\ccvUTm38.s 			page 30


DEFINED SYMBOLS
                            *ABS*:00000000 hal_st_lld.c
                            *COM*:00000001 __gnu_lto_v1
                            *COM*:00000001 __gnu_lto_slim

NO UNDEFINED SYMBOLS
