ARM GAS  C:\Users\hunter\AppData\Local\Temp\cck3TNjF.s 			page 1


   1              		.cpu cortex-m0
   2              		.eabi_attribute 20, 1
   3              		.eabi_attribute 21, 1
   4              		.eabi_attribute 23, 3
   5              		.eabi_attribute 24, 1
   6              		.eabi_attribute 25, 1
   7              		.eabi_attribute 26, 1
   8              		.eabi_attribute 30, 2
   9              		.eabi_attribute 34, 0
  10              		.eabi_attribute 18, 4
  11              		.file	"hal_pal.c"
  12              		.section	.gnu.lto_.profile.3dd4afa6,"",%progbits
  13 0000 789C6363 		.ascii	"x\234cc```\001bF\006\015\031\000\000\344\000P"
  13      60606001 
  13      6246060D 
  13      190000E4 
  13      0050
  14              		.text
  15              		.section	.gnu.lto_.icf.3dd4afa6,"",%progbits
  16 0000 789C6363 		.ascii	"x\234cc``\020a@\000f\206g\335\017z\371\031\327\366/"
  16      60601061 
  16      40006686 
  16      67DD0F7A 
  16      F919D7F6 
  17 0015 3ACFCBF4 		.ascii	":\317\313\364\374\340\204M,\014\000^ \010\266"
  17      FCE0844D 
  17      2C0C005E 
  17      2008B6
  18              		.text
  19              		.section	.gnu.lto_.jmpfuncs.3dd4afa6,"",%progbits
  20 0000 789C6363 		.ascii	"x\234cc``hf@\000f\006FF\306\3729@\212\211\221\221\031"
  20      60606866 
  20      40006606 
  20      4646C6FA 
  20      39408A89 
  21 0017 C4006246 		.ascii	"\304\000bF&\030\207q\0163\023\033\003\003\343\001\026"
  21      26188771 
  21      0E33131B 
  21      0303E301 
  21      16
  22 0028 460620FE 		.ascii	"F\006 \376\017\004\374\014h|F\306)\314\214\323Z\017"
  22      0F04FC0C 
  22      687C46C6 
  22      29CC8CD3 
  22      5A0F
  23 003a 9D67EF66 		.ascii	"\235g\357f\006\352ed`\334\314(\003\024z\275g\303\015"
  23      06EA6564 
  23      60DCCC28 
  23      03147ABD 
  23      67C30D
  24 004d 56881044 		.ascii	"V\210\020D\335\026F\031\246JF\014\323\000\214y&%"
  24      DD164619 
  24      A64A460C 
  24      D3008C79 
  24      2625
  25              		.text
  26              		.section	.gnu.lto_.inline.3dd4afa6,"",%progbits
ARM GAS  C:\Users\hunter\AppData\Local\Temp\cck3TNjF.s 			page 2


  27 0000 789C6363 		.ascii	"x\234cc``\370\316\200\000\314\014\014\234\034\214\314"
  27      6060F8CE 
  27      8000CC0C 
  27      0C9C1C8C 
  27      CC
  28 0011 0C0A8C20 		.ascii	"\014\012\214 &\210t\000\223\012\034l\037\364\030\330"
  28      26887400 
  28      930A1C6C 
  28      1FF418D8 
  29 0021 16C83331 		.ascii	"\026\310310\276`g\201\220 \202\003\314\344\000\021\002"
  29      30BE6067 
  29      81902082 
  29      03CCE400 
  29      1102
  30 0033 60A600C8 		.ascii	"`\246\000\310\030F\006>^F\026F\240N\210!\012HF1p3]\340"
  30      1846063E 
  30      5E461646 
  30      A04E8821 
  30      0A484631 
  31 004b 87180564 		.ascii	"\207\030\005d\240\030\302\262@\236\007j\022\363\016"
  31      A018C2B2 
  31      409E076A 
  31      12F30E
  32 005a 710106A0 		.ascii	"q\001\006\240\2352 \276\002X^\001d2\023\003\2670\212"
  32      9D3220BE 
  32      02585E01 
  32      64321303 
  32      B7308A
  33 006d FBA04673 		.ascii	"\373\240Fs\002\345\210s\036\320R\011\220I,\274@\357"
  33      02E58873 
  33      1ED05209 
  33      90492CBC 
  33      40EF
  34 007f 4EF00341 		.ascii	"N\360\003A\006\000\373F \246"
  34      0600FB46 
  34      20A6
  35              		.text
  36              		.section	.gnu.lto_.pureconst.3dd4afa6,"",%progbits
  37 0000 789C6363 		.ascii	"x\234cc```\007bf\006)F)&I\000\001\274\000a"
  37      60606007 
  37      62660629 
  37      46292649 
  37      0001BC00 
  38              		.text
  39              		.section	.gnu.lto_palReadBus.3dd4afa6,"",%progbits
  40 0000 789C9591 		.ascii	"x\234\225\221MK[Q\020\206\347\275ssr\323\032\377\200"
  40      4D4B5B51 
  40      1086E7BD 
  40      737372D3 
  40      1AFF80
  41 0013 2EB2904A 		.ascii	".\262\220J\240\344\322\256\372\013\374\033E\263Q\020"
  41      A0E4D2AE 
  41      FA0BFC1B 
  41      45B35110 
  42 0023 1443A13B 		.ascii	"\024C\241;O\342G-Z\020\361\003\302U\262P\012\005Q1m"
  42      4FE2472D 
  42      5A10F103 
ARM GAS  C:\Users\hunter\AppData\Local\Temp\cck3TNjF.s 			page 3


  42      C255B250 
  42      0A055131 
  43 0038 DA54ED6D 		.ascii	"\332T\355m\012\356l\253\013Qp\325\256Z\212\324\322e"
  43      0AEE6CAB 
  43      0B5170D5 
  43      AE5A8AD4 
  43      D265
  44 004a B19D3951 		.ascii	"\261\2359Q\310\242\033\341\33693\347\314<\363\3169\206"
  44      C8A21BE1 
  44      DE3933E7 
  44      CC3CF3CE 
  44      3986
  45 005c 881E7B44 		.ascii	"\210\036{Dwe\355\220\037L\360f?\022\025\003\017P\307"
  45      7765ED90 
  45      1F4CF066 
  45      3F121503 
  45      0F50C7
  46 006f 06A0510F 		.ascii	"\006\240Q\017\243\230\341y\306\341\370f\304\323\034"
  46      A398E179 
  46      C6E1F866 
  46      C4D31C
  47 007e 499A2FE1 		.ascii	"I\232/\341\305A\371k\273\206@F\302\037\347\373\325\266"
  47      C541F96B 
  47      BB864046 
  47      C21FE7FB 
  47      D5B6
  48 0090 EC736B4B 		.ascii	"\354skK6^\2323+\325\3176\025\261G\213\222^E'\266\321"
  48      365E9A33 
  48      2BD5CF36 
  48      15B1478B 
  48      925E4527 
  49 00a6 A93D5E22 		.ascii	"\251=^\"+\311\023\207K\223\314Y\220\370\247?_\234\265"
  49      2BC91387 
  49      4B93CC59 
  49      90F8A73F 
  49      5F9CB5
  50 00b9 77AFB9C2 		.ascii	"w\257\271\302\337\253l\273\"f\274\002\267\026\312\026"
  50      DFAB6CBB 
  50      2266BC02 
  50      B716CA16 
  51 00c9 A1866ECD 		.ascii	"\241\206n\315\377\262u\271\2206~\205I\331\202|\015C"
  51      FFB275B9 
  51      90367E85 
  51      49D9827C 
  51      0D43
  52 00db 1067E328 		.ascii	"\020g\343(\021\333\313\277Ol|\266\206\345\236\224'e"
  52      11DBCBBF 
  52      4F6C7CB6 
  52      86E59E94 
  52      2765
  53 00ed 3E8B49F8 		.ascii	">\213I\370bLB=\243&\011e\005\244\362hJ\0302\253\215"
  53      624C423D 
  53      A3260965 
  53      05A4F268 
  53      4A1832AB 
  54 0102 E9A984E2 		.ascii	"\351\251\204\342\215\305\364\035\245\372\267g\037\214"
  54      8DC5F41D 
ARM GAS  C:\Users\hunter\AppData\Local\Temp\cck3TNjF.s 			page 4


  54      A5FAB767 
  54      1F8C
  55 0110 A2CBEC49 		.ascii	"\242\313\354I\323\305\211\306\247\244\016\313N\363N"
  55      D3C589C6 
  55      A7A40ECB 
  55      4EF34E
  56 011f E360DF54 		.ascii	"\343`\337T\260R\264\326f\"N\2269\2117:\240\336\313\364"
  56      B052B4D6 
  56      66224E96 
  56      3989373A 
  56      A0DECBF4 
  57 0133 DC09C275 		.ascii	"\334\011\302u;\353\216\002\324Q\301\202\012%\274E(\354"
  57      3BEB8E02 
  57      D451C182 
  57      0A25BC45 
  57      28EC
  58 0145 463DD504 		.ascii	"F=\325\004s+8\365?\360-\351\216\235+\360q\255^K\013"
  58      732B38F5 
  58      3FF02DE9 
  58      8E9D2BF0 
  58      71AD5E4B 
  59 015a 78BCA847 		.ascii	"x\274\250G\267\261\353\300:9\366\034\270t\015\366o$"
  59      B7B1EBC0 
  59      3A39F61C 
  59      B8740DF6 
  59      6F24
  60 016c B10DEF1C 		.ascii	"\261\015\357\034\311SR\354Hc\277&\321D%D\246\000[\351"
  60      C95352EC 
  60      4863BF26 
  60      D1442544 
  60      A6005BE9 
  61 0180 E646F434 		.ascii	"\346F\3644\336;\272{\252F\223\376\347\232\036\270\006"
  61      DE3BBA7B 
  61      AA4693FE 
  61      E79A1EB8 
  61      06
  62 0191 86CE51CA 		.ascii	"\206\316Q\312\\\355\350EM\311T\362\022\"\350N.\027\312"
  62      5CEDE845 
  62      4DC954F2 
  62      1222E84E 
  62      2E17CA
  63 01a4 97EF1FE8 		.ascii	"\227\357\037\350\033\030*\334{p?\034*\204\375\275\203"
  63      1B182ADC 
  63      7B703F1C 
  63      2A84FDBD 
  63      83
  64 01b5 616124AF 		.ascii	"aa$\257\353\303\341\336\301\\\236\270\357Q\341\037+"
  64      EBC3E1DE 
  64      C15C9EB8 
  64      EF51E11F 
  64      2B
  65 01c6 F3CF9A   		.ascii	"\363\317\232"
  66              		.text
  67              		.section	.gnu.lto_palWriteBus.3dd4afa6,"",%progbits
  68 0000 789C9553 		.ascii	"x\234\225SKk\023a\024\375\316\334\311\344\325\244.\005"
  68      4B6B1361 
  68      14FDCEDC 
ARM GAS  C:\Users\hunter\AppData\Local\Temp\cck3TNjF.s 			page 5


  68      C9E4D5A4 
  68      2E05
  69 0012 BBE8420C 		.ascii	"\273\350B\014Y\230\241\256\374\005\376\001\177\2004"
  69      5998A1AE 
  69      FC05FE01 
  69      7F8034
  70 0021 D93450A8 		.ascii	"\3314P\250\030]w\2226i\265\012E\232\024\302\264\204"
  70      185D7792 
  70      3669B50A 
  70      459A14C2 
  70      B484
  71 0033 8A510451 		.ascii	"\212Q\004Q\361\021\233\326:F\255\233Vi\021Qp\245\340"
  71      F1119BD6 
  71      3A46AD9B 
  71      56691151 
  71      70A5E0
  72 0046 42505270 		.ascii	"BPRp\341\242$\336\373%\321(n:\314\334\271\317s\317\234"
  72      E1A224DE 
  72      FB25D128 
  72      6E3ACCDC 
  72      B9CF73CF 
  73 005b 99B19452 		.ascii	"\231\261\224R\247I\251\021\276\037\341\013\244`\314"
  73      A749A911 
  73      BE1FE10B 
  73      A460CC
  74 006a BF562A1B 		.ascii	"\277V*\0330\000q\234\000\324\244\201I\\\246\005Bc\346"
  74      3000719C 
  74      00D4A481 
  74      495CA605 
  74      4263E6
  75 007d CBAA11BF 		.ascii	"\313\252\021\277\341\360\341-\376\260\012N\376\260\313"
  75      E1F0E12D 
  75      FEB00A4E 
  75      FEB0CB
  76 008c E325BEE4 		.ascii	"\343%\276\344\300}\304\271kg\372\256Ks\344\022`r\270"
  76      C07DC4B9 
  76      6B67FAAE 
  76      4B73E412 
  76      6072B8
  77 009f B75DFE1C 		.ascii	"\267]\376\034\225\320\3000\207\371\235\305\002Q\034"
  77      95D0C030 
  77      87F99DC5 
  77      02511C
  78 00ae 8AFD0FCD 		.ascii	"\212\375\017\315[\037\243\261\353\216\223s\274\375k"
  78      5B1FA3B1 
  78      EB8E9373 
  78      BCFD6B
  79 00bd E41C7589 		.ascii	"\344\034u\211\360\010\304\200x\210!<\300\220\342\224"
  79      F008C480 
  79      7888213C 
  79      C090E294 
  80 00cd 420D316E 		.ascii	"B\0151n_j\255\274\012\323q=Z\335pS\335\311\255\252\236"
  80      5F6AADBC 
  80      0AD3713D 
  80      5ADD7053 
  80      DDC9ADAA 
  81 00e2 34F1F8DF 		.ascii	"4\361\370\337ISa\0251i\377t\257U\214Xf\245\307\026u"
ARM GAS  C:\Users\hunter\AppData\Local\Temp\cck3TNjF.s 			page 6


  81      49536115 
  81      3169FF74 
  81      AF558C58 
  81      66A5C716 
  82 00f7 580AECDC 		.ascii	"X\012\354\334\331\365yN\253=\303\004\252h\237\032\004"
  82      D9F5794E 
  82      AB3DC304 
  82      AA689F1A 
  82      04
  83 0108 64C4E061 		.ascii	"d\304\340a\037\2111\305\370\330X\226\030\277\204\001"
  83      1F8931C5 
  83      F8D85896 
  83      18BF8401 
  84 0118 31413121 		.ascii	"1A1!6\376\260x\021\010I\245f\031\235\205s<u\221\014"
  84      36FEB078 
  84      110849A5 
  84      66199D85 
  84      733C7591 
  85 012d F1A63CF5 		.ascii	"\361\246<\365\025\271V\341[m@\226\226\311(\023$U\017"
  85      15B956E1 
  85      5B6D4096 
  85      96C92813 
  85      24550F
  86 0140 766211B6 		.ascii	"vb\021\266\224o\274\361\213F\244\037n\275\261\275iU"
  86      946FBCF1 
  86      8B46A41F 
  86      6EBDB1BD 
  86      6955
  87 0152 B09C65A1 		.ascii	"\260\234e\241\207]\012\224)\2025~\"\251\355\315]}\017"
  87      875D0A94 
  87      2982357E 
  87      22A9EDCD 
  87      5D7D0F
  88 0165 FBB633AF 		.ascii	"\373\2663\257KA\254\243\202\242~\001x\002\233\201\247"
  88      4B41ACA3 
  88      82A27E01 
  88      78029B81 
  88      A7
  89 0176 F60BE820 		.ascii	"\366\013\350 \233z\031\365/\363\035\010=\204\015\215"
  89      9B7A19F5 
  89      2FF31D08 
  89      3D840D8D 
  90 0186 2E42E169 		.ascii	".B\341i\007\275\324C\357\242\3556\267\226\302B\335\302"
  90      07BDD443 
  90      EFA2ED36 
  90      B796C242 
  90      DDC2
  91 0198 21780CC3 		.ascii	"!x\014\303=\315^\217_\223\260\376b\305\373\320a\365"
  91      3DCD5E8F 
  91      5F93B0FE 
  91      62C5FBD0 
  91      61F5
  92 01aa A72FA8D3 		.ascii	"\247/\250\323\276~\246\241\0031\015\343\231fj\010\323"
  92      BE7EA6A1 
  92      03310DE3 
  92      99666A08 
  92      D3
ARM GAS  C:\Users\hunter\AppData\Local\Temp\cck3TNjF.s 			page 7


  93 01bb 4687E9CF 		.ascii	"F\207\351\317\036zX\023\011r\256\361\366\222\316\365"
  93      1E7A5813 
  93      0972AEF1 
  93      F692CEF5 
  94 01cb 4B3EF03F 		.ascii	"K>\360?\311#L\000\317\273\253\336\325\352\265\010\257"
  94      C9234C00 
  94      CFBBABDE 
  94      D5EAB508 
  94      AF
  95 01dc 9ACE4A29 		.ascii	"\232\316J)\212\027z\225h\316\305\265\345\225\233\370"
  95      8A177A95 
  95      68CEC5B5 
  95      E5959BF8 
  96 01ec 5D1CC44B 		.ascii	"]\034\304K\330E\376\360\230\306&l\336\255\276#Wi_\321"
  96      D845FEF0 
  96      98C6266C 
  96      DEADBE23 
  96      57695FD1 
  97 0200 6BF55F32 		.ascii	"k\365_2\313r\362w\301L\217%\0226\237\251\261t2=\221"
  97      CB72F277 
  97      C14C8F25 
  97      12369FA9 
  97      B174323D 
  98 0215 193979C2 		.ascii	"\0319y\302\236\310\330c\243\343v\346\\J\356g\316\216"
  98      9EC8D863 
  98      A3E376E6 
  98      5C4AEE67 
  98      CE8E
  99 0227 8E27528A 		.ascii	"\216'R\212\222\0272f2}>\363\013-\257\016\342"
  99      92173266 
  99      327D3EF3 
  99      0B2DAF0E 
  99      E2
 100              		.text
 101              		.section	.gnu.lto_palSetBusMode.3dd4afa6,"",%progbits
 102 0000 789C9592 		.ascii	"x\234\225\222\317O\023A\024\307\337w\336v\267\005\341"
 102      CF4F1341 
 102      14C7DF77 
 102      DE76B705 
 102      E1
 103 0011 4C02871E 		.ascii	"L\002\207\036\214M\017v\203'\377\003\377\014\003\205"
 103      8C4D0F76 
 103      8327FF03 
 103      FF0C0385 
 104 0021 0408A6C6 		.ascii	"\004\010\246\306\306s\207b\013\006\023\210BI\312\206"
 104      C6738762 
 104      0B061388 
 104      4249CA86 
 105 0031 F4403531 		.ascii	"\364@511h\370\241\005\324\265\007N\240\201\223\006\364"
 105      3168F8A1 
 105      05D4B507 
 105      4EA08193 
 105      06F4
 106 0043 200989A6 		.ascii	" \011\211\246\022\210W@\337\014r\220\033\223\235\231"
 106      12885740 
 106      DF0C7290 
 106      1B939D99 
ARM GAS  C:\Users\hunter\AppData\Local\Temp\cck3TNjF.s 			page 8


 107 0053 373BEFFB 		.ascii	"7;\357\373\231\357\274\214KD\003\212\250S\346v\351`"
 107      99EFBC8C 
 107      4B44038A 
 107      A853E676 
 107      E960
 108 0065 829AF848 		.ascii	"\202\232\370H4\024U\200\011t\024\224S\310\341\021O2"
 108      34145580 
 108      09741494 
 108      53C8E111 
 108      4F32
 109 0077 EA23FB35 		.ascii	"\352#\3735\225|\246\245\205\323\333^Q\027\332\002&*"
 109      957CA6A5 
 109      85D3DB5E 
 109      5117DA02 
 109      262A
 110 0089 49370D0B 		.ascii	"I7\015\013HJ\326\326\203\227\001\217q\300\200#\313\243"
 110      484AD6D6 
 110      8397018F 
 110      71C08023 
 110      CBA3
 111 009b CDF25EAB 		.ascii	"\315\362^\253Y*\304eY\330\232.2'A\022\1779|\276\333"
 111      592AC465 
 111      59D89A2E 
 111      32274112 
 111      7F397CBE 
 112 00b0 9AA86A9D 		.ascii	"\232\250j\235\327\341\306\034\353\253\0013\226\301\002"
 112      D7E1C61C 
 112      EBAB0133 
 112      96C102
 113 00bf C4123AB0 		.ascii	"\304\022:\260\210\016\222_\204\327HH\372\357\205\352"
 113      880E925F 
 113      84D74848 
 113      FAEF85EA 
 114 00cf 9366BE6E 		.ascii	"\223f\276n\245\337\016\026g\232\376I\217\253V\352\340"
 114      A5DF0E16 
 114      679AFE49 
 114      8FAB56EA 
 114      E0
 115 00e0 CD45A943 		.ascii	"\315E\251C\250!a\362\277\277:\235jq\235\312\271]\254"
 115      A82161F2 
 115      BFBF3A9D 
 115      6A719DCA 
 115      B95DAC
 116 00f3 C0254830 		.ascii	"\300%H0\277\035\011\365\351\237\021\0356\236\342\353"
 116      BF1D09F5 
 116      E99F111D 
 116      369EE2EB 
 117 0103 AD981259 		.ascii	"\255\230\022Y\204ep\035\031\274\210\211\\\030\007\036"
 117      8465701D 
 117      19BC8889 
 117      5C18071E 
 118 0113 2C8C4645 		.ascii	",\214FE/\265\321!=de\242\341\220~\"\277\362\343W\332"
 118      2FB5D121 
 118      3D6465A2 
 118      E1907E22 
 118      BFF2E357 
 119 0128 50CBACE4 		.ascii	"P\313\254\344\274R\241\376\3113\267fkw\255\276\271\356"
ARM GAS  C:\Users\hunter\AppData\Local\Temp\cck3TNjF.s 			page 9


 119      BC52A1FE 
 119      C933B766 
 119      6B77ADBE 
 119      B9EE
 120 013a 56303B24 		.ascii	"V0;$\245\213\007\034-\263\213U\261h\366\216\306\036"
 120      A58B071C 
 120      2DB38B55 
 120      B168F68E 
 120      C61E
 121 014c 7F86FF42 		.ascii	"\177\206\377BO\330\255\030\326P\301\224-)\336\302\267"
 121      4FD8AD18 
 121      D650C194 
 121      2D29DEC2 
 121      B7
 122 015d E8D81998 		.ascii	"\350\330\031\230/Ej\302;K2\267\304\373\377I\316\245"
 122      2F456AC2 
 122      3B4B32B7 
 122      C4FBFF49 
 122      CEA5
 123 016f 48CD082D 		.ascii	"H\315\010-I\031\322\007K\032>,\342\014\025\021_\002"
 123      4919D207 
 123      4B1A3E2C 
 123      E20C1511 
 123      5F02
 124 0181 A4068A71 		.ascii	"\244\006\212q[U\221\327j\215\035/w\242\243\001_)\031"
 124      5B5591D7 
 124      6A8D1D2F 
 124      77A2A301 
 124      5F2919
 125 0194 03A82347 		.ascii	"\003\250#GR\031\233\356\005\334B\007\310WV\307-\303"
 125      52199BEE 
 125      05DC4207 
 125      C85756C7 
 125      2DC3
 126 01a6 3E9E5149 		.ascii	">\236QI\223Z\312\021\327R)_\276t_\177w\177&\333y\363"
 126      935ACA11 
 126      D752295F 
 126      BE745F7F 
 126      777F26DB 
 127 01bc 869FC9FA 		.ascii	"\206\237\311\372}]\203~\366^\332\314\267\357v\015\246"
 127      7D5D837E 
 127      F65EDACC 
 127      B7EF760D 
 127      A6
 128 01cd D2C4DDF7 		.ascii	"\322\304\335\367\263\316\235LO\357_\3773\315\242"
 128      B3CE9D4C 
 128      4FEF5FFF 
 128      33CDA2
 129              		.text
 130              		.section	.gnu.lto_.symbol_nodes.3dd4afa6,"",%progbits
 131 0000 789C6363 		.ascii	"x\234cc``\010\004b\006\246\353\214\365\014\014\023\316"
 131      60600804 
 131      6206A6EB 
 131      8CF50C0C 
 131      13CE
 132 0012 313000A9 		.ascii	"10\000\251]\015\216@\221\033\214\365\214\250\"7\031"
 132      5D0D8E40 
ARM GAS  C:\Users\hunter\AppData\Local\Temp\cck3TNjF.s 			page 10


 132      911B8CF5 
 132      8CA82237 
 132      19
 133 0023 EB995044 		.ascii	"\353\231PD\030\3570\3263\203E\030\030\032\032\034\030"
 133      18EF30D6 
 133      33834518 
 133      181A1A1C 
 133      18
 134 0034 18989998 		.ascii	"\030\230\231\230\031\226<\374\307\310\000\000o\342\024"
 134      19963CFC 
 134      C7C80000 
 134      6FE214
 135 0043 FB       		.ascii	"\373"
 136              		.text
 137              		.section	.gnu.lto_.refs.3dd4afa6,"",%progbits
 138 0000 789C6363 		.ascii	"x\234cc```\004b\006\000\000D\000\010"
 138      60606004 
 138      62060000 
 138      440008
 139              		.text
 140              		.section	.gnu.lto_.decls.3dd4afa6,"",%progbits
 141 0000 789CAD58 		.ascii	"x\234\255X{P\024G\032\237\236\336\205eX\300\002\357"
 141      7B501447 
 141      1A9F9EDE 
 141      856558C0 
 141      02EF
 142 0012 CA3B298B 		.ascii	"\312;)\2132h\366r\011\010\336\231\324\225\271J|Dsg\016"
 142      3268F672 
 142      0908DE99 
 142      D495B94A 
 142      7C447367 
 143 0027 0B934B59 		.ascii	"\013\223KY\307\335\006a\215\324\001\353\261\313U\345"
 143      C7DD0661 
 143      8DD401EB 
 143      B1CB55E5 
 144 0037 AF1B5844 		.ascii	"\257\033XD|F|\240\202\011\010\212\342\0034\"\202(\220"
 144      7C467CA0 
 144      8209088A 
 144      E2033422 
 144      822890
 145 004a F5018A28 		.ascii	"\365\001\212(\242\242\030\037\030\025\360\031@\203\362"
 145      A2A2181F 
 145      1815F019 
 145      4083F2
 146 0059 10EEEBEE 		.ascii	"\020\356\353\356\231\235ae\222\334U\246\350\355\351"
 146      999D6165 
 146      92DC55A6 
 146      E8EDE9
 147 0068 9EAFBFDF 		.ascii	"\236\257\277\337\357\373\365\327\3353xp\034\367(\200"
 147      EFFBF5D7 
 147      DD337870 
 147      1CF72880 
 148 0078 E3E6608E 		.ascii	"\343\346`\216\333\2028n\010.\035\364}\015\005\272\270"
 148      DB82386E 
 148      082E1DF4 
 148      7D0D05BA 
 148      B8
ARM GAS  C:\Users\hunter\AppData\Local\Temp\cck3TNjF.s 			page 11


 149 0089 51D0E784 		.ascii	"Q\320\347\204\332\037jr\221g\277\202\373qP^\201\362"
 149      DA1F6A72 
 149      9167BF82 
 149      FB71505E 
 149      81F2
 150 009b 1BA95F7D 		.ascii	"\033\251_}M\3469\316\227\214\2012\232c\343\211\237~"
 150      4DE639CE 
 150      978C8132 
 150      9A63E389 
 150      9F7E
 151 00ad A85F8532 		.ascii	"\250_\2052\037\212\037\264_\203\362[(}\320\256\205\362"
 151      1F8A1FB4 
 151      5F83F25B 
 151      287DD0AE 
 151      85F2
 152 00bf 3ADCBF81 		.ascii	":\334\277\201\030\206'\324\217\241\026\240\366\206\202"
 152      188627D4 
 152      8FA116A0 
 152      F68682
 153 00ce 245C524F 		.ascii	"$\\ROu\303|\033\360FA\375\211\012S\346-\343\365K\230"
 153      75C37C1B 
 153      F04641FD 
 153      890A53E6 
 153      2DE3F54B 
 154 00e3 C4FFEB6E 		.ascii	"\304\377\353n\330\267$|=\307\260\010&\301\177\006\355"
 154      D8B7247C 
 154      3DC7B008 
 154      26C17F06 
 154      ED
 155 00f4 EB1CC31C 		.ascii	"\353\034\303\034'a\277\353\206=K\212\325\035\333_#^"
 155      2761BFEB 
 155      863D4B8A 
 155      D51DDB5F 
 155      235E
 156 0106 197F1A14 		.ascii	"\031\177\032\024\023b\032{\"\005\027\334\271t%P\177"
 156      13621A7B 
 156      220517DC 
 156      B9742550 
 156      7F
 157 0117 72C35B8F 		.ascii	"r\303[\217\321\371\264}[\360\012\214\374\005\244\203"
 157      D1F9B47D 
 157      5BF00A8C 
 157      FC05A483 
 158 0127 665743F6 		.ascii	"fWC\366m_h\216\026P\0204\263+\237\236\326\263\247\006"
 158      6D5F688E 
 158      16501034 
 158      B32B9F9E 
 158      D6B3A706 
 159 013b 680E15EE 		.ascii	"h\016\025\356[f\300<\"\003\257\327\025\355&\003_\025"
 159      5B66C03C 
 159      2203AFD7 
 159      15ED2603 
 159      5F15
 160 014d 1099663F 		.ascii	"\020\231f?\350*yX\321\353\303\272\210E\367\326\322\265"
 160      E82A7958 
 160      D1EBC3BA 
 160      8845F7D6 
ARM GAS  C:\Users\hunter\AppData\Local\Temp\cck3TNjF.s 			page 12


 160      D2B5
 161 015f 1ED893DE 		.ascii	"\036\330\223\336\177\333\265\351\222O\310\036\221]\206"
 161      7FDBB5E9 
 161      924FC81E 
 161      915D86
 162 016e BF73A802 		.ascii	"\277s\250\002a\231C\323\347\335\333<\361\024b\310\337"
 162      619943D3 
 162      E7DDDB3C 
 162      F11462C8 
 162      DF
 163 017f 6CE9BFE6 		.ascii	"l\351\277\346\213\004S\206(\246\212y\016\321k6\207J"
 163      8B045386 
 163      28A68A79 
 163      0ED16B36 
 163      874A
 164 0191 51203A80 		.ascii	"Q :\200\0029t\024\231\210\363\303(\204C\345\320y\010"
 164      02397414 
 164      9988F3C3 
 164      288443E5 
 164      D07908
 165 01a4 3A0B89C3 		.ascii	":\013\211\303\232s\233\376\270\271[\024\203\320\021"
 165      9A739BFE 
 165      B8B95B14 
 165      83D011
 166 01b3 24A04A84 		.ascii	"$\240J\204\251\015\004\375\252\300 \212\266e\346{\340"
 166      A90D04FD 
 166      AAC0208A 
 166      B665E67B 
 166      E0
 167 01c4 9D886254 		.ascii	"\235\210bT\346\334=\301ka\324hc\024\217?\271D\024yT"
 167      E6DC3DC1 
 167      6B61D468 
 167      63148F3F 
 167      B9441479 
 168 01d9 0D18550A 		.ascii	"\015\030U\012\006@2\220\264\343=\231>x\025\325\207o"
 168      06403290 
 168      B4E33D99 
 168      3E7815D5 
 168      876F
 169 01eb EB4D2BF5 		.ascii	"\353M+\365\326\0029\246\011r\271\336T~\221\004\342\004"
 169      D60239A6 
 169      0972B9DE 
 169      547E9104 
 169      E204
 170 01fd 90AF1590 		.ascii	"\220\257\025\220j\031\344RWw\226/\276\302&A\236.\177"
 170      6A19E452 
 170      5777962F 
 170      BEC22641 
 170      9E2E7F
 171 0210 365DFB86 		.ascii	"6]\373\206\326\267\372\340\233\354\331\246\246\3753"
 171      D6B7FAE0 
 171      9BECD9A6 
 171      A6FD33
 172 021f 054077FC 		.ascii	"\005@w\374\244\020a\300\343\264\273\255\336\314\331"
 172      A41061C0 
 172      E3B4BBAD 
 172      DECCD9
ARM GAS  C:\Users\hunter\AppData\Local\Temp\cck3TNjF.s 			page 13


 173 022e 183265A9 		.ascii	"\0302e\251\245u>\370\016s\266j\275\323\251\303\367Y"
 173      A5753EF8 
 173      0E73B66A 
 173      BDD3A9C3 
 173      F759
 174 0240 A36073E6 		.ascii	"\243`s\346R=\376\2165\212\326\256\331'\340.\326h\352"
 174      523DFE8E 
 174      358AD6AE 
 174      D927E02E 
 174      D668EA
 175 0253 3CF38537 		.ascii	"<\363\2057K\237Q\320<1\364\254\306\217y\344\011\243"
 175      4B9F51D0 
 175      3C31F4AC 
 175      C68F79E4 
 175      09A3
 176 0265 5D97FBBC 		.ascii	"]\227\373\274\360\023f\272\275\257\277\223\344\317D"
 176      F01366BA 
 176      BDAFBF93 
 176      E4CF44
 177 0274 923F5895 		.ascii	"\222?X\225=\023Y\366T\327\237*4\342^&fq\366\300\200"
 177      3D1359F6 
 177      54D79F2A 
 177      34E25E26 
 177      6671F6C0 
 178 0289 9F2CE61A 		.ascii	"\237,\346\032\207\2507q\250\001\230\237%\341\\\204p"
 178      87A83771 
 178      A801989F 
 178      25E15C84 
 178      70
 179 029a 264AE19C 		.ascii	"&J\341\234\207\316FUVL\334\270\224\314\330\005\020\263"
 179      87CE4655 
 179      564CDCB8 
 179      94CCD805 
 179      10B3
 180 02ac 491173A2 		.ascii	"I\021s\242\244eU\3467m\002N\303\024#\265q\303\023M\214"
 180      A46555E6 
 180      376D024E 
 180      C31423B5 
 180      71C3134D 
 181 02c1 CBDA18C5 		.ascii	"\313\332\030\305\341\307iV4\003\306%\005\343\202<a\251"
 181      E1C76956 
 181      3403C625 
 181      05E3823C 
 181      61A9
 182 02d3 CFF38F18 		.ascii	"\317\363\217\030\360*\012\242\353\331y\260\331\027\005"
 182      F02A0AA2 
 182      EBD979B0 
 182      D91705
 183 02e2 04079B32 		.ascii	"\004\007\2332\311\3505P\020\257L\015\207ZP\000\361\200"
 183      C9E83550 
 183      10AF4C0D 
 183      875A5000 
 183      F180
 184 02f4 AE01E055 		.ascii	"\256\001\340U\024\214\276A\301t\231\344\023V5\347\356"
 184      148CBE41 
 184      C17499E4 
 184      135635E7 
ARM GAS  C:\Users\hunter\AppData\Local\Temp\cck3TNjF.s 			page 14


 184      EE
 185 0305 4FCAE9BE 		.ascii	"O\312\351\276#\212\313\215\024\356\012\300\221\001."
 185      238ACB8D 
 185      14EE0AC0 
 185      91012E
 186 0314 9AA1C445 		.ascii	"\232\241\304EX\240\313\376\376\330\315bM*\246\306\347"
 186      58A0CBFE 
 186      FED8CD62 
 186      4D2AA6C6 
 186      E7
 187 0325 46346E20 		.ascii	"F4n \250R(7r\004X\233\304\210\223\242`\013TW\353|P*"
 187      A8522837 
 187      7204589B 
 187      C48893A2 
 187      600B5457 
 188 033d A0E0E0D1 		.ascii	"\240\340\340\321&\346\2669\307\277\300!\326M\242+\241"
 188      26E6B639 
 188      C7BFC021 
 188      D64DA22B 
 188      A1
 189 034e 1EFCDE44 		.ascii	"\036\374\336D\243\225\364\032F\002\334\366\344\370\246"
 189      A395F41A 
 189      4602DCF6 
 189      E4F8A6
 190 035d 501604FD 		.ascii	"P\026\004\375\214\266\365Zb\015\271*\"\235Z\021bM\024"
 190      8CB6F55A 
 190      620DB92A 
 190      229D5A11 
 190      624D14
 191 0370 690545AE 		.ascii	"i\005E\256\203\"7$E\030\347\2639cR`\004\261\032N\032"
 191      83223724 
 191      4518E7B3 
 191      39635260 
 191      04B11A4E 
 192 0385 351C5E5B 		.ascii	"5\034^[\3525\032\234\246h;\345\206yT%\260?K\340\264"
 192      EA351A9C 
 192      A6683BE5 
 192      86795425 
 192      B03F4BE0 
 193 039a 63970E1A 		.ascii	"c\227\016\032\361Y:w\350n}I\252\0017\261\306\227\015"
 193      F1593A77 
 193      E86E7D49 
 193      AA0137B1 
 193      C6970D
 194 03ad C5F57ADC 		.ascii	"\305\365z\334\314\032\225\273\213\233x|\2155\366Tt\256"
 194      CC1A95BB 
 194      8B9B787C 
 194      8D35F654 
 194      74AE
 195 03bf 40F80E6B 		.ascii	"@\370\016kt--\261\343\007\354>\347\311\365{^\314\267"
 195      742D2DB1 
 195      E307EC3E 
 195      E7C9F57B 
 195      5ECCB7
 196 03d2 099A9F37 		.ascii	"\011\232\2377\346~c`k\245\206\254\216\347[\357\254\345"
 196      E67E6360 
 196      6BA586AC 
ARM GAS  C:\Users\hunter\AppData\Local\Temp\cck3TNjF.s 			page 15


 196      8EE75BEF 
 196      ACE5
 197 03e4 7117B535 		.ascii	"q\027\2655\256lt\234\323\203\342p\005\004\233H\225/"
 197      AE6C749C 
 197      D383E270 
 197      05049B48 
 197      952F
 198 03f6 A639C49A 		.ascii	"\2469\304\232\266lI\371ZP\276\035\264\354\002M\207k"
 198      B66C49F9 
 198      5A50BE1D 
 198      B4EC024D 
 198      876B
 199 0408 598A98F4 		.ascii	"Y\212\230\364\304\33496[\254\201\374&\326\267\335\255"
 199      C4DC3936 
 199      5BAC81FC 
 199      26D6B7DD 
 199      AD
 200 0419 BF45EEE6 		.ascii	"\277E\356\346}\277V\314\357\214l\036\246Xw\253\254\357"
 200      7DBF56CC 
 200      EF8C6C1E 
 200      A65877AB 
 200      ACEF
 201 042b BA5B1F7C 		.ascii	"\272[\037|\311\2713P1?\345n^\2472WV\006L\331}\260\270"
 201      C9B93350 
 201      313FE56E 
 201      5EA73257 
 201      56064CD9 
 202 0442 471F7649 		.ascii	"G\037vI+\343\011\344\301S\230\265\207Pz\240|\007\345"
 202      2BE309E4 
 202      C15398B5 
 202      87507AA0 
 202      7C07E5
 203 0455 31944750 		.ascii	"1\224GP\236A\351\204\322\015\345{\327\312!\350\247U"
 203      9E41E984 
 203      D20DE57B 
 203      D7CA21E8 
 203      A755
 204 0467 E827DDD1 		.ascii	"\350'\335\321O(\241IY\225\355O\263\252k\370R`\256n\250"
 204      4F28A149 
 204      5995ED4F 
 204      B3AA6BF8 
 204      5260AE6E 
 205 047c E7A063C4 		.ascii	"\347\240c\3049P\251\324\244\002~02\260Z\245\373*Q\333"
 205      3950A9D4 
 205      A4027E30 
 205      32B05AA5 
 205      FB2A51DB 
 206 0490 46165576 		.ascii	"F\026Uv\016\213j0G`\346\267 \237O\217,*5\207\374\252"
 206      0E8B6A30 
 206      4760E6B7 
 206      209F4F8F 
 206      2C2A3587 
 207 04a6 69785EAA 		.ascii	"ix^\252\307=l\263\253*\333~\324\023\231\002\244\205"
 207      C73D6CB3 
 207      AB2ADB7E 
 207      D4139902 
 207      A485
ARM GAS  C:\Users\hunter\AppData\Local\Temp\cck3TNjF.s 			page 16


 208 04b8 BFC5832C 		.ascii	"\277\305\203,\374>\030\374\\\331\301H\360\032\263\201"
 208      FC3E18FC 
 208      5CD9C148 
 208      F01AB381 
 209 04c8 7A6112FE 		.ascii	"za\022\376\337\011\001._\024\027wa\343r\327\321H\241"
 209      DF09012E 
 209      5F141777 
 209      61E372D7 
 209      D148A1
 210 04db 95D5D98F 		.ascii	"\225\325\331\217\214\022\011\260=\264lS\273\017v\350"
 210      8C1209B0 
 210      3DB46C53 
 210      BB0F76E8 
 211 04eb 28EF2B1D 		.ascii	"(\357+\035U\217<\221\321\2441\024\015\002\027e\264|"
 211      558F3C91 
 211      D1A43114 
 211      0D021765 
 211      B47C
 212 04fd A4065776 		.ascii	"\244\006Wv\222#\365\005<\030P\342\003;\206\320\337\261"
 212      9223F505 
 212      3C1850E2 
 212      033B86D0 
 212      DFB1
 213 050f BE05B185 		.ascii	"\276\005\261\205i$\033veK\246\037[\230\255\344\361\323"
 213      69241B76 
 213      654BA61F 
 213      5B98ADE4 
 213      F1D3
 214 0521 75576FFA 		.ascii	"uWo\372\342\325\272a\257=\363_~\355\231\317\016\256"
 214      E2D5BA61 
 214      AF3DF35F 
 214      7EED99CF 
 214      0EAE
 215 0533 878DE72E 		.ascii	"\207\215\347. \274\201\361\275\332}\036k\275\004\244"
 215      20BC81F1 
 215      BDDA7D1E 
 215      6BBD04A4 
 216 0543 F3263286 		.ascii	"\363&2\206nC\016>\020\245\362\256\227\200\225\257<\034"
 216      6E430E3E 
 216      10A5F2AE 
 216      978095AF 
 216      3C1C
 217 0555 248C97F0 		.ascii	"$\214\227\360\002J\343]\214\347\263#E\2777\367t:\354"
 217      024AE35D 
 217      8CE7B323 
 217      45BF37F7 
 217      743AEC
 218 0568 0E0126B2 		.ascii	"\016\001&\262-\320s!\027\367n_\275J\314s\"\032\345q"
 218      2DD07321 
 218      17F76E5F 
 218      BD4ACC73 
 218      221AE571 
 219 057c 8832831F 		.ascii	"\2102\203\0371+\207\315\247\010\260CTrbM&s\031\220Z"
 219      312B87CD 
 219      A708B043 
 219      5472624D 
 219      26731990 
ARM GAS  C:\Users\hunter\AppData\Local\Temp\cck3TNjF.s 			page 17


 220 0591 CA07A315 		.ascii	"\312\007\243\025P\226\363\352\235\366q1[\023`9|M\020"
 220      5096F3EA 
 220      9DF67131 
 220      5B136039 
 220      7C4D10
 221 05a4 0237CAA5 		.ascii	"\0027\312\2455A\030\247\360n\350\303\362\226\230\367"
 221      354118A7 
 221      F06EE8C3 
 221      F29698F7 
 222 05b4 85B2B425 		.ascii	"\205\262\264%/9e#rek\002\344\354-z\362\024\343mz*gm"
 222      2F396523 
 222      72656B02 
 222      E4EC2D7A 
 222      F214E36D 
 223 05cc C640BE80 		.ascii	"\306@\276\200\002L#\006\201V\003\367\037\217\243\255"
 223      024C2306 
 223      815603F7 
 223      1F8FA3AD 
 224 05dc 9C26FB2A 		.ascii	"\234&\373*0\\\251HK\242\242xC\375\247\312\371\000\011"
 224      305CA948 
 224      4BA2A278 
 224      43FDA7CA 
 224      F90009
 225 05ef 20431380 		.ascii	" C\023\200{\311;\214-\357(\3504\250\323\372s^\235\326"
 225      7BC93B8C 
 225      2DEF28E8 
 225      34A8D3FA 
 225      735E9DD6 
 226 0603 6B789270 		.ascii	"kx\222p\264\006\343]\015E\003:\274\213\005\326s\274"
 226      B406E35D 
 226      0D45033A 
 226      BC8B05D6 
 226      73BC
 227 0615 BDC0A095 		.ascii	"\275\300\240\225(\353x\355\267\305\251\354mq-\310\236"
 227      28EB78ED 
 227      B7C5A9EC 
 227      6D712DC8 
 227      9E
 228 0626 C9BBBD2D 		.ascii	"\311\273\275-\222^\000\252p\246\237\367\271\011'\035"
 228      925E00AA 
 228      70A69FF7 
 228      B909271D 
 229 0636 7C0EA051 		.ascii	"|\016\240Q\224+B\354\027jRh{H\276\020\353\207^\236U"
 229      942B42EC 
 229      176A5268 
 229      7B48BE10 
 229      EB875E9E 
 230 064b 922969C8 		.ascii	"\222)i\310C\244{\370\345%\037\274\354\227\376I\016\220"
 230      43A47BF8 
 230      E5251FBC 
 230      EC97FE49 
 230      0E90
 231 065d DA2B7BCE 		.ascii	"\332+{\316\340\344\213\223\3353Z\3628\216\271\034\016"
 231      E0E48B93 
 231      DD335AF2 
 231      388EB91C 
 231      0E
ARM GAS  C:\Users\hunter\AppData\Local\Temp\cck3TNjF.s 			page 18


 232 066e A61A348C 		.ascii	"\246\0324\214+\347z\354\242\251\004\211\244\2519\274"
 232      2BE77AEC 
 232      A2A90489 
 232      A4A939BC 
 233 067e B5B85DD7 		.ascii	"\265\270]\327\012G=\307\275\307qk\014\011\264\367V\323"
 233      0A473DC7 
 233      BDC7716B 
 233      0C09B4F7 
 233      56D3
 234 0690 9117067C 		.ascii	"\221\027\006|\200\316\001:\333\236\333\214t<\233 \224"
 234      80CE013A 
 234      DB9EDB8C 
 234      743C9B20 
 234      94
 235 06a1 A8A31BD5 		.ascii	"\250\243\033\325\371\242f\303\230,\232\015\016q\024"
 235      F9A266C3 
 235      982C9A0D 
 235      0E7114
 236 06b0 4F33567E 		.ascii	"O3V~\203\342\320&~\014\374n\344u\014$\245=\247\020\217"
 236      83E2D026 
 236      7E0CFC6E 
 236      E4750C24 
 236      A53DA710 
 237 06c5 CF13F35A 		.ascii	"\317\023\363Z\305\232g%x\331\261\245\260$\321;\304\014"
 237      C59A6725 
 237      78D9B1A5 
 237      B024D13B 
 237      C40C
 238 06d7 6529B303 		.ascii	"e)\263\003\267\360\273\201oEh=\177\023\370n\346\307"
 238      B7F0BB81 
 238      6F45683D 
 238      7F13F86E 
 238      E6C7
 239 06e9 C3E81D9B 		.ascii	"\303\350\035\233\034\365\336\370.#\223^{\301\351I\311"
 239      1CF5DEF8 
 239      2E23935E 
 239      7BC1E949 
 239      C9
 240 06fa 104446A6 		.ascii	"\020DF\246\375\352\255\023\036.\2029<\355\034\330\335"
 240      FDEAAD13 
 240      1E2E8239 
 240      3CED1CD8 
 240      DD
 241 070b 7351A766 		.ascii	"sQ\247f\370\311/U\004\277\240\004\267\310\004O\244?"
 241      F8C92F55 
 241      04BFA004 
 241      B7C8044F 
 241      A43F
 242 071d 5F2D4804 		.ascii	"_-H\004\233s\214\260\010SE\362\356\012f([!\230\355N"
 242      9B738CB0 
 242      085345F2 
 242      EE0A6628 
 242      5B2198ED 
 243 0732 F04B4AF0 		.ascii	"\360KJ\360\305\215\333\335\360\206\302\010\036\252\253"
 243      C58DDBDD 
 243      F086C208 
 243      1EAAAB
ARM GAS  C:\Users\hunter\AppData\Local\Temp\cck3TNjF.s 			page 19


 244 0741 CE102819 		.ascii	"\316\020(\031\222{\214\340\306\275y\205F\027\301<F\260"
 244      927B8CE0 
 244      C6BD7985 
 244      4617C13C 
 244      46B0
 245 0753 7BC9D16E 		.ascii	"{\311\321n\243&\301|Jp\253Lp\360A\307\035?\211\340\351"
 245      A326C17C 
 245      4A70AB4C 
 245      70F041C7 
 245      1D3F89E0 
 246 0768 712E7E60 		.ascii	"q.~`\205r\025~\271\356\374\012(\277G\333\035\353\374"
 246      8572157E 
 246      B9EEFC0A 
 246      28BF47DB 
 246      1DEBFC
 247 077b F09036BF 		.ascii	"\360\2206\277\241\315\253\013<\\\242ng\374\316\\=\271"
 247      A1CDAB0B 
 247      3C5CA26E 
 247      67FCCE5C 
 247      3DB9
 248 078d 9719929D 		.ascii	"\227\031\222\235\263\220u\246t\364=\360\320$\275\223"
 248      B39075A6 
 248      74F43DF0 
 248      D024BD93 
 249 079d 92DE2193 		.ascii	"\222\336!\223\336\270\241w\257\036H\267\262\303f`_\207"
 249      DEB8A177 
 249      AF1E48B7 
 249      B2C36660 
 249      5F87
 250 07af 9821502B 		.ascii	"\230!P+\264M!\275\215g\037\274\250\210\222=R80\350'"
 250      B44D21BD 
 250      8D671FBC 
 250      A888923D 
 250      523830E8 
 251 07c4 EF15193F 		.ascii	"\357\025\031?p\004\242]t\2738\330"
 251      7004A25D 
 251      74BB38D8 
 252 07d0 96714CA7 		.ascii	"\226qL\247e\357v\356\241\335tH\372\222\312A,d\270\206"
 252      65EF76EE 
 252      A1DD7448 
 252      FA92CA41 
 252      2C64B886 
 253 07e4 FCC8D983 		.ascii	"\374\310\331\203\366\320\355\"\245bK\226~\344Q#}\266"
 253      F6D0ED22 
 253      A5624B96 
 253      7EE45123 
 253      7DB6
 254 07f6 A2BD74D4 		.ascii	"\242\275t\324\262\336\222\353~x\203\007\325\376rKZ\205"
 254      B2DE92EB 
 254      7E788307 
 254      D5FE724B 
 254      5A85
 255 0808 74A07A93 		.ascii	"t\240z\223\251\270\265\241\332\213\035\250W\310\343"
 255      A9B8B5A1 
 255      DA8B1DA8 
 255      57C8E3
 256 0817 AD0D4FB2 		.ascii	"\255\015O\262\004\\\300l_t6\27602[\342\247\277.=\027"
ARM GAS  C:\Users\hunter\AppData\Local\Temp\cck3TNjF.s 			page 20


 256      045CC06C 
 256      5F7436BE 
 256      30325BE2 
 256      A7BF2E3D 
 257 082c 117451DA 		.ascii	"\021tQ\332B\241_Q\345\000\017\373\032\034\020\350+\236"
 257      42A15F51 
 257      E5000FFB 
 257      1A1C10E8 
 257      2B9E
 258 083e 7EB25E7A 		.ascii	"~\262^z~\264\317\210\367PO\272=\216]\235:d\012D`\216"
 258      7EB4CF88 
 258      F7504FBA 
 258      3D8E5D9D 
 258      3A640A44 
 259 0854 8442F97F 		.ascii	"\204B\371\177\015@\025\022\240TR\037\256l\330\326\305"
 259      0D401512 
 259      A054521F 
 259      AE6CD8D6 
 259      C5
 260 0865 CEFF906E 		.ascii	"\316\377\220n\2707\320\232\206+\026\210x\014\207&\007"
 260      B837D09A 
 260      862B1688 
 260      780C8726 
 260      07
 261 0876 A249E4D0 		.ascii	"\242I\344\320\002\211\312)\336!\020\250\214\001V\325"
 261      0289CA29 
 261      DE2110A8 
 261      8C0156D5 
 262 0886 37B5F8FA 		.ascii	"7\265\370\372\257\221\216\237w\020\365\275\017\236\227"
 262      AF918E9F 
 262      7710F5BD 
 262      0F9E97
 263 0895 F0845F05 		.ascii	"\360\204_\005\357/\263$\326\373\267\324\365z\011\222"
 263      EF2FB324 
 263      D6FBB7D4 
 263      F57A0992 
 264 08a5 EF8C1FF3 		.ascii	"\357\214\037\363}\361\306\312\351j\327\207\177\310u"
 264      7DF1C6CA 
 264      E96AD787 
 264      7FC875
 265 08b4 FEB2EB4E 		.ascii	"\376\262\353N~B\201\330XC\267\232\025\267\323\304\224"
 265      7E4281D8 
 265      5843B79A 
 265      15B7D3C4 
 265      94
 266 08c5 74389D2B 		.ascii	"t8\235+y\177\264\037\222\016\266\024\325\340b\350\371"
 266      797FB41F 
 266      920EB614 
 266      D5E062E8 
 266      F9
 267 08d6 077C671E 		.ascii	"\007|g\036\341'\220\025\231\272\264\227\307\373\231"
 267      E1279015 
 267      99BAB497 
 267      C7FB99
 268 08e5 FE8E3D55 		.ascii	"\376\216=UezM\301\253d\301K\030\307\307\017\013w\353"
 268      657A4DC1 
 268      AB64C14B 
ARM GAS  C:\Users\hunter\AppData\Local\Temp\cck3TNjF.s 			page 21


 268      18C7C70F 
 268      0B77EB
 269 08f8 DDE357DE 		.ascii	"\335\343W\336\"\252)\311*\231d\331\311\315\337\013\356"
 269      22AA29C9 
 269      2A9964D9 
 269      C9CDDF0B 
 269      EE
 270 0909 21695A8B 		.ascii	"!iZ\213Y+;|\244\220\276\035\233\222W\223\022\004_F,"
 270      592B3B7C 
 270      A490BE1D 
 270      9B925793 
 270      12045F46 
 271 091e 1CD88054 		.ascii	"\034\330\200T\003\217J\341|M\303)\330Qv\201W\237\272"
 271      038F4AE1 
 271      7C4DC329 
 271      D8517681 
 271      579FBA
 272 0931 64E12921 		.ascii	"d\341)!8\245S\327I\327\304\366\254\222\034\204\253\245"
 272      38A553D7 
 272      49D7C4F6 
 272      AC921C84 
 272      ABA5
 273 0943 DCBB9632 		.ascii	"\334\273\2262\310\263\334\363%\333\303\275\226\002)"
 273      C8B3DCF3 
 273      25DBC3BD 
 273      960229
 274 0952 4F3BE9FF 		.ascii	"O;\351\3779\356W\034\223\376\373\345\003\315\257\234"
 274      39EE571C 
 274      93FEFBE5 
 274      03CDAF9C 
 275 0962 DB1E7B69 		.ascii	"\333\036{i*U++u\222)%:\236\265\031\335\225:\001!\034"
 275      2A552B2B 
 275      75922925 
 275      3A9EB519 
 275      DD953A01 
 276 0978 A7335247 		.ascii	"\2473RGc\257\225c\337\341L\253|I)M\353\262Gw\217{JJ"
 276      63AF9563 
 276      DFE14CAB 
 276      7C49294D 
 276      EBB24777 
 277 0990 5D1DC794 		.ascii	"]\035\307\224:%)\005[\241j\3401I\251\323\374\004N\227"
 277      3A252905 
 277      5BA16AE0 
 277      3149A9D3 
 277      FC044E97 
 278 09a4 106DFBE7 		.ascii	"\020m\373\347\204\220\220P\370\213Y\024\267 \316j\013"
 278      84909050 
 278      F88B5914 
 278      B720CE6A 
 278      0B
 279 09b5 7B2B3CD4 		.ascii	"{+<\324j\013]\024\035\037jK\212!\265yqt|H\214a\326_"
 279      6A0B5D14 
 279      1D1F6A4B 
 279      8A21B579 
 279      71747C48 
 280 09cd 3E0A9A1E 		.ascii	">\012\232\036\026\306\011fsr\\\242}r\270\331\2760\346"
 280      16C60966 
ARM GAS  C:\Users\hunter\AppData\Local\Temp\cck3TNjF.s 			page 22


 280      73725CA2 
 280      7D72B8D9 
 280      BE30E6
 281 09e0 0F517498 		.ascii	"\017Qt\230\315\236\034\033g\215\262[\255\361\266\250"
 281      CD9E1C1B 
 281      678DB25B 
 281      ADF1B6A8 
 282 09f0 4F139383 		.ascii	"O\023\223\203\350]PtRB\220%a\201%6\326\022\033\365f"
 282      E85D5074 
 282      52429025 
 282      61812536 
 282      D6121BF5 
 283 0a05 C8A4A0F0 		.ascii	"\310\244\240\360Iao\376\353wQ\320\377F\2425\321\362"
 283      49616FFE 
 283      EB7751D0 
 283      FF46A235 
 283      D1F2
 284 0a17 86257A41 		.ascii	"\206%zA\\T\\bL|r\254%*!\032|%Z\242\314\261\226\205\321"
 284      5C545C62 
 284      4C7C72AC 
 284      252A211A 
 284      7C255AA2 
 285 0a30 C9F176B3 		.ascii	"\311\361v\263\375\263\305\026[\310\"\316 \343\375\355"
 285      FDB3C516 
 285      5BC822CE 
 285      20E3FDED 
 286 0a40 67C5B37D 		.ascii	"g\305\263}f\2132\333\354\261\340\034@\214q\326\305\326"
 286      668B32DB 
 286      ECB1E01C 
 286      408C71D6 
 286      C5D6
 287 0a52 243B11C4 		.ascii	"$;\021\304l\177[K\022bb\013\235\367\341\007\223\303"
 287      6C7F5B4B 
 287      1262620B 
 287      9DF7E107 
 287      93C3
 288 0a64 43E7CC99 		.ascii	"C\347\314\231\021:k\356\373\021\377\016\227U2\307\307"
 288      113A6BEE 
 288      FB11FF0E 
 288      975532C7 
 288      C7
 289 0a75 C7822B0F 		.ascii	"\307\202+\017b\025\027\253{\367\275\3109\3729\021\323"
 289      621517AB 
 289      7BF7BDC8 
 289      39FA3911 
 289      D3
 290 0a86 FF1CA99B 		.ascii	"\377\034\251\2336/2\022}\214f\353c\342-\321I\222\204"
 290      362F3212 
 290      7D8C66EB 
 290      63E22DD1 
 290      499284
 291 0a99 6153CC76 		.ascii	"aS\314v\203|\203m\026\373\324\377\021\326fO\000Y>]\034"
 291      837C836D 
 291      16FBD4FF 
 291      11D6664F 
 291      00593E5D 
 292 0aae 6705541C 		.ascii	"g\005T\0341#\022\277?#R?\367\243\2713\"=#\346\315\235"
ARM GAS  C:\Users\hunter\AppData\Local\Temp\cck3TNjF.s 			page 23


 292      312312BF 
 292      3F23523F 
 292      F7A3B933 
 292      223D23E6 
 293 0ac4 397346A4 		.ascii	"9sF\244G\304\207\363\347\316\214\324\177\0201cf$a4\333"
 293      47C487F3 
 293      E7CE8CD4 
 293      7F103163 
 293      66246134 
 294 0ad9 A88C32DB 		.ascii	"\250\2142\333\005\026u\\\254\331\356a]\270\0208\030"
 294      0516755C 
 294      ACD9EE61 
 294      5DB81038 
 294      18
 295 0aea 0921F3C2 		.ascii	"\011!\363\302h\233\375-\263\375\257?\257\340\262\326"
 295      689BFD2D 
 295      B3FDAF3F 
 295      AFE0B2D6 
 296 0afa AF69C529 		.ascii	"\257i\305)Y\272\262n\021\247\177?bZ\262\315\020gM\260"
 296      59BAB26E 
 296      11A77F3F 
 296      625AB2CD 
 296      10674DB0 
 297 0b0e C65A802F 		.ascii	"\306Z\200/\364FZ\242c\241o\342OJ[\316\033\252\217\223"
 297      F4465AA2 
 297      63A16FE2 
 297      4F4A5BCE 
 297      1BAA8F93 
 298 0b22 E2EC1618 		.ascii	"\342\354\026\030\342\003\367\363,v\270\373\000\274\375"
 298      E203F7F3 
 298      2C76B8FB 
 298      00BCFD
 299 0b31 429E3233 		.ascii	"B\23623\204\375i\2225y1\301\3601\233\027&'\306\230\315"
 299      84FD6992 
 299      357931C1 
 299      F0319B17 
 299      2627C698 
 300 0b46 2153A6FC 		.ascii	"!S\246\374>\334 \267t1\213\242\223\206={S\335\232\022"
 300      3EDC20B7 
 300      74318BA2 
 300      93863D7B 
 300      53DD9A12 
 301 0b5a FE5F8528 		.ascii	"\376_\205(\261k"
 301      B16B
 302              		.text
 303              		.section	.gnu.lto_.symtab.3dd4afa6,"",%progbits
 304 0000 70616C52 		.ascii	"palReadBus\000"
 304      65616442 
 304      757300
 305 000b 00       		.ascii	"\000"
 306 000c 00       		.ascii	"\000"
 307 000d 00       		.ascii	"\000"
 308 000e 00000000 		.ascii	"\000\000\000\000\000\000\000\000"
 308      00000000 
 309 0016 19010000 		.ascii	"\031\001\000\000"
 310 001a 70616C57 		.ascii	"palWriteBus\000"
 310      72697465 
ARM GAS  C:\Users\hunter\AppData\Local\Temp\cck3TNjF.s 			page 24


 310      42757300 
 311 0026 00       		.ascii	"\000"
 312 0027 00       		.ascii	"\000"
 313 0028 00       		.ascii	"\000"
 314 0029 00000000 		.ascii	"\000\000\000\000\000\000\000\000"
 314      00000000 
 315 0031 1E010000 		.ascii	"\036\001\000\000"
 316 0035 70616C53 		.ascii	"palSetBusMode\000"
 316      65744275 
 316      734D6F64 
 316      6500
 317 0043 00       		.ascii	"\000"
 318 0044 00       		.ascii	"\000"
 319 0045 00       		.ascii	"\000"
 320 0046 00000000 		.ascii	"\000\000\000\000\000\000\000\000"
 320      00000000 
 321 004e 23010000 		.ascii	"#\001\000\000"
 322 0052 5F70616C 		.ascii	"_pal_lld_setgroupmode\000"
 322      5F6C6C64 
 322      5F736574 
 322      67726F75 
 322      706D6F64 
 323 0068 00       		.ascii	"\000"
 324 0069 02       		.ascii	"\002"
 325 006a 00       		.ascii	"\000"
 326 006b 00000000 		.ascii	"\000\000\000\000\000\000\000\000"
 326      00000000 
 327 0073 29010000 		.ascii	")\001\000\000"
 328              		.text
 329              		.section	.gnu.lto_.opts,"",%progbits
 330 0000 272D666D 		.ascii	"'-fmath-errno' '-fsigned-zeros' '-ftrapping-math' '"
 330      6174682D 
 330      6572726E 
 330      6F272027 
 330      2D667369 
 331 0033 2D666E6F 		.ascii	"-fno-trapv' '-fno-openmp' '-fno-openacc' '-mcpu=cor"
 331      2D747261 
 331      70762720 
 331      272D666E 
 331      6F2D6F70 
 332 0066 7465782D 		.ascii	"tex-m0' '-mno-thumb-interwork' '-mthumb' '-O2' '-fo"
 332      6D302720 
 332      272D6D6E 
 332      6F2D7468 
 332      756D622D 
 333 0099 6D69742D 		.ascii	"mit-frame-pointer' '-falign-functions=16' '-ffuncti"
 333      6672616D 
 333      652D706F 
 333      696E7465 
 333      72272027 
 334 00cc 6F6E2D73 		.ascii	"on-sections' '-fdata-sections' '-fno-common' '-flto"
 334      65637469 
 334      6F6E7327 
 334      20272D66 
 334      64617461 
 335 00ff 2700     		.ascii	"'\000"
 336              		.text
ARM GAS  C:\Users\hunter\AppData\Local\Temp\cck3TNjF.s 			page 25


 337              		.comm	__gnu_lto_v1,1,1
 338              		.comm	__gnu_lto_slim,1,1
 339              		.ident	"GCC: (GNU Tools for Arm Embedded Processors 7-2017-q4-major) 7.2.1 20170904 (release) [ARM
ARM GAS  C:\Users\hunter\AppData\Local\Temp\cck3TNjF.s 			page 26


DEFINED SYMBOLS
                            *ABS*:00000000 hal_pal.c
                            *COM*:00000001 __gnu_lto_v1
                            *COM*:00000001 __gnu_lto_slim

NO UNDEFINED SYMBOLS
