ARM GAS  C:\Users\hunter\AppData\Local\Temp\ccjACYvK.s 			page 1


   1              		.cpu cortex-m0
   2              		.eabi_attribute 20, 1
   3              		.eabi_attribute 21, 1
   4              		.eabi_attribute 23, 3
   5              		.eabi_attribute 24, 1
   6              		.eabi_attribute 25, 1
   7              		.eabi_attribute 26, 1
   8              		.eabi_attribute 30, 2
   9              		.eabi_attribute 34, 0
  10              		.eabi_attribute 18, 4
  11              		.file	"memstreams.c"
  12              		.section	.gnu.lto_.profile.3dd4a860,"",%progbits
  13 0000 789C6363 		.ascii	"x\234cc```\001bF\206\000K\000\001Q\000\225"
  13      60606001 
  13      62468600 
  13      4B000151 
  13      0095
  14              		.text
  15              		.section	.gnu.lto_.icf.3dd4a860,"",%progbits
  16 0000 789C6363 		.ascii	"x\234cc``Pa@\0006\206\216\313\237_\3603\036\270\367"
  16      60605061 
  16      40003686 
  16      8ECB9F5F 
  16      F0331EB8 
  17 0015 E33B1FD3 		.ascii	"\343;\037\323\254\266\026-f\020\301\262\347\314\304"
  17      ACB6162D 
  17      6610C1B2 
  17      E7CCC4
  18 0024 764ED6B5 		.ascii	"vN\326\265\277\177~\341b\000\000@\311\021\004"
  18      BF7F7EE1 
  18      62000040 
  18      C91104
  19              		.text
  20              		.section	.gnu.lto_.jmpfuncs.3dd4a860,"",%progbits
  21 0000 789C8D4E 		.ascii	"x\234\215NA\012\2000\014K\332n\036\367^O\373\310^\342"
  21      410A8030 
  21      0C4BDA6E 
  21      1EF75E4F 
  21      FBC85EE2 
  22 0014 C99FB946 		.ascii	"\311\237\271F\004\305\203\030\010M\240\011\251\0006"
  22      04C58318 
  22      084DA009 
  22      A90036
  23 0023 DC2830D2 		.ascii	"\334(0\322\373p$)H\233\344\"\305\341\226\327\253\255"
  23      FB702429 
  23      489BE422 
  23      C5E196D7 
  23      ABAD
  24 0035 24B80791 		.ascii	"$\270\007\221<\022-\323\337\336\237-q\266\274_~\264"
  24      3C122DD3 
  24      DFDE9F2D 
  24      71B6BC5F 
  24      7EB4
  25 0047 466855CB 		.ascii	"FhU\313x\351\327\030\021\023\360\01519"
  25      78E9D718 
  25      1113F00D 
  25      3139
ARM GAS  C:\Users\hunter\AppData\Local\Temp\ccjACYvK.s 			page 2


  26              		.text
  27              		.section	.gnu.lto_.inline.3dd4a860,"",%progbits
  28 0000 789C6363 		.ascii	"x\234cc``hdd\200\003V\006\006^\036Ff\006\005F\006f\007"
  28      60606864 
  28      64800356 
  28      06065E1E 
  28      46660605 
  29 0018 30990026 		.ascii	"0\231\000&\025\270\330\326\3511p\334\322cb`|\301\316"
  29      15B8D8D6 
  29      E93170DC 
  29      D2636260 
  29      7CC1CE
  30 002b 02214104 		.ascii	"\002!A\004\007\230\311\301\300\262@\236\207\201\361"
  30      0798C9C1 
  30      C0B2409E 
  30      8781F1
  31 003a 2EBB0013 		.ascii	".\273\000\023\230d`\332\305/\0012\220\221\201\207\033"
  31      986460DA 
  31      C52F0132 
  31      90918187 
  31      1B
  32 004b 6A1EC4A4 		.ascii	"j\036\304\244\006F\250\201\314\323\305\031\330\377\252"
  32      0646A881 
  32      CCD3C519 
  32      D8FFAA
  33 005a 61319079 		.ascii	"a1\220y\2218n\003\231\030\004%\031YP\014dR\000\371\000"
  33      91386E03 
  33      99180425 
  33      1959500C 
  33      645200F9 
  34 006f 6C2A3750 		.ascii	"l*7P\033\003\307\007\234\316d\272\300\317\0032Z\006"
  34      1B03C707 
  34      9CCE64BA 
  34      C0CF0332 
  34      5A06
  35 0081 C455000B 		.ascii	"\304U\000\013*\200\0045@F\263\360200O\360\003Af\204"
  35      2A800435 
  35      4046B3F0 
  35      3230304F 
  35      F0034166 
  36 0096 2DD060A0 		.ascii	"-\320`\240\201%,\014\034\354\214\014L\254\035\352\014"
  36      81252C0C 
  36      1CEC8C0C 
  36      4CAC1DEA 
  36      0C
  37 00a7 DC2BDC98 		.ascii	"\334+\334\230\300\021\000\000I\0135\372"
  37      C0110000 
  37      490B35FA 
  38              		.text
  39              		.section	.gnu.lto_.pureconst.3dd4a860,"",%progbits
  40 0000 789C6363 		.ascii	"x\234cc``\340\006bV\006)F)&)f)\026)\000\004\023\000"
  40      6060E006 
  40      62560629 
  40      46292629 
  40      66291629 
  41 0018 A3       		.ascii	"\243"
  42              		.text
ARM GAS  C:\Users\hunter\AppData\Local\Temp\ccjACYvK.s 			page 3


  43              		.section	.gnu.lto__put.3dd4a860,"",%progbits
  44 0000 789C9552 		.ascii	"x\234\225R\317KTQ\024\276\337=\357\207\243f\324\252"
  44      CF4B5451 
  44      14BEDF3D 
  44      EF87A366 
  44      D4AA
  45 0012 C52C5C24 		.ascii	"\305,\\$\342\242yYF\005\365\307\250\010\0168(M\353\274"
  45      E2A27959 
  45      4605F5C7 
  45      A8080E38 
  45      284DEBBC 
  46 0026 3AA65946 		.ascii	":\246YFBj6<dH\244(\302\244\321\312\264^j\346\257)+\015"
  46      426A363C 
  46      6448A428 
  46      C2A4D1CA 
  46      B45E6AE6 
  47 003e 69E1A270 		.ascii	"i\341\242p\350wD\344\322:\367\275\011\2156\372\2309"
  47      E87744E4 
  47      D23AF7BD 
  47      098D36FA 
  47      9839
  48 0050 EFDEF3CE 		.ascii	"\357\336\363\316\371\276\357|\367ZB\210\257$\304\011"
  48      F9BEEF7C 
  48      F75A4288 
  48      AF24C409 
  49 0060 7E1FE13F 		.ascii	"~\037\341?L\001\331\371\\\210\246<)\215\017B\250|\272"
  49      4C01D9F9 
  49      5C88A63C 
  49      298D0F42 
  49      A87CBA
  50 0073 91E15721 		.ascii	"\221\341W!\301\010\362\006\240\027*\017\242Q\222\201"
  50      C108F206 
  50      A0172A0F 
  50      A2519281 
  51 0083 46745017 		.ascii	"FtP\027\341e\313\035\227.\220K\002\006o\177d\222\357"
  51      E165CB1D 
  51      972E904B 
  51      02066F7F 
  51      6492EF
  52 0096 8BF41628 		.ascii	"\213\364\026(\346\355\300xb\014e\327\025?\336\225.\253"
  52      E6EDC078 
  52      620C65D7 
  52      153FDE95 
  52      2EAB
  53 00a8 2FBDA842 		.ascii	"/\275\250B.I\321\303\345i\204q\027a\315>\2142.~\235"
  53      2E49D1C3 
  53      E5698471 
  53      1761CD3E 
  53      8C322E7E 
  54 00bd 59EEB4A9 		.ascii	"Y\356\264\251\002\202\327\227\177}\366d\351\200R\315"
  54      0282D797 
  54      7F7DF664 
  54      E98052CD 
  55 00cd CA5BE827 		.ascii	"\312[\350'\265\337%\302\010hk#\247\004\356\241\224\313"
  55      B5DF25C2 
  55      08686B23 
  55      A704EEA1 
ARM GAS  C:\Users\hunter\AppData\Local\Temp\ccjACYvK.s 			page 4


  55      94CB
  56 00df DDD69B6B 		.ascii	"\335\326\233kDG\375\326\371\365\231\251\277\255_ZH\025"
  56      4447FDD6 
  56      F9F599A9 
  56      BFAD5F5A 
  56      4815
  57 00f1 BAACF67E 		.ascii	"\272\254\366~\320z8\214\203\272\321\020x\200R]\375\363"
  57      D07A388C 
  57      83BAD110 
  57      7880525D 
  57      FDF3
  58 0103 FBF27C88 		.ascii	"\373\362|\210\216\373\235\267F\322s\205%\375~\347j\357"
  58      8EFB9DB7 
  58      46D27385 
  58      25FD7EE7 
  58      6AEF
  59 0115 DE6B0935 		.ascii	"\336k\0115\243\014\227L\214\376K\254\037.\1777\264\321"
  59      A30C974C 
  59      8CFE4BAC 
  59      1F2E7F37 
  59      B4D1
  60 0127 BDCB32F0 		.ascii	"\275\3132\360\020%z \236c\014\226\000/\006_\231\236"
  60      10257A20 
  60      9E630C96 
  60      002F065F 
  60      999E
  61 0139 DAF8DDA6 		.ascii	"\332\370\335\246\2747\373V\322\231=E`NK\352@\034lC\007"
  61      BC37FB56 
  61      D2993D45 
  61      604E4BEA 
  61      401C6C43 
  62 014e 536F2D1D 		.ascii	"So-\035l\0162\004=K\001|a\342\034\343\261\335\312\023"
  62      6C0E3204 
  62      3D4B017C 
  62      61E21CE3 
  62      B1DDCA13 
  63 0162 ED6C17AF 		.ascii	"\355l\027\257\022\236\310\24295\330Q\246Y4g\222B\342"
  63      129EC8A2 
  63      3935D851 
  63      A6593467 
  63      9242E2
  64 0175 139A473F 		.ascii	"\023\232G?^\234\264t.I`Q=g'^\330\372\000L\177\244\261"
  64      5E9CB474 
  64      2E496051 
  64      3D67275E 
  64      D8FA004C 
  65 018c 89CCB495 		.ascii	"\211\314\264\225B_\023\237@\261Ky\334\204q=\002\177"
  65      425F139F 
  65      40B14B79 
  65      DC84713D 
  65      027F
  66 019e 5B6A5B59 		.ascii	"[j[Y-pn\253\340S\010\217\220B\267\236C\3401\034\037"
  66      2D706EAB 
  66      E053088F 
  66      9042B79E 
  66      43E0311C 
  67 01b3 7B361220 		.ascii	"{6\022 \313\035By>\224\266\002O\030j\015-o'+r\"\031"
ARM GAS  C:\Users\hunter\AppData\Local\Temp\ccjACYvK.s 			page 5


  67      CB1D4279 
  67      3E94B602 
  67      4F186A0D 
  67      2D6F272B 
  68 01ca CD77B09D 		.ascii	"\315w\260\235\217\217\357\030\017\346Oq)\221\233\202"
  68      8F8FEF18 
  68      0FE64F71 
  68      29919B82 
  69 01da 76C46563 		.ascii	"v\304ec\302\347\322\230\230\364e'\334\326\253f\200e"
  69      C2E7D298 
  69      98F46527 
  69      DCD6AB66 
  69      8065
  70 01ec 309CE663 		.ascii	"0\234\346c\206\344\354I\235\333j\221\375\237E\251\""
  70      86E4EC49 
  70      9DDB6A91 
  70      FD9F45A9 
  70      22
  71 01fd 57F71898 		.ascii	"W\367\030\230\322dx\312\320I*\010\004\366&\354\000\324"
  71      D26478CA 
  71      D0492A08 
  71      04F626EC 
  71      00D4
  72 020f DC96C003 		.ascii	"\334\226\300\003\332\207\351M\037\236\005\332zZ\021"
  72      DA87E94D 
  72      1F9E05DA 
  72      7A5A11
  73 021e A0E48086 		.ascii	"\240\344\200\206\333\026\206\362\265\030>\177\3140\002"
  73      DB1686F2 
  73      B5183E7F 
  73      CC3002
  74 022d 732D9D47 		.ascii	"s-\235GN\3526if7i\346\3400\266o\257\221\2737\337 E\222"
  74      4EEA3669 
  74      663769E6 
  74      E030B66F 
  74      AF91BB37 
  75 0245 6CCEADC3 		.ascii	"l\316\255\303\346\306\254\233\236\336\255)%\316`\036"
  75      E6C6AC9B 
  75      9EDEAD29 
  75      25CE601E 
  76 0255 613957BD 		.ascii	"a9W\275\325\025\011\201\005\204i4\273\010\276\207\320"
  76      D5150981 
  76      05846934 
  76      BB08BE87 
  76      D0
  77 0266 28EC6E79 		.ascii	"(\354ny$\342\360\257\2726Z\025\255\217\227\037;\344"
  77      24E2F0AF 
  77      BA365A15 
  77      AD8F971F 
  77      3BE4
  78 0278 D4C79DDA 		.ascii	"\324\307\235\332\312:\247.Z\345\304O\237\252\251\214"
  78      CA3AA72E 
  78      5AE5C44F 
  78      9FAAA98C 
  79 0288 C59D584D 		.ascii	"\305\235XM,\267\214T\013\031m@\025\305\342\015\177\000"
  79      2CB78C54 
  79      0B196D40 
ARM GAS  C:\Users\hunter\AppData\Local\Temp\ccjACYvK.s 			page 6


  79      15C5E20D 
  79      7F00
  80 029a 701C4F26 		.ascii	"p\034O&"
  81              		.text
  82              		.section	.gnu.lto__get.3dd4a860,"",%progbits
  83 0000 789C9552 		.ascii	"x\234\225R]KTQ\024=\353\236;w>\032\213z\020\202!|H\304"
  83      5D4B5451 
  83      143DEB9E 
  83      3B773E1A 
  83      8B7A1082 
  84 0018 07BD5946 		.ascii	"\007\275YFA\375\221\036U\004\007\034\224\246\307\310"
  84      41FD911E 
  84      5504071C 
  84      94A6C7C8 
  85 0028 A3634E9A 		.ascii	"\243cN\232\017\202i9\\dH$1\242\244\0313u\364\246iZN"
  85      0F826939 
  85      5C644824 
  85      31A2A419 
  85      3375F4A6 
  86 003f D987513D 		.ascii	"\331\207Q=D\024J)\030}\371RX{\337;\224\321K\036f\316"
  86      44144A29 
  86      187DF952 
  86      587BDF3B 
  86      94D14B1E 
  87 0055 C7BE7BAD 		.ascii	"\307\276{\255\265\367:\307\020B\314H!\216\323z\230\376"
  87      B5F73AC7 
  87      1042CC48 
  87      218ED37A 
  87      98FE
  88 0067 F008681D 		.ascii	"\360\010h\035\017\205h\364i\232\376^\010\025\220\003"
  88      0F8568F4 
  88      699AFE5E 
  88      08159003 
  89 0077 595A8212 		.ascii	"YZ\202\022\272\033\327\001\336(\037D\203&u4\240]^\220"
  89      BA1BD701 
  89      DE281F44 
  89      83267534 
  89      A05D5E90 
  90 008b 78DC7CC3 		.ascii	"x\334|\303\222\347\245%\005t:~\312&\336\355\344#P@\307"
  90      92E7A525 
  90      05743A7E 
  90      CA26DEED 
  90      E4235040 
  91 00a0 FE4C6C1C 		.ascii	"\376Ll\034\305W\024\015\373\342\210\321\233ZT~Kj\242"
  91      C557140D 
  91      FBE288D1 
  91      9B5A547E 
  91      4B6AA2
  92 00b3 9BD25308 		.ascii	"\233\322S\010\341&B\254\236F1%?\315.uxe9\004\355;\277"
  92      E12642AC 
  92      9E463125 
  92      3FCD2E75 
  92      78653904 
  93 00ca ADD95A51 		.ascii	"\255\331ZQ\277RM\312^\350\223j\277%%\206!\267\002)$"
  93      BF524DCA 
  93      5EE8936A 
  93      BF252586 
ARM GAS  C:\Users\hunter\AppData\Local\Temp\ccjACYvK.s 			page 7


  93      21B70229 
  94 00df 700B459C 		.ascii	"p\013E\234\377\345\343\322\003\277<\342`\257\016\247"
  94      FFE5E3D2 
  94      03BF3CE2 
  94      60AF0EA7 
  95 00ef EE070BFB 		.ascii	"\356\007\013\373\034\354F\317\236\31315\247t\213J\036"
  95      1CEC46CF 
  95      9ECB3135 
  95      A7748B4A 
  95      1E
  96 0100 F91BCF83 		.ascii	"\371\033\317\203\322\255\226\301e)\2179\320\211\316"
  96      D2AD96C1 
  96      65298F39 
  96      D089CE
  97 010f E4A49E83 		.ascii	"\344\244\236\203\256\367\3447\306\324%\206z0\352B\017"
  97      AEF7E437 
  97      C6D42586 
  97      7A30EA42 
  97      0F
  98 0120 8570E037 		.ascii	"\205p\3407\360\355\320fW\236\241c\014\205\270\215Bn"
  98      F0EDD066 
  98      579EA163 
  98      0C85B88D 
  98      426E
  99 0132 8A7A1987 		.ascii	"\212z\031\207!@+\207\257?\361\330j\363g\\\331+{3_\237"
  99      21402B87 
  99      AF3FF1D8 
  99      6AF3675C 
  99      D92B7B33 
 100 0148 EFCE0315 		.ascii	"\357\316\003\025mh<I\232\274:O\036>\0324i>p;\001\301"
 100      6D683C49 
 100      9ABC3A4F 
 100      1E3E1A34 
 100      693E703B 
 101 015e D0200784 		.ascii	"\320 \007\2048G\234d\273\262E+\035i\027\263\305\012"
 101      38479C64 
 101      BBB2452B 
 101      1D6917B3 
 101      C50A
 102 0170 9A92DFDB 		.ascii	"\232\222\337\333\213Y\211u\023\322'V\3214\372a`\332"
 102      8B598975 
 102      13D22756 
 102      D134FA61 
 102      60DA
 103 0182 E0584282 		.ascii	"\340XB\202\212\353>;\365\310\313\027\241;\215\215Oe"
 103      8AEB3E3B 
 103      F5C8CB17 
 103      A13B8D8D 
 103      4F65
 104 0194 678D247A 		.ascii	"g\215$z\033\351&\012,\351#\0202\354\001}{\026\177\361"
 104      1BE9260A 
 104      2CE92310 
 104      32EC017D 
 104      7B167FF1 
 105 01a8 7A87794D 		.ascii	"z\207yM\271\237\374\230@\022]\334\213\300$L\207{\276"
 105      B99FFC98 
 105      40125DDC 
ARM GAS  C:\Users\hunter\AppData\Local\Temp\ccjACYvK.s 			page 8


 105      8BC0244C 
 105      877BBE
 106 01bb C465D6B6 		.ascii	"\304e\326\266Ie;T`\252;D\265\214\346W\323\345\271\""
 106      49653B54 
 106      60AA3B44 
 106      B58CE657 
 106      D3E5B922 
 107 01cf 13DC1F8D 		.ascii	"\023\334\037\215V\272Fzk\324\230\323\305`\314\353&\310"
 107      56BA467A 
 107      6BD498D3 
 107      C560CCEB 
 107      26C8
 108 01e1 6D697931 		.ascii	"miy1\345h1'\246\235\262cV\313K\217\313\245\023\035\353"
 108      E5683127 
 108      A69DB263 
 108      56CB4B8F 
 108      CBA5131D 
 109 01f6 91C28FB6 		.ascii	"\221\302\217\266\023n,\260\325%\357?.%\367\321\275\023"
 109      136E2CB0 
 109      D525EF3F 
 109      2E25F7D1 
 109      BD13
 110 0208 1277590F 		.ascii	"\022wY\0173\304\3568\237\357\370>\306\276\007X\244\273"
 110      33C4EE38 
 110      9FEFF83E 
 110      C6BE0758 
 110      A4BB
 111 021a 25933EED 		.ascii	"%\223>\3552z\\\203\322\361\205\241\000\223\372\001\314"
 111      327A5C83 
 111      D2F185A1 
 111      0093FA01 
 111      CC
 112 022b 129A549F 		.ascii	"\022\232T\237\265\201s\376\253\245\022F\336\373\343"
 112      B58173FE 
 112      ABA51246 
 112      DEFBE3
 113 023a DC1C4CE2 		.ascii	"\334\034L\342f\226\317\361l\272\306\325\012\262<\233"
 113      6696CFF1 
 113      6CBAC6D5 
 113      0AB23C9B 
 114 024a A7E75EC5 		.ascii	"\247\347^\305:4\221\220\006\3056\034\235\025+5\273\213"
 114      3A349190 
 114      06C5361C 
 114      9D152B35 
 114      BB8B
 115 025c ABD07006 		.ascii	"\253\320p\006\363\010i\243\253o\310\363\240L\254-\202"
 115      F30869A3 
 115      AB6FC8F3 
 115      A04CAC2D 
 115      82
 116 026d DE151847 		.ascii	"\336\025\030Gn\225\225\226\232\364\253\252\011W\206"
 116      6E959596 
 116      9AF4ABAA 
 116      095786
 117 027c EBA26547 		.ascii	"\353\242eG\017\232uQ\263\246\242\326\254\015W\232\321"
 117      0F9A7551 
 117      B3A6A2D6 
ARM GAS  C:\Users\hunter\AppData\Local\Temp\ccjACYvK.s 			page 9


 117      AC0D579A 
 117      D1
 118 028d 5327AB2B 		.ascii	"S'\253+\"Q3R\035\311mK\253\204\026\256\227\221h=*\177"
 118      22513352 
 118      1DC96D4B 
 118      AB8416AE 
 118      9791683D 
 119 02a3 018FF745 		.ascii	"\001\217\367E\215"
 119      8D
 120              		.text
 121              		.section	.gnu.lto__reads.3dd4a860,"",%progbits
 122 0000 789C9552 		.ascii	"x\234\225R]KTQ\024=\353\234{\357\334\311\311\376\200"
 122      5D4B5451 
 122      143DEB9C 
 122      7BEFDCC9 
 122      C9FE80
 123 0013 0F428928 		.ascii	"\017B\211(\350\305\030(\372|\355\271\177\240\"8\340"
 123      E8C51828 
 123      FA7CEDB9 
 123      7FA02238 
 123      E0
 124 0024 A434BDCF 		.ascii	"\2444\275\317\361k\314\364\301HG\031\2060\006\225\210"
 124      F16BCCF4 
 124      C1484719 
 124      86300695 
 124      88
 125 0035 A8C82CCD 		.ascii	"\250\310,\315\352\2465\245\246Q*\004AAYR\211\025\322"
 125      EAA635A5 
 125      A6512A04 
 125      41415952 
 125      8915D2
 126 0048 078863FB 		.ascii	"\007\210c\373\234;i\371\244\227\271g\366\331g\257u\326"
 126      9C3B69F9 
 126      A497B967 
 126      F6D967AF 
 126      75D6
 127 005a 5EFB5A8C 		.ascii	"^\373Z\214\261b\203\261\343\364\037\244\027&\003\357"
 127      B16283B1 
 127      E3F41FA4 
 127      172603EF 
 128 006a 9861ACDE 		.ascii	"\230a\254\336\346\\\364\0243\271\313\370\275\227\311"
 128      E65CF414 
 128      33B9CBF8 
 128      BD97C9
 129 0079 8080E1A5 		.ascii	"\200\200\341\245\015@\005\322\006\213ra \212v\321)\360"
 129      0D4005D2 
 129      068B7261 
 129      208A76D1 
 129      29F0
 130 008b A2E97A52 		.ascii	"\242\351zR\264\211\244`0h\373}:\361>Wm\201|\332.-\247"
 130      B489A460 
 130      3068FB7D 
 130      3AF13E57 
 130      6D817CDA 
 131 00a2 07034503 		.ascii	"\007\003E\003R6H\267\373\333\321K\215\315'\222\202\263"
 131      523648B7 
 131      FBDBD14B 
ARM GAS  C:\Users\hunter\AppData\Local\Temp\ccjACYvK.s 			page 10


 131      8DCD2792 
 131      82B3
 132 00b4 38550F22 		.ascii	"8U\017\"\0177\221\247\356\276\205\"\252\235\235\236"
 132      0F3791A7 
 132      EEBE8522 
 132      AA9D9D9E 
 133 00c4 EFF08920 		.ascii	"\357\360\211 \030\305\027~|qya\237\306-\244\204\334"
 133      18C5177E 
 133      7C717961 
 133      9FC62DA4 
 133      84DC
 134 00d6 97140243 		.ascii	"\227\024\002C\020\377\002)\305p\033\205T\276\3326\037"
 134      10FF0229 
 134      C5701B85 
 134      54BEDA36 
 134      1F
 135 00e7 F78B031A 		.ascii	"\367\213\003\032z~q \203,\364Y\237\206\032\270\263\025"
 135      7A7E7120 
 135      832CF459 
 135      9F861AB8 
 135      B315
 136 00f9 6A300C6B 		.ascii	"j0\014k\350\232\354\214\347\212C\032\2720\225\352\360"
 136      E89AEC8C 
 136      E78A431A 
 136      BA3095EA 
 136      F0
 137 010a FDBDB55F 		.ascii	"\375\275\265_C9F\266B9\303]\024\252\372\225\257\363"
 137      433946B6 
 137      4239C35D 
 137      14AAFA95 
 137      AFF3
 138 011c 537E7144 		.ascii	"S~qDc\257\014\015N\006\012R\032;\323m&\244\333\224\237"
 138      63AF0C0D 
 138      4E060A52 
 138      1A3BD36D 
 138      26A4DB94 
 139 0131 142646FF 		.ascii	"\024&F\377\207\253\207\252\337\335\310t\355\266\014"
 139      87AB87AA 
 139      DFDDC874 
 139      EDB60C
 140 0140 DC438132 		.ascii	"\334C\2012\203<\270\017\213\201\202k/MWf\326[\244\233"
 140      833CB80F 
 140      8B81826B 
 140      2F4D5766 
 140      D65BA49B 
 141 0154 FE85FE54 		.ascii	"\376\205\376T;\366\200\356\264\270Z\204Z\014\245\336"
 141      3BF680EE 
 141      B4B85A84 
 141      5A0CA5DE 
 142 0164 548BA5B6 		.ascii	"T\213\245\266>\265\330Z\222\037\312\216\034\2508\000"
 142      3EB5D85A 
 142      921FCA8E 
 142      1CA83800 
 143 0174 D51F6367 		.ascii	"\325\037cg\211\234\306&]\326J\302)jt\331G4\364.Nqu\245"
 143      899CC626 
 143      5DD64AC2 
 143      296A74D9 
ARM GAS  C:\Users\hunter\AppData\Local\Temp\ccjACYvK.s 			page 11


 143      4734F42E 
 144 018c 1290107E 		.ascii	"\022\220\020~\366\031\015#\237V\203*\225\020 \201\361"
 144      F6190D23 
 144      9F56832A 
 144      95102081 
 144      F1
 145 019d E6B1E73E 		.ascii	"\346\261\347>5GSw7:6\235\266zq\261^JIm\371\010\203\007"
 145      35475377 
 145      373A369D 
 145      B67A71B1 
 145      5E4A496D 
 146 01b5 AA1D3A9B 		.ascii	"\252\035:\233ky\365&\307\271*\275#\016\027\275\350R"
 146      6B79F526 
 146      C7B92ABD 
 146      230E17BD 
 146      E852
 147 01c7 3D313C84 		.ascii	"=1<\204\243\251'J<f\276C\2521M\245l\301\270\246j\354"
 147      A3A9274A 
 147      3C66BE43 
 147      AA314DA5 
 147      6CC1B8A6 
 148 01dd 89B59A1E 		.ascii	"\211\265\232\036\227 \241\304\310>\240if<\270\221\313"
 148      9720A1C4 
 148      C83EA069 
 148      663CB891 
 148      CB
 149 01ee D116B7D2 		.ascii	"\321\026\267\322\267\321S\234\355u\345\260n\225\\\241"
 149      B7D1539C 
 149      ED75E5B0 
 149      6E955CA1 
 150 01fe 0A7D686C 		.ascii	"\012}hl8\341\0153!l\317\202\265\223\036\221\261#\241"
 150      38E10D33 
 150      216CCF82 
 150      B5931E91 
 150      B123A1
 151 0211 061E69A1 		.ascii	"\006\036i\241\\\011}\354\011M\306.\373<.\223\350\224"
 151      5C097DEC 
 151      094DC62E 
 151      FB3C2E93 
 151      E894
 152 0223 D025C47A 		.ascii	"\320%\304zs\365\234\211`xx\351\265/\272&\355\244\260"
 152      73F59C89 
 152      607878E9 
 152      B52FBA26 
 152      EDA4B0
 153 0236 E3AA43A4 		.ascii	"\343\252C\244\021e\011\021\320\365\224\315\316$s\314"
 153      11650911 
 153      D0F594CD 
 153      CE2473CC 
 154 0246 23B1B625 		.ascii	"#\261\266%\250D\231\366d\323\264\247\236\226x\014\036"
 154      A84499F6 
 154      64D3B4A7 
 154      9E96780C 
 154      1E
 155 0257 0B41AC6C 		.ascii	"\013A\254l\257s\347tn\373\264\023\233\264\223p\210\213"
 155      AF73E774 
 155      6EFBB413 
ARM GAS  C:\Users\hunter\AppData\Local\Temp\ccjACYvK.s 			page 12


 155      9BB49370 
 155      888B
 156 0269 2D93B7EB 		.ascii	"-\223\267\353\263Yj\233\016~\302\246\001pj\203&\361"
 156      B3596A9B 
 156      0E7EC2A6 
 156      01706A83 
 156      26F1
 157 027b 56D0C707 		.ascii	"V\320\307\007e4\331RVZ\352\320\257\262:T\021\252\215"
 157      6534D952 
 157      565AEAD0 
 157      AFB23A54 
 157      11AA8D
 158 028e 941DDCEF 		.ascii	"\224\035\334\357\324F\234\352\362\032\247&T\341D\316"
 158      D4469CEA 
 158      F21AA726 
 158      54E144CE 
 159 029e 9CAE2A0F 		.ascii	"\234\256*\017G\234pU8\033\226V2\036\252\343\025u8%\302"
 159      479C7055 
 159      381B9656 
 159      321EAAE3 
 159      15753825 
 160 02b3 91BA3FF6 		.ascii	"\221\272?\366\362]\352"
 160      F25DEA
 161              		.text
 162              		.section	.gnu.lto__writes.3dd4a860,"",%progbits
 163 0000 789C9552 		.ascii	"x\234\225R]KTQ\024=\373\354\3735\316d\177\300\007\241"
 163      5D4B5451 
 163      143DFBEC 
 163      FB35CE64 
 163      7FC007A1 
 164 0014 44149A8B 		.ascii	"D\024\232\2131\220X\321k\177CEp\300Iiz\237\343\327\230"
 164      319058D1 
 164      6B7F4345 
 164      70C04969 
 164      7A9FE3D7 
 165 0029 D983914E 		.ascii	"\331\203\221N6\\bBj\036$*2\315\217\352\246f\251h\224"
 165      365C6242 
 165      6A1E242A 
 165      32CD8FEA 
 165      A666A968 
 166 003e 0A61D143 		.ascii	"\012a\321Cea\016FD\022\204c\373\234{\321\362I/s\367"
 166      65610E46 
 166      44128463 
 166      FB9C7BD1 
 166      F2492F73 
 167 0053 ECB3CF5E 		.ascii	"\354\263\317^\353\254\275\3165\030ce\032cg\350?B/\350"
 167      EBACBDCE 
 167      35186365 
 167      1A6367E8 
 167      3F422FE8 
 168 0067 0C78F702 		.ascii	"\014x\367\002c\315\026\347\330W\316D\201\366\373\010"
 168      63CD16E7 
 168      D857CE44 
 168      81F6FB08 
 169 0077 132104CD 		.ascii	"\023!\004\315+k\0002\021\026\260\004G\015\022p\031{"
 169      2B6B0032 
 169      1116B004 
ARM GAS  C:\Users\hunter\AppData\Local\Temp\ccjACYvK.s 			page 13


 169      470D1270 
 169      197B
 170 0089 105EB7DD 		.ascii	"\020^\267\335s\260\013\035d\240\321\362\307|\372S\241"
 170      73B00B1D 
 170      64A0D1F2 
 170      C77CFA53 
 170      A1
 171 009a 5C0214D3 		.ascii	"\\\002\024\3232\2671=\030*\313\012\321\"\334k\343\247"
 171      32B7313D 
 171      182ACB0A 
 171      D122DC6B 
 171      E3A7
 172 00ac 6FB6B69F 		.ascii	"o\266\266\237u\220\263\024u\017B\021<\200\"y\366C(\243"
 172      7590B314 
 172      750F4211 
 172      3C802279 
 172      F64328A3 
 173 00c0 DEC5F9E5 		.ascii	"\336\305\371\345n\023#\300(\277\372k\335\345\245\267"
 173      6E1323C0 
 173      28BFFA6B 
 173      DDE5A5B7 
 174 00d0 142ED78F 		.ascii	"\024.\327\217\342\250\203\010C\200\377\002\251\304`"
 174      E2A88308 
 174      4380FF02 
 174      A9C460
 175 00df 184AA9FD 		.ascii	"\030J\251\375O\327r*\200'\024\364\312\327l\036|\350"
 175      4FD7722A 
 175      802714F4 
 175      CAD76C1E 
 175      7CE8
 176 00f1 D46D05D5 		.ascii	"\324m\005\325\340\321^\250\306`DA\267DO\252\020\253"
 176      E0D15EA8 
 176      C6604441 
 176      B7444FAA 
 176      10AB
 177 0103 14F4F35C 		.ascii	"\024\364\363\\\177\267\351C\337g\025\224\303\350^(g"
 177      7FB7E943 
 177      DF671594 
 177      C3E85E28 
 177      67
 178 0114 3006A5B2 		.ascii	"0\006\245\262\377\347\367\345\271\000\236R\330\201\241"
 178      FFE7F7E5 
 178      B9009E52 
 178      D881A1
 179 0123 C1D95049 		.ascii	"\301\331PI\277\302\346{\365\264p\333\212\035\324a\374"
 179      BFC2E67B 
 179      F5B470DB 
 179      8A1DD461 
 179      FC
 180 0134 7FB87CA8 		.ascii	"\177\270|\250\373\343\375|\357!C\203\307P\"\315 \017"
 180      FBE3FD7C 
 180      EF214383 
 180      C75022CD 
 180      200F
 181 0146 9E80C180 		.ascii	"\236\200\301\200\222\273otW\344\267;\204\273\271\012"
 181      92BB6F74 
 181      57E4B73B 
ARM GAS  C:\Users\hunter\AppData\Local\Temp\ccjACYvK.s 			page 14


 181      84BBB90A 
 182 0156 D9B1E061 		.ascii	"\331\261\340a\240#\015.\003\312\240Q0u\031\014\2714"
 182      A0230D2E 
 182      03CAA051 
 182      3075190C 
 182      B934
 183 0168 65B094A2 		.ascii	"e\260\224\242\000H7\202 \363\020\310\361\030\273H\334"
 183      00483782 
 183      20F310C8 
 183      F118BB48 
 183      DC
 184 0179 746BC265 		.ascii	"tk\302e\235\244\233\262V\227}\201\226\314\366,\227'"
 184      9DA49BB2 
 184      56977D81 
 184      96CCF62C 
 184      9727
 185 018b CAF3D318 		.ascii	"\312\363\323\030`\337\240etm-\"Ki\004\322\227j\237x"
 185      60DFA065 
 185      746D2D22 
 185      4B6904D2 
 185      976A9F78 
 186 019f 65CA6BD4 		.ascii	"e\312k\324\325p\343\023\363\323F\006n4\013!h*\2130\360"
 186      D570E313 
 186      F3D34606 
 186      6E340B21 
 186      682A8B30 
 187 01b4 544E437B 		.ascii	"TNC{K\035o?\004\355;\302\333\342\340B\006z\345H\014"
 187      4B1D6F3F 
 187      04ED3BC2 
 187      DBE2E042 
 187      067AE548 
 188 01c9 9E81ADA8 		.ascii	"\236\201\255\250g\302\0363? \325\204\242\222\256\300"
 188      67C21E33 
 188      3F20D584 
 188      A292AEC0 
 189 01d9 A4A26AED 		.ascii	"\244\242j\355K^\327=.$\241\304\310V\241ma2\262S\013"
 189      4B5ED73D 
 189      2E24A1C4 
 189      C856A16D 
 189      6132B253 
 190 01ee 2A873BE9 		.ascii	"*\207;\351\323\350+\367g\0358\251F%W\250Cmj;Nxw\231"
 190      D3E82BF7 
 190      671D38A9 
 190      462557A8 
 190      436D6A3B 
 191 0206 46CBB360 		.ascii	"F\313\263`\275\312#\322\016$\324\204)%\224K\241\317"
 191      BDCA23D2 
 191      0E24D484 
 191      2925944B 
 191      A1CF
 192 0218 3DA14E72 		.ascii	"=\241Nr\315\027\252\023\235\024\232\203d\246P]3\021"
 192      CD17AA13 
 192      9D149A83 
 192      64A6505D 
 192      3311
 193 022a 8C8CE4DE 		.ascii	"\214\214\344\336\231\211-a9\030H\311\011a\032\022L5"
 193      99892D61 
ARM GAS  C:\Users\hunter\AppData\Local\Temp\ccjACYvK.s 			page 15


 193      391848C9 
 193      09611A12 
 193      4C35
 194 023c 87488D83 		.ascii	"\207H\215\203\005\236\240\\\245Gb\354K\3201i\332\213"
 194      059EA05C 
 194      A54762EC 
 194      4BD03169 
 194      DA8B
 195 024e 5DD35E7A 		.ascii	"]\323^zZRI\360XL\"\362g]\272\244j\373\247\235\331\245"
 195      5A5249F0 
 195      584C22F2 
 195      675DBAA4 
 195      6AFBA79D 
 196 0264 9D059BB8 		.ascii	"\235\005\233\270\330\006y;\274\350S[\264\261\011\004"
 196      D806793B 
 196      BCE8535B 
 196      B4B10904 
 197 0274 0E721A03 		.ascii	"\016r\032\003qe\005\351\343\003i4\331R\021\016\333\364"
 197      716505E9 
 197      E3036934 
 197      D952110E 
 197      DBF4
 198 0286 ABAD8FD6 		.ascii	"\253\255\217\326D\033\343\025\225\307\355\306\270]_"
 198      441BE315 
 198      95C7EDC6 
 198      B85D5F
 199 0295 DD603744 		.ascii	"\335`7Dk\354\370\205\363u\325\261\270\035\253\213\371"
 199      6BECF885 
 199      F375D5B1 
 199      B81DAB8B 
 199      F9
 200 02a6 69B896F1 		.ascii	"i\270\226\361h\023\257i\202s\030\2137\375\005\3704]"
 200      6813AF69 
 200      8273188B 
 200      37FD05F8 
 200      345D
 201 02b8 5F       		.ascii	"_"
 202              		.text
 203              		.section	.gnu.lto_msObjectInit.3dd4a860,"",%progbits
 204 0000 789C9D92 		.ascii	"x\234\235\222\337K\024Q\024\307\357w\356\374\022Qz\350"
 204      DF4B1451 
 204      14C7EF77 
 204      EEFC1251 
 204      7AE8
 205 0012 21CA071F 		.ascii	"!\312\007\037\002\363e\007\243\007\337z\011\354\337"
 205      02F36507 
 205      A307DF7A 
 205      09ECDF
 206 0021 7065C505 		.ascii	"pe\305\005\227\015\247^\"\330\321u\333\225~\320Cn\261"
 206      970DA75E 
 206      22D8D175 
 206      DB957ED0 
 206      436EB1
 207 0034 4CB2989B 		.ascii	"L\262\230\233O\222aY\376(\247-\267r]\303HH*\223\214"
 207      4F926159 
 207      FE28A72D 
 207      B7725DC3 
ARM GAS  C:\Users\hunter\AppData\Local\Temp\ccjACYvK.s 			page 16


 207      48482A93 
 208 0049 28A12214 		.ascii	"(\241\"\0242)\355\334\273\033\224\364\322^f\230sg\316"
 208      3229EDDC 
 208      BB1B94F4 
 208      D25E6698 
 208      7367CE
 209 005c F773BE73 		.ascii	"\367s\276s\316\325\031c\375\234\261&z\356\243\033\234"
 209      CED51963 
 209      FD9CB126 
 209      7AEEA31B 
 209      9C
 210 006d 41B930C7 		.ascii	"A\2710\307X\247\251\000\"pL\260\210\202\010\316\362"
 210      58A7A900 
 210      22704CB0 
 210      888208CE 
 210      F2
 211 007e 8B1CD9F8 		.ascii	"\213\034\331\370\3731\245~\320\241\345]\3523N;\261="
 211      FB31A57E 
 211      D0A1E55D 
 211      EA334E3B 
 211      B13D
 212 0090 2EC99374 		.ascii	".\311\223t\213\205\021\324S\326|\367\260\313\317p\227"
 212      8B8511D4 
 212      53D67CF7 
 212      B0CBCF70 
 212      97
 213 00a1 032A6DBF 		.ascii	"\003*m\277\026R+\325b\253\240\226\266k_\026\362\025"
 213      16522BD5 
 213      62ABA096 
 213      B66B5F16 
 213      F215
 214 00b3 FC1018C5 		.ascii	"\374\020\030\305\033\213\243\007\3522\216\323\345x\263"
 214      1B8BA307 
 214      EA328ED3 
 214      E578B3
 215 00c2 03DCD9EF 		.ascii	"\003\334\331\357r\216Qp\342\341\026jp\0235\214^1\334"
 215      728E5170 
 215      E2E1166A 
 215      7013358C 
 215      5E31DC
 216 00d5 461D650F 		.ascii	"F\035e\017vO,V\360F\251\034~\263\276a\226\244?2R\252"
 216      764F2C56 
 216      F046A91C 
 216      7EB3BE61 
 216      96A43F32 
 217 00eb E2CE4EA9 		.ascii	"\342\316N\251\3120&\245\375\235\013\371*~XJ\227{\206"
 217      CA3026A5 
 217      FD9D0BF9 
 217      2A7E584A 
 217      977B86
 218 00fe CEA92569 		.ascii	"\316\251%i\356\312\356\253Q\347\250\3135\214\357\024"
 218      EECAEEAB 
 218      51E7A8CB 
 218      358CEF14 
 219 010e 6B0C1352 		.ascii	"k\014\023R\374m0;\255\362#R\274\232\234\031\327~\327"
 219      FC6D303B 
 219      ADF22352 
ARM GAS  C:\Users\hunter\AppData\Local\Temp\ccjACYvK.s 			page 17


 219      BC9A9C19 
 219      D77ED7
 220 0121 2D5AD630 		.ascii	"-Z\3260\371\017\351]\324\211\374\2677\266z\253t\265"
 220      F90FE95D 
 220      D489FCB7 
 220      37B67AAB 
 220      74B5
 221 0133 D822DC83 		.ascii	"\330\"\334\203\316@\301\365g\232\347lm\307\035\357]"
 221      CE40C1F5 
 221      679AE76C 
 221      6DC71DEF 
 221      5D
 222 0144 06534D95 		.ascii	"\006SM\225\324l\372E\025\302\255\016Q\326\204$\260\004"
 222      D46CFA45 
 222      15C2AD0E 
 222      51D68424 
 222      B004
 223 0156 E9680E8E 		.ascii	"\351h\016\216\307z\270\"\242\250\307V\321\265\031\037"
 223      C77AB822 
 223      A2A8C756 
 223      D1B5191F 
 224 0166 9A382570 		.ascii	"\2328%pT\"\031\313>5D\177\271t8\231-\344\3644\372:i"
 224      542219CB 
 224      3E35447F 
 224      B9743899 
 224      2DE4F434 
 225 017d 48E9BD2E 		.ascii	"H\351\275.\327S\324\370)\262%>>\217\277X\252\264\206"
 225      D753D4F8 
 225      29B2253E 
 225      3E8FBF58 
 225      AAB486
 226 0190 C4006B5D 		.ascii	"\304\000k]n\300C\032\275rz\270\017\353O\230!a\321\315"
 226      6EC0431A 
 226      BD727AB8 
 226      0FEB4F98 
 226      2161D1CD 
 227 01a4 A9B5EAC8 		.ascii	"\251\265\352\310O\207\306l\244E\036\275\373>\377)Q)"
 227      4F87C66C 
 227      A4451EBD 
 227      FB3EFF29 
 227      5129
 228 01b6 0AEC72B9 		.ascii	"\012\354r\271\211\007t6\262%zt`$\006\312\276L\225\257"
 228      89077436 
 228      B2257A74 
 228      602406CA 
 228      BE4C95AF 
 229 01ca 41301E12 		.ascii	"A0\036\022\237\330\323\210\010\327\251\217/W\214\222"
 229      9FD8D388 
 229      08D7A98F 
 229      2F578C92 
 230 01da EBFFB0A9 		.ascii	"\353\377\260\251\"'m\212\316\341\021\254\024\315U\322"
 230      22276D8A 
 230      CEE111AC 
 230      14CD55D2 
 231 01ea 5E9543D3 		.ascii	"^\225C\323\360X\322\024A{\"hz\221\366\272<\332\214\244"
 231      F058D214 
 231      417B2268 
ARM GAS  C:\Users\hunter\AppData\Local\Temp\ccjACYvK.s 			page 18


 231      7A91F6BA 
 231      3CDA8CA4 
 232 01fe C9F1E605 		.ascii	"\311\361\346\005\315\024\264\365\017K\345\321f%M\025"
 232      CD14B4F5 
 232      0F4BE5D1 
 232      66254D15 
 233 020e B4C2DF03 		.ascii	"\264\302\337\003\321\3000G\252\317\350Jo\237\207<Kb"
 233      D1C03047 
 233      AACFE84A 
 233      6F9F873C 
 233      4B62
 234 0220 25A82F74 		.ascii	"%\250/t.\350w\032|>\213\256\226\266\240?\030\266\033"
 234      2EE8771A 
 234      7C3E8BAE 
 234      96B6A03F 
 234      18B61B
 235 0233 1A0F5A61 		.ascii	"\032\017Za\333jkn\267\332\203~\313>\336\021h\016\331"
 235      DB6A6B6E 
 235      B7DA837E 
 235      CB3EDE11 
 235      680ED9
 236 0246 5628102A 		.ascii	"V(\020*\205\276\026\306C\3661\335\177\242\2655\320\241"
 236      85BE16C6 
 236      43F631DD 
 236      7FA2B535 
 236      D0A1
 237 0258 DAC19301 		.ascii	"\332\301\223\001\036\010\333\277\000t\023H\322"
 237      1E08DBBF 
 237      00741348 
 237      D2
 238              		.text
 239              		.section	.gnu.lto_vmt.3dd4a860,"",%progbits
 240 0000 789C6363 		.ascii	"x\234cc``\330\000\304\306\014\0200\205\231q\347\316"
 240      6060D800 
 240      C4C60C10 
 240      30859971 
 240      E7CE
 241 0012 37B7D9EB 		.ascii	"7\267\331\353\3776t44<\350^\317<\233y\0163\3034f\014"
 241      FF367434 
 241      343CE85E 
 241      CF3C9B79 
 241      0E33C334 
 242 0028 B905DB78 		.ascii	"\271\005\333x\34603Ncf\304\220\370\006\324\3014\215"
 242      E630334E 
 242      6366C490 
 242      F806D4C1 
 242      348D
 243 003a 99094362 		.ascii	"\231\011Cb\023P\202y\03233Xb\375\233\235?y\273\201\""
 243      13508279 
 243      1A333358 
 243      62FD9B9D 
 243      3F79BB81 
 244 004f 2C8C20EE 		.ascii	",\214 \356\331\373s\2370Ylk\350X\320\0200\207\231u*"
 244      D9FB739F 
 244      30596C6B 
 244      E858D010 
 244      30879975 
ARM GAS  C:\Users\hunter\AppData\Local\Temp\ccjACYvK.s 			page 19


 245 0064 3303E376 		.ascii	"3\003\343vF\231\251\314\214\214\333\030\353\247231n"
 245      4699A9CC 
 245      8C8CDB18 
 245      EBA73233 
 245      316E
 246 0076 0551CC8C 		.ascii	"\005Q\314\214[@\024\013\343f\306z\006\306\035\214\026"
 246      5B40140B 
 246      E366C67A 
 246      06C61D8C 
 246      16
 247 0087 0C867A7A 		.ascii	"\014\206zz\372@\224\234\221\231\224\231_lha\244\237"
 247      FA40949C 
 247      91999499 
 247      5F6C6861 
 247      A49F
 248 0099 5FAC9F91 		.ascii	"_\254\237\221\230\243\237\223\231\244_\\R\224\232\230"
 248      98A39F93 
 248      99A45F5C 
 248      52949A98 
 249 00a9 5BAC9F9B 		.ascii	"[\254\237\233\232\013e\352%3\000\000|8Q\257"
 249      9A0B65EA 
 249      25330000 
 249      7C3851AF 
 250              		.text
 251              		.section	.gnu.lto_.symbol_nodes.3dd4a860,"",%progbits
 252 0000 789C6363 		.ascii	"x\234cc``\350\003b\006\246\233\214\365\014\014\023\316"
 252      6060E803 
 252      6206A69B 
 252      8CF50C0C 
 252      13CE
 253 0012 313000A9 		.ascii	"10\000\251\035\013\0166\260\001\305n1\3263\242\213\335"
 253      1D0B0E36 
 253      B001C56E 
 253      31D633A2 
 253      8BDD
 254 0024 60AC6742 		.ascii	"`\254gB\027\273\316X\317\214.v\207\261\236\005&\266"
 254      17BBCE58 
 254      CF8C2E76 
 254      87B19E05 
 254      26B6
 255 0036 ABC19181 		.ascii	"\253\301\221\201\201\3656#C\203\022\003\0033\343]\306"
 255      81F53623 
 255      43831203 
 255      0333E35D 
 255      C6
 256 0047 7A56B014 		.ascii	"zV\260\024\003CC\203\003P\204\211\215\341I\333\033y"
 256      03434383 
 256      03508489 
 256      8DE149DB 
 256      1B79
 257 0059 666608CD 		.ascii	"ff\010\315\000\000m\314'7"
 257      00006DCC 
 257      2737
 258              		.text
 259              		.section	.gnu.lto_.refs.3dd4a860,"",%progbits
 260 0000 789C6363 		.ascii	"x\234cc``\020\000bF\026&VF\026V&f&&&\006&F\006\000\003"
 260      60601000 
ARM GAS  C:\Users\hunter\AppData\Local\Temp\ccjACYvK.s 			page 20


 260      62461626 
 260      56461656 
 260      26662626 
 261 001b 51003B   		.ascii	"Q\000;"
 262              		.text
 263              		.section	.gnu.lto_.decls.3dd4a860,"",%progbits
 264 0000 789CAD56 		.ascii	"x\234\255V}PT\327\025\177\367\335ewYX0\352$f\312L\211"
 264      7D5054D7 
 264      157FF7DD 
 264      65775958 
 264      30EA2466 
 265 0017 2133B433 		.ascii	"!3\2643\341\303dj\246\323?\322q\246i\377\260\235\251"
 265      E1C3646A 
 265      A6D33FD2 
 265      71A669FF 
 265      B09DA9
 266 002a 4D669C32 		.ascii	"Mf\2342]ay\350\246\354.e\037M\354_\017\004D\020\005"
 266      5D6179E8 
 266      A6EC2E65 
 266      1F4DEC5F 
 266      0F044410 
 267 003f 51040541 		.ascii	"Q\004\005AP\221Oq\000\277@DA4~ B\304/\024\202\030?b"
 267      50914F71 
 267      00BF4044 
 267      41347E20 
 267      42C42F14 
 268 0057 4044A180 		.ascii	"@D\241\200B\317\275\367\275\335\307\272\2336\235\274"
 268      42CFBDF7 
 268      BDDDC7BA 
 268      9B369DBC 
 269 0067 D9B36FEF 		.ascii	"\331\263o\357y\347\376~\347\374\356y\367\256\226\343"
 269      79E7FE7E 
 269      E7FCEE79 
 269      F7AE96E3 
 270 0077 B88E408E 		.ascii	"\270\216@\216\373\020s\234\304s\334\034\\:\360\235\006"
 270      FB10739C 
 270      C473DC1C 
 270      5C3AF09D 
 270      06
 271 0088 D38299C0 		.ascii	"\323\202\231\300Z\300N\201\265\203u\202\351\020G/\362"
 271      5AC04E81 
 271      B5837582 
 271      E910472F 
 271      F2
 272 0099 DC0F7E1B 		.ascii	"\334\017~\033\301\002\301\336\000[\002\026\012FB~!\307"
 272      C102C1DE 
 272      005B0216 
 272      0A46427E 
 272      21C7
 273 00ab 29D75B80 		.ascii	")\327[\200o\200\373B\260\305`\375*|\202\271Z\346\321"
 273      6F80FB42 
 273      B0C560FD 
 273      2A7C82B9 
 273      5AE6D1
 274 00be 22C60529 		.ascii	"\"\306\005)q\263`\010\306X\306\364s\303$\327\317\274"
 274      71B36008 
 274      C658C6F4 
ARM GAS  C:\Users\hunter\AppData\Local\Temp\ccjACYvK.s 			page 21


 274      73C324D7 
 274      CFBC
 275 00d0 E0124C82 		.ascii	"\340\022L\202\355\011\227`\316q.\\\243\007\334\237\273"
 275      ED099760 
 275      CE712E5C 
 275      A307DC9F 
 275      BB
 276 00e1 E1B6CBB8 		.ascii	"\341\266\313\270\247T\371\022\314_\202E\240\327qa:\325"
 276      A754F912 
 276      CC5F8245 
 276      A0D77161 
 276      3AD5
 277 00f3 25D403F6 		.ascii	"%\324\003\366\273\360\320\317\003v'\367\272\026j|\265"
 277      BBF0D0CF 
 277      037627F7 
 277      BA166A7C 
 277      B5
 278 0104 1E04FF0D 		.ascii	"\036\004\377\015/\370\221\360\320\027\356kT\034\004"
 278      2FF891F0 
 278      D017EE6B 
 278      541C04
 279 0113 57594782 		.ascii	"WYG\202;\003\367i0\037\260Wr\316\012>\251\201\300.\361"
 279      3B03F769 
 279      301FB057 
 279      72CE0A3E 
 279      A981C02E 
 280 0128 B296AB78 		.ascii	"\262\226\253x\266\376\317\300\356\202\015\203=\226\265"
 280      B6FECFC0 
 280      EE820D83 
 280      3D96B5
 281 0137 563027C0 		.ascii	"V0'\300^\200M\201\215\203M\202id\255\375T=\343~m\307"
 281      5E804D81 
 281      8D834D82 
 281      6964ADFD 
 281      543DE37E 
 282 014d E850DA70 		.ascii	"\350P\332p\245>\013\243 \003\232Cd\374\344\370\224\221"
 282      A53E0BA3 
 282      20039A43 
 282      64FCE4F8 
 282      9491
 283 015f 8DC9E3D6 		.ascii	"\215\311\343\326\362\357\216\006b\236\376\036\036\332"
 283      F2EF8E06 
 283      629EFE1E 
 283      1EDA
 284 016d 5FA90BAB 		.ascii	"_\251\013\253\221\330\245\377;\207\232\020Vp\032\333"
 284      91D8A5FF 
 284      3B879A10 
 284      56701ADB 
 285 017d C66B35F8 		.ascii	"\306k5\3707$\220?\\;\3749\0125\034 am\223\005ai\033"
 285      3724903F 
 285      5C3BFC39 
 285      0A351C20 
 285      616D9305 
 286 0194 258947C7 		.ascii	"%\211G\307\221\001\035E\030\035Aa\244\344 \262\340\031"
 286      91011D45 
 286      181D4161 
 286      A4E420B2 
ARM GAS  C:\Users\hunter\AppData\Local\Temp\ccjACYvK.s 			page 22


 286      E019
 287 01a6 92942249 		.ascii	"\222\224\"I\345\022^\302\241\017\202PD\020\207\216\241"
 287      E5125EC2 
 287      A10F8250 
 287      4410878E 
 287      A1
 288 01b7 50424EA2 		.ascii	"PBN\242P#\012B\015(\210\340W\226\034\3540\342ZD\011"
 288      50230A42 
 288      0D2888E0 
 288      57961CEC 
 288      30E25A44 
 289 01cc EED68E76 		.ascii	"\356\326\216va'\303h\335\322\2064\302\320\002\014'\\"
 289      6127C368 
 289      DDD28634 
 289      C2D0020C 
 289      275C
 290 01de 0C40E899 		.ascii	"\014@\350\231\242\331\003\005\231\0144WS\353\2130\224"
 290      A2D90305 
 290      990C3457 
 290      53EB8B30 
 290      94
 291 01ef BFD08034 		.ascii	"\277\320\20040\034\273\274\353^\000\014\027\033P0\014"
 291      301CBBBC 
 291      EB5E000C 
 291      171B5030 
 291      0C
 292 0200 AB1A6B0E 		.ascii	"\253\032k\016\004\372g\022\304\322\015\222\357\357)"
 292      04FA6712 
 292      C4D20D92 
 292      EFEF29
 293 020f 632B209C 		.ascii	"c+ \234\004\004\016\235B\376D\015r\207\340;\347+\253"
 293      04040E9D 
 293      42FE440D 
 293      7287E03B 
 293      E72BAB
 294 0222 09D46A50 		.ascii	"\011\324jP\026\256@\225\270\253\231\270\373\246F\217"
 294      16AE4095 
 294      B8AB99B8 
 294      FBA6468F 
 295 0232 FAE35CAA 		.ascii	"\372\343\\\252.\177\271{\362\204\036\031B3\234\350\234"
 295      2E7FB97B 
 295      F2841E19 
 295      42339CE8 
 295      9C
 296 0243 131A7540 		.ascii	"\023\032u@\306\253\345\214O\203\263\015\234\254\370"
 296      C6ABE58C 
 296      4F83B30D 
 296      9CACF8
 297 0252 73179736 		.ascii	"s\027\2276\337\225\244`\324\016\251\234q\025\277\232"
 297      DF95A460 
 297      D40EA99C 
 297      7115BF9A 
 298 0262 D44E9CC0 		.ascii	"\324N\234\3003\365\340\214\2441\310Bd\374\027! \276"
 298      33F5E08C 
 298      A431C842 
 298      64FC1721 
 298      20BE
ARM GAS  C:\Users\hunter\AppData\Local\Temp\ccjACYvK.s 			page 23


 299 0274 FB4AED28 		.ascii	"\373J\355(\257.\363\354\2742;\3452;i\231=O/\025\373"
 299      AF2EF3EC 
 299      BC323BE5 
 299      323B6999 
 299      3D4F2F15 
 300 0289 31C516C0 		.ascii	"1\305\026\300pW\363\363\013>l\250\207\341d\305\231\263"
 300      7057F3F3 
 300      0B3E6CA8 
 300      87E164C5 
 300      99B3
 301 029b 1AFC8A35 		.ascii	"\032\374\2125PY\362\265\213F\234\214\351\240\"\265\371"
 301      5059F2B5 
 301      8B469C8C 
 301      E9A022B5 
 301      F9
 302 02ac A62F4E67 		.ascii	"\246/Ng\203\334\271}_\373\342l6\230\033\035\277\013"
 302      83DCB97D 
 302      5FFBE26C 
 302      36981B1D 
 302      BF0B
 303 02be B2B041E3 		.ascii	"\262\260A\343@O\205\237\006\336\001\252\265MC|\035\231"
 303      404F859F 
 303      06DE01AA 
 303      B54D437C 
 303      1D99
 304 02d0 59ABA8CB 		.ascii	"Y\253\250\313\344\217\272\020u\235\235\233l\013d\264"
 304      E48FBA10 
 304      759D9D9B 
 304      6C0B64B4 
 305 02e0 BC2AA9C5 		.ascii	"\274*\251\305,\251\264\354\332\235\006\030j\331R\350"
 305      2CA9B4EC 
 305      DA9D0618 
 305      6AD952E8 
 306 02f0 48333F9D 		.ascii	"H3?\235>\242a.\242\343\227\340*.\354?\034\200wP^\276"
 306      3EA2612E 
 306      A2E397E0 
 306      2A2EEC3F 
 306      1C807750 
 307 0306 B5F758AA 		.ascii	"\265\367X\252Q\325\304\277*|JT\356\203$\276v\251\254"
 307      51D5C4BF 
 307      2A7C4A54 
 307      EE8324BE 
 307      76A9AC
 308 0319 953B4C7A 		.ascii	"\225;Lzm\305\256\201\264ZY\332^p\3660i\237M=m\324\340"
 308      6DC5AE81 
 308      B45A59DA 
 308      5E70F630 
 308      699F4D3D 
 309 0330 12C6D190 		.ascii	"\022\306\321\220\367\262 @\325\306\313\232h\033\337"
 309      F7B22040 
 309      D5C6CB9A 
 309      681BDF
 310 033f 048EEB2E 		.ascii	"\004\216\353.\216>\344\225\344\206g\222\353\233{okq"
 310      8E3EE495 
 310      E4866792 
 310      EB9B7B6F 
 310      6B71
ARM GAS  C:\Users\hunter\AppData\Local\Temp\ccjACYvK.s 			page 24


 311 0351 0523397A 		.ascii	"\005#9z\261\177F\365\256|\037R0M\012\351\007\222[.\222"
 311      B17F46F5 
 311      AE7C1F52 
 311      304D0AE9 
 311      07925B2E 
 312 0366 9BDE496E 		.ascii	"\233\336In{&\231\356{\224\242_\222Of\344l\220\026\360"
 312      7B2699EE 
 312      7B94A25F 
 312      924F66E4 
 312      6C9016F0 
 313 037a 14F12A3C 		.ascii	"\024\361*<\357\246Mr\007-\201\357+H\303\266\207\311"
 313      EFA64D72 
 313      072D81EF 
 313      2B48C3B6 
 313      87C9
 314 038c 1B27BBE7 		.ascii	"\033'\273\347\265\024<W\265\324]\326R\0208\222~\342"
 314      B5143C57 
 314      B5D45DD6 
 314      52103892 
 314      7EE2
 315 039e 4E001E61 		.ascii	"N\000\036a\213_4\234\275\305\207\256t\273s\361[z\016"
 315      8B5F349C 
 315      BDC587AE 
 315      74BB73F1 
 315      5B7A0E
 316 03b1 DF673E78 		.ascii	"\337g>x\315\320 [\376W\255\247k\260\322\022\3370\337"
 316      CDD0205B 
 316      FE57ADA7 
 316      6BB0D212 
 316      DF30DF
 317 03c4 4863CA26 		.ascii	"Hc\312&^\235`\373\274\004\357\321\004\207\224\004[\233"
 317      5E9D60FB 
 317      BC04EFD1 
 317      04879404 
 317      5B9B
 318 03d6 2A07903A 		.ascii	"*\007\220:\301{\363\022\034v&x\355\301\361\011?<\356"
 318      C17BF312 
 318      1C762678 
 318      EDC1F109 
 318      3F3CEE
 319 03e9 3DC1FEBC 		.ascii	"=\301\376\274\241f\326\261\360\202\240oY2\331\317\245"
 319      A166D6B1 
 319      F082A06F 
 319      5932D9CF 
 319      A5
 320 03fa 2B814A82 		.ascii	"+\201J\202\017\230\257\362\316\326-\201\336\023|D\023"
 320      0F98AFF2 
 320      CED62D81 
 320      DE137C44 
 320      13
 321 040b 7CA82478 		.ascii	"|\250$xp\377\253Z_u\202\217\346%\370\330\231`]\317\303"
 321      70FFAB5A 
 321      5F75828F 
 321      E625F8D8 
 321      99605DCF 
 322 0420 173C9E62 		.ascii	"\027<\236b\011\366\264Tw\005\340M\032:\030{Y|\324\227"
 322      09F6B454 
ARM GAS  C:\Users\hunter\AppData\Local\Temp\ccjACYvK.s 			page 25


 322      7705E04D 
 322      1A3A187B 
 322      597CD497 
 323 0434 BD248B89 		.ascii	"\275$\213\211h\00399:\366\222\224\322\255\377NY\206"
 323      68033939 
 323      3AF69294 
 323      D2ADFF4E 
 323      5986
 324 0446 11E7B3D8 		.ascii	"\021\347\263\330\272\232\231z\203\2220+\354\2764T\033"
 324      BA9A997A 
 324      8392302B 
 324      ECBE3454 
 324      1B
 325 0457 E07DC5C7 		.ascii	"\340}\305\307h\276O\225|\253\267V\277\245Nwl^\272\317"
 325      68BE4F95 
 325      7CABB756 
 325      BFA54E77 
 325      6C5EBACF 
 326 046b 947475F5 		.ascii	"\224tu\365\275\331MZ\024\262($$$4\244\214\304\267]\317"
 326      BDD94D5A 
 326      14B22824 
 326      242434A4 
 326      8CC4B75D 
 327 0480 C2B39DE9 		.ascii	"\302\263\235\351RN4\351\013t\031\272\3649Z\344j\310"
 327      524E34E9 
 327      0B7419BA 
 327      F4395AE4 
 327      6AC8
 328 0492 F314A195 		.ascii	"\363\024\241\225|s\2714\0330\240E#\020\361=\211x\"O"
 328      7C73B934 
 328      1B30A045 
 328      2310F13D 
 328      8978224F 
 329 04a6 819E45FF 		.ascii	"\201\236E\377\206\366\235@!\350\005\330\024\3308\330"
 329      86F69D40 
 329      21E805D8 
 329      14D838D8 
 330 04b6 240AA1E7 		.ascii	"$\012\241\347\026\243\353F\347#\210~\350\276;S\270\213"
 330      16A3EB46 
 330      E723887E 
 330      E8BE3B53 
 330      B88B
 331 04c8 48154A96 		.ascii	"H\025J\226\351;\217\241\221n\221P%\032u\217<\207\234"
 331      E93B8FA1 
 331      916E9150 
 331      251A758F 
 331      3C879C
 332 04db A1EC9D1C 		.ascii	"\241\354\235\034\331\210\3418%A\234\374:\272r\233X\276"
 332      D988E138 
 332      25419CFC 
 332      3ABA729B 
 332      58BE
 333 04ed 4B6A4BC5 		.ascii	"KjK\305\244\377\320\200g!(\022\010\236\271-\267\310"
 333      A4FFD080 
 333      67212812 
 333      089EB92D 
 333      B7C8
ARM GAS  C:\Users\hunter\AppData\Local\Temp\ccjACYvK.s 			page 26


 334 04ff 6F912C48 		.ascii	"o\221,H\206WA8\257j\000\306\266\261\236\255F\365\252"
 334      86574138 
 334      AF6A00C6 
 334      B6B19EAD 
 334      46F5AA
 335 0512 4DABF838 		.ascii	"M\253\37084\343l\262\347y\267\006\002\360%\332+\272"
 335      34E36CB2 
 335      E779B706 
 335      02F025DA 
 335      2BBA
 336 0524 EEA18DEB 		.ascii	"\356\241\215\353\021\254\337\"\347\012v\026\006\225"
 336      11ACDF22 
 336      E70A7616 
 336      0695
 337 0532 6F904001 		.ascii	"o\220@\001\230\201.\001\271\304\377\200V]\205ZV%Q\366"
 337      98812E01 
 337      B9C4FF80 
 337      565D855A 
 337      562551F6 
 338 0546 827BB4AA 		.ascii	"\202{\264\252J\267Ex\351\036\252\222\326ccp4\234tE\012"
 338      4AB74578 
 338      E91EAA92 
 338      D6636370 
 338      349C7445 
 339 055b 1F8A5E41 		.ascii	"\037\212^A\355\033\370\0204\013\367d\270\317\275\336"
 339      ED1BF810 
 339      340BF764 
 339      B8CFBDDE 
 340 056b 1584E52B 		.ascii	"\025\204\345+\317\011\261\266`+8Q\2600\031\230H\330"
 340      CF09B1B6 
 340      602B3851 
 340      B0301998 
 340      48D8
 341 057d EB4BE8AC 		.ascii	"\353K\350\254\216\354W\027=j\301\260@\326\035U}\327"
 341      8EEC5717 
 341      3D6AC1B0 
 341      40D61D55 
 341      7DD7
 342 058f F5B897CA 		.ascii	"\365\270\227\312\312\327\245d\356\360G\241\213\030G"
 342      CAD7A564 
 342      EEF047A1 
 342      8B1847
 343 059e CFDBA449 		.ascii	"\317\333\244I\322an*\357\334\266\011\241\267\227 \015"
 343      D2616E2A 
 343      EFDCB609 
 343      A1B79720 
 343      0D
 344 05af 4AFC5FCA 		.ascii	"J\374_\312\005\332\211\307Gn\353\324\313\236\316\253"
 344      05DA89C7 
 344      476EEBD4 
 344      CB9ECEAB 
 345 05bf 977D23CF 		.ascii	"\227}#\317\016|\270C\360\3613\351W\215\003\260\201\223"
 345      0E7CB843 
 345      F0F133E9 
 345      578D03B0 
 345      8193
 346 05d1 CD610185 		.ascii	"\315a\001\205@\210}\303\235\030\373_\253\\\210\371\301"
ARM GAS  C:\Users\hunter\AppData\Local\Temp\ccjACYvK.s 			page 27


 346      40887DC3 
 346      9D18FB5F 
 346      AB5C88F9 
 346      C1
 347 05e2 CBB39B1C 		.ascii	"\313\263\233\034J\006\312\024\3717|\3632\006\257\340"
 347      4A06CA14 
 347      F9377CF3 
 347      3206AFE0 
 348 05f2 D28F0C80 		.ascii	"\322\217\014\200\324\250\3549\243S.N\201gi)\3638\006"
 348      D4A8EC39 
 348      A3532E4E 
 348      81676929 
 348      F33806
 349 0605 399F4C35 		.ascii	"9\237L5i^\256\234\363\2613MW\221HV\354\304\336\272\007"
 349      695EAE9C 
 349      F3B1334D 
 349      57914856 
 349      ECC4DEBA 
 350 061a 9A41D89F 		.ascii	"\232A\330\2378\356w\034\227\243\267R\357\271\223E\035"
 350      38EE771C 
 350      97A3B752 
 350      EFB99345 
 350      1D
 351 062b 817890ED 		.ascii	"\201x\220\355\240'\232z\247\215KK\245\266A8v\213pf\373"
 351      A0279A7A 
 351      A78D4B4B 
 351      A5B64138 
 351      768B7066 
 352 0640 C66CA914 		.ascii	"\306l\251\024}LO\276L\327\022\302O\370\336\304\017\""
 352      7D4C4FBE 
 352      4CD712C2 
 352      4FF8DEC4 
 352      0F22
 353 0652 94C10F00 		.ascii	"\224\301\017\000[\026\277\024f\247\016U\247\351\361"
 353      5B16BF14 
 353      66A70E55 
 353      A7E9F1
 354 0661 4E1F0A35 		.ascii	"N\037\0125Y\2233\254\221\241\206\336\206n\202?r\360"
 354      599333AC 
 354      91A186DE 
 354      866E823F 
 354      72F0
 355 0673 47816CA9 		.ascii	"G\201l\251\233]H\233\335\221\262)R\347\355\007SZ\\\304"
 355      9B5D489B 
 355      DD91B229 
 355      52E7ED07 
 355      535A5CC4 
 356 0687 90BED9FB 		.ascii	"\220\276\331\373\344\264\237\214\3249\211\235P\344\264"
 356      E4B49F8C 
 356      D439899D 
 356      50E4B4
 357 0696 DBE282DA 		.ascii	"\333\342\202\332\342\016\265\225B\365V\265\254\303\345"
 357      E20EB595 
 357      42F556B5 
 357      ACC3E5
 358 06a5 0CA928AB 		.ascii	"\014\251(\253\264D+#=\333\217\245\355\200\263\200\036"
 358      B4442B23 
ARM GAS  C:\Users\hunter\AppData\Local\Temp\ccjACYvK.s 			page 28


 358      3DDB8FA5 
 358      ED80B380 
 358      1E
 359 06b6 4A392E9C 		.ascii	"J9.\234\034w\234\\\212\263'\177\333\254\037\256\366"
 359      1C779C5C 
 359      8AB3277F 
 359      DBAC1FAE 
 359      F6
 360 06c7 F17A86D6 		.ascii	"\361z\206\326\327\177U\215\234\276<\236:7\027Tv\351"
 360      D77F558D 
 360      9CBE3C9E 
 360      3A371754 
 360      76E9
 361 06d9 9D27FF76 		.ascii	"\235'\377v\346L\316\314\317e'?t'\332\301\234\231\245"
 361      E64CCECC 
 361      CF65273F 
 361      7427DAC1 
 361      9C99A5
 362 06ec D7BBE7FD 		.ascii	"\327\273\347\3757Y\363\246\352\240\332\311\223\203*"
 362      3759F3A6 
 362      EAA0DAC9 
 362      93832A
 363 06fb 9F970FAA 		.ascii	"\237\227\017\252[\217\273zy(\244\024\012\231-\362wJ"
 363      5B8FBB7A 
 363      7928A414 
 363      0A992DF2 
 363      774A
 364 070d 0261689B 		.ascii	"\002ah\233\253\224m\356\245\024\320RvW57h\3611V\312"
 364      AB946DEE 
 364      A514D052 
 364      76573537 
 364      68F13156 
 365 0722 E5438FB2 		.ascii	"\345C\217\262\264\370\024\033\324\357\376\366\202\016"
 365      B4F8141B 
 365      D4EFFEF6 
 365      820E
 366 0730 3243BBC8 		.ascii	"2C\273\310L\352In\2530\342\016\366\270l\377\236\036"
 366      4CEA496E 
 366      AB30E20E 
 366      F6B86CFF 
 366      9E1E
 367 0742 5FF2B808 		.ascii	"_\362\270\010\036\243\335,qOZ\264\327\316\264\261\012"
 367      1EA3DD2C 
 367      714F5AB4 
 367      D7CEB4B1 
 367      0A
 368 0753 A3FDD11E 		.ascii	"\243\375\321\036\026W||\270\330W9\235K\230\257o\303"
 368      16577C7C 
 368      B8D85739 
 368      9D4B98AF 
 368      6FC3
 369 0765 E6898077 		.ascii	"\346\211\200w.\371\224Hz\312v\262\360Q\203\206\306\354"
 369      2EF99448 
 369      7ACA76B2 
 369      F0518386 
 369      C6EC
 370 0777 E5DF61AF 		.ascii	"\345\337a\257\371Pv\236\016w1\376\261\222\361\003Z\302"
ARM GAS  C:\Users\hunter\AppData\Local\Temp\ccjACYvK.s 			page 29


 370      F950769E 
 370      0E7731FE 
 370      B192F103 
 370      5AC2
 371 0789 5F0E3596 		.ascii	"_\0165\226\0211\310\266\336_\330\342\203\373XD\365\316"
 371      1131C8B6 
 371      DE5FD8E2 
 371      83FB5844 
 371      F5CE
 372 079b 7DDDB480 		.ascii	"}\335\264\200\375$\303}\214%}6\277\001\253\245\205\004"
 372      FD24C37D 
 372      8C257D36 
 372      BF01ABA5 
 372      8504
 373 07ad 6469D101 		.ascii	"di\321\001\010A\025T\335RE\335\256\252\246\263:Pw\020"
 373      08411554 
 373      DD5245DD 
 373      AEAAA6B3 
 373      3A507710 
 374 07c1 3A65B2F9 		.ascii	":e\262\371\335S\365\017\245\214L)BJ\303"
 374      DD53F50F 
 374      A58C4C29 
 374      424AC3
 375 07d0 2412152A 		.ascii	"$\022\025*\002\243b^CF\354U;H\265\315=\263\357\034~"
 375      02A3625E 
 375      4346EC55 
 375      3B48B5CD 
 375      3DB3EF1C 
 376 07e5 AF5CEA6E 		.ascii	"\257\\\352n\243o\320\241\366\036\370w\312\3233\351\022"
 376      A36FD0A1 
 376      F61EF877 
 376      CAD333E9 
 376      12
 377 07f6 FBEBAADA 		.ascii	"\373\353\252\332\331\211\347o\220l%\377\036L\3354:\332"
 377      D989E76F 
 377      906C25FF 
 377      1E4CDD34 
 377      3ADA
 378 0808 6E50EF68 		.ascii	"nP\357h\204\314\265\243U\311;Z\025\335\321<\251>qed"
 378      84CCB5A3 
 378      55C93B5A 
 378      15DDD13C 
 378      A93E7165 
 379 081d A1323F05 		.ascii	"\2412?\005\346\307\274\251\232\036\255\034\203\225\255"
 379      E6C7BCA9 
 379      9A1EAD1C 
 379      8395AD
 380 082c 27ABD8DF 		.ascii	"'\253\330\337\272\032\350\276j\336\343\3245\352\251"
 380      BA1AE8BE 
 380      6ADEE3D4 
 380      35EAA9
 381 083b 20176B28 		.ascii	" \027k(\010\2741s\354\005\233]\007\263k\331\354\335"
 381      08BC3173 
 381      EC059B5D 
 381      07B36BD9 
 381      ECDD
 382 084d B979413F 		.ascii	"\271yA?\244o=\325\367\020\325\227\016\"\302\302\302"
ARM GAS  C:\Users\hunter\AppData\Local\Temp\ccjACYvK.s 			page 30


 382      A46F3DD5 
 382      F710D597 
 382      0E22C2C2 
 382      C2
 383 085e E1635E67 		.ascii	"\341c^g\211\261\330\035\221\037-\013\267;\302\327E\307"
 383      89B1D81D 
 383      911F2D0B 
 383      B73BC2D7 
 383      45C7
 384 0870 87C75B62 		.ascii	"\207\307[b\302\035b\242\020mu\204[\005\253\3743\314"
 384      C21D62A2 
 384      106D7584 
 384      5B05ABFC 
 384      33CC
 385 0882 ACFFE48F 		.ascii	"\254\377\344\217\237\006\257\210\214\344|M\246$\213"
 385      9F06AF88 
 385      8CE47C4D 
 385      A6248B
 386 0891 4DFCC824 		.ascii	"M\374\310$\306\231\177\035E\001\034bR\254\305\036%\332"
 386      C6997F1D 
 386      45011C62 
 386      52ACC51E 
 386      25DA
 387 08a3 EDF18EA8 		.ascii	"\355\361\216\250\265\266\244`\372+8:\321\032,Xc\204"
 387      B5B6A460 
 387      FA2B383A 
 387      D11A2C58 
 387      6384
 388 08b5 D8582136 		.ascii	"\330X!6jyXD\360\262\210\310\345\377\3700\012\374\357"
 388      6A795844 
 388      F0B288C8 
 388      E5FFF830 
 388      0AFCEF
 389 08c8 DBEC36E1 		.ascii	"\333\3546\341}!:\306\022e\261\231\343\223b\205(k4`\331"
 389      7D213AC6 
 389      1265B199 
 389      E3936285 
 389      286B3460 
 390 08dd 842853AC 		.ascii	"\204(S\254\020\027\235\024/\232\304\365\011\202#l\035"
 390      10179D14 
 390      2F9AC4F5 
 390      0982236C 
 390      1D
 391 08ee A793E9FE 		.ascii	"\247\223\351\376\372\223\3229\326;\242L\0161\026\260"
 391      FA93D239 
 391      D63BA24C 
 391      0E3116B0 
 392 08fe 8143EBB0 		.ascii	"\201C\353\260\374K0\211\261\377'\005\210\026\265\326"
 392      FC4B3089 
 392      B1FF2705 
 392      8816B5D6 
 393 090e 6C76A35A 		.ascii	"lv\243Z\036\266,,\322E(\302\2548\340\302\202\335\241"
 393      1EB62C2C 
 393      D24528C2 
 393      AC38E0C2 
 393      82DDA1
 394 0921 217CDA98 		.ascii	"!|\332\230\244\2708!\021\377\323*\342\204$\021\204\205"
ARM GAS  C:\Users\hunter\AppData\Local\Temp\ccjACYvK.s 			page 31


 394      A4B83821 
 394      11FFD32A 
 394      E2842411 
 394      8485
 395 0933 643E5866 		.ascii	"d>Xf\022u\362\335\307\352Xk\022?\366\264Tf\273\325j"
 395      1275F2DD 
 395      C7EA586B 
 395      123FF6B4 
 395      5466BBD5 
 396 0948 B78527D8 		.ascii	"\267\205'\330\023EG\370o\377\274r\305\312/\211/\301"
 396      134547F8 
 396      6FFFBC72 
 396      C5CA2F89 
 396      2FC1
 397 095a 122F243A 		.ascii	"\022/$:\302?Y\261\002\342\025\0015\260\204\261>_$ZD"
 397      C23F59B1 
 397      02E21501 
 397      35B084B1 
 397      3E5F245A 
 398 096f 21D06273 		.ascii	"!\320bs\210\3216\263`\262\307\3059\004\321\177\245`"
 398      88D136B3 
 398      60B2C7C5 
 398      3904D17F 
 398      A560
 399 0981 5D4597F8 		.ascii	"]E\227\370\263\225\177\301k\0051\362G\366\005H\347B"
 399      B3957FC1 
 399      6B0531F2 
 399      47F60548 
 399      E742
 400 0993 B227AE67 		.ascii	"\262'\256g`\032\023\324\363c\241\314\234\306\004\031"
 400      601A13D4 
 400      F363A1CC 
 400      9CC60419 
 401 09a3 684D245D 		.ascii	"hM$]\207\316D\023v\370[\035\177\212\371\\0\213\177\260"
 401      87CE4413 
 401      76F85B1D 
 401      7F8AF95C 
 401      308B7FB0 
 402 09b7 59442D84 		.ascii	"YD-\204\233\023\326k\342\205\3508\235\315.\256K\264"
 402      9B13D66B 
 402      E285E838 
 402      9DCD2EAE 
 402      4BB4
 403 09c9 7F812275 		.ascii	"\177\201\"uq\266`G\202`\006\217\315\226\024\037\377"
 403      71B66047 
 403      8260068F 
 403      CD96141F 
 403      FF
 404 09da D94FDB28 		.ascii	"\331O\333(b\242\305\266\026\012\375\017\\\035\226\210"
 404      62A2C5B6 
 404      160AFD0F 
 404      5C1D9688 
 405              		.text
 406              		.section	.gnu.lto_.symtab.3dd4a860,"",%progbits
 407 0000 6D734F62 		.ascii	"msObjectInit\000"
 407      6A656374 
 407      496E6974 
ARM GAS  C:\Users\hunter\AppData\Local\Temp\ccjACYvK.s 			page 32


 407      00
 408 000d 00       		.ascii	"\000"
 409 000e 00       		.ascii	"\000"
 410 000f 00       		.ascii	"\000"
 411 0010 00000000 		.ascii	"\000\000\000\000\000\000\000\000"
 411      00000000 
 412 0018 18010000 		.ascii	"\030\001\000\000"
 413              		.text
 414              		.section	.gnu.lto_.opts,"",%progbits
 415 0000 272D666D 		.ascii	"'-fmath-errno' '-fsigned-zeros' '-ftrapping-math' '"
 415      6174682D 
 415      6572726E 
 415      6F272027 
 415      2D667369 
 416 0033 2D666E6F 		.ascii	"-fno-trapv' '-fno-openmp' '-fno-openacc' '-mcpu=cor"
 416      2D747261 
 416      70762720 
 416      272D666E 
 416      6F2D6F70 
 417 0066 7465782D 		.ascii	"tex-m0' '-mno-thumb-interwork' '-mthumb' '-O2' '-fo"
 417      6D302720 
 417      272D6D6E 
 417      6F2D7468 
 417      756D622D 
 418 0099 6D69742D 		.ascii	"mit-frame-pointer' '-falign-functions=16' '-ffuncti"
 418      6672616D 
 418      652D706F 
 418      696E7465 
 418      72272027 
 419 00cc 6F6E2D73 		.ascii	"on-sections' '-fdata-sections' '-fno-common' '-flto"
 419      65637469 
 419      6F6E7327 
 419      20272D66 
 419      64617461 
 420 00ff 2700     		.ascii	"'\000"
 421              		.text
 422              		.comm	__gnu_lto_v1,1,1
 423              		.comm	__gnu_lto_slim,1,1
 424              		.ident	"GCC: (GNU Tools for Arm Embedded Processors 7-2017-q4-major) 7.2.1 20170904 (release) [ARM
ARM GAS  C:\Users\hunter\AppData\Local\Temp\ccjACYvK.s 			page 33


DEFINED SYMBOLS
                            *ABS*:00000000 memstreams.c
                            *COM*:00000001 __gnu_lto_v1
                            *COM*:00000001 __gnu_lto_slim

NO UNDEFINED SYMBOLS
