ARM GAS  C:\Users\hunter\AppData\Local\Temp\cchP9yuc.s 			page 1


   1              		.cpu cortex-m0
   2              		.eabi_attribute 20, 1
   3              		.eabi_attribute 21, 1
   4              		.eabi_attribute 23, 3
   5              		.eabi_attribute 24, 1
   6              		.eabi_attribute 25, 1
   7              		.eabi_attribute 26, 1
   8              		.eabi_attribute 30, 2
   9              		.eabi_attribute 34, 0
  10              		.eabi_attribute 18, 4
  11              		.file	"NeoPixels.c"
  12              		.section	.gnu.lto_.profile.3dd58bbc,"",%progbits
  13 0000 789C6363 		.ascii	"x\234cc```\001bF\006\033+\000\001*\000\202"
  13      60606001 
  13      6246061B 
  13      2B00012A 
  13      0082
  14              		.text
  15              		.section	.gnu.lto_.icf.3dd58bbc,"",%progbits
  16 0000 789C6363 		.ascii	"x\234cc``\340`@\000F\206\031\247z\257\2603\000\000\015"
  16      6060E060 
  16      40004686 
  16      19A77AAF 
  16      B0330000 
  17 0015 9002DA   		.ascii	"\220\002\332"
  18              		.text
  19              		.section	.gnu.lto_.jmpfuncs.3dd58bbc,"",%progbits
  20 0000 789C6363 		.ascii	"x\234cc``\340b@\000F\006F\026\306\3729\314\014\014\000"
  20      6060E062 
  20      40004606 
  20      4616C6FA 
  20      39CC0C0C 
  21 0015 06BA0136 		.ascii	"\006\272\0016"
  22              		.text
  23              		.section	.gnu.lto_.inline.3dd58bbc,"",%progbits
  24 0000 789C6363 		.ascii	"x\234cc``X\316\200\000\214\014\3146\362\254\254\014"
  24      606058CE 
  24      80008C0C 
  24      CC36F2AC 
  24      AC0C
  25 0012 0AE95398 		.ascii	"\012\351S\230\031\247?:\330\307-;\273\201\003(1\207"
  25      19A73F3A 
  25      D8C72D3B 
  25      BB810328 
  25      3187
  26 0024 99918171 		.ascii	"\231\221\201q3\243,\243\002\203B&P\356\344\262\037\307"
  26      33A32CA3 
  26      02834226 
  26      50EEE4B2 
  26      1FC7
  27 0036 9981721D 		.ascii	"\231\201r\035\015\015\002\234\014\015P\260\205\021\254"
  27      0D0D029C 
  27      0C0D50B0 
  27      8511AC
  28 0045 6E0B501D 		.ascii	"n\013P\035\003\203\002\220\245\000&\035\300$\003/\333"
  28      03830290 
  28      A500261D 
ARM GAS  C:\Users\hunter\AppData\Local\Temp\cchP9yuc.s 			page 2


  28      C024032F 
  28      DB
  29 0056 0D7906B6 		.ascii	"\015y\006\266\005\362L\014L\027\370\005\300\244\002"
  29      05F24C0C 
  29      4C17F805 
  29      C0A402
  30 0065 1303DB0B 		.ascii	"\023\003\333\013M\001\006\246\023\\\016L\014j\013.\003"
  30      4D0106A6 
  30      135C0E4C 
  30      0C6A0B2E 
  30      03
  31 0076 D5F27588 		.ascii	"\325\362u\210\0320p,\320\012`\020\270 _\300\300s\200"
  31      1A30702C 
  31      D00A6010 
  31      B8205FC0 
  31      C07380
  32 0089 4B8181A9 		.ascii	"K\201\201\251\215U\201\205\201m\022?\013\330\231\000"
  32      8D558185 
  32      816D123F 
  32      0BD89900 
  33 0099 13752392 		.ascii	"\023u#\222"
  34              		.text
  35              		.section	.gnu.lto_.pureconst.3dd58bbc,"",%progbits
  36 0000 789C6363 		.ascii	"x\234cc```\006bF\006)\000\000\177\000%"
  36      60606006 
  36      62460629 
  36      00007F00 
  36      25
  37              		.text
  38              		.section	.gnu.lto_hsv2rgb.3dd58bbc,"",%progbits
  39 0000 789C8D97 		.ascii	"x\234\215\227\375ST\327\031\307\317s\317\335\335\273"
  39      FD5354D7 
  39      19C7CF73 
  39      CFDDDDBB 
  40 0010 BB777705 		.ascii	"\273ww\005Q^\004\343\013\210\020\233\264\023\333\311"
  40      515E04E3 
  40      0B88109B 
  40      B413DBC9 
  41 0020 743AD3FF 		.ascii	"t:\323\377\240\323i\177\352\257y\261q\246\223\264\215"
  41      A0D3697F 
  41      EAAF79B1 
  41      71A693B4 
  41      8D
  42 0031 EDB43F74 		.ascii	"\355\264?t\274\274\010\202F\210#J\020\225\326\242\221"
  42      BCBC0882 
  42      4688234A 
  42      1095D6A2 
  42      91
  43 0042 84181BDF 		.ascii	"\204\030\033\337\000\321\025T\"\342\013\370\026\014"
  43      00D11554 
  43      22E20BF8 
  43      160C
  44 0050 2D880501 		.ascii	"-\210\005\001\005\203Z\343[\264\317\363\234\263\273"
  44      05835AE3 
  44      5BB4CFF3 
  44      9CB3BB
  45 005f AC6C4677 		.ascii	"\254lFw\346>\334{\356\363\375<\347<\3479\347\036\334"
ARM GAS  C:\Users\hunter\AppData\Local\Temp\cchP9yuc.s 			page 3


  45      E63EDC7B 
  45      EEF3FD3C 
  45      E73CE739 
  45      E71EDC
  46 0072 42881D49 		.ascii	"B\210\035IB\374\034\3776\343\005!\001F\345\031!\012"
  46      42FC1CFF 
  46      36E30521 
  46      0146E519 
  46      210A
  47 0084 2CC3903B 		.ascii	",\303\220;\323\205\3433G\227\012\307\226\020T\315\246"
  47      D385E333 
  47      47970AC7 
  47      961054CD 
  47      A6
  48 0095 E15A9D8B 		.ascii	"\341Z\235\213\315n\262\266\013\334\252\331\355\266\213"
  48      CD6EB2B6 
  48      0BDCAAD9 
  48      EDB68B
  49 00a4 02C2B13C 		.ascii	"\002\302\261<l-\266^\266>\266~\365\026\002\312\335\212"
  49      6C2DB65E 
  49      B63EB67E 
  49      F51602CA 
  49      DD8A
  50 00b6 DC782337 		.ascii	"\334x#7\276\310\215?rcGn\002\221\330A\000\272q,\020"
  50      BEC88D3F 
  50      7263476E 
  50      0291D841 
  50      00BA712C 
  51 00cb 2B0D69BA 		.ascii	"+\015i\272\334\036\313\353\363\333\201 \254\204\265"
  51      DC1ECBEB 
  51      F3DB8120 
  51      AC84B5
  52 00da 728384B6 		.ascii	"r\203\204\266\333\237\357\264\327\310Z)\200\036'\212"
  52      DB9FEFB4 
  52      D7C85A29 
  52      801E278A 
  53 00ea 8706FCF4 		.ascii	"\207\006\374\364\010\220\206\217\223\007\317\356\267"
  53      0890868F 
  53      9307CFEE 
  53      B7
  54 00f7 F3763AF8 		.ascii	"\363v:\370\013o:\227R\360q\030j\245!6\242\367^\310\204"
  54      0B6F3A97 
  54      52F07118 
  54      6AA52136 
  54      A2F75EC8 
  55 010c 2F209332 		.ascii	"/ \2232\260\017\362\320\367\321\310\206^P$\033\037\013"
  55      B00FF2D0 
  55      F7D1C886 
  55      5E50241B 
  55      1F0B
  56 011e 5B7A3F0C 		.ascii	"[z?\014)\322\200\300\347\315\237\366<\012\310\020\320"
  56      29D280C0 
  56      E7CD9FF6 
  56      3C0AC810 
  56      D0
  57 012f FDF8C5C9 		.ascii	"\375\370\305\311=Fn=c\273\222\235\354Z)\341 H\302\036"
  57      3D466E3D 
ARM GAS  C:\Users\hunter\AppData\Local\Temp\cchP9yuc.s 			page 4


  57      63BB929D 
  57      EC5A29E1 
  57      2048C21E 
  58 0143 40EC7EC4 		.ascii	"@\354~\304b\223\200&\310%\367\013}gOJ\231\314\322\276"
  58      62938026 
  58      C825F70B 
  58      7D674F4A 
  58      99CCD2BE 
  59 0157 B19EFB66 		.ascii	"\261\236\373f\316v\226\016\337\226\005N\270x\036v\011"
  59      CE76960E 
  59      DF96054E 
  59      B8781E76 
  59      09
  60 0168 9A953CD6 		.ascii	"\232\225<\326+A\336\335\305\237\327J\325'\223\206s\272"
  60      2B41DEDD 
  60      C59FD74A 
  60      D5279386 
  60      73BA
  61 017a E65A50F5 		.ascii	"\346ZP\365i\036>\326\237j?\034\224\263\231[\326\267"
  61      691E3ED6 
  61      9F6A3F1C 
  61      94B3995B 
  61      D6B7
  62 018c AE35A8B9 		.ascii	"\2565\250\271W\376!\235\177:F\2554\341\260\302\266\""
  62      57FE219D 
  62      7F3A46AD 
  62      34E1B0C2 
  62      B622
  63 019e F6500C5B 		.ascii	"\366P\014[\323r\267\323\245\260\026>\036\230\370\344"
  63      D372B7D3 
  63      A5B0163E 
  63      1E98F8E4 
  64 01ae 404061C3 		.ascii	"@@a\303\364\272\243\246\244\314\224i\314}\270\273\251"
  64      F4BAA3A6 
  64      A4CC9469 
  64      CC7DB8BB 
  64      A9
  65 01bf C7A7B997 		.ascii	"\307\247\271\227\332<\373\234p\265c\326J\027\264)\362"
  65      DA3CFB9C 
  65      70B563D6 
  65      4A17B429 
  65      F2
  66 01d0 51248763 		.ascii	"Q$\207c\344GM\307\035K\316a\351g\227\373+m-\355:\357"
  66      E4474DC7 
  66      1D4BCE61 
  66      E96797FB 
  66      2B6D2DED 
  67 01e6 768E15CC 		.ascii	"v\216\025\314#\341\261\204\302\273\375\233\013\015\231"
  67      23E1B184 
  67      C2BBFD9B 
  67      0B0D99
  68 01f5 C5C2EEA7 		.ascii	"\305\302\356\247\237\036\361k\341\335\236\250\360DB"
  68      9F1EF16B 
  68      E1DD9EA8 
  68      F04442
  69 0204 6157B86C 		.ascii	"aW\270l\267O\276\304\302k\365G\372BZ\330\027\023~\231"
  69      B74FBEC4 
ARM GAS  C:\Users\hunter\AppData\Local\Temp\cchP9yuc.s 			page 5


  69      C26BF547 
  69      FA425AD8 
  69      17137E99 
  70 0218 5078A6E6 		.ascii	"Px\246\346F\247G\316g\341\351\376\353_G\272\372\270"
  70      46A747CE 
  70      67E1E9FE 
  70      EB5F47BA 
  70      FAB8
  71 022a 3B2AEC4C 		.ascii	";*\354L(\034\334\363\244*\3406\341\024\344\300I\274"
  71      281CDCF3 
  71      A42AE036 
  71      E114E4C0 
  71      49BC
  72 023c 3AF03A8E 		.ascii	":\360:\216W;^G\360j\201\034\2520,\254.p\013\020\202"
  72      573B5E47 
  72      F06A811C 
  72      AA302CAC 
  72      2E700B10 
  73 0251 CAA96560 		.ascii	"\312\251e`\313_)@%\246\361\232\304B\344i\027\317\316"
  73      CB5F2940 
  73      25A6F19A 
  73      C442E469 
  73      17CFCE
  74 0264 399C46C0 		.ascii	"9\234F\300\367\200\251\274\2176\216\230\257\376\240"
  74      F780A9BC 
  74      8F368E98 
  74      AFFEA0
  75 0273 56BAA9B6 		.ascii	"V\272\251\266\252\244\356\321\360\266\306\301\200\314"
  75      AAA4EED1 
  75      F0B6C6C1 
  75      80CC
  76 0281 E6A13CB9 		.ascii	"\346\241<\271:X\351\242H\305N\370\304z\327\336\272\360"
  76      3A58E9A2 
  76      48C54EF8 
  76      C47AD7DE 
  76      BAF0
  77 0293 8679E47F 		.ascii	"\206y\344\1776\276\022\340\014\274J\361\316%\344\202"
  77      36BE12E0 
  77      0CBC4AF1 
  77      CE25E482 
  78 02a3 E2367E76 		.ascii	"\3426~va\253%\363\230\273\343Ji7hn]\221\361e\241I\336"
  78      61AB25F3 
  78      98BBE34A 
  78      6937686E 
  78      5D91F165 
  79 02ba 3DCF50BB 		.ascii	"=\317P\273\025\365<S\3576\014\017J\242z('U8\\\2466]"
  79      15F53C53 
  79      EF360C0F 
  79      4AA27A28 
  79      2755385C 
  80 02d1 9F5C2C5F 		.ascii	"\237\\,_a\350\310\310\372\303\274\0326\362j\250\256"
  80      61E8C8C8 
  80      FAC3BC1A 
  80      36F26AA8 
  80      AE
  81 02e2 0B7F889D 		.ascii	"\013\177\210\235\265\340\242\302\276\226\011?D\350\005"
  81      B5E0A2C2 
ARM GAS  C:\Users\hunter\AppData\Local\Temp\cchP9yuc.s 			page 6


  81      BE96093F 
  81      44E805
  82 02f1 05BD9410 		.ascii	"\005\275\224\020*\025\364Hg\3418\310\245L\235\250\272"
  82      2A15F448 
  82      67E138C8 
  82      A54C9DA8 
  82      BA
  83 0302 5111A186 		.ascii	"Q\021\241\206\013\214j\352\252\005_\3051/+foB\246\251"
  83      0B8C6AEA 
  83      AA055FC5 
  83      312F2B66 
  83      6F42A6A9 
  84 0316 985BB6DD 		.ascii	"\230[\266\335\332\350\225?e\346\276/\006\372\202\323"
  84      DAE8953F 
  84      65E6BE2F 
  84      06FA82D3 
  85 0326 985FC731 		.ascii	"\230_\3071\257(f\037\344\354\356q\205\235'OK\235\360"
  85      AF28661F 
  85      E4ECEE71 
  85      859D274F 
  85      4B9DF0
  86 0339 99E4CE65 		.ascii	"\231\344\316e?\001\334\016,\003\215[\242q\231d\\d\334"
  86      3F01DC0E 
  86      2C038D5B 
  86      A2719964 
  86      5C64DC
  87 034c 643C642C 		.ascii	"d<d,2^2>2~26\311\002d\202dBdf\220I\"\223Lf&\231\024"
  87      325E323E 
  87      327E3236 
  87      C9026482 
  87      64426466 
  88 0369 32B3C8CC 		.ascii	"2\263\310\314&\223J&\215L:\231\0142s\310\320\256de\221"
  88      26934A26 
  88      8D4C3A99 
  88      0C3273C8 
  88      D0AE6465 
  89 037e 992BA8C8 		.ascii	"\231+\250\310\346\263]\300\231]\310\367\331\202\012"
  89      E6B35DC0 
  89      995DC8F7 
  89      D9820A
  90 038d 2D4750C9 		.ascii	"-GP\311-\022T\204\271\202\312p\261\240B\314\343|\345"
  90      2D125484 
  90      B982CA70 
  90      B1A042CC 
  90      E37CE5
  91 03a0 F3085FE6 		.ascii	"\363\010_\346\322Y\302S\375\032\020a)\320\333\037\003"
  91      D259C253 
  91      FD1A1061 
  91      29D0DB1F 
  91      03
  92 03b1 BD156235 		.ascii	"\275\025b5\316K\305\031\341\204E\031\316;\336\025\205"
  92      CE4BC519 
  92      E1844519 
  92      CE3BDE15 
  92      85
  93 03c2 C518143E 		.ascii	"\305\030\024>\366\211\032\3712\346\363\350\300\277&"
  93      F6891AF9 
ARM GAS  C:\Users\hunter\AppData\Local\Temp\cchP9yuc.s 			page 7


  93      32E6F3E8 
  93      C0BF26
  94 03d1 79A3F6F2 		.ascii	"y\243\366\362\316\326\377A\305\026{\345\337j\245\217"
  94      CED6FF41 
  94      C5167BE5 
  94      DF6AA58F 
  95 03e1 374DCAF8 		.ascii	"7M\312\370\320\265\212rw\035l\005\252\263\377\340~\377"
  95      D0B58A72 
  95      771D6C05 
  95      AAB3FFE0 
  95      7EFF
  96 03f3 6F5A23D0 		.ascii	"oZ#\320\017u \206\301\340\370\310\212R\227\240\246\374"
  96      0F752086 
  96      C1E0F8C8 
  96      8A5297A0 
  96      A6FC
  97 0405 E1E57596 		.ascii	"\341\345u\226\242Z\211\251\227\017]q\354\010\365*R\007"
  97      A25A89A9 
  97      970F5D71 
  97      EC08F52A 
  97      5207
  98 0417 983A18A5 		.ascii	"\230:\030\245\236'\352\0221\004\305g\333\357\375\212"
  98      9E27EA12 
  98      3104C567 
  98      DBEFFD8A 
  99 0427 96B0EAF0 		.ascii	"\226\260\352\360\246\301\243\353\374Y\233\035\013\247"
  99      A6C1A3EB 
  99      FC599B1D 
  99      0BA7
 100 0435 18B502AE 		.ascii	"\030\265\002\256A\026/\3312,\301\235\351jx\027J\276"
 100      41162FD9 
 100      322CC19D 
 100      E96A7817 
 100      4ABE
 101 0447 ABF7280D 		.ascii	"\253\367(\015\020e\030\012\347\321#\345\007\233\350"
 101      1065180A 
 101      E7D123E5 
 101      079BE8
 102 0456 B9EE2A70 		.ascii	"\271\356*pKo\254eH\265\364\251\026\304l\034m\376\031"
 102      4B6FAC65 
 102      48B5F4A9 
 102      16C46C1C 
 102      6DFE19
 103 0469 3561D88D 		.ascii	"5a\330\215\253\332\316zhD~.\303u\027n\366\362\210l\332"
 103      ABDACE7A 
 103      68447E2E 
 103      C375176E 
 103      F6F2886C 
 104 047e 2978446B 		.ascii	")xDk\326\364\027\370pD\005\270y\341\342\011\300\020"
 104      D6F417F8 
 104      704405B8 
 104      79E1E209 
 104      C010
 105 0490 8EEABFB8 		.ascii	"\216\352\277\270 y\367\031\306\201E\250^\315\334W\332"
 105      2079F719 
 105      C68145A8 
 105      5ECDDC57 
ARM GAS  C:\Users\hunter\AppData\Local\Temp\cchP9yuc.s 			page 8


 105      DA
 106 04a1 B5C7A798 		.ascii	"\265\307\247\230\220\230y\352a\337aW\214\351\201\021"
 106      909879EA 
 106      61DF6157 
 106      8CE98111 
 107 04b1 645E8F30 		.ascii	"d^\2170G\0230\017m[\273K3\215\304\314\326;[\337\212"
 107      4713300F 
 107      6D5BBB4B 
 107      338DC4CC 
 107      D63B5BDF 
 108 04c6 21837003 		.ascii	"!\203p\003\221c\021\344M\215\244t\232bd\251Jg\363\350"
 108      916311E4 
 108      4D8DA474 
 108      9A6264A9 
 108      4A67F3E8 
 109 04da A1A52A9B 		.ascii	"\241\245*\233Ft\223jt\024@\357T.Zq\343\270\360\320\375"
 109      4674936A 
 109      741440EF 
 109      542E5A71 
 109      E3B8F0D0 
 110 04ef 76E972E5 		.ascii	"v\351r\345=\037\005\261\334\237\242\274\316\247\031"
 110      3D1F05B1 
 110      DC9FA2BC 
 110      CEA719
 111 04fe ED6D9FF8 		.ascii	"\355m\237\370u\214wr\307\375\016\2113\272\332qfx\205"
 111      758C7772 
 111      C7FD0E89 
 111      33BADA71 
 111      667885
 112 0511 A37F7B81 		.ascii	"\243\177{\201gw\":\273.\2617\003\273C\023\325\014\021"
 112      6777223A 
 112      BB2EB137 
 112      03BB4313 
 112      D50C11
 113 0524 E0B48270 		.ascii	"\340\264\202p\011\270\305\2222Ts\377\271\2328\366\\"
 113      09B8C592 
 113      325473FF 
 113      B99A38F6 
 113      5C
 114 0535 EC5CD1B9 		.ascii	"\354\\\321\271\222\361\016P\301\027b\023\002\252\256"
 114      92F10E50 
 114      C1176213 
 114      02AAAE
 115 0544 1EBC63E8 		.ascii	"\036\274c\350\370\356h\374o\200a\337 ,~\004\013u\201"
 115      F8EE68FC 
 115      6F8061DF 
 115      202C7E04 
 115      0B7581
 116 0557 EDD4946C 		.ascii	"\355\324\224lj\212\272\034!\227lr\271T\362\301\250["
 116      6A8ABA1C 
 116      21976C72 
 116      B954F2C1 
 116      A85B
 117 0569 B948D554 		.ascii	"\271H\325TT]\242\023\223\303\301eL\326N\262\034\225"
 117      545DA213 
 117      93C3C165 
 117      4CD64EB2 
ARM GAS  C:\Users\hunter\AppData\Local\Temp\cchP9yuc.s 			page 9


 117      1C95
 118 057b BC2DBBB4 		.ascii	"\274-\273\264\314\244\322\345\246\007.\325\342R\013"
 118      CCA4D2E5 
 118      A6072ED5 
 118      E2520B
 119 058a 0D414DBA 		.ascii	"\015AM\272\205\346|\262\265\365\253\220\036\000D\007"
 119      85E67CB2 
 119      B5F5AB90 
 119      1E004407 
 120 059a E0A8014C 		.ascii	"\340\250\001LB\026\352HTS\362\033\245Y\304hw,\372I\212"
 120      4216EA48 
 120      5453F21B 
 120      A559C468 
 120      772CFA49 
 121 05af BE48F934 		.ascii	"\276H\3714\216\006\225\227\207\303\345\304\207\263\236"
 121      8E069597 
 121      87C3E5C4 
 121      87B39E
 122 05be 17EE3685 		.ascii	"\027\3566\205\363\304\205\313\345pV,\\\007\205\313U"
 122      F3C485CB 
 122      E570562C 
 122      5C0785CB 
 122      55
 123 05cf E0D693C9 		.ascii	"\340\326\223\311\312\313\373<\362\035\"\347(r\223^\334"
 123      CACBFB3C 
 123      F21D22E7 
 123      2872935E 
 123      DC
 124 05e0 3EEEA337 		.ascii	">\356\2437\276\217\376\347\221\356\022\311\027\327\307"
 124      BE8FFEE7 
 124      91EE12C9 
 124      17D7C7
 125 05ef C5DC477F 		.ascii	"\305\334G\177\254\217\307\251\217\213\305(\224\326\035"
 125      AC8FC7A9 
 125      8F8BC528 
 125      94D61D
 126 05fe C8D0134D 		.ascii	"\310\320\023M_\342\363\333&`=T\026\024;N]\275]+CBl\342"
 126      5FE2F3DB 
 126      26603D54 
 126      16143B4E 
 126      5DBD5D2B 
 127 0616 CF3FFC0F 		.ascii	"\317?\374\017\333\321c\367\315\246\007|\2103y\243\270"
 127      DBD163F7 
 127      CDA6077C 
 127      883379A3 
 127      B8
 128 0627 B87ECFE1 		.ascii	"\270~\317\341@D\320\204g\301\020\334\303\235n\023\257"
 128      4044D084 
 128      67C110DC 
 128      C39D6E13 
 128      AF
 129 0638 31F85669 		.ascii	"1\370Vi\366\036\353(\261\224\206\036O\024=\356\366G"
 129      F61EEB28 
 129      B194861E 
 129      4F143DEE 
 129      F647
 130 064a 34E3ACB9 		.ascii	"4\343\254\271\317\032\372p\303\003\2459\376\364\333"
ARM GAS  C:\Users\hunter\AppData\Local\Temp\cchP9yuc.s 			page 10


 130      CF1AFA70 
 130      C303A539 
 130      FEF4DB
 131 0659 70486968 		.ascii	"pHih\021\365\216\216\214\232\021\315\337%i\036\262\206"
 131      11F58E8E 
 131      8C9A11CD 
 131      DF25691E 
 131      B286
 132 066b 0F408F94 		.ascii	"\017@\217\224&zH7\371\220\276\377\321\351\226`\264o"
 132      267A4837 
 132      F990BEFF 
 132      D1E99660 
 132      B46F
 133 067d AC79CC1A 		.ascii	"\254y\314\032\372\356\302wJ\023=\372\232\374\201\330"
 133      FAEEC277 
 133      4A133DFA 
 133      9AFC81D8 
 134 068d DEBB637B 		.ascii	"\336\273c{T3\316\232'\254\341\015\340)j\204\270\007"
 134      5433CE9A 
 134      27ACE10D 
 134      E0296A84 
 134      B807
 135 069f 7371A19B 		.ascii	"sq\241\2335\025\222\326\242\253\271\"\025W\243G\\\267"
 135      351592D6 
 135      A2ABB922 
 135      1557A347 
 135      5CB7
 136 06b1 70358E40 		.ascii	"p5\216@A]\013't\223\332\271p%\355\322\263iO\337\252"
 136      415D0B27 
 136      7493DAB9 
 136      7025EDD2 
 136      B3694FDF 
 137 06c6 6DE5B2CA 		.ascii	"m\345\262\312\257<\0024'Q\017\336\272\003\312\243J{"
 137      AF3C0234 
 137      27510FDE 
 137      BA03CAA3 
 137      4A7B
 138 06d8 04A990A3 		.ascii	"\004\251\220\243\036\274\225\007y7\260b\361o\351\370"
 138      1EBC9507 
 138      7937B062 
 138      F16FE9F8 
 139 06e8 86929EFE 		.ascii	"\206\222\236\376D\307\017QU\306\307\017)\227\213\232"
 139      44C70F51 
 139      55C6C70F 
 139      29978B9A 
 140 06f8 3E23AE87 		.ascii	">#\256\207\034\177\206\362\030\322\036I\323\343'q|o"
 140      1C7F86F2 
 140      18D21E49 
 140      D3E32771 
 140      7C6F
 141 070a 2CFEF639 		.ascii	",\376\3669*\276T\322-\215:~r\234\226\343'+\227\372\200"
 141      2ABE54D2 
 141      2D8D3A7E 
 141      729C96E3 
 141      272B97FA 
 142 071f F298393D 		.ascii	"\362\2309=\376L\345\261O{\244\304e\210\343\247p|\337"
 142      FE4CE5B1 
ARM GAS  C:\Users\hunter\AppData\Local\Temp\cchP9yuc.s 			page 11


 142      4F7BA4C4 
 142      6588E3A7 
 142      707CDF
 143 0732 94FCEBF8 		.ascii	"\224\374\353\370\246\316\177$\376\254\351\361g\351\374"
 143      A6CE7F24 
 143      FEACE9F1 
 143      67E9FC
 144 0741 8794C7EC 		.ascii	"\207\224\307\354\270\014q\374\331:\377\332#5\256\207"
 144      B80C71FC 
 144      D93AFFDA 
 144      2335AE87 
 145 0751 1C3F95E3 		.ascii	"\034?\225\343\373\247\344_\307w\351\374\357\326\361"
 145      FBA7E45F 
 145      C777E9FC 
 145      EFD6F1
 146 0760 D3E2FACE 		.ascii	"\323\342\372\316\361\323t\3765==\256\207\034?]\347_"
 146      F1D374FE 
 146      353D3DAE 
 146      871C3F5D 
 146      E75F
 147 0772 7B644C8F 		.ascii	"{dL\217\237\301\361\355)\371_+U\007\204\3226\356Y\241"
 147      9FC1F1ED 
 147      29F95F2B 
 147      550784D2 
 147      36EE59A1 
 148 0786 C473A617 		.ascii	"\304s\246\027\340\034\235\336\037)\217\314\351\035\310"
 148      E01C9DDE 
 148      1F298FCC 
 148      E91DC8
 149 0795 541EC7B5 		.ascii	"T\036\307\265GV\\\212\270\003\352s\024\020\243\321\317"
 149      47565C8A 
 149      B803EA73 
 149      1410A3D1 
 149      CF
 150 07a6 1137E7AB 		.ascii	"\0217\347\253{\206\344\251{\016\271@\035=\252\333\335"
 150      7B86E4A9 
 150      7B0EB940 
 150      1D3DAADB 
 150      DD
 151 07b7 FA9BFE22 		.ascii	"\372\233\376\"\207\015\307\230r\330(0\350+\276 \356"
 151      870DC798 
 151      72D82830 
 151      E82BBE20 
 151      EE
 152 07c8 60F022A7 		.ascii	"`\360\"\247\213Bc\312"
 152      8B4263CA 
 153 07d0 E9A28821 		.ascii	"\351\242\210!y\317\203<{\234(6\246\034'V1#\237\266\204"
 153      79CF833C 
 153      7B9C2836 
 153      A61C2756 
 153      31239FB6 
 154 07e5 05B8983D 		.ascii	"\005\270\230=\017\317\343\372\014Y\345X%\311\336\006"
 154      0FCFE3FA 
 154      0C59E558 
 154      25C9DE06 
 155 07f5 9CAB59BE 		.ascii	"\234\253Y\2761Lz\232\277\374%L\265\335\371\306=\310"
 155      314C7A9A 
ARM GAS  C:\Users\hunter\AppData\Local\Temp\cchP9yuc.s 			page 12


 155      BFFC254C 
 155      B5DDF9C6 
 155      3DC8
 156 0807 C325ED29 		.ascii	"\303%\355)\307B\233a5\240\333Lo'\272\315\366\225\343"
 156      C7429B61 
 156      35A0DB4C 
 156      6F27BACD 
 156      F695E3
 157 081a 9692EE6F 		.ascii	"\226\222\356o@\267L{\014\335\362q]{\032\320-\311\352"
 157      40B74C7B 
 157      0CDDF271 
 157      5D7B1AD0 
 157      2DC9EA
 158 082d 44B714EF 		.ascii	"D\267\024\357\030\272\245\372\032\320-\303\337\211n"
 158      18BAA5FA 
 158      1AD02DC3 
 158      DF896E
 159 083c 5976F99B 		.ascii	"Yv\371\233\230\365\240\250\3443/\246W\217\341\376\323"
 159      98F5A0A8 
 159      E4332FA6 
 159      578FE1FE 
 159      D3
 160 084d B62177FE 		.ascii	"\266!w\376\307\352?\351\217\214\352:\013\207.\324\017"
 160      C7EA3FE9 
 160      8F8CEA3A 
 160      0B872ED4 
 160      0F
 161 085e 4A8C7C74 		.ascii	"J\214|t\371h \274\336\365\372~g5\320+(5^\217\350i\206"
 161      F96820BC 
 161      DEF5FA7E 
 161      6735D02B 
 161      28355E8F 
 162 0875 C8E97B78 		.ascii	"\310\351{x\370\037\011L\241\255ND+\233B\303\271'\247"
 162      F81F094C 
 162      A1AD4E44 
 162      2B9B42C3 
 162      B927A7
 163 0888 17A39527 		.ascii	"\027\243\225'\242\255\231B\303\252\"'1A\245\304\363"
 163      A2AD9942 
 163      C3AA2227 
 163      3141A5C4 
 163      F3
 164 0899 43E77FA0 		.ascii	"C\347\177\240\014\340\227\303\376\305\333\357\375r\371"
 164      0CE097C3 
 164      FEC5DBEF 
 164      FD72F9
 165 08a8 5FDEFEDD 		.ascii	"_\336\376\335\373\257\274)\214\345\357\312\367\376\264"
 165      FBAFBC29 
 165      8CE5EFCA 
 165      F7FEB4
 166 08b7 02961BCB 		.ascii	"\002\226\033\313\226\301\012\370\003\374\336x\347\035"
 166      96C10AF8 
 166      03FCDE78 
 166      E71D
 167 08c5 73F9BBD9 		.ascii	"s\371\273\331\357\223\371\263\013\337e\377\221\355o"
 167      EF93F9B3 
 167      0BDF65FF 
ARM GAS  C:\Users\hunter\AppData\Local\Temp\cchP9yuc.s 			page 13


 167      91ED6F
 168 08d4 D9BEF17F 		.ascii	"\331\276\361\177;\305\202\017"
 168      3BC5820F 
 169              		.text
 170              		.section	.gnu.lto_.symbol_nodes.3dd58bbc,"",%progbits
 171 0000 789C6363 		.ascii	"x\234cc``\020\001b\006\246\355\214\365\014\014\023\316"
 171      60601001 
 171      6206A6ED 
 171      8CF50C0C 
 171      13CE
 172 0012 313000A9 		.ascii	"10\000\251]\015\216@!\0004\370\004\254"
 172      5D0D8E40 
 172      210034F8 
 172      04AC
 173              		.text
 174              		.section	.gnu.lto_.refs.3dd58bbc,"",%progbits
 175 0000 789C6363 		.ascii	"x\234cc```\004b\006\000\000D\000\010"
 175      60606004 
 175      62060000 
 175      440008
 176              		.text
 177              		.section	.gnu.lto_.decls.3dd58bbc,"",%progbits
 178 0000 789CAD54 		.ascii	"x\234\255T]PSG\024\336s7\204\230\004d\304\3510S\036"
 178      5D505347 
 178      14DE7337 
 178      84980464 
 178      C4E93053 
 179 0015 52CD43C6 		.ascii	"R\315C\306\031)`\247:}\352\2643\255/\332\276\364\251"
 179      192960A7 
 179      3A7DEAB4 
 179      33AD2FDA 
 179      BEF4A9
 180 0028 99412011 		.ascii	"\231A \021\322\201\320\222\340\324\267\313\257Z\332"
 180      D281D092 
 180      E0D4B7CB 
 180      AF5ADA
 181 0037 0A0E5AA5 		.ascii	"\012\016Z\245VQ;V\231*v\200\266H\2611 \026\212AP\020"
 181      56513B56 
 181      992A7680 
 181      B648B131 
 181      20168A41 
 182 004d 82FC86C8 		.ascii	"\202\374\206\310\257\320\242\235\216v\206\364\354\356"
 182      AFD0A29D 
 182      8E7686F4 
 182      ECEE
 183 005b 0D4984F2 		.ascii	"\015I\204\362\324\235\373\335{\317\356\267\347;{\366"
 183      D49DFBDD 
 183      7BCFEEB7 
 183      E73B7BF6 
 184 006b ECAA0921 		.ascii	"\354\252\011!\006\015!\257\000!m\370\037\300&\341\367"
 184      060D21AF 
 184      00216DF8 
 184      1FC026E1 
 184      F7
 185 007c 26827D59 		.ascii	"&\202}Y\337\036\"\032R\3108Y\335Zq \016\277\233\020"
 185      DF1E221A 
 185      52C83859 
ARM GAS  C:\Users\hunter\AppData\Local\Temp\cchP9yuc.s 			page 14


 185      DD5A7120 
 185      0EBF9B10 
 186 0090 9B1123CA 		.ascii	"\233\021#\312<5\342=e\376=D\"b\002\341CL\"\374\210G"
 186      3C35E23D 
 186      65FE3D44 
 186      226202E1 
 186      434C22FC 
 187 00a6 8829C43E 		.ascii	"\210)\304>\205\317t[\020C\210\001\304 \302\025\246\315"
 187      85CF745B 
 187      10438801 
 187      C420C215 
 187      A6CD
 188 00b8 38D38819 		.ascii	"8\323\210\031\304,b\0161\217x\374BLU\024\252\233\237"
 188      C42C620E 
 188      318F78FC 
 188      424C5514 
 188      AA9B9F
 189 00cb 76469553 		.ascii	"vF\225S\330\244\005\015\232=%\327NSa\252\320\374\363"
 189      D8A4050D 
 189      9A3D25D7 
 189      4E5361AA 
 189      D0FCF3
 190 00de 4EB52F16 		.ascii	"N\265/\026\315\315Z0\240\351n\377\272.\232J\300&z\236"
 190      CDCD5A30 
 190      A0E96EFF 
 190      BA2E9A4A 
 190      C0267A9E 
 191 00f2 1C39AEA3 		.ascii	"\0349\256\243*\376\177\372\313\2113\261T\315\377\273"
 191      2AFE7FFA 
 191      CB8933B1 
 191      54CDFFBB 
 192 0102 07EF56C4 		.ascii	"\007\357V\304&}/\213\246\331F\340g\240A\265\177\246"
 192      267D2F8B 
 192      A6D946E0 
 192      67A041B5 
 192      7FA6
 193 0114 AB0641B8 		.ascii	"\253\006A\270\327\243Y\324<X\271Q\270\037c\303e\027"
 193      D7A359D4 
 193      3C58B951 
 193      B81F63C3 
 193      6517
 194 0126 5A9FC5D0 		.ascii	"Z\237\305\320\227\231\237\250\376cE7\324`\2147\031\215"
 194      97999FA8 
 194      FE634537 
 194      D4608C37 
 194      198D
 195 0138 E79927D7 		.ascii	"\347\231'\327b\253\356\324\264,\037Q\303\036\035\374"
 195      62ABEED4 
 195      B42C1F51 
 195      C31E1DFC 
 196 0148 02146E40 		.ascii	"\002\024n@<4B\"4@\"\201z|\021Ha\331\253d\364\012\004"
 196      3C344222 
 196      34402281 
 196      7A7C1148 
 196      61D9AB64 
 197 015f A8083423 		.ascii	"\250\0104#\341:\037c\364&H\202_\301\004.0\302MD\013"
 197      E13A1F63 
ARM GAS  C:\Users\hunter\AppData\Local\Temp\cchP9yuc.s 			page 15


 197      F4264882 
 197      5FC1042E 
 197      30C24D44 
 198 0174 18796817 		.ascii	"\030yh\027\271\202Wz\223\261\010\243)\031\022\322\023"
 198      B982577A 
 198      93B108A3 
 198      291912D2 
 198      13
 199 0185 6EB5FC6D 		.ascii	"n\265\374m\002\323\375\351E\335WWd\005uv\205\372\343"
 199      02D3FDE9 
 199      45DD5757 
 199      64057576 
 199      85FAE3
 200 0198 9AD44616 		.ascii	"\232\324F\026\013[\353Y_\3610\320ml\255\322\370\355"
 200      0B5BEB59 
 200      5FF130D0 
 200      6D6CADD2 
 200      F8ED
 201 01aa 015907A6 		.ascii	"\001Y\007\246x\021\306r*\346\015\332p\252\033]\210X"
 201      7811C672 
 201      2AE60DDA 
 201      70AA1B5D 
 201      8858
 202 01bc 785CFFB1 		.ascii	"x\\\377\2614h\305\025\255\267:\346\013\025\233\334e"
 202      3468C515 
 202      ADB73AE6 
 202      0B159BDC 
 202      65
 203 01cd 3D31A330 		.ascii	"=1\2430\014X\262\020'F@\274\361\313\300\355@\260\201"
 203      0C58B210 
 203      274640BC 
 203      F1CBC0ED 
 203      40B081
 204 01e0 E8C75E49 		.ascii	"\350\307^I|\024*3\202S\224\177|K\212\017)\350\227?\212"
 204      7C142A33 
 204      8253947F 
 204      7C4B8A0F 
 204      29E8973F 
 205 01f5 0308F72A 		.ascii	"\003\010\367*\306\205\\\260\221\240{\345\014AP\221\273"
 205      C6855CB0 
 205      91A07BE5 
 205      0C415091 
 205      BB
 206 0206 8C140B9B 		.ascii	"\214\024\013\233\024\021+Y\031^\0113\264HP*\360\372"
 206      14112B59 
 206      195E0933 
 206      B448502A 
 206      F0FA
 207 0218 B9AB53AA 		.ascii	"\271\253S\2521\030A\373\035B*4\271\274w\321#\337\214"
 207      311841FB 
 207      1D422A34 
 207      B9BC77D1 
 207      23DF8C
 208 022b A149BC80 		.ascii	"\241I\274\200/w/\374%\251$\2216\260\253X\337\255\300"
 208      2F772FFC 
 208      25A92491 
 208      36B0AB58 
ARM GAS  C:\Users\hunter\AppData\Local\Temp\cchP9yuc.s 			page 16


 208      DFADC0
 209 023e DFAE8DA2 		.ascii	"\337\256\215\242n%4{\377\350\372F'\3526\016\315\326"
 209      6E25347B 
 209      FFE8FA46 
 209      27EA360E 
 209      CDD6
 210 0250 4B837D6A 		.ascii	"K\203}j\372:\237]W:yY\203C\211Z\010\000\263\347\233"
 210      FA3A9F5D 
 210      573A7959 
 210      8343895A 
 210      0800B3E7 
 211 0265 9EC5089B 		.ascii	"\236\305\010\233\0157\270\236\\Q\321]|\327\177\2702"
 211      0D37B89E 
 211      5C51D15D 
 211      7CD77FB8 
 211      32
 212 0276 F91198B4 		.ascii	"\371\021\230\264b\323\037\234L*=$\313\022\334\005-x"
 212      62D31F9C 
 212      4C2A3D24 
 212      CB12DC05 
 212      2D78
 213 0288 42FB9EA8 		.ascii	"B\373\236\250\305\367aY.\222\345\0132M \260#\021\222"
 213      C5F76159 
 213      2E92E50B 
 213      324D20B0 
 213      231192
 214 029b 71CFBB71 		.ascii	"q\317\273q\237\321'c\301\035,\204.,\004\026\374\331"
 214      9FD12763 
 214      C11D2C84 
 214      2E2C0416 
 214      FCD9
 215 02ad 4B6D31F4 		.ascii	"Km1\3642p\201\221+\213\036\272\242\320}uK})S\270\207"
 215      32708191 
 215      2B8B1EBA 
 215      A2D07D75 
 215      4B7D2953 
 216 02c3 0A3D2105 		.ascii	"\012=!\005\024\\[\242wm\211\276\206\316v\240_\210[\300"
 216      145C5BA2 
 216      776D89BE 
 216      86CE76A0 
 216      5F885BC0 
 217 02d7 BD74ED3B 		.ascii	"\275t\355;\275H\014Es\241\304?\246$&\201\335\013e\265"
 217      BD480C45 
 217      73A1C43F 
 217      A6242681 
 217      DD0B65B5 
 218 02eb 7E4A8F72 		.ascii	"~J\217rj\324\231S\236\257\242\300h\2147\232\31631\327"
 218      6AD49953 
 218      9EAFA2C0 
 218      688C379A 
 218      CE3331D7 
 219 02ff A22FBAFA 		.ascii	"\242/\272\372\232,\027\253yD\277cD^L\270\"\316\017\313"
 219      9A2C17AB 
 219      7944BF63 
 219      445E4CB8 
 219      22CE0FCB 
 220 0313 0EE55C21 		.ascii	"\016\345\\!\331]D\345\317\0238\363\301\032\314N\210"
ARM GAS  C:\Users\hunter\AppData\Local\Temp\cchP9yuc.s 			page 17


 220      D95D44E5 
 220      CF1338F3 
 220      C11ACC4E 
 220      88
 221 0324 3CF9B8F9 		.ascii	"<\371\270\371\375\030r\037?\371^\345l<\304\005\015\341"
 221      FD18721F 
 221      3FF95EE5 
 221      6C3CC405 
 221      0DE1
 222 0336 B918400C 		.ascii	"\271\030@\014*gCx_*\\\361~\177\015\357\374|\213,.TR"
 222      2A674378 
 222      5F2A5CF1 
 222      7E7F0DEF 
 222      FC7C8B2C 
 223 034d 763ABD91 		.ascii	"v:\275\221\327\004\256u\264\377D\215\236V\362\265J\025"
 223      D704AE75 
 223      B4FF448D 
 223      9E56F2B5 
 223      4A15
 224 035f 537DC774 		.ascii	"S}\307t\020oZ3 \030\3058\326\213I(y\37050\202\274\341"
 224      106F5A33 
 224      2018C538 
 224      D68B4928 
 224      79F83530 
 225 0376 D06679F9 		.ascii	"\320fy\3715\200r\201\247\367\003\252\204\023\334\177"
 225      35807281 
 225      A7F703AA 
 225      8413DC7F 
 226 0386 B11C2771 		.ascii	"\261\034'q\"f\001:\370\222\307 \001\337\277\3415\301"
 226      2266013A 
 226      F892C720 
 226      01DFBFE1 
 226      35C1
 227 0398 D973FEE6 		.ascii	"\331s\376\346z\272\245F\256\031\303\264w\032z\033d\031"
 227      7ABAA546 
 227      AE19C3B4 
 227      771A7A1B 
 227      6419
 228 03aa 4B415631 		.ascii	"KAV1\036\334\016\271\277\315\256jh\307n\270\205a\022"
 228      1EDC0EB9 
 228      BFCDAE6A 
 228      68C76EB8 
 228      856112
 229 03bd 18872DAC 		.ascii	"\030\207-\254\336\217?\257\004\375g,U5\305\362\206\335"
 229      DE8F3FAF 
 229      04FD672C 
 229      5535C5F2 
 229      86DD
 230 03cf 11F71A81 		.ascii	"\021\367\032\201\011\320\363s6\301/\365\231\347\313"
 230      09D0F373 
 230      36C12FF5 
 230      99E7CB
 231 03de 43D1E1E4 		.ascii	"C\321\341\344\266\010\262O!\3738\271\311\337\341\323"
 231      B608B24F 
 231      21FB38B9 
 231      C9DFE1D3 
 232 03ee 8593BD11 		.ascii	"\205\223\275\021\344I\205<\311\311\236B\357Q}8y$\202"
ARM GAS  C:\Users\hunter\AppData\Local\Temp\cchP9yuc.s 			page 18


 232      E449853C 
 232      C9C99E42 
 232      EF517D38 
 232      792482
 233 0401 EC57C87E 		.ascii	"\354W\310~Nnh\252\015h\265JY\227\320\335\353\2265<\002"
 233      4E6E68AA 
 233      0D68B54A 
 233      5997D0DD 
 233      EB96353C 
 234 0416 2D4BD343 		.ascii	"-K\323C\357XTh\216i\3759S|\316\341\216\216Z\325\326"
 234      EF585468 
 234      8E69FD39 
 234      537CCEE1 
 234      8E8E5AD5 
 235 042b 7398CD42 		.ascii	"s\230\315BW\373I\265|I\003\373^\342\211\023\227\317"
 235      57FB49B5 
 235      7C4903FB 
 235      5EE28913 
 235      97CF
 236 043d 346C45D6 		.ascii	"4lE\326\300\325\252r\015ga\261\225\310\360V$i\206\223"
 236      C0D5AA72 
 236      0D6761B1 
 236      95C8F056 
 236      24698693 
 237 0451 46EAEA9A 		.ascii	"F\352\352\232u\212+o\351*\322,'\015u\225\267\304($w"
 237      758A2B6F 
 237      E92AD22C 
 237      270D7595 
 237      B7C42824 
 238 0466 D92AD21C 		.ascii	"\331*\322\034']<\273|1Z!-\255&\315sRc\335\254W\033\224"
 238      275D3CBB 
 238      7C315A21 
 238      2DAD26CD 
 238      735263DD 
 239 047e 3BB48AF4 		.ascii	";\264\212\364\030\266\022p@\266n\2575\357}\333\247\326"
 239      18B61270 
 239      40B66EAF 
 239      35EF7DDB 
 239      A7D6
 240 0490 1C4752A6 		.ascii	"\034GR\246\346\335\275\037\030\336NI!p@\037\352\316"
 240      E6DDBD1F 
 240      18DE4E49 
 240      2170401F 
 240      EACE
 241 04a2 2634DB71 		.ascii	"&4\333q \032\221\232\237\225\001Y\033\322\322\012lv"
 241      201A919A 
 241      9F950159 
 241      1BD2D20A 
 241      6C76
 242 04b4 E7AE34E7 		.ascii	"\347\2564\347\376\3147\314\231\331\266\014\233\303Y"
 242      FECC37CC 
 242      99D9B60C 
 242      9BC359
 243 04c3 60B1E599 		.ascii	"`\261\345\231\235yy9\016s\226\275\300\300\377\014\351"
 243      9D797939 
 243      0E7396BD 
 243      C0C0FF0C 
ARM GAS  C:\Users\hunter\AppData\Local\Temp\cchP9yuc.s 			page 19


 243      E9
 244 04d4 F9B9066B 		.ascii	"\371\271\006kn\206\325b\261Z\314;\223\222\015\251\311"
 244      6E86D562 
 244      B15ACC3B 
 244      93920DA9 
 244      C9
 245 04e5 293B3F79 		.ascii	");?y\315\214\375\333\355yv\353vkz\206\315l\263g\346"
 245      CD8CFDDB 
 245      ED7976EB 
 245      766B7A86 
 245      CD6CB367 
 246 04fa 1458ACE6 		.ascii	"\024X\254\346\334t\364e\267\232\323,\326\375\351\005"
 246      DC74F465 
 246      B79AD32C 
 246      D6FDE905 
 247 050a 39CE34E7 		.ascii	"9\3164\347\301\217\255L>Z\221\373\360\177\225s\034t"
 247      C18FAD4C 
 247      3E5A91FB 
 247      F07F9573 
 247      1C74
 248 051c 98D31C4E 		.ascii	"\230\323\034N\013\372F\015\310\207\014\212\313\013["
 248      0BFA460D 
 248      C8870C8A 
 248      CB0B5B
 249 052b 7726F917 		.ascii	"w&\371\027\"g\242\231"
 249      2267A299 
 250              		.text
 251              		.section	.gnu.lto_.symtab.3dd58bbc,"",%progbits
 252 0000 68737632 		.ascii	"hsv2rgb\000"
 252      72676200 
 253 0008 00       		.ascii	"\000"
 254 0009 00       		.ascii	"\000"
 255 000a 00       		.ascii	"\000"
 256 000b 00000000 		.ascii	"\000\000\000\000\000\000\000\000"
 256      00000000 
 257 0013 E1000000 		.ascii	"\341\000\000\000"
 258              		.text
 259              		.section	.gnu.lto_.opts,"",%progbits
 260 0000 272D666D 		.ascii	"'-fmath-errno' '-fsigned-zeros' '-ftrapping-math' '"
 260      6174682D 
 260      6572726E 
 260      6F272027 
 260      2D667369 
 261 0033 2D666E6F 		.ascii	"-fno-trapv' '-fno-openmp' '-fno-openacc' '-mcpu=cor"
 261      2D747261 
 261      70762720 
 261      272D666E 
 261      6F2D6F70 
 262 0066 7465782D 		.ascii	"tex-m0' '-mno-thumb-interwork' '-mthumb' '-O2' '-fo"
 262      6D302720 
 262      272D6D6E 
 262      6F2D7468 
 262      756D622D 
 263 0099 6D69742D 		.ascii	"mit-frame-pointer' '-falign-functions=16' '-ffuncti"
 263      6672616D 
 263      652D706F 
 263      696E7465 
ARM GAS  C:\Users\hunter\AppData\Local\Temp\cchP9yuc.s 			page 20


 263      72272027 
 264 00cc 6F6E2D73 		.ascii	"on-sections' '-fdata-sections' '-fno-common' '-flto"
 264      65637469 
 264      6F6E7327 
 264      20272D66 
 264      64617461 
 265 00ff 2700     		.ascii	"'\000"
 266              		.text
 267              		.comm	__gnu_lto_v1,1,1
 268              		.comm	__gnu_lto_slim,1,1
 269              		.ident	"GCC: (GNU Tools for Arm Embedded Processors 7-2017-q4-major) 7.2.1 20170904 (release) [ARM
ARM GAS  C:\Users\hunter\AppData\Local\Temp\cchP9yuc.s 			page 21


DEFINED SYMBOLS
                            *ABS*:00000000 NeoPixels.c
                            *COM*:00000001 __gnu_lto_v1
                            *COM*:00000001 __gnu_lto_slim

NO UNDEFINED SYMBOLS
