ARM GAS  C:\Users\hunter\AppData\Local\Temp\cctLBeGN.s 			page 1


   1              		.cpu cortex-m0
   2              		.eabi_attribute 20, 1
   3              		.eabi_attribute 21, 1
   4              		.eabi_attribute 23, 3
   5              		.eabi_attribute 24, 1
   6              		.eabi_attribute 25, 1
   7              		.eabi_attribute 26, 1
   8              		.eabi_attribute 30, 2
   9              		.eabi_attribute 34, 0
  10              		.eabi_attribute 18, 4
  11              		.file	"nullstreams.c"
  12              		.section	.gnu.lto_.profile.3dd49d7d,"",%progbits
  13 0000 789C6363 		.ascii	"x\234cc```\001bF\006n6\000\000\224\000\035"
  13      60606001 
  13      6246066E 
  13      36000094 
  13      001D
  14              		.text
  15              		.section	.gnu.lto_.icf.3dd49d7d,"",%progbits
  16 0000 789C6363 		.ascii	"x\234cc``Pc@\0006\206\376E\267\01603\266\365<heb\272"
  16      60605063 
  16      40003686 
  16      FE45B70E 
  16      3033B6F5 
  17 0019 DE7A751E 		.ascii	"\336zu\036\017\363\354%\315O\231Y\376\375\274\270\212"
  17      0FF3EC25 
  17      CD4F9959 
  17      FEFDBCB8 
  17      8A
  18 002a 9B75EDEF 		.ascii	"\233u\355\357\237_\270\030\000R\031\022*"
  18      9F5FB818 
  18      00521912 
  18      2A
  19              		.text
  20              		.section	.gnu.lto_.jmpfuncs.3dd49d7d,"",%progbits
  21 0000 789C458A 		.ascii	"x\234E\212\201\011\000 \014\303\322u\372\230\207\371"
  21      81090020 
  21      0CC3D275 
  21      FA9887F9 
  22 0010 C88E7582 		.ascii	"\310\216u\202`!PB&\260\370\033XRR\246\321.\207\256\341"
  22      60215042 
  22      26B0F81B 
  22      585252A6 
  22      D12E87AE 
  23 0025 193711F1 		.ascii	"\0317\021\361E\372\375\354\252\363\301\001\013\251\007"
  23      45FAFDEC 
  23      AAF3C101 
  23      0BA907
  24 0034 B7       		.ascii	"\267"
  25              		.text
  26              		.section	.gnu.lto_.inline.3dd49d7d,"",%progbits
  27 0000 789C6363 		.ascii	"x\234cc``\210e@\000V\006\006f&F\006& \223m\201<\210"
  27      60608865 
  27      40005606 
  27      06662646 
  27      06262093 
  28 0018 6260C410 		.ascii	"b`\304\020a\302\020a\306\020aa`a\006\2120\276`g`\357"
ARM GAS  C:\Users\hunter\AppData\Local\Temp\cctLBeGN.s 			page 2


  28      61C21061 
  28      C6106161 
  28      6061068A 
  28      30BE6067 
  29 002e 50070B31 		.ascii	"P\007\0131\000\000\355\016\005a"
  29      0000ED0E 
  29      0561
  30              		.text
  31              		.section	.gnu.lto_.pureconst.3dd49d7d,"",%progbits
  32 0000 789C6363 		.ascii	"x\234cc``\340\006bV\006\006F\006&\006f\006\026)\000"
  32      6060E006 
  32      62560606 
  32      46062606 
  32      66061629 
  33 0015 01A3003B 		.ascii	"\001\243\000;"
  34              		.text
  35              		.section	.gnu.lto_writes.3dd49d7d,"",%progbits
  36 0000 789C5D90 		.ascii	"x\234]\220MKBA\024\206\317;\343WP\376\201\\\264\010"
  36      4D4B4241 
  36      1486CF3B 
  36      E35750FE 
  36      815CB408 
  37 0014 C48D9784 		.ascii	"\304\215\227\204@\250\366\375\212@%P0\225\254\265\223"
  37      40A8F6FD 
  37      8A402550 
  37      3095ACB5 
  37      93
  38 0025 1615B630 		.ascii	"\026\025\26602\003qQ\210\334eEV\366\261\270\2536aP\346"
  38      32037151 
  38      88DC6545 
  38      56F6B1B8 
  38      AB366150 
  39 003a 1F28A145 		.ascii	"\037(\241E\"\264hUY\347^\\\2040\303\274g\346yf\230\343"
  39      22B46855 
  39      59E75E5C 
  39      8430C3BC 
  39      67E67966 
  40 0050 20A20510 		.ascii	" \242\005\020\315\362:\316\023\222 \012\017Dk.\001\230"
  40      CDF23ACE 
  40      1392200A 
  40      0F446B2E 
  40      0198
  41 0062 41B94019 		.ascii	"A\271@\031\201\014vdQ\342q\375\244\"\363\262\302\230"
  41      810C7664 
  41      51E271FD 
  41      A422F3B2 
  41      C298
  42 0074 8DCB8F66 		.ascii	"\215\313\217f\371\325m\226\300\004\227\335\336]}\324"
  42      F9D56D96 
  42      C00497DD 
  42      DE5D7DD4 
  43 0084 A72B9555 		.ascii	"\247+\225U\306Ac\356(\2671_\221\202JL\327\341\301\031"
  43      C64163EE 
  43      28B7315F 
  43      91824A4C 
  43      D7E1C119 
  44 0098 3CE613E7 		.ascii	"<\346\023\347\3601\333j\266\013N9\015\342\274\367\371"
ARM GAS  C:\Users\hunter\AppData\Local\Temp\cctLBeGN.s 			page 3


  44      F031DB6A 
  44      B60B4E39 
  44      0DE2BCF7 
  44      F9
  45 00a9 6E086FCD 		.ascii	"n\010o\315\362:U\251&+R\342\002\362\277\310[\204Kx\031"
  45      F23A55A9 
  45      262B52E2 
  45      02F2BFC8 
  45      5B844B78 
  46 00be FFCAB74B 		.ascii	"\377\312\267K#2h\251\273oz\037\003\365\273f\25164\206"
  46      233268A9 
  46      BB6F7A1F 
  46      03F5BB66 
  46      A9363486 
  47 00d2 551BE1CA 		.ascii	"U\033\341\312R\177T\261\344\2263\226\332\271\257\026"
  47      527F54B1 
  47      E4963396 
  47      DAB9AF16 
  48 00e2 9C03F559 		.ascii	"\234\003\365Y\267T\201\353aU\020n\3405\371\227\323\376"
  48      B75481EB 
  48      6155106E 
  48      E035F997 
  48      D3FE
  49 00f4 FE98C366 		.ascii	"\376\230\303f~\207\177q\013\007q\343\350\370\311n\250"
  49      7E877F71 
  49      0B0771E3 
  49      E8F8C96E 
  49      A8
  50 0105 FEEFA632 		.ascii	"\376\357\2462\272:\332v\356\204\305\323\026S\334?e\320"
  50      BA3ADA76 
  50      EE84C5D3 
  50      1653DC3F 
  50      65D0
  51 0117 36DFC129 		.ascii	"6\337\301)gP\017\331C\275\005\323-KSf\012\346\231 \012"
  51      67500FD9 
  51      43BD05D3 
  51      2D4B5366 
  51      0AE69920 
  52 012c F8FD1A8F 		.ascii	"\370\375\032\217H4\026\216%\323S\301\200\226Lk\321P"
  52      4834168E 
  52      25D353C1 
  52      80964C6B 
  52      D150
  53 013e 5C8BC7C2 		.ascii	"\\\213\307\302Zzey1\264\224\326\022\253\361\370 \373"
  53      5A7A6579 
  53      31B494D6 
  53      12ABF1F8 
  53      20FB
  54 0150 23246229 		.ascii	"#$b)\021N!\361\007Mw\205\016"
  54      114E21F1 
  54      074D7785 
  54      0E
  55              		.text
  56              		.section	.gnu.lto_reads.3dd49d7d,"",%progbits
  57 0000 789C5D90 		.ascii	"x\234]\220\315KBA\024\305\357\231y\251A\365\017\344"
  57      CD4B4241 
  57      14C5EF99 
ARM GAS  C:\Users\hunter\AppData\Local\Temp\cctLBeGN.s 			page 4


  57      79A941F5 
  57      0FE4
  58 0012 A245206E 		.ascii	"\242E n|$\004B\265\357\337\320\010|\360\322\310Z7}H"
  58      7C240442 
  58      B5EFDFD0 
  58      087CF0D2 
  58      C85A377D 
  59 0027 452D8CEC 		.ascii	"E-\214\354\005\341\242\010uY\221}\027<\"\332\204EE\320"
  59      05E1A208 
  59      7559917D 
  59      173C22DA 
  59      844545D0 
  60 003b A255052D 		.ascii	"\242U\005-\014!(ZD\326}\217\202\020f\230sg\316o.\367"
  60      0C21285A 
  60      44D67D8F 
  60      82106698 
  60      7367CE6F 
  61 0051 7888280E 		.ascii	"x\210(\016\242n>[yC\022D\346\202h\314'\000G(\037hT`"
  61      A26E3E5B 
  61      79431244 
  61      E68268CC 
  61      27004728 
  62 0069 1473322B 		.ascii	"\024s2+q5\271\221\223\2632\3076\215\313\327\362\362"
  62      7135B991 
  62      93B332C7 
  62      368DCBD7 
  62      F2F2
  63 007b 638B5302 		.ascii	"c\213S\002m\\\276T\317JM\301\242R\343\312^\272\353Y"
  63      6D5CBE54 
  63      CF4A4DC1 
  63      A252E3CA 
  63      5EBAEB59 
  64 008f 9D48F7E6 		.ascii	"\235H\367\346\244 \213\335%\370\261\005\277\323b\033"
  64      A4208BDD 
  64      25F8B105 
  64      BFD3621B 
  65 009f 41F6DE94 		.ascii	"A\366\336\224o3^\331\011b\275\360^\261E \357r\367kR"
  65      6F335ED9 
  65      0962BDF0 
  65      5EB14520 
  65      EF72F76B 
  66 00b4 B5E7A4C4 		.ascii	"\265\347\244\304\016\344\177\220\257\010\273\010\260"
  66      0EE47F90 
  66      AF08BB08 
  66      B0
  67 00c1 FD73F6D6 		.ascii	"\375s\366\326j\224\021\027\235\177.\326\360\213\236"
  67      6A941117 
  67      9D7F2ED6 
  67      F08B9E
  68 00d0 E65D54C3 		.ascii	"\346]T\303^=\252\021\366]\364Ke\255\026\331\345\242"
  68      5E3DAA11 
  68      F65DF44B 
  68      65AD16D9 
  68      E5A2
  69 00e2 4FE76B19 		.ascii	"O\347k\031\357_\327\202\213\012\034\324\243\202p\210"
  69      EF5FD782 
  69      8B0A1CD4 
ARM GAS  C:\Users\hunter\AppData\Local\Temp\cctLBeGN.s 			page 5


  69      A3827088 
  70 00f2 80E37FD8 		.ascii	"\200\343\177\330\254-6{4g\034\236\342\010\036\342\340"
  70      AC2D367B 
  70      34671C9E 
  70      E2081EE2 
  70      E0
  71 0103 68FDBAC1 		.ascii	"h\375\272\301V\265\357)e\277\025\360\321 \210\246\371"
  71      56B5EF29 
  71      65BF15F0 
  71      D12088A6 
  71      F9
  72 0114 9D935336 		.ascii	"\235\223S6\3150\315j\302\246*\306W*7p(\376\311J\237"
  72      CD30CD6A 
  72      C2A62AC6 
  72      572A3770 
  72      28FEC94A 
  73 0129 5C7A9DD8 		.ascii	"\\z\235\330\004\010\307n*L\301\3612\037\016\205t^}q"
  73      0408C76E 
  73      2A4CC1F1 
  73      321F0E85 
  73      745E7D71 
  74 013d 23662453 		.ascii	"#f$S\035\221\260\236L\351\361\250\251\233FLO\015\017"
  74      1D91B09E 
  74      4CE9F1A8 
  74      A99B464C 
  74      4F0D0F
  75 0150 F5470752 		.ascii	"\365G\007Rzb\3044\177u\250\217\2041(b\203H\374\000@"
  75      7A62C434 
  75      7F75A88F 
  75      84312862 
  75      8348FC00 
  76 0165 2C893D   		.ascii	",\211="
  77              		.text
  78              		.section	.gnu.lto_put.3dd49d7d,"",%progbits
  79 0000 789C4D8F 		.ascii	"x\234M\217\273J\003A\024\206\317\277\263&)\324\007\320"
  79      BB4A0341 
  79      1486CFBF 
  79      B32629D4 
  79      07D0
  80 0012 14164208 		.ascii	"\024\026B\010BV#B\362\002\342k$A\310\302j\304\325:c"
  80      42562342 
  80      F202E26B 
  80      2441C8C2 
  80      6AC4D53A 
  81 0027 2E5E3085 		.ascii	".^0\205\240& [(\032\004-T\274\337`\221\024\202DQ\361"
  81      A026205B 
  81      281A042D 
  81      54BCDF60 
  81      91148244 
  82 003d 05BC5482 		.ascii	"\005\274T\202`\241\205H\364LTp\230a\3763\363\1773\347"
  82      60A18548 
  82      F44C5470 
  82      9861FE33 
  82      F37F33E7 
  83 0051 F7105107 		.ascii	"\367\020Q\007\210\242\274\267\362\202 h3\227Dc>\015"
  83      88A2BCB7 
  83      F2822068 
ARM GAS  C:\Users\hunter\AppData\Local\Temp\cctLBeGN.s 			page 6


  83      33974463 
  83      3E0D
  84 0063 5042FA40 		.ascii	"PB\372@i\015i\024\304\234\300un\323\021\323\302a\233"
  84      690D6914 
  84      C49CC075 
  84      6ED311D3 
  84      C2619B
  85 0076 CEE56B75 		.ascii	"\316\345ku\341\241Y\225@\033\227\345\323\354\011\202"
  85      E1A15995 
  85      401B97E5 
  85      D3EC0982 
  86 0086 AB92875B 		.ascii	"\253\222\207[\372\210.e\363}\216\320\250\310\356\035"
  86      FA882E65 
  86      F37D8ED0 
  86      A8C8EE1D 
  87 0096 F8B10DBF 		.ascii	"\370\261\015\277\372b\027A\366\336V\357f\274\242\007"
  87      FA621741 
  87      F6DE56EF 
  87      66BCA207 
  88 00a6 C47AF6ED 		.ascii	"\304z\366\355\331\325\002e)3\322\255,\013\331\356\010"
  88      D9D50265 
  88      2933D2AD 
  88      2C0BD9EE 
  88      08
  89 00b7 813D88FF 		.ascii	"\201=\210\377 \037\021\366\021`\2733\276\366$D\244\216"
  89      201F11F6 
  89      1160BB33 
  89      BEF62444 
  89      A48E
  90 00c9 5EBC9F57 		.ascii	"^\274\237W\376\320\307\234\220\215\216\320q\360\203"
  90      FED0C79C 
  90      908D8ED0 
  90      71F083
  91 00d8 76FBD1A9 		.ascii	"v\373\321\251@\235p\210\200r\337o\325\346\233<\272\352"
  91      409D7088 
  91      8072DF6F 
  91      D5E69B3C 
  91      BAEA
  92 00ea 881B3982 		.ascii	"\210\0339\202\2078;m\3344\270\262\3665!\335\317\025"
  92      87383B6D 
  92      DC34B8B2 
  92      F63521DD 
  92      CF15
  93 00fc 947A35A2 		.ascii	"\224z5\242I\276\347\360\322\245)\356\237U\326\245\027"
  93      49BEE7F0 
  93      D2A529EE 
  93      9F55D6A5 
  93      17
  94 010d 6416D70B 		.ascii	"d\026\327\013-\212\342\227\212\371\263+\257J\256\201"
  94      2D8AE297 
  94      8AF9B32B 
  94      AF4AAE81 
  95 011d 705C0FC6 		.ascii	"p\\\017\306\024\224\227\371p(d\360L$\315\270\231\262"
  95      149497F9 
  95      702864F0 
  95      4C24CDB8 
  95      99B2
ARM GAS  C:\Users\hunter\AppData\Local\Temp\cctLBeGN.s 			page 7


  96 012f BB226123 		.ascii	"\273\"a#e\033\311\230eXf\334\260G\206\373c\003\2661"
  96      651BC998 
  96      655866DC 
  96      B04786FB 
  96      6303B631 
  97 0143 386A59BF 		.ascii	"8jY\277:\224 \315\034B\374\033]\233s\275"
  97      3A9420CD 
  97      1C42FC1B 
  97      5D9B73BD 
  98              		.text
  99              		.section	.gnu.lto_get.3dd49d7d,"",%progbits
 100 0000 789C4D4F 		.ascii	"x\234MO\313J\003A\020\354\232Y\327\210\350\007h\016"
 100      CB4A0341 
 100      10EC9A59 
 100      D788E807 
 100      680E
 101 0012 1E8490CB 		.ascii	"\036\204\220\313\016\006D\277\300\377H\202\220\205\325"
 101      0E0644BF 
 101      C0FF4882 
 101      9085D5
 102 0021 88ABE78C 		.ascii	"\210\253\347\214\211\240b\016\001_\020\026\011\204\340"
 102      89A0620E 
 102      015F1016 
 102      0984E0
 103 0030 D157E203 		.ascii	"\321W\342\003\024F\360\032\361\201wQ\301\203 \004\361"
 103      1446F01A 
 103      F1817751 
 103      C1832004 
 103      F1
 104 0041 1AED110F 		.ascii	"\032\355\021\017\016\323P5SU\335\355\022\321'\327\004"
 104      0ED35035 
 104      5355DDED 
 104      12D127D7 
 104      04
 105 0052 D7301724 		.ascii	"\3270\027$ATn\210\226b\002\260@\307@\005\201\002\312"
 105      41546E88 
 105      966202B0 
 105      40C74005 
 105      8102CA
 106 0065 7253E26E 		.ascii	"rS\342n\371 \222\3532b\231\303\264\323\256\276\014Z"
 106      F92092EB 
 106      326299C3 
 106      B4D3AEBE 
 106      0C5A
 107 0077 0A8C306D 		.ascii	"\012\2140m\\\226.\220\334\323|\314N\325\335m\336\352"
 107      5C962E90 
 107      DCD37CCC 
 107      4ED5DD6D 
 107      DEEA
 108 0089 BE480ADA 		.ascii	"\276H\012\332fy\023q\034#n{\264\220d\361C\373\261\322"
 108      66791371 
 108      1C236E7B 
 108      B49064F1 
 108      43FBB1D2 
 109 009d 2BC7418C 		.ascii	"+\307A\2147\276\336\215H4\264.js]\227z4\222\022'\220"
 109      37BEDE8D 
 109      4834B42E 
ARM GAS  C:\Users\hunter\AppData\Local\Temp\cctLBeGN.s 			page 8


 109      6A735D97 
 109      7A349212 
 110 00b3 FF8DFC44 		.ascii	"\377\215\374D8E\302\352\237\017\273[\003\256c\2039\357"
 110      3845C2EA 
 110      9F0FBB5B 
 110      03AE6383 
 110      39EF
 111 00c5 0C2E81C1 		.ascii	"\014.\201\301\376}\217\321\335\357\025m^\353hM\011\242"
 111      FE7D8FD1 
 111      DDEF156D 
 111      5EEB684D 
 111      09A2
 112 00d7 55FEE725 		.ascii	"U\376\347%\264\2415\036\203Q\311\320\007\212\265\267"
 112      B4A1351E 
 112      8351C9D0 
 112      078AB5B7 
 113 00e7 F2907571 		.ascii	"\362\220uq\322\325\323Q\247\337n \340\340\374w>v\301"
 113      D2D5D351 
 113      A7DF6E20 
 113      E0E0FC77 
 113      3E76C1
 114 00fa 6AD99FF2 		.ascii	"j\331\237\362<\3057\233\3633~>\034\233L\251|\250r\351"
 114      3CC5379B 
 114      F3337E3E 
 114      1C9B4CA9 
 114      7CA872E9 
 115 010e 40057E46 		.ascii	"@\005~F\205\013\363\323\351\231P\315.\006\301\037\366"
 115      850BF3D3 
 115      E99950CD 
 115      2E06C11F 
 115      F6
 116 011f B224FCB9 		.ascii	"\262$\374\271\0374Td\022"
 116      1F345464 
 116      12
 117              		.text
 118              		.section	.gnu.lto_nullObjectInit.3dd49d7d,"",%progbits
 119 0000 789C4D50 		.ascii	"x\234MPMK\033Q\024\275g\356d*JC\227b\263\310\242 n2"
 119      4D4B1B51 
 119      14BD67EE 
 119      642A4A43 
 119      9762B3C8 
 120 0018 1828F80B 		.ascii	"\030(\370\013\372?\242\010\011\304\030:\272q3\317\304"
 120      FA3FA208 
 120      09C4183A 
 120      BA7133CF 
 120      C4
 121 0029 7452DA42 		.ascii	"tR\332B\027\215\025\035\313\024\"\272\021?\342\367G"
 121      178D151D 
 121      CB1422BA 
 121      113FE2F7 
 121      47
 122 003a 1DB2E8AA 		.ascii	"\035\262\350\252V\"]t\345\242\205\026\372\005\245\355"
 122      56225D74 
 122      E5A28516 
 122      FA05A5ED 
 123 004a A20153EF 		.ascii	"\242\001S\357\213Y\364\362\036\357\336\367\316;\367"
 123      8B59F4F2 
ARM GAS  C:\Users\hunter\AppData\Local\Temp\cctLBeGN.s 			page 9


 123      1EEFDEF7 
 123      CE3BF7
 124 0059 9C6B1151 		.ascii	"\234k\021Q\005DCr\336\226\015&\030O\337\022Mw\031\200"
 124      05444372 
 124      DE960D26 
 124      184FDF12 
 124      4D771980 
 125 006d 4E5417C8 		.ascii	"NT\027\3105\340\3421?c\324\275O\373\306\300\262\222"
 125      35E0E231 
 125      3F63D4BD 
 125      4FFBC6C0 
 125      B292
 126 007f 089F5F58 		.ascii	"\010\237_X\017T\251\327g\242Y\331:P\303\200\240\032"
 126      0F54A9D7 
 126      67A259D9 
 126      3A50C380 
 126      A01A
 127 0091 33EB3E3F 		.ascii	"3\353>?b\237\001S\312\237\247\363\037\243\2724\020\227"
 127      629F0153 
 127      CA9FA7F3 
 127      1FA3BA34 
 127      1097
 128 00a3 F2F3CBCD 		.ascii	"\362\363\313\315o&\337\005I\276\270\322X\350\356_R\252"
 128      6F26DF05 
 128      49BEB8D2 
 128      58E8EE5F 
 128      52AA
 129 00b5 A0C23755 		.ascii	"\240\3027UVw|f\354\200\205\020\333\210a\0131\222+\302"
 129      56777C66 
 129      EC808510 
 129      DB88610B 
 129      31922BC2 
 130 00c9 2EFA35FE 		.ascii	".\3725\376\303F\253r\3232\257\033b\017\026\211xZ;\217"
 130      C346AB72 
 130      D332AF1B 
 130      620F1689 
 130      785A3B8F 
 131 00dd 84AAF5CF 		.ascii	"\204\252\365\317S\341\357*\376\3343E\272\306SYP\342"
 131      53E1EF2A 
 131      FEDC3345 
 131      BAC65359 
 131      50E2
 132 00ef 4185F490 		.ascii	"A\205\364\220\015\235\025C\372\202B\323[\334\315\353"
 132      0D9D1543 
 132      FA8242D3 
 132      5BDCCDEB 
 133 00ff CF42385B 		.ascii	"\317B8[\252\237\335\320\332\270\255\347\250~\372\332"
 133      AA9FDDD0 
 133      DAB8ADE7 
 133      A87EFADA 
 134 010f 0AF0625A 		.ascii	"\012\360bZ\014\006}>\233\363\"z_D\350\307w\336\373\213"
 134      0C067D3E 
 134      9BF3227A 
 134      5F44E8C7 
 134      77DEFB8B 
 135 0123 1E7B559B 		.ascii	"\036{U\233\217\373\034\301\001\002T\332\316q\010\373"
 135      8FFB1CC1 
ARM GAS  C:\Users\hunter\AppData\Local\Temp\cctLBeGN.s 			page 10


 135      010254DA 
 135      CE7108FB 
 136 0133 7FB2489B 		.ascii	"\177\262H\233\254\330<\371\025u/\225\214(\022h\234\334"
 136      ACD83CF9 
 136      15752F95 
 136      8C281268 
 136      9CDC
 137 0145 FD6D7C2F 		.ascii	"\375m|/\367\350\006\267|\266p,s=\352\260\027\253\265"
 137      F7E806B7 
 137      7CB6702C 
 137      733DEAB0 
 137      17ABB5
 138 0158 12043D27 		.ascii	"\022\004='\235\2474\305+\241\027\352\023\270\364\003"
 138      9DA734C5 
 138      2BA117EA 
 138      13B8F403 
 139 0168 85E0EB13 		.ascii	"\205\340\353\023\264\015\353(\213Z\261c\020%\023\011"
 139      B40DEB28 
 139      8B5AB163 
 139      10251309 
 140 0178 5BD6483A 		.ascii	"[\326H:3\234\031w\006\207\222\366\270c\247SY;\233\031"
 140      339C1977 
 140      068792F6 
 140      B863A753 
 140      593B9B19 
 141 018c B69D89FB 		.ascii	"\266\235\211\373\243\2511\307\316Mf\263\235<1B\234s"
 141      A3A931C7 
 141      CE4D66B3 
 141      9D3C3142 
 141      9C73
 142 019e F2570FCB 		.ascii	"\362W\017\313\231\332"
 142      99DA
 143              		.text
 144              		.section	.gnu.lto_vmt.3dd49d7d,"",%progbits
 145 0000 789C6363 		.ascii	"x\234cc``\330\000\304&\014\0200\205\231q\347\3167\267"
 145      6060D800 
 145      C4260C10 
 145      30859971 
 145      E7CE37B7 
 146 0014 D9EBFF36 		.ascii	"\331\353\3776t44<\350\236\303<\223y\0163\3034f\014\271"
 146      7434343C 
 146      E89EC33C 
 146      93790E33 
 146      C334660C 
 147 0029 059B78E6 		.ascii	"\005\233x\34603Ncf\304\220\370\006\324\3014\215\231"
 147      30334E63 
 147      66C490F8 
 147      06D4C134 
 147      8D99
 148 003b 0943621B 		.ascii	"\011Cb\033P\202y\03233Xb\375\233\235?y\273\201\",\214"
 148      5082791A 
 148      33335862 
 148      FD9B9D3F 
 148      79BB8122 
 149 0051 20EED9FB 		.ascii	" \356\331\373s\2370Ylk\350X\320\0200\207\231u*3\003"
 149      739F3059 
 149      6C6BE858 
ARM GAS  C:\Users\hunter\AppData\Local\Temp\cctLBeGN.s 			page 11


 149      D0103087 
 149      99752A33 
 150 0066 E3764699 		.ascii	"\343vF\231\251\314\214\214\333\030\353\247231n\005Q"
 150      A9CC8C8C 
 150      DB18EBA7 
 150      3233316E 
 150      0551
 151 0078 CC8C5B40 		.ascii	"\314\214[@\024\013\343f\306z\006\306\035\214\026\014"
 151      140BE366 
 151      C67A06C6 
 151      1D8C160C 
 152 0088 467A7AFA 		.ascii	"Fzz\372@\224\234\221\231\224\231_lha\244\237_\254\237"
 152      40949C91 
 152      9994995F 
 152      6C6861A4 
 152      9F5FAC9F 
 153 009c 9198A39F 		.ascii	"\221\230\243\237\223\231\244_\\R\224\232\230[\254\237"
 153      9399A45F 
 153      5C52949A 
 153      985BAC9F 
 154 00ac 579A9303 		.ascii	"W\232\223\003e\353%3\000\000\276\304R\030"
 154      65EB2533 
 154      0000BEC4 
 154      5218
 155              		.text
 156              		.section	.gnu.lto_.symbol_nodes.3dd49d7d,"",%progbits
 157 0000 789C6363 		.ascii	"x\234cc``\310\005b\006\246\353\214\365\014\014\023\316"
 157      6060C805 
 157      6206A6EB 
 157      8CF50C0C 
 157      13CE
 158 0012 313000A9 		.ascii	"10\000\251\035\013\0166\260\001\305n0\3263\242\213\335"
 158      1D0B0E36 
 158      B001C56E 
 158      30D633A2 
 158      8BDD
 159 0024 64AC6742 		.ascii	"d\254gB\027\273\305X\317\214.v\207\261\236\005&\266"
 159      17BBC558 
 159      CF8C2E76 
 159      87B19E05 
 159      26B6
 160 0036 ABC19181 		.ascii	"\253\301\221\201\201\3656#C\203\022\003\0033\003\000"
 160      81F53623 
 160      43831203 
 160      03330300 
 161 0046 E4E91E14 		.ascii	"\344\351\036\024"
 162              		.text
 163              		.section	.gnu.lto_.refs.3dd49d7d,"",%progbits
 164 0000 789C6363 		.ascii	"x\234cc``\020\000bF\026&VF\026V&\006&F&&&f\006\000\003"
 164      60601000 
 164      62461626 
 164      56461656 
 164      26062646 
 165 001b 3F003B   		.ascii	"?\000;"
 166              		.text
 167              		.section	.gnu.lto_.decls.3dd49d7d,"",%progbits
 168 0000 789CAD56 		.ascii	"x\234\255V}LTW\026\277\367\335\371\200\231\001L1\255"
ARM GAS  C:\Users\hunter\AppData\Local\Temp\cctLBeGN.s 			page 12


 168      7D4C5457 
 168      16BFF7DD 
 168      F9809901 
 168      4C31AD
 169 0013 9B900D31 		.ascii	"\233\220\0151\323\204\177:#\264\251M\223&\2731\331\356"
 169      D3847F3A 
 169      23B4A94D 
 169      9326BB31 
 169      D9EE
 170 0025 FE6137D9 		.ascii	"\376a7\331n7!;\331)\314\014:\315|X\336c\267\335\277"
 170      6E37213B 
 170      D929CC0C 
 170      3ACD7C58 
 170      DE63B7DD 
 171 003a 5E1170C4 		.ascii	"^\021p\304\252\260v[d%\262j\255Ta\353:J\325\226\216"
 171      AAB0765B 
 171      6425B26A 
 171      AD5461EB 
 171      3A4AD596 
 172 004f 96520A5A 		.ascii	"\226R\012Z\021\025m\005\241\026\305\252\313G\241P@\230"
 172      11156D05 
 172      A116C5AA 
 172      CB47A150 
 172      4098
 173 0061 3DF7DEF7 		.ascii	"=\367\336\367f\336Lg\262i\263/s\336\314=\357\234\363"
 173      66DE4C67 
 173      B269B32F 
 173      73DECC3D 
 173      EF9CF3
 174 0074 FBDDDF3D 		.ascii	"\373\335\337=\367\2761 \204r,\0105\010\010]\306\010"
 174      F7BE3120 
 174      84722C08 
 174      3508085D 
 174      C608
 175 0086 45E13282 		.ascii	"E\3412\202\357\014\230\001\314\011\026\001\353\004\353"
 175      EF0C9801 
 175      CC091601 
 175      EB04EB
 176 0095 02EB008B 		.ascii	"\002\353\000\213\"~\351\301\010\344\350\301\014`F03"
 176      227EE9C1 
 176      08E4E8C1 
 176      0C604630 
 176      33
 177 00a6 187C9005 		.ascii	"\030|\220\005\243\204\313(\360\370\207\300V*\365\324"
 177      A384CB28 
 177      F0F887C0 
 177      562AF5D4 
 178 00b6 DAF4C24A 		.ascii	"\332\364\302J\255\344\313\234&\257K\223\247O\221\227"
 178      ADE4CB9C 
 178      26AF4B93 
 178      A74F9197 
 179 00c6 9594F785 		.ascii	"\225\224\367\205\222\327\241\3113\244\310\313\201<]"
 179      92D7A1C9 
 179      33A4C8CB 
 179      813C5D
 180 00d5 8A3C35C7 		.ascii	"\212<5\307\230\"\347\021\310\241\232\275\250\311\243"
 180      9822E711 
ARM GAS  C:\Users\hunter\AppData\Local\Temp\cctLBeGN.s 			page 13


 180      C8A19ABD 
 180      A8C9A3
 181 00e4 1A2D837D 		.ascii	"\032-\203}\0176\247\344.*\337\3514\372\231\3005\237"
 181      0F36A7E4 
 181      2E2ADFE9 
 181      34FA99C0 
 181      359F
 182 00f6 00BB0EF6 		.ascii	"\000\273\016\366\025\330\030X\261R\203\316g\032l\012"
 182      15D81858 
 182      B15283CE 
 182      671A6C0A 
 183 0106 6C166C12 		.ascii	"l\026l\022l\006q\276Fe\015\250\026\251t|\203\340\213"
 183      6C0671BE 
 183      46650DA8 
 183      16A9747C 
 183      83E08B
 184 0119 55EFED21 		.ascii	"U\357\355!\333\010~\310\204u0\234:\337\370u6\014W\232"
 184      DB087EC8 
 184      8475309C 
 184      3ADFF875 
 184      360C579A 
 185 012d 703E0CFF 		.ascii	"p>\014\377U=\332\222\001\303<\023\216b:\276\177r>\213"
 185      553DDA92 
 185      01C33C13 
 185      8E623ABE 
 185      7F723E8B 
 186 0141 8F69F2F4 		.ascii	"\217i\362\364\336=\335\006\"\260\337\023\321p\330l;"
 186      DE3DDD06 
 186      22B0DF13 
 186      D170D86C 
 186      3B
 187 0152 22F32BC3 		.ascii	"\"\363+\303\207p;&*J82\335\252#\317\320@\341h\353\350"
 187      87703B26 
 187      2A4A3832 
 187      DDAA23CF 
 187      D040E168 
 188 0168 4BB8C074 		.ascii	"K\270\300t\220\206E\242\015\266\352-\262,\340\323\330"
 188      908645A2 
 188      0DB6EA2D 
 188      B22CE0D3 
 188      D8
 189 0179 844F6282 		.ascii	"\204Ob\202\337\3076*H\236\011\356!Y\256\224\345\375"
 189      DFC7362A 
 189      489E09EE 
 189      2159AE94 
 189      E5FD
 190 018b 325985F0 		.ascii	"2Y\205\360\343yxM\036\302\247p\001\005\247Q\370\004"
 190      E379784D 
 190      1EC2A770 
 190      0105A751 
 190      F804
 191 019d CEC3C771 		.ascii	"\316\303\307q\036\255\337\262\367Pg\026i\303\014\340"
 191      1EADDFB2 
 191      F7506716 
 191      69C30CE0 
 192 01ad 46EBC4E7 		.ascii	"F\353\304\347$\2060\327\266\372X5E\350\000\204\017\342"
 192      248630D7 
ARM GAS  C:\Users\hunter\AppData\Local\Temp\cctLBeGN.s 			page 14


 192      B6FA5835 
 192      45E80084 
 192      0FE2
 193 01bf 0800981A 		.ascii	"\010\000\230\032\342\303\324\020\363cge\235I\211\017"
 193      E2C3D410 
 193      F3636765 
 193      9D49890F 
 194 01cf FDEFF8BE 		.ascii	"\375\357\370\276\013\255\023\202\245\226\3067o\2263"
 194      0BAD1382 
 194      A596C637 
 194      6F9633
 195 01de 7F8D3F02 		.ascii	"\177\215?\002\3740<?\006\317\021\216`\013\353\036\370"
 195      FC303C3F 
 195      06CF118E 
 195      600BEB1E 
 195      F8
 196 01ef 86E0A1EE 		.ascii	"\206\340\241\356\226\303t\025\212Ag\270r4R\027s\251"
 196      96C37415 
 196      8A4167B8 
 196      72345217 
 196      73A9
 197 0201 0FCC4FB4 		.ascii	"\017\314O\264[\310\337\230\326\302\371\276\271S\031"
 197      5BC8DF98 
 197      D6C2F9BE 
 197      B95319
 198 0210 D854108A 		.ascii	"\330T\020\212UG\261\322\370\023\340S\254\3609\013\316"
 198      5547B1D2 
 198      F813E053 
 198      ACF0390B 
 198      CE
 199 0221 33E0E452 		.ascii	"3\340\344R\\\350]}\372\206,\347\343N\240\362q\\\212"
 199      5CE85D7D 
 199      FA862CE7 
 199      E34EA0F2 
 199      715C8A
 200 0234 62AA0475 		.ascii	"b\252\004u\002\316\273\341#\007s\264\264;\022hw)\264"
 200      02CEBBE1 
 200      230773B4 
 200      B43B1268 
 200      7729B4
 201 0247 BB18EDFA 		.ascii	"\273\030\355\372\350\201\313\231d\2317@\377\344\271"
 201      E881CB99 
 201      64993740 
 201      FFE4B9
 202 0256 2633EFA4 		.ascii	"&3\357\244\0250l<=\323\243\347\303\014\030F'\246oXH"
 202      15306C3C 
 202      3DD3A3E7 
 202      C30C1846 
 202      27A66F58 
 203 026b 2561A1E1 		.ascii	"%a\241\341\341\376w\314:hlV=\240\243\276\316\332m\317"
 203      E1FE77CC 
 203      3A686C56 
 203      3DA0A3BE 
 203      CEDA6DCF 
 204 027f 3397D382 		.ascii	"3\227\323\202{1s}\022\235\213\344\360\022\202\006`%"
 204      7B31737D 
 204      129D8BE4 
ARM GAS  C:\Users\hunter\AppData\Local\Temp\cctLBeGN.s 			page 15


 204      F0128206 
 204      6025
 205 0291 07A8DEDE 		.ascii	"\007\250\336\336\372\226\011\206\006\256\231\021\\\243"
 205      FA960986 
 205      06AE9911 
 205      5CA3
 206 029f 930B2774 		.ascii	"\223\013't\334E'\374\012\270\232v\017\036\315&5\014"
 206      DC4527FC 
 206      0AB89A76 
 206      0F1ECD26 
 206      350C
 207 02b1 57E8B8F4 		.ascii	"W\350\270\364~U\226\246\367\236\334=I\345\270\004$."
 207      7E5596A6 
 207      F79EDC3D 
 207      49E5B804 
 207      242E
 208 02c3 C6E53028 		.ascii	"\306\3450(\215!\377@\332~\220\326\240H\333\007\316\013"
 208      8D21FF40 
 208      DA7E90D6 
 208      A048DB07 
 208      CE0B
 209 02d5 7CA9BF9D 		.ascii	"|\251\277\235\237\014\353H\035\3078\266\353AC\266\246"
 209      9F0CEB48 
 209      1DC738B6 
 209      EB4143B6 
 209      A6
 210 02e6 FB8A8EB3 		.ascii	"\373\212\216\263\356\033\000\214\313q\214K8-\310\225"
 210      EE1B008C 
 210      CB718C4B 
 210      382DC895 
 211 02f6 D420575F 		.ascii	"\324 W_\277t\335@\0328H{\357\340\242\246\305\357Y\033"
 211      BF74DD40 
 211      1A38487B 
 211      EFE0A2A6 
 211      C5EF591B 
 212 030a 16E844BE 		.ascii	"\026\350D\276\000\220\253q\220\201\364 \327R\203,\014"
 212      0090AB71 
 212      9081F420 
 212      D752832C 
 212      0C
 213 031b 7C5399B1 		.ascii	"|S\231\261\352M\232Q\267Y^!\260\212\237\303\363\363"
 213      EA4D9A51 
 213      B7595E21 
 213      B08A9FC3 
 213      F3F3
 214 032d 6CF5BFC4 		.ascii	"l\365\277\304\253\340~\016\353\370\256\236\273\366a"
 214      ABE07E0E 
 214      EBF8AE9E 
 214      BBF661
 215 033c 5F428BC3 		.ascii	"_B\213\303sM\257\\\347\275\002\201\3435\247\206\262"
 215      734DAF5C 
 215      E7BD0281 
 215      E335A786 
 215      B2
 216 034d C9305FFC 		.ascii	"\3110_\374=\243\333w\350\331Jw\306\026\377\203\376\243"
 216      3DA3DB77 
 216      E8D94A77 
ARM GAS  C:\Users\hunter\AppData\Local\Temp\cctLBeGN.s 			page 16


 216      C616FF83 
 216      FEA3
 217 035f B7B80F1A 		.ascii	"\267\270\017\032\013\017\361\345_\3528s\204\250-q\203"
 217      0B0FF1E5 
 217      5FEA3873 
 217      84A82D71 
 217      83
 218 0370 FBC6C395 		.ascii	"\373\306\303\225[\005-\301\316\004\202#\214\340\260"
 218      5B052DC1 
 218      CE048223 
 218      8CE0B0
 219 037f 4AB0E378 		.ascii	"J\260\343x\3130\326\022\034I \370U\214\340\225\261\223"
 219      CB30D612 
 219      1C4920F8 
 219      558CE095 
 219      B193
 220 0391 B366329A 		.ascii	"\263f2\232\236\340\340\256\233\247y\307\302\206\305"
 220      9EE0E0AE 
 220      9BA779C7 
 220      C286C5
 221 03a0 5F7332DB 		.ascii	"_s2\333g\344\0139*\301Q\356k\031\332\271#'=\301\333"
 221      67E40B39 
 221      2AC151EE 
 221      6B19DAB9 
 221      23273DC1 
 222 03b5 8CE02D95 		.ascii	"\214\340-\225\340\241\267\227Z3\265\004o'\020\034\213"
 222      E0A1B797 
 222      5A33B504 
 222      6F27101C 
 222      8B
 223 03c6 116CEBBF 		.ascii	"\021l\353\277\363\235@\356r\202\225m3\347\262\311\002"
 223      F39D40EE 
 223      7282956D 
 223      33E7B2C9 
 223      02
 224 03d7 1F4C3D68 		.ascii	"\037L=hj\317\344\233d%\025m\270\256\316\3107I3;\261"
 224      6ACFE49B 
 224      6425156D 
 224      B8AECEC8 
 224      3749333B 
 225 03ec 87F685B2 		.ascii	"\207\366\205\262HH\307b\333\216,\276gR\011\363\211\335"
 225      4848C762 
 225      DB8E2CBE 
 225      675209F3 
 225      89DD
 226 03fe 926FB666 		.ascii	"\222o\266f\247_\361q\306\367?*\337\303;\017?\242\245"
 226      A75FF171 
 226      C6F73F2A 
 226      DFC33B0F 
 226      3FA2A5
 227 0411 3B9E4077 		.ascii	";\236@wB\245k\374\367\271\32063\266Zs\255\326\002\353"
 227      42A56BFC 
 227      F7B9D036 
 227      33B65A73 
 227      ADD602EB 
 228 0425 3E1A1F19 		.ascii	">\032\037\031\333J\306\273j\344\272\022\332\027\270"
 228      DB4AC6BB 
ARM GAS  C:\Users\hunter\AppData\Local\Temp\cctLBeGN.s 			page 17


 228      6AE4BA12 
 228      DA17B8
 229 0434 07BAF45B 		.ascii	"\007\272\364[\234\033o\310\317X\2050\275#\236\320\207"
 229      9C1B6FC8 
 229      CF588530 
 229      BD239ED0 
 229      87
 230 0445 BBD75005 		.ascii	"\273\327P\005\360\315\344X{<\264\236\021\007\003\206"
 230      F0CDE458 
 230      7B3CB49E 
 230      11070386 
 231 0455 F81E04DC 		.ascii	"\370\036\004\334\245\001\337(\031\320\336\370;\350\364"
 231      A501DF28 
 231      19D0DEF8 
 231      3BE8F4
 232 0464 696CC553 		.ascii	"il\305S`\263`\223`3\330\312\336L\032 \272LwR\002\025"
 232      60B36093 
 232      6033D8CA 
 232      DE4C1A20 
 232      BA4C7752 
 233 047a 26518259 		.ascii	"&Q\202Y\342\373\311\221\3358\026\312\367\344x\015\201"
 233      E2FBC991 
 233      DD3816CA 
 233      F7E4780D 
 233      81
 234 048b B7200D42 		.ascii	"\267 \015B\312v\214\003\316>\331(G\252\010\355?<\230"
 234      CA768C03 
 234      CE3ED928 
 234      47AA08ED 
 234      3F3C98
 235 049e 5A085609 		.ascii	"Z\010V\011\004o\237\352\336Gr\225Y\206\322\316\022\245"
 235      046F9FEA 
 235      DE477295 
 235      5986D2CE 
 235      12A5
 236 04b0 9D22D418 		.ascii	"\235\"\324\030\253\271:\225\260M\3474x\010\177\257\256"
 236      ABB93A95 
 236      B04DE734 
 236      78087FAF 
 236      AE
 237 04c1 1A79D05E 		.ascii	"\032y\320^{V\207s\013\254\365\312\221\301\360\342\221"
 237      7B568773 
 237      0BACF5CA 
 237      91C1F0E2 
 237      91
 238 04d2 F38AA40B 		.ascii	"\363\212\244\013 \351\242R\237\317v\366-6\333\371T\263"
 238      20E9A252 
 238      9FCF76F6 
 238      2D36DBF9 
 238      54B3
 239 04e4 ED6AF8F9 		.ascii	"\355j\370\371\376\3152\010\007@\370S\340<\237Zb\272"
 239      FECD3208 
 239      0740F853 
 239      E03C9F5A 
 239      62BA
 240 04f6 F3760C9E 		.ascii	"\363v\014\236\260\220\217X\263\012\327v\206\333\364"
 240      B0908F58 
ARM GAS  C:\Users\hunter\AppData\Local\Temp\cctLBeGN.s 			page 18


 240      B30AD776 
 240      86DBF4
 241 0505 B8209723 		.ascii	"\270 \227#\0144\030(\3022\344>\210\237p\024Pi\202d\272"
 241      0C341828 
 241      C232E43E 
 241      889F7014 
 241      50698264 
 242 051a 780958A6 		.ascii	"x\011X\246b\0148G\347\376\336\233\240\310r\202\"Q\345"
 242      620C3847 
 242      E7FEDE9B 
 242      A0C87282 
 242      2251E5
 243 052d 2517652F 		.ascii	"%\027e/\271\223gk.f\015\303\241D\367\315\012V\002c~"
 243      B993676B 
 243      2E660DC3 
 243      A144F7CD 
 243      0A560263 
 244 0542 876F6A6C 		.ascii	"\207ojl\034U/\314\375\340\025\370\227\022J\007j\212"
 244      1C552FCC 
 244      FDE015F8 
 244      97124A07 
 244      6A8A
 245 0554 F21BEE82 		.ascii	"\362\033\356\202RCP\353\262\217R\000k\253\362\347\034"
 245      524350EB 
 245      B28F5200 
 245      6BABF2E7 
 245      1C
 246 0565 4EBD905A 		.ascii	"N\275\220Z\236\323R\363\020/\231\010\246IJ\340\212b"
 246      9ED352F3 
 246      102F9908 
 246      A6494AE0 
 246      8A62
 247 0577 8F6334E3 		.ascii	"\217c4\343\223\304\212b\247\376\3316\246\033\201S\030"
 247      93C48A62 
 247      A7FED936 
 247      A61B8153 
 247      18
 248 0588 A15F2154 		.ascii	"\241_!T\227\341g\336\336\1774\325c\322\303\017\227-"
 248      97E167DE 
 248      DE7F34D5 
 248      63D2C30F 
 248      972D
 249 059a F78626CD 		.ascii	"\367\206&\315\253\233\345\276\021\370\247\321H\006;"
 249      AB9BE5BE 
 249      11F8A7D1 
 249      48063B
 250 05a9 EEC8B249 		.ascii	"\356\310\262I\307N\264J!\266b\360\023\356\257\011#\030"
 250      C74EB44A 
 250      21B662F0 
 250      13EEAF09 
 250      2318
 251 05bb CBC23080 		.ascii	"\313\3020\200m\026V\323\177W\365\347\303zR\245g\225"
 251      6D1656D3 
 251      7F57F5E7 
 251      C37A52A5 
 251      6795
 252 05cd 769E38B3 		.ascii	"v\2368\263 (\225n\036$\362\033\260\274+\330\331]\025"
ARM GAS  C:\Users\hunter\AppData\Local\Temp\cctLBeGN.s 			page 19


 252      2028956E 
 252      1E24F21B 
 252      B0BC2BD8 
 252      D95D15
 253 05e0 2F54955C 		.ascii	"/T\225\\\250\232\025j;\334\335\224\245\344\216\217\021"
 253      A89A156A 
 253      3BDCDD94 
 253      A5E48E8F 
 253      11
 254 05f1 D868F07F 		.ascii	"\330h\360\177\015\336\277\364\325\324\023o\234\036\234"
 254      0DDEBFF4 
 254      D5D4136F 
 254      9C1E9C
 255 0600 945DC3B2 		.ascii	"\224]\303\262\233\267/\3351(\331wW\305\222\3511w?\236"
 255      9BB72FDD 
 255      3128D977 
 255      57C592E9 
 255      31773F9E 
 256 0614 7C3F3979 		.ascii	"|?9y\013K\256\333\261\260\230Aj\371\034\366\036\230"
 256      0B4BAEDB 
 256      B1B09841 
 256      6AF91CF6 
 256      1E98
 257 0626 5BCA6647 		.ascii	"[\312fG-t\221r\326~\331\023\036Hxy\275\370\260\346\250"
 257      2D749172 
 257      D67ED913 
 257      1E487879 
 257      BDF8B0E6 
 258 063b AD15E851 		.ascii	"\255\025\350Q\273UP\216\332\267\257\354:F'\322\014T"
 258      BB55508E 
 258      DAB7AFEC 
 258      3A4627D2 
 258      0C54
 259 064d 961B2D31 		.ascii	"\226\033-1.\020\206Cq\031B\3112lc\\*\337y\355\220\371"
 259      2E108643 
 259      711942C9 
 259      326C635C 
 259      2ADF79ED 
 260 0663 D1FD725F 		.ascii	"\321\375r_D\216\334\336\3750(\310\267\375\247|\026\261"
 260      448EDCDE 
 260      FD3028C8 
 260      B7FDA77C 
 260      16B1
 261 0675 430431CF 		.ascii	"C\0041\317\237\004\204_\027\036E\2056\233\035>\256\215"
 261      9F04845F 
 261      171E4585 
 261      369B1D3E 
 261      AE8D
 262 0687 DE526F50 		.ascii	"\336RoP,|\252\310\036\024\355\033K|v\237\267\324.J\345"
 262      2C7CAAC8 
 262      1E14ED1B 
 262      4B7C769F 
 262      B7D42E4A 
 263 069c 9E12BF68 		.ascii	"\236\022\277h\017T\370|\312o\233+\343\331\347^\310_"
 263      0F54F87C 
 263      CA6F9B2B 
 263      E3D9E75E 
ARM GAS  C:\Users\hunter\AppData\Local\Temp\cctLBeGN.s 			page 20


 263      C85F
 264 06ae 57588832 		.ascii	"WX\2102\235\316\012o@z\312)\225\271\236v\260\012\242"
 264      9DCE0A6F 
 264      407ACA29 
 264      95B99E76 
 264      B00AA2
 265 06c1 54E1F606 		.ascii	"T\341\366\006\035R0\350\023\035\033\002\025\371\354"
 265      1D5230E8 
 265      131D1B02 
 265      15F9EC
 266 06d0 577E49B9 		.ascii	"W~I\271?\337\343/\365\270\335\036\267c\255mM~\321\232"
 266      3FDFE32F 
 266      F5B8DD1E 
 266      B763AD6D 
 266      4D7ED19A 
 267 06e4 C2B52F3F 		.ascii	"\302\265/?\341\000\377c\201`\300\363\230\247\244\324"
 267      E100FF63 
 267      8160C0F3 
 267      98A7A4D4 
 268 06f4 EBF0065C 		.ascii	"\353\360\006\\\276\012\267\307\341/\201Z\001\217\303"
 268      BE0AB7C7 
 268      E12F815A 
 268      018FC3
 269 0703 E9F69495 		.ascii	"\351\366\224\225T\370$\247\364\352&\217h\333\210\214"
 269      54F824A7 
 269      F4EA268F 
 269      68DB888C 
 270 0713 0ADC1FFF 		.ascii	"\012\334\037\377\257p\342\253\242\303)Jn\250\015\030"
 270      AF70E2AB 
 270      A2C3294A 
 270      6EA80D18 
 271 0723 06D1FB57 		.ascii	"\006\321\373W\217Sr\377D\010P\315\261\301\345J\202Z"
 271      8F5372FF 
 271      440850CD 
 271      B1C1E54A 
 271      825A
 272 0735 6B2BB215 		.ascii	"k+\262\025\306\001%\310*\003,\362g\277D6UH $\200?^\344"
 272      C60125C8 
 272      2A032CF2 
 272      67BF4436 
 272      55482024 
 273 074d 948CCAB7 		.ascii	"\224\214\312\267\336/npJ\277H\2656\256\240\337\037\014"
 273      DE2F6E70 
 273      4ABF48B5 
 273      36AEA0DF 
 273      1F0C
 274 075f D83705CB 		.ascii	"\3307\005\313%\321\376\313\337\255_\267\376\025\352"
 274      25D1FECB 
 274      DFAD5FB7 
 274      FE15EA
 275 076e DBE4F579 		.ascii	"\333\344\365y\312E\373\263\353\326A\274*\230\016\226"
 275      CA45FBB3 
 275      EBD641BC 
 275      2A980E96 
 276 077e CCADFF4B 		.ascii	"\314\255\377K\271W\362\344x\003\242T\022py\234\301\262"
 276      B957F2E4 
 276      7803A254 
ARM GAS  C:\Users\hunter\AppData\Local\Temp\cctLBeGN.s 			page 21


 276      1270799C 
 276      C1B2
 277 0790 32D12365 		.ascii	"2\321#e=\007k\372<[\323?\254\377=\331\340\221\212~l"
 277      3D076BFA 
 277      3C5BD33F 
 277      ACFF3DD9 
 277      E0918A7E 
 278 07a5 276C44A6 		.ascii	"'lD\246x\021\003C\021\177t\021\027\322S\222b6u\376\266"
 278      78110343 
 278      117F7411 
 278      17D25392 
 278      623675FE 
 279 07ba F4258F4B 		.ascii	"\364%\217K\372M\300+\375\027\320\023Z8"
 279      FA4DC02B 
 279      FD17D013 
 279      5A38
 280              		.text
 281              		.section	.gnu.lto_.symtab.3dd49d7d,"",%progbits
 282 0000 6E756C6C 		.ascii	"nullObjectInit\000"
 282      4F626A65 
 282      6374496E 
 282      697400
 283 000f 00       		.ascii	"\000"
 284 0010 00       		.ascii	"\000"
 285 0011 00       		.ascii	"\000"
 286 0012 00000000 		.ascii	"\000\000\000\000\000\000\000\000"
 286      00000000 
 287 001a 0B010000 		.ascii	"\013\001\000\000"
 288              		.text
 289              		.section	.gnu.lto_.opts,"",%progbits
 290 0000 272D666D 		.ascii	"'-fmath-errno' '-fsigned-zeros' '-ftrapping-math' '"
 290      6174682D 
 290      6572726E 
 290      6F272027 
 290      2D667369 
 291 0033 2D666E6F 		.ascii	"-fno-trapv' '-fno-openmp' '-fno-openacc' '-mcpu=cor"
 291      2D747261 
 291      70762720 
 291      272D666E 
 291      6F2D6F70 
 292 0066 7465782D 		.ascii	"tex-m0' '-mno-thumb-interwork' '-mthumb' '-O2' '-fo"
 292      6D302720 
 292      272D6D6E 
 292      6F2D7468 
 292      756D622D 
 293 0099 6D69742D 		.ascii	"mit-frame-pointer' '-falign-functions=16' '-ffuncti"
 293      6672616D 
 293      652D706F 
 293      696E7465 
 293      72272027 
 294 00cc 6F6E2D73 		.ascii	"on-sections' '-fdata-sections' '-fno-common' '-flto"
 294      65637469 
 294      6F6E7327 
 294      20272D66 
 294      64617461 
 295 00ff 2700     		.ascii	"'\000"
 296              		.text
ARM GAS  C:\Users\hunter\AppData\Local\Temp\cctLBeGN.s 			page 22


 297              		.comm	__gnu_lto_v1,1,1
 298              		.comm	__gnu_lto_slim,1,1
 299              		.ident	"GCC: (GNU Tools for Arm Embedded Processors 7-2017-q4-major) 7.2.1 20170904 (release) [ARM
ARM GAS  C:\Users\hunter\AppData\Local\Temp\cctLBeGN.s 			page 23


DEFINED SYMBOLS
                            *ABS*:00000000 nullstreams.c
                            *COM*:00000001 __gnu_lto_v1
                            *COM*:00000001 __gnu_lto_slim

NO UNDEFINED SYMBOLS
