ARM GAS  C:\Users\hunter\AppData\Local\Temp\ccothkZS.s 			page 1


   1              		.cpu cortex-m0
   2              		.eabi_attribute 20, 1
   3              		.eabi_attribute 21, 1
   4              		.eabi_attribute 23, 3
   5              		.eabi_attribute 24, 1
   6              		.eabi_attribute 25, 1
   7              		.eabi_attribute 26, 1
   8              		.eabi_attribute 30, 2
   9              		.eabi_attribute 34, 0
  10              		.eabi_attribute 18, 4
  11              		.file	"nvic.c"
  12              		.section	.gnu.lto_.profile.3dd4a48f,"",%progbits
  13 0000 789C6363 		.ascii	"x\234cc```\001bF\006SC\000\001\023\000r"
  13      60606001 
  13      62460653 
  13      43000113 
  13      0072
  14              		.text
  15              		.section	.gnu.lto_.icf.3dd4a48f,"",%progbits
  16 0000 789C6363 		.ascii	"x\234cc``\220d@\000\026\206\376\237s\257\3602n^\377"
  16      60609064 
  16      40001686 
  16      FE9F73AF 
  16      F0326E5E 
  17 0015 6F011FD3 		.ascii	"o\001\037\323\2639\375gx\230O?\330\020\303\000\000\233"
  17      B339FD67 
  17      78984F3F 
  17      D810C300 
  17      009B
  18 0027 220BDE   		.ascii	"\"\013\336"
  19              		.text
  20              		.section	.gnu.lto_.jmpfuncs.3dd4a48f,"",%progbits
  21 0000 789C6363 		.ascii	"x\234cc``\320a@\000\026\006&FF\346\3729\314\014 \314"
  21      6060D061 
  21      40001606 
  21      264646E6 
  21      FA39CC0C 
  22 0016 0804209A 		.ascii	"\010\004 \232\011Y\220\031*\310\000\000\237-\007\005"
  22      09599019 
  22      2AC80000 
  22      9F2D0705 
  23              		.text
  24              		.section	.gnu.lto_.inline.3dd4a48f,"",%progbits
  25 0000 789C6363 		.ascii	"x\234cc``\230\301\200\000,\014\014\302B\214L\014\012"
  25      606098C1 
  25      80002C0C 
  25      0CC2428C 
  25      4C0C0A
  26 0013 8C0C0C8C 		.ascii	"\214\014\014\214 \202\225\347A,\003\333\002y&\006\201"
  26      208295E7 
  26      412C03DB 
  26      02792606 
  26      81
  27 0024 865A1606 		.ascii	"\206Z\026\006\246\013\374\034 \202\007\254\226\221\201"
  27      A60BFC1C 
  27      208207AC 
  27      969181
ARM GAS  C:\Users\hunter\AppData\Local\Temp\ccothkZS.s 			page 2


  28 0033 9F8F9111 		.ascii	"\237\217\221\021\254\230\231\343\200\035\222:\220,\220"
  28      AC9899E3 
  28      801D923A 
  28      902C90
  29 0042 C98F6214 		.ascii	"\311\217b\024\\\011\337\206\\t\243\230\031\330\331`"
  29      5C09DF86 
  29      5C74A398 
  29      19D8D960 
  30 0052 46010521 		.ascii	"F\001\005!\352\330>\350A\214b\000\000\\\213\021\200"
  30      EAD83EE8 
  30      418C6200 
  30      005C8B11 
  30      80
  31              		.text
  32              		.section	.gnu.lto_.pureconst.3dd4a48f,"",%progbits
  33 0000 789C6363 		.ascii	"x\234cc``\340\004b\026\006)F)&)f)\000\002\304\000\202"
  33      6060E004 
  33      62160629 
  33      46292629 
  33      66290002 
  34              		.text
  35              		.section	.gnu.lto_nvicEnableVector.3dd4a48f,"",%progbits
  36 0000 789C9D54 		.ascii	"x\234\235T\337KSa\030\376\336\363\235\263\263\315m\012"
  36      DF4B5361 
  36      18FEDEF3 
  36      9DB3B3CD 
  36      6D0A
  37 0012 75134979 		.ascii	"u\023Iy\021\2107\036V\020^t\023A7\341M\377A\355\"\007"
  37      1188371E 
  37      56105E74 
  37      134137E1 
  37      4DFF41ED 
  38 0028 B9898674 		.ascii	"\271\211\206t\347\331\246SKH\360\027\214\025\2234\225"
  38      E7D9A653 
  38      4B48F017 
  38      8C159334 
  38      95
  39 0039 D029FE28 		.ascii	"\320)\376(\177d\247\245\351\264i\211\004]tQJ\201\221"
  39      7F64A7A5 
  39      E9B46989 
  39      045D7451 
  39      4A8191
  40 004c D50832B2 		.ascii	"\325\0102\262\331\373\236o%T\022x\330y\367}\357y\336"
  40      D9FB9E6F 
  40      25541278 
  40      D879F77D 
  40      EF79DE
  41 005f F77D9EE7 		.ascii	"\367}\236\347;\233\20516&3v\012\277\017\343\015\234"
  41      3B9B8531 
  41      36263376 
  41      0ABF0FE3 
  41      0D9C
  42 0071 81D4BCC4 		.ascii	"\201\324\274\304X\300*\001\320B\267\002\253\221\240"
  42      58C02A01 
  42      D042B702 
  42      AB91A0
  43 0080 069A782B 		.ascii	"\006\232x+\207D\375\333q\251\250G\307\313\350H\037\322"
ARM GAS  C:\Users\hunter\AppData\Local\Temp\ccothkZS.s 			page 3


  43      8744FDDB 
  43      71A9A847 
  43      C7CBE848 
  43      1FD2
  44 0092 7B0D8872 		.ascii	"{\015\210r\306\332\361\246\013\206\241\010Q\317k\007"
  44      C6DAF1A6 
  44      0B86A108 
  44      51CF6B07 
  45 00a2 A3FC3A8F 		.ascii	"\243\374:\217r\000\031\267\237S\2215\027m%(\300\355"
  45      720019B7 
  45      9F539135 
  45      176D2528 
  45      C0ED
  46 00b4 0FBDB5DD 		.ascii	"\017\275\265\335\305O\002\303\365\372\342\355f\265\260"
  46      C54F02C3 
  46      F5FAE2ED 
  46      66B5B0
  47 00c3 5BD783BA 		.ascii	"[\327\203\2721\323\305\365cQ\316a\01486\204Q\310\207"
  47      31D3C5F5 
  47      6351CE61 
  47      0C383684 
  47      51C887
  48 00d6 11C86798 		.ascii	"\021\310g\230bp\017\012\021~7\370\356\003\347%f\351"
  48      62700F0A 
  48      117E37F8 
  48      EE03E725 
  48      66E9
  49 00e8 9BF9D7AD 		.ascii	"\233\371\327\255J\266t\275;[z\377\037\245\343Ph\342"
  49      4AB674BD 
  49      3B5B7AFF 
  49      1FA5E350 
  49      68E2
  50 00fa 87326D4E 		.ascii	"\2072mN\213,\270\302\004X\030\340\"\276\242\030zf\247"
  50      8B2CB8C2 
  50      045818E0 
  50      22BEA218 
  50      7A66A7
  51 010d 5E3756EF 		.ascii	"^7V\357@\307\331\203\2005\262D\201S\220)(\030\024\013"
  51      40C7D983 
  51      8035B244 
  51      81539029 
  51      2818140B 
  52 0121 0595B656 		.ascii	"\005\225\266V\0126\012v\0129\024\034\024\234\004q\001"
  52      0A360A76 
  52      0A39141C 
  52      149C0471 
  52      01
  53 0132 71CD0373 		.ascii	"q\315\003s,k\300a\350\242n\260F.\321*d\260\015\010\245"
  53      2C6BC061 
  53      E8A26EB0 
  53      462ED12A 
  53      64B00D08 
  54 0147 C3A91B07 		.ascii	"\303\251\033\007\210C\204C\204\273\220\335\354\316W"
  54      88438443 
  54      84BB90DD 
  54      ECCE57
  55 0156 23973C92 		.ascii	"#\227<\222A\202I\244\276\001\211\351\3449\201\221\020"
ARM GAS  C:\Users\hunter\AppData\Local\Temp\ccothkZS.s 			page 4


  55      418249A4 
  55      BE0189E9 
  55      E4398191 
  55      10
  56 0167 D05E9758 		.ascii	"\320^\227XV\011`1\325\217tnn9\304VO\204tj1\374\276e"
  56      56096031 
  56      D58F746E 
  56      6E39C456 
  56      4F84746A 
  57 017f 4D8DC1AD 		.ascii	"M\215\301\255\000\036N,CBTx\200FLa7*\231m\012t\332\265"
  57      001E4E2C 
  57      43425478 
  57      80464C61 
  57      372A996D 
  58 0197 7EBD36A0 		.ascii	"~\2756\240\027D\271\025\246!\006m\346\301\341\303\027"
  58      1744B915 
  58      A621066D 
  58      E6C1E1C3 
  58      17
  59 01a8 2BA3C32E 		.ascii	"+\243\303.w\234\036\306\006\244(\267\301C\320\220\235"
  59      779C1EC6 
  59      06A428B7 
  59      C143D090 
  59      9D
  60 01b9 79AA06B8 		.ascii	"y\252\006\270\211\365v\370e\256 \304\005\351Dz\260\307"
  60      89F576F8 
  60      65AE20C4 
  60      05E9447A 
  60      B0C7
  61 01cb 21487378 		.ascii	"!Hsxd\222\016E\302 02\302\020\023\231\374\262\240\010"
  61      64920E45 
  61      C2203032 
  61      C2101399 
  61      FCB2A008 
  62 01df 8C151202 		.ascii	"\214\025\022\002\363)\334\227m\244 \"^\267\336g%\204"
  62      F329DC97 
  62      6DA42022 
  62      5EB7DE67 
  62      2584
  63 01f1 023B008F 		.ascii	"\002;\000\217!\037k\021\025\314\204\373\234\002E@A\240"
  63      211F6B11 
  63      15CC84FB 
  63      9C024540 
  63      41A0
  64 0203 319B51D1 		.ascii	"1\233Q\321\024\314\213f\257>\272D\326\032\341y\364R"
  64      14CC8B66 
  64      AF3EBA44 
  64      D61AE179 
  64      F452
  65 0215 7DEF9F70 		.ascii	"}\357\237p\211\206\026\230\37152\231-\265\2318\232\020"
  65      89861698 
  65      F9353299 
  65      2DB59938 
  65      9A10
  66 0227 DA0AA7E2 		.ascii	"\332\012\247\342\227D\326n\366\264\221\355\253\327\032"
  66      9744D66E 
  66      F6B491ED 
ARM GAS  C:\Users\hunter\AppData\Local\Temp\ccothkZS.s 			page 5


  66      ABD71A
  67 0236 554AFE69 		.ascii	"UJ\376i\351\221\377\031:\273\227\241>\362\363\311\256"
  67      E991FF19 
  67      3ABB97A1 
  67      3EF2F3C9 
  67      AE
  68 0247 9F73E0C6 		.ascii	"\237s\340\306\211B\321\315\241^IP\310\021\246\266t\015"
  68      8942D1CD 
  68      A15E4950 
  68      C811A6B6 
  68      740D
  69 0259 8C3B8561 		.ascii	"\214;\205aGa^\260O\207\033\025\001r\010P\262kb\333!"
  69      47615EB0 
  69      4F871B15 
  69      01720850 
  69      B26B62DB 
  70 026e 242A90FC 		.ascii	"$*\220\374-Q\025 '\275 3s\341\254\253\000\013dj\216"
  70      2D511520 
  70      27BD2033 
  70      73E1ACAB 
  70      000B646A 
  71 0283 10F74DD9 		.ascii	"\020\367M\331\2078;,\232\342\340oq\325$\356)\211s\230"
  71      87383B2C 
  71      9AE2E06F 
  71      71D524EE 
  71      29897398 
  72 0297 E25224CE 		.ascii	"\342R$\316)f\365\017M\301\276\246-\231\323\244=\246"
  72      2966F50F 
  72      4DC1BEA6 
  72      2D99D3A4 
  72      3DA6
  73 02a9 2DEF4E7B 		.ascii	"-\357N{&\246mB0\026o2g\231\177D\015\310\024\177m\330"
  73      26A66D42 
  73      30166F32 
  73      67997F44 
  73      0DC8147F 
  74 02bf E04471B1 		.ascii	"\340Dq\261\206\037O\231\367\242\327_\345.9\256\371\253"
  74      861F4F99 
  74      F7A2D75F 
  74      E52E39AE 
  74      F9AB
  75 02d1 B4B20B97 		.ascii	"\264\262\013\227\265\012\177\345\225*\315\343//\367"
  75      B50A7FE5 
  75      952ACDE3 
  75      2F2FF7
  76 02e0 FBB4D3E7 		.ascii	"\373\264\323\347K\317\224^\325|\325^O\261\207\201O\256"
  76      4BCF945E 
  76      D57CD55E 
  76      4FB18781 
  76      4FAE
  77 02f2 A8F4FA7F 		.ascii	"\250\364\372\177\0022\232\213{"
  77      02329A8B 
  77      7B
  78              		.text
  79              		.section	.gnu.lto_nvicDisableVector.3dd4a48f,"",%progbits
  80 0000 789C9553 		.ascii	"x\234\225S]KTQ\024=\353\236\373\345\250\343k\220\224"
  80      5D4B5451 
ARM GAS  C:\Users\hunter\AppData\Local\Temp\ccothkZS.s 			page 6


  80      143DEB9E 
  80      FBE5A8E3 
  80      6B9094
  81 0013 0F81F8E2 		.ascii	"\017\201\370\342e\012\252\327\010z\010|\351\037\324"
  81      650AAAD7 
  81      087A087C 
  81      E91FD4
  82 0022 BC28E44C 		.ascii	"\274(\344LdHo\236\361\343\252e \370\021\016\227\030"
  82      64486F9E 
  82      F1E3AA65 
  82      20F8110E 
  82      9718
  83 0034 6942FBD4 		.ascii	"iB\373\324\230\261R\313n7\315\306\262H\252\037\220\322"
  83      98B152CB 
  83      6E37CDC6 
  83      B248AA1F 
  83      90D2
  84 0046 43919404 		.ascii	"C\221\224\004e\230\266\317=\023AQ\320e\356\236\275\317"
  84      6598B6CF 
  84      3D134151 
  84      D065EE9E 
  84      BDCF
  85 0058 5967EFB5 		.ascii	"Yg\357\265\316\2321\031c\243\234\261}\364\275\235^p"
  85      CE9A3119 
  85      63A39CB1 
  85      7DF4BD9D 
  85      5E70
  86 006a 06ADF719 		.ascii	"\006\255\367\031c)[\003d\"l\260\026\015-\350\341\375"
  86      63295B03 
  86      64226CB0 
  86      160D2DE8 
  86      E1FD
  87 007c 1C41E7DB 		.ascii	"\034A\347\333I\255fD\320\343\237\317\233\256\350\330"
  87      49AD6644 
  87      D0E39FCF 
  87      9BAEE8D8 
  88 008c E6D1F141 		.ascii	"\346\321\361Az\345\203\034j\010\365\242}\334\343g\271"
  88      7AE5831C 
  88      6A08F5A2 
  88      7DDCE367 
  88      B9
  89 009d C7019DCA 		.ascii	"\307\001\235\312O\213\351\345\250,5TQ\371]\364\017F"
  89      4F8BE9E5 
  89      A82C3554 
  89      51F95DF4 
  89      0F46
  90 00af F95E30CA 		.ascii	"\371^0\312W\236\\\354\265\252/\011\321*\374\247Y.vy"
  90      579E5CEC 
  90      B5AA2F09 
  90      D12AFCA7 
  90      592E7679 
  91 00c3 9CE31638 		.ascii	"\234\343\02685\304\004*\221G%\243%\206\333\250\226\370"
  91      35C4042A 
  91      914725A3 
  91      2586DBA8 
  91      96F8
  92 00d5 37373707 		.ascii	"777\007\312M]\015\304\035\230\014\224\214-\031\276\330"
ARM GAS  C:\Users\hunter\AppData\Local\Temp\ccothkZS.s 			page 7


  92      CA4D5D0D 
  92      C41D980C 
  92      948C2D19 
  92      BED8
  93 00e7 DCEA14FE 		.ascii	"\334\352\024\376J\026\257\016U\200\316\350\232\014\234"
  93      4A16AF0E 
  93      5580CEE8 
  93      9A0C9C
  94 00f6 82A1CBCC 		.ascii	"\202\241\313\314\220\301\224\301\222\301\226\033%2D"
  94      90C194C1 
  94      92C1961B 
  94      253244
  95 0105 64598A70 		.ascii	"dY\212p\002\353\242\276\244Z\370\254\233k2k\363\331"
  95      02EBA2BE 
  95      A45AF8AC 
  95      9B6B326B 
  95      F3D9
  96 0117 3BB46DB8 		.ascii	";\264m\270\213\271QM\316Ks\244y)1\351\313\336\230,\227"
  96      8BB9514D 
  96      CE4B73A4 
  96      792931E9 
  96      CBDE982C 
  97 012c A274ECC4 		.ascii	"\242t\354\304$\321$\330\232\333m(\220\246@\205\354\324"
  97      24D124D8 
  97      9ADB6D28 
  97      90A64085 
  97      ECD4
  98 013e 46990419 		.ascii	"F\231\004\03100\245@\037\335\202\245@\362B\363\263\363"
  98      3030A540 
  98      1FDD82A5 
  98      40F242F3 
  98      B3F3
  99 0150 AEAD10C0 		.ascii	"\256\255\020\3004*\251?\201\202\227g\326\303N\204\030"
  99      342AA93F 
  99      81829767 
  99      D6C34E84 
  99      18
 100 0161 EC089E5B 		.ascii	"\354\010\236[\022a\2067\226\037^\375Z\246J\021\264\211"
 100      12618637 
 100      961F5EFD 
 100      5AA64A11 
 100      B489
 101 0173 282DE5DE 		.ascii	"(-\345\336\367-[\031\\H\221+\231\035\036\267p\217\256"
 101      F72D5B19 
 101      5C48912B 
 101      991D1EB7 
 101      708FAE
 102 0186 EE2E8D93 		.ascii	"\356.\215\223\007\346zR\303\021\347\272hO\211*\217\333"
 102      07E67A52 
 102      C311E7BA 
 102      684F892A 
 102      8FDB
 103 0198 98410603 		.ascii	"\230A\006\003\241_\264\371zi\"\027\215\215\311\315L"
 103      A15FB4F9 
 103      7A692217 
 103      8D8DC9CD 
 103      4C
ARM GAS  C:\Users\hunter\AppData\Local\Temp\ccothkZS.s 			page 8


 104 01a9 B3C74B70 		.ascii	"\263\307Kp\037\016\261\017\275\364\021#\216J\327\207"
 104      1F0EB10F 
 104      BDF41123 
 104      8E4AD787 
 105 01b9 DCB5A27C 		.ascii	"\334\265\242|])\233\333\372\342W(\371\032\036\204\312"
 105      5D299BDB 
 105      FAE25728 
 105      F91A1E84 
 105      CA
 106 01ca 8299C261 		.ascii	"\202\231\302a\2051~'\365M:\362/Z\021\004!-\374I\353"
 106      85317E27 
 106      F54D3AF2 
 106      2F5A1104 
 106      212DFC49 
 107 01df 8A26793D 		.ascii	"\212&y=\224\274\364\220\327,b\312\223B\205\032g*J\301"
 107      94BCF490 
 107      D72C62CA 
 107      9342851A 
 107      672A4AC1 
 108 01f3 DAF84899 		.ascii	"\332\370H\231\242D\355\325e\247](\214E0\302\244\247"
 108      A244EDD5 
 108      65A75D28 
 108      8C4530C2 
 108      A4A7
 109 0205 3F2F180A 		.ascii	"?/\030\012c\343\321OC\206\212\215lB\214u\254\\.\032"
 109      63E3D14F 
 109      43868A8D 
 109      6C428C75 
 109      AC5C2E1A 
 110 0219 B205CC4B 		.ascii	"\262\005\314KG,B\265n\272C\345\012UB@E`\275T\255DH2"
 110      472C42B5 
 110      6EBA43E5 
 110      0A554240 
 110      4560BD54 
 111 0231 AD2BE3BA 		.ascii	"\255+\343\272\255\242q\377cK\004\217\377\246?!\345\027"
 111      ADA271FF 
 111      634B048F 
 111      FFA63F21 
 111      E517
 112 0243 7EC95F90 		.ascii	"~\311_\220\266D\330*Z3W\317\205\352\302\277^\027\235"
 112      B644D82A 
 112      5A3357CF 
 112      85EAC2BF 
 112      5E179D
 113 0256 A5DF2B59 		.ascii	"\245\337+Y\267\247\266\326\241O\274\276\341XC\262)\266"
 113      B7A7B6D6 
 113      A14FBCBE 
 113      E15843B2 
 113      29B6
 114 0268 7FB7936C 		.ascii	"\177\267\223lr\352\217\036wN$O\236jr\342\311\306\306"
 114      72EA8F1E 
 114      774E244F 
 114      9E6A72E2 
 114      C9C6C6
 115 027b 64C23970 		.ascii	"d\3029p\244\356`\335i'\321\334\020\257\2153$~\000\027"
 115      A4EE60DD 
 115      6927D1DC 
ARM GAS  C:\Users\hunter\AppData\Local\Temp\ccothkZS.s 			page 9


 115      10AF8D33 
 115      247E0017 
 116 028f DA359A   		.ascii	"\3325\232"
 117              		.text
 118              		.section	.gnu.lto_nvicSetSystemHandlerPriority.3dd4a48f,"",%progbits
 119 0000 789C8593 		.ascii	"x\234\205\223Kh\023Q\024\206\357?73\231\364\221\340"
 119      4B681351 
 119      1486EF3F 
 119      373399F4 
 119      91E0
 120 0012 AE68175D 		.ascii	"\256h\027]\010\245\233\016\261 \256\004u\343\246\033"
 120      08A59B0E 
 120      B120AE04 
 120      75E3A61B 
 121 0022 97EE6A14 		.ascii	"\227\356j\024\032h\223\322\212\270\353\244i\323\207"
 121      1A6893D2 
 121      8AB8EBA4 
 121      69D387
 122 0031 0F44FB90 		.ascii	"\017D\373\220\020$\213\226\266H\037RmM[k\214V[\301G"
 122      10248B96 
 122      B6481F52 
 122      6D4D5B6B 
 122      8C565BC1 
 123 0046 8BB8E842 		.ascii	"\213\270\350BP\213bQ\321\032\260\2426\23637A\020\305"
 123      508B6251 
 123      D11AB0A2 
 123      369E3337 
 123      4110C5
 124 0059 217372CF 		.ascii	"!sr\317\231\357<\346\277w\014!\304\214\024\342 \375"
 124      99EF3CE6 
 124      BF770C21 
 124      C48C14E2 
 124      20FD
 125 006b EFA21B52 		.ascii	"\357\242\033R@\273\360X\210\210\251\001\274\260M\210"
 125      40BBF058 
 125      8888A901 
 125      BCB04D88 
 126 007b 560DAD38 		.ascii	"V\015\2558+{%2\235oRZ\325\260MWz k\304\354\216\262\004"
 126      2B7B2532 
 126      9D6F525A 
 126      D5B04D57 
 126      7A206BC4 
 127 0093 A5F7D3CD 		.ascii	"\245\367\323\315\027\246PE\324J\373dB\236\221\011\011"
 127      17A65045 
 127      D44AFB64 
 127      429E9109 
 127      09
 128 00a4 B8C8FDFC 		.ascii	"\270\310\375\374(\376\332\313\256\206\012r\243\227\026"
 128      28FEDACB 
 128      AE860A72 
 128      A39716
 129 00b3 E64DB917 		.ascii	"\346M\271\027\202\326\253S\227\017W\016\331v\233\235"
 129      82D6AB53 
 129      970F570E 
 129      D9769B9D 
 130 00c3 5E1F92F6 		.ascii	"^\037\222\366\356\204\224\230\206\244z\270\201r\\G\271"
 130      EE849498 
ARM GAS  C:\Users\hunter\AppData\Local\Temp\ccothkZS.s 			page 10


 130      86A47AB8 
 130      81725C47 
 130      B9
 131 00d4 A090C00C 		.ascii	"\240\220\300\014*\211\276\332\366\366\203\224\373\235"
 131      2A89BEDA 
 131      F6F68394 
 131      FB9D
 132 00e2 CC574B2F 		.ascii	"\314WK/{\365|jv8\237z\363/\251)T:\374\265\355\276R\303"
 132      7BF57C6A 
 132      76389F7A 
 132      F32FA929 
 132      543AFCB5 
 133 00fa 952C4C8B 		.ascii	"\225,L\213Y\030\002\264\230X\325\323\366v\256\223&("
 133      591802B4 
 133      9858D5D3 
 133      F676AE93 
 133      2628
 134 010c 5BFB62EE 		.ascii	"[\373b\356\000\245\27146\222\215\213\215\316\306`\343"
 134      00A5B934 
 134      36928D8B 
 134      8DCEC660 
 134      E3
 135 011d 26A39B6C 		.ascii	"&\243\233l<\354\026\261)fS\302\246\024<\251\017NS\321"
 135      3CEC16B1 
 135      296653C2 
 135      A6143CA9 
 135      0F4E53D1 
 136 0131 457D4842 		.ascii	"E}HB;-\272\245\306\253hZl \372#\366s\346\275\306\375"
 136      3B2DBAA5 
 136      C6AB685A 
 136      6C20FA23 
 136      F673E6BD 
 137 0147 E3127159 		.ascii	"\343\022qYJ\303\215of\307\015V\310\005\037\346hr\302"
 137      4AC38D6F 
 137      66C70D56 
 137      C8051FE6 
 137      6872C2
 138 015a FA63508C 		.ascii	"\372cP\214F\0301\317\332\007_x\024\263\225\313\345|"
 138      461831CF 
 138      DA075F78 
 138      14B395CB 
 138      E57C
 139 016c 9857DC66 		.ascii	"\230W\334f\201\223\204\022\267\230\373\232\366)N\303"
 139      81938412 
 139      B798FB9A 
 139      F6294EC3 
 140 017c 2D87C92C 		.ascii	"-\207\311,,\037U\014oG\177G\346\211\233\001\303\021"
 140      2C1F550C 
 140      6F477F47 
 140      E6899B01 
 140      C311
 141 018e 32929AEF 		.ascii	"2\222\232\357\325\225k\257Em/\2056V\262O\365$\256Dh"
 141      D5956BAF 
 141      456D2F85 
 141      3656B24F 
 141      F524AE44 
 142 01a3 9B93D3AC 		.ascii	"\233\223\323\254\205\033\267I\323\005\252\306)\027{"
ARM GAS  C:\Users\hunter\AppData\Local\Temp\ccothkZS.s 			page 11


 142      851BB749 
 142      D305AAC6 
 142      29177B
 143 01b2 46478BAC 		.ascii	"FG\213\2541\273=bW$\244\2114\222\350s\216\000=|>\262"
 143      31BB3D62 
 143      5724A489 
 143      3492E873 
 143      8E003D7C 
 144 01c8 35E0F34F 		.ascii	"5\340\363O\360\303\344\206\226\220\036\334\201E\323"
 144      F0C3E486 
 144      96901EDC 
 144      8145D3
 145 01d7 39E72303 		.ascii	"9\347#\003\277\222 U\243\006\322\225\000\231\315\311"
 145      BF922055 
 145      A306D295 
 145      0099CDC9 
 146 01e7 E11235B4 		.ascii	"\341\0225\264\304]\365b\361\302\2131FL|.\373PW\214\211"
 146      C45DF562 
 146      F1C28B31 
 146      464C7C2E 
 146      FB50578C 
 147 01fc 7B8AF914 		.ascii	"{\212\371\024\353\316\027r\0231\321\261>j2\241#\007"
 147      EBCE1772 
 147      1331D1B1 
 147      3E6A32A1 
 147      2307
 148 020e 2CA29C72 		.ascii	",\242\234r\211j\333\216u\373\025e\022\250\006x\347S"
 148      896ADB8E 
 148      75FB1565 
 148      12A80678 
 148      E753
 149 0220 110F8942 		.ascii	"\021\017\211BqU\354\\j$\2771Eq\351\243\212\353\337\307"
 149      7155EC5C 
 149      6A24BF31 
 149      4571E9A3 
 149      8AEBDFC7 
 150 0234 66BDAAA2 		.ascii	"f\275\252\242\201\373\205\236\251|n\261\303q\213\350"
 150      81FB859E 
 150      A97C6EB1 
 150      C3718BE8 
 151 0244 166DEAA0 		.ascii	"\026m\352\240W\205K\234\252\305,\374\263\236on\016\376"
 151      57854B9C 
 151      AAC52CFC 
 151      B39E6F6E 
 151      0EFE
 152 0256 29EACEFF 		.ascii	")\352\316\377I\372\340_\222\206X\321\245\337\212.\303"
 152      49FAE05F 
 152      928658D1 
 152      A5DF8A2E 
 152      C3
 153 0267 4F1DC547 		.ascii	"O\035\305G\264%\347\316;\2029_b\227\004\2378M\210\232"
 153      B425E7CE 
 153      3B82395F 
 153      6297049F 
 153      384D889A 
 154 027b EA6A8B7E 		.ascii	"\352j\213~\201\372\340\261`\270\305\277o\217\025n\261"
 154      81FAE0B1 
ARM GAS  C:\Users\hunter\AppData\Local\Temp\ccothkZS.s 			page 12


 154      60B8C5BF 
 154      6F8F156E 
 154      B1
 155 028c EAEB1AAC 		.ascii	"\352\353\032\254\246p\363\311\026+\020nl\014\207\254"
 155      A670F3C9 
 155      162B106E 
 155      6C0C87AC 
 156 029c 03476A0F 		.ascii	"\003Gj\017\325\236\266B\247\202\201\352\200p\327\327"
 156      D59EB642 
 156      A78281EA 
 156      8070D7D7 
 157 02ac 858E379C 		.ascii	"\205\2167\234hv55\007\303\277\000\321V>\317"
 157      68763535 
 157      07C3BF00 
 157      D1563ECF 
 158              		.text
 159              		.section	.gnu.lto_nvicClearPending.3dd4a48f,"",%progbits
 160 0000 789C3551 		.ascii	"x\2345Q\317k\023Q\020\236\357\315n6J\233\263`\250=\010"
 160      CF6B1351 
 160      109EEFCD 
 160      6E364A9B 
 160      B360A83D 
 161 0015 A50859A2 		.ascii	"\245\010Y\242\240^\305\203\247^\374\017\332\\\032\260"
 161      A05EC583 
 161      A75EFC0F 
 161      DA5C1AB0 
 162 0025 593152BC 		.ascii	"Y1R\274\365%i\223V\013\026\332F\010K\331\322\210x\320"
 162      F5256993 
 162      560B16DA 
 162      46084BD9 
 162      D28878D0 
 163 0039 2A69D5A4 		.ascii	"*i\325\244\376X\202\036DTZ\304\223'+\202\012E\013\202"
 163      FE58821E 
 163      44545AC4 
 163      93272B82 
 163      0A450B82 
 164 004d 87B63A6F 		.ascii	"\207\266:o\027\207\367cf\336|\363\276\367\275\004\021"
 164      1787F763 
 164      66DE7CF3 
 164      BEF7BD04 
 164      11
 165 005e FD06D119 		.ascii	"\375\006\321\031\331\217\312\004\023\324\334;\242RR"
 165      D98FCA04 
 165      13D4DC3B 
 165      A25252
 166 006d 01C6D149 		.ascii	"\001\306\321I\320\204\302\004fy\201\321\255}m\253\301"
 166      D084C204 
 166      667981D1 
 166      AD7D6DAB 
 166      C1
 167 007e 3B5A2CBC 		.ascii	";Z,\274\325q\252z\352\210\317Du\231\306\320\302\240"
 167      D571AA7A 
 167      EA88CF44 
 167      7599C6D0 
 167      C2A0
 168 0090 546D4E3E 		.ascii	"TmN>\360\371\006\373\014X\022\376z\333\330N\231P\241"
 168      F0F906FB 
ARM GAS  C:\Users\hunter\AppData\Local\Temp\ccothkZS.s 			page 13


 168      0C5812FE 
 168      7ADBD84E 
 168      9950A1
 169 00a3 5FC27DBD 		.ascii	"_\302}\275PO\361i\220\370_\336\254\3149\003\267\265"
 169      504FF169 
 169      90F85FDE 
 169      ACCC3903 
 169      B7B5
 170 00b5 2EEBF065 		.ascii	".\353\360e\223\365q\237\031\217\300\322\020\353Hc\015"
 170      93F5719F 
 170      198FC0D2 
 170      10EB4863 
 170      0D
 171 00c6 699214E1 		.ascii	"i\222\024\3411\006L\375\347\207\007\213\275\011+\276"
 171      31064CFD 
 171      E787078B 
 171      BD092BBE 
 172 00d6 104F9020 		.ascii	"\020O\220 !O\253[v\250\017\376\326t\370\251\211\315"
 172      214FAB5B 
 172      76A80FFE 
 172      D674F8A9 
 172      89CD
 173 00e8 0BC2D867 		.ascii	"\013\302\330gK\311b\263\361,\263\330\210z\320\264 \345"
 173      4BC962B3 
 173      F12CB3D8 
 173      887AD0B4 
 173      20E5
 174 00fa 5D3AA419 		.ascii	"]:\244\031V\306\253\204\364\035\225\275\352\376F\240"
 174      56C6AB84 
 174      F41D95BD 
 174      EAFE46A0 
 175 010a 4CC706A3 		.ascii	"L\307\006\243\301\266\3345\337\274\337\3565\264-\034"
 175      C1B6DC35 
 175      DFBCDFEE 
 175      35B42D1C 
 176 011a 435B8848 		.ascii	"C[\210H\331\317\352]'.R8\221\226R\223\334\255\316\330"
 176      D9CFEA5D 
 176      272E5238 
 176      91965293 
 176      DCADCED8 
 177 012e 719263E4 		.ascii	"q\222c\344\353fg\257\307 m\330\350D\310\362n\355?\322"
 177      EB6667AF 
 177      C7206DD8 
 177      E844C8F2 
 177      6EED3FD2 
 178 0142 12B064BA 		.ascii	"\022\260d\272\037\256\177\213`\002\250Ou\337;\006\220"
 178      1FAE7F8B 
 178      6002A84F 
 178      75DF3B06 
 178      90
 179 0153 8854595B 		.ascii	"\210TY[\336\371\323\023\207\272[\321)I\265~\314o;\001"
 179      DEF9D313 
 179      87BA5BD1 
 179      2949B57E 
 179      CC6F3B01 
 180 0167 964AA27C 		.ascii	"\226J\242|\320\347\263\203\247\"\317\206\3646\200W\263"
 180      D0E7B383 
ARM GAS  C:\Users\hunter\AppData\Local\Temp\ccothkZS.s 			page 14


 180      A722CF86 
 180      F4368057 
 180      B3
 181 0178 A5E5C3EE 		.ascii	"\245\345\303\356==Y\322\375>'\361\014\001\026\243?\221"
 181      3D3D59D2 
 181      FD3E27F1 
 181      0C0116A3 
 181      3F91
 182 018a C38F5BEB 		.ascii	"\303\217[\353\255Tv\325\034\006\343>\037\302s\270B5"
 182      AD5476D5 
 182      1C06E33E 
 182      1FC273B8 
 182      4235
 183 019c FAAF17C8 		.ascii	"\372\257\027\310\012!\332A9X\271\211HPc\323\3620\221"
 183      0A21DA41 
 183      3958B989 
 183      485063D3 
 183      F23091
 184 01af 46119DCA 		.ascii	"F\021\235\312d\\\031\271\321\374H\336+f\317\236t\275"
 184      645C19B9 
 184      D1FC48DE 
 184      2B66CF9E 
 184      74BD
 185 01c1 A23B3A7C 		.ascii	"\242;:|\311\275\354]\271Zts\336\330\230Wp\317]\034:"
 185      C9BDEC5D 
 185      B95A7473 
 185      DED89857 
 185      70CF5D1C 
 186 01d6 3F74CD2D 		.ascii	"?t\315-\214\347s\231\034\241\360\017\230\012\257\365"
 186      8CE77399 
 186      1CA1F00F 
 186      980AAFF5 
 187              		.text
 188              		.section	.gnu.lto_.symbol_nodes.3dd4a48f,"",%progbits
 189 0000 789C6363 		.ascii	"x\234cc``\360\002b\006\246\353\214\365\014\014\023\316"
 189      6060F002 
 189      6206A6EB 
 189      8CF50C0C 
 189      13CE
 190 0012 313000A9 		.ascii	"10\000\251]\015\216@\221\033\214\365\214\250\"7\031"
 190      5D0D8E40 
 190      911B8CF5 
 190      8CA82237 
 190      19
 191 0023 EB995045 		.ascii	"\353\231PEn1\3263\243\2100\000\000\347:\023!"
 191      6E31D633 
 191      A3883000 
 191      00E73A13 
 191      21
 192              		.text
 193              		.section	.gnu.lto_.refs.3dd4a48f,"",%progbits
 194 0000 789C6363 		.ascii	"x\234cc```\004b\006\000\000D\000\010"
 194      60606004 
 194      62060000 
 194      440008
 195              		.text
 196              		.section	.gnu.lto_.decls.3dd4a48f,"",%progbits
ARM GAS  C:\Users\hunter\AppData\Local\Temp\ccothkZS.s 			page 15


 197 0000 789CAD57 		.ascii	"x\234\255WkTT\327\025\276\373\236A\206\341\241EW\227"
 197      6B5454D7 
 197      15BEFB9E 
 197      4186E1A1 
 197      455797
 198 0013 6D4917CB 		.ascii	"mI\027\313\222%\177\302\000f\231\256\376H\264#\255\374"
 198      92257FC2 
 198      006699AE 
 198      FE48B423 
 198      ADFC
 199 0025 3061CD34 		.ascii	"0a\3154\2564\262:A\030#-\314\2440t\305_\2718\230\240"
 199      AE34B23A 
 199      4118232D 
 199      CCA43074 
 199      C55FB938 
 200 003b D4078AA0 		.ascii	"\324\007\212\240\200\005y\210\212\025\361-::\032\337"
 200      80057988 
 200      8A15F12D 
 200      3A3A1ADF 
 201 004b F212DF3C 		.ascii	"\362\022\337<\204\020\020$hx\250\010\032\351>\347\334"
 201      84101024 
 201      6878A808 
 201      1AE93EE7 
 201      DC
 202 005c 3B334CC4 		.ascii	";3L\304\332\254\3365{\356\335\347|\347\333\373\234\375"
 202      DAACDE35 
 202      7BEEDDE7 
 202      7CE7DBFB 
 202      9CFD
 203 006e 983B5304 		.ascii	"\230;S\004A\310\237&\010_\210\202\260\001\004a\034/"
 203      41C89F26 
 203      085F8882 
 203      B0010461 
 203      1C2F
 204 0080 2F1C3B8D 		.ascii	"/\034;\215\202\252`\027\370\245B\271\200r\005\245\016"
 204      82AA6017 
 204      F8A542B9 
 204      807205A5 
 204      0E
 205 0091 A541F8F1 		.ascii	"\245A\370\361\265\036\027\370\342\375\023\224@\224\031"
 205      B51E17F8 
 205      E2FD1394 
 205      409419
 206 00a0 F2FAD928 		.ascii	"\362\372\331(\177F!8/\242\014\343s\027J7\035Cy\206\362"
 206      7F462138 
 206      2FA20CE3 
 206      73174A37 
 206      1D437986 
 207 00b5 02E5916C 		.ascii	"\002\345\221l\363\302K\270\363^\223\273[\346\2466pK"
 207      F3C24BB8 
 207      F35E93BB 
 207      5BE6A636 
 207      704B
 208 00c7 C288CC0F 		.ascii	"\302\210\314\017\262\357\236W\001Nh^\301\033\202\363"
 208      B2EF9E57 
 208      014E685E 
 208      C11B82F3 
ARM GAS  C:\Users\hunter\AppData\Local\Temp\ccothkZS.s 			page 16


 209 00d7 BFA118E0 		.ascii	"\277\241\030\340\274\224'\010\370\275N\326\347\300D"
 209      BC942708 
 209      F8BD4ED6 
 209      E7C044
 210 00e6 CEA25770 		.ascii	"\316\242Wp~\374\022_A\336?Lr\2569\004\332.\356\252$"
 210      7EFC125F 
 210      41DE3F4C 
 210      72AE3904 
 210      DA2EEEAA 
 211 00fb 5904666B 		.ascii	"Y\004fk\200Fh*\016U\365\037\033\365\347C\024Q>\330S"
 211      8046682A 
 211      0E55F51F 
 211      1BF5E743 
 211      14513ED8 
 212 0110 AA22227B 		.ascii	"\252\"\"{\356\260\367e\371\207\355\221\370\245N\026"
 212      EEB0F765 
 212      F987ED91 
 212      F8A54E16 
 213 0120 E0101085 		.ascii	"\340\020\020\205\252i\375P\2317y\227\001\257f\354+\244"
 213      AA69FD50 
 213      99377997 
 213      01AF66EC 
 213      2BA4
 214 0132 B4811A50 		.ascii	"\264\201\032P\241:X\227\377m\000\25234\020\234C\304"
 214      A13A5897 
 214      FF6D00AA 
 214      3334109C 
 214      43C4
 215 0144 F63BCF5A 		.ascii	"\366;\317Z\003@\023\232)I+\245b\233\344\263P\200c\020"
 215      0340139A 
 215      29492BA5 
 215      629BE4B3 
 215      50806310 
 216 0158 04472148 		.ascii	"\004G!H\200\343\020JM\037\2060\001\016\342\340\001\034"
 216      80E3104A 
 216      4D1F8630 
 216      010EE2E0 
 216      011C
 217 016a DC41CD39 		.ascii	"\334A\3159\032\266\276\273uH\222\202\241\0064p\004\010"
 217      1AB6BEBB 
 217      75489282 
 217      A1063470 
 217      0408
 218 017c C3E0EE66 		.ascii	"\303\340\356fk\270\003\273\312\262K\246\220}@=\020\217"
 218      6BB803BB 
 218      CAB24BA6 
 218      907D403D 
 218      108F
 219 018e 17749F13 		.ascii	"\027t\237\023'\263qrr\033U\263\316\257\222$\021\354"
 219      27B37172 
 219      721B55B3 
 219      CEAF9224 
 219      11EC
 220 01a0 68E384CB 		.ascii	"h\343\204\313\006\232\2447\034EC\307\316|y\325\277\035"
 220      069AA437 
 220      1C4543C7 
 220      CE7C79D5 
ARM GAS  C:\Users\hunter\AppData\Local\Temp\ccothkZS.s 			page 17


 220      BF1D
 221 01b2 DA001301 		.ascii	"\332\000\023\001\246\261\375\003\360o\274Sa\372\270"
 221      A6B1FD03 
 221      F06FBC53 
 221      61FAB8
 222 01c1 72011FC7 		.ascii	"r\001\037\307Q\221\337d(U\224%\3623~\2132\207\250\360"
 222      5191DF64 
 222      28559425 
 222      F2337E8B 
 222      3287A8F0 
 223 01d5 B28F4C00 		.ascii	"\262\217L\000\356\254|\236\233S.A\241\347n)\353\004"
 223      EEAC7C9E 
 223      9B532E41 
 223      A1E76E29 
 223      EB04
 224 01e7 4E39D198 		.ascii	"N9\321\230\333\242\011\276\012\316i\247\233\256M\202"
 224      DBA209BE 
 224      0ACE69A7 
 224      9BAE4D82 
 225 01f7 1CEE9AED 		.ascii	"\034\356\232\355{{T\035p\027\365?`\211c2\320\321\202"
 225      7B7B541D 
 225      7017F53F 
 225      60896332 
 225      D0D182
 226 020a EB9DA522 		.ascii	"\353\235\245\"\331\314\323\345\302\316C\247A%\362s\003"
 226      D9CCD3E5 
 226      C2CE43A7 
 226      4125F273 
 226      03
 227 021b B38A8E5D 		.ascii	"\263\212\216]\031\2518\245r\216\235\0016xn|\3041\225"
 227      19A938A5 
 227      728E9D01 
 227      36786E7C 
 227      C43195
 228 022e A78B4833 		.ascii	"\247\213H3i\240v\233/O\227i4{N\336\315\025g\346\322"
 228      69A0769B 
 228      2F4F9769 
 228      347B4EDE 
 228      CD1567E6 
 229 0243 F86CB049 		.ascii	"\370l\260I\323D\370\344\347p\016\243v\026\243&\300y"
 229      D344F8E4 
 229      E7700EA3 
 229      7616A326 
 229      C079
 230 0255 9889DF5F 		.ascii	"\230\211\337_\203\212\273u\364q\346)\237Y\305Rq\207"
 230      838ABB75 
 230      F471E629 
 230      9F59C552 
 230      7187
 231 0267 E418A90D 		.ascii	"\344\030\251\015\3519(I\030OIEqp\332\025\320\3234q\301"
 231      E9392849 
 231      184F4945 
 231      7170DA15 
 231      D0D33471 
 232 027c 011D00A7 		.ascii	"\001\035\000\247\240\035\267x\001f\341\362\033w\355"
 232      A01DB778 
 232      0166E1F2 
ARM GAS  C:\Users\hunter\AppData\Local\Temp\ccothkZS.s 			page 18


 232      1B77ED
 233 028b 0384344F 		.ascii	"\003\2044O\356\177\336\265\222\032\377I\235\271\314"
 233      EE7FDEB5 
 233      921AFF49 
 233      9DB9CC
 234 029a 9CB9A438 		.ascii	"\234\271\2448\263\245\315v(@v\246\351\027\371\222c\245"
 234      B3A5CD76 
 234      284076A6 
 234      E917F992 
 234      63A5
 235 02ac 44730B51 		.ascii	"Ds\013Qp\321\345\312EOW\2560W\252\237~g#\244\237\273"
 235      70D1E5CA 
 235      454F57AE 
 235      3057AA9F 
 235      7E6723A4 
 236 02c2 92B976F8 		.ascii	"\222\271v\370\231\223\351WN&\272\251Z\027S\255'S\035"
 236      9993E957 
 236      4E26BAA9 
 236      5A1753AD 
 236      27531D
 237 02d5 63B257E4 		.ascii	"c\262W\344E\223\325\204\021\345\325<\351\362\226\211"
 237      4593D584 
 237      11E5D53C 
 237      E9F29689 
 238 02e5 FADE98E0 		.ascii	"\372\336\230\340R\275\213\250\336\223\250\201\021u\225"
 238      52BD8BA8 
 238      DE93A881 
 238      117595
 239 02f4 7715FBF0 		.ascii	"w\025\373\3608IS\334\352:\220\3255\354\355=U\250\341"
 239      384953DC 
 239      EA3A90D5 
 239      35ECED3D 
 239      55A8E1
 240 0307 7193681C 		.ascii	"q\223h\034\363\036\214\376RF\253\334\246\003\345\351"
 240      F31E8CFE 
 240      5246ABDC 
 240      A603E5E9 
 241 0317 07B5DD25 		.ascii	"\007\265\335%*\031N\343\374\365p\341\240\037\311\347"
 241      2A194EE3 
 241      FCF570E1 
 241      A01FC9E7 
 242 0327 7E76DA36 		.ascii	"~v\3326J~\034\374\036\252\265\347\2666xk2\351\261\263"
 242      4A7E1CFC 
 242      1EAAB5E7 
 242      B636786B 
 242      32E9B1B3 
 243 033b 62A6E34A 		.ascii	"b\246\343J9\013p\233V'h\203\340\026\252\210\356\275"
 243      390B709B 
 243      56276883 
 243      E016AA88 
 243      EEBD
 244 034d 33D4AC0A 		.ascii	"3\324\254\012\334\300\202$I\363T,~7\020~\235\301\357"
 244      DCC08224 
 244      49F3542C 
 244      7E37107E 
 244      9DC1EF
 245 0360 40A0B288 		.ascii	"@\240\262\210\242\017\332\007\313\225]\021\324\263\323"
ARM GAS  C:\Users\hunter\AppData\Local\Temp\ccothkZS.s 			page 19


 245      A20FDA07 
 245      CB955D11 
 245      D4B3D3
 246 036f 8777CAFA 		.ascii	"\207w\312\372s:\177\244\257\253C\344~vx\243\236\336"
 246      733A7FA4 
 246      AFAB43E4 
 246      7E7678A3 
 246      9EDE
 247 0381 BBEF2B42 		.ascii	"\273\357+B\312\270\2375\266\312}\376\034\374kT\317\224"
 247      CAB89F35 
 247      B6CA7DFE 
 247      1CFC6B54 
 247      CF94
 248 0393 67DD9DDC 		.ascii	"g\335\235\334\317v\305\317\273\334O{\325\355\277y\272"
 248      CF76C5CF 
 248      BBDC4F7B 
 248      D5EDBF79 
 248      BA
 249 03a4 D98AE816 		.ascii	"\331\212\350\026\206\356`n\266+nvWv\226j\310^n6{`h\323"
 249      86EE606E 
 249      B62B6E76 
 249      5776966A 
 249      C85E6E36 
 250 03bc 9449ED74 		.ascii	"\224I\355t*v\264\314\314\343\262=\006n\006\261\262\031"
 250      2A76B4CC 
 250      CCE3B23D 
 250      066E06B1 
 250      B219
 251 03ce 17F85B66 		.ascii	"\027\370[f\246S1\263\245\251:\212\022\333^\253k\322"
 251      A65331B3 
 251      A5A93A8A 
 251      12DB5EAB 
 251      6BD2
 252 03e0 B01EAE79 		.ascii	"\260\036\256y\350\343N\337\365*\372\361\202\201m~\344"
 252      E8E34EDF 
 252      F52AFAF1 
 252      82816D7E 
 252      E4
 253 03f1 00DF45C3 		.ascii	"\000\337E\303\375\303\325\"\261s\345\360\275K\347\225"
 253      FDC3D522 
 253      B173E5F0 
 253      BD4BE795 
 254 0401 F400D4DB 		.ascii	"\364\000\324\333\357\334\250\366#g\370\344\352\252\316"
 254      EFDCA8F6 
 254      2367F8E4 
 254      EAAACE
 255 0410 2C2F7285 		.ascii	",/r\205+\337\264\365\254\011 \215\\\271p~\345_I3\177"
 255      2BDFB4F5 
 255      AC09208D 
 255      5CB9707E 
 255      E55F4933 
 256 0425 1EAD1E7C 		.ascii	"\036\255\036|\244\346\024\3054?\217>9\246\227\023,\022"
 256      A4E614C5 
 256      343F8F3E 
 256      39A69713 
 256      2C12
 257 0437 D575B7B2 		.ascii	"\325u\267\262\337#\355\034\372h\315\252\021\371\027"
ARM GAS  C:\Users\hunter\AppData\Local\Temp\ccothkZS.s 			page 20


 257      DF23ED1C 
 257      FA68CDAA 
 257      11F917
 258 0446 8AC6B4EB 		.ascii	"\212\306\264\353\362\320\376\200I\317sP9\317\001\276"
 258      F2D0FE80 
 258      49CF7350 
 258      39CF01BE 
 259 0456 E5C2BEE1 		.ascii	"\345\302\276\341\361\000\317\3005!\374*\203\017\261"
 259      F100CFC0 
 259      3521FC2A 
 259      830FB1
 260 0465 2D0F2A5B 		.ascii	"-\017*[\276vr\254a\252;\272\353\025h\277\256\353=\025"
 260      BE7672AC 
 260      61AA3BBA 
 260      EB1568BF 
 260      AEEB3D15 
 261 0479 0110225F 		.ascii	"\001\020\"_\323CCBJ\244\214t\311q\353yx\303\365^I\332"
 261      D3434342 
 261      4AA48C74 
 261      C971EB79 
 261      78C3F55E 
 262 048f E807DD10 		.ascii	"\350\007\335\020\010\375X\254\317a\272+:Z\312\025\201"
 262      08FD58AC 
 262      CF61BA2B 
 262      3A5ACA15 
 262      81
 263 04a0 5F4209FB 		.ascii	"_B\011\373%\273\374\021.\312 4\213\340\236\014VrK\256"
 263      25BBFC11 
 263      2ECA2034 
 263      8BE09E0C 
 263      56724BAE 
 264 04b4 8363E082 		.ascii	"\203c\340\202\217}\340\202\337\367\204\367N\200So\206"
 264      8F7DE082 
 264      DFF784F7 
 264      4E80536F 
 264      86
 265 04c5 3EC86770 		.ascii	">\310gp\352J\237\247+\034\356\346K\263\233/m\236\344"
 265      EA4A9FA7 
 265      2B1CEEE6 
 265      4BB39B2F 
 265      6D9EE4
 266 04d8 CD3FF2A5 		.ascii	"\315?\362\245\317\315\227\357<\341ZOt\247L\216U\015"
 266      CFCD97EF 
 266      3CE15A4F 
 266      74A74C8E 
 266      550D
 267 04ea 3765B452 		.ascii	"7e\264R\353p\315\335\025\352x\237\214\036F\364\3672"
 267      EB70CDDD 
 267      15EA789F 
 267      8C1E46F4 
 267      F732
 268 04fc 5A890534 		.ascii	"Z\211\0054\272\320\331r\270$\354\345\360\020\001\017"
 268      BAD0D972 
 268      B824ECE5 
 268      F010010F 
 269 050c D81C8563 		.ascii	"\330\034\205c\001\300\017X\013\217 \004FQFP\236\240"
 269      01C00F58 
ARM GAS  C:\Users\hunter\AppData\Local\Temp\ccothkZS.s 			page 21


 269      0B8F2004 
 269      46514650 
 269      9EA0
 270 051e 8CA33C46 		.ascii	"\214\243<Fy\201\362\024e\014\345\031\204\260\237N\376"
 270      7981F214 
 270      650CE519 
 270      84B09F4E 
 270      FE
 271 052f 7671B321 		.ascii	"vq\263!0\035\031)\213 \267Z\301\351\331\315\3333Jl\322"
 271      301D1929 
 271      8B20B75A 
 271      C1E9D9CD 
 271      DB334A6C 
 272 0544 C57076A6 		.ascii	"\305pv\246\337x\236i\263\347F\316|\344\212@\217'\372"
 272      DF789E69 
 272      B3E746CE 
 272      7CE48A40 
 272      8F27FA
 273 0557 BA0B8D09 		.ascii	"\272\013\215\011\370\342f\373Y e*\366bT7V\264\337\013"
 273      F8E266FB 
 273      5920652A 
 273      F6625437 
 273      56B4DF0B 
 274 056b 42A7738F 		.ascii	"B\247s\217\236\334V\343\213\034\254\024\247cOv\266\177"
 274      9EDC56E3 
 274      8B1CAC14 
 274      A7634F76 
 274      B67F
 275 057d EADF2447 		.ascii	"\352\337$G\000\351b\350O>\005\364e\307\325\203\033\274"
 275      00E962E8 
 275      4F3E05F4 
 275      65C7D583 
 275      1BBC
 276 058f FDD638DF 		.ascii	"\375\3268\337\312\230iW\245\331D?\366\246\201w\004?"
 276      CA986957 
 276      A5D9443F 
 276      F6A68177 
 276      043F
 277 05a1 CCE8EEF0 		.ascii	"\314\350\356\360\345E:\023\325\374\343\217.{qUM\373"
 277      E5453A13 
 277      D5FCE38F 
 277      2E7B7155 
 277      4DFB
 278 05b3 F2C3CA23 		.ascii	"\362\303\312#\376\274\274\035\254\021=Y\227\347K\366"
 278      FEBCBC1D 
 278      AC113D59 
 278      97E74BF6 
 279 05c3 AA5EA341 		.ascii	"\252^\243Af\212rA\207\263z>r\250\364{\265g=\177)\006"
 279      668A7241 
 279      87B37A3E 
 279      72A8F47B 
 279      B5673D7F 
 280 05d9 C12A91A2 		.ascii	"\301*\221\242W\213\201\312\032\212>{\326\376\003x\326"
 280      578B81CA 
 280      1A8A3E7B 
 280      D6FE0378 
 280      D6
ARM GAS  C:\Users\hunter\AppData\Local\Temp\ccothkZS.s 			page 22


 281 05ea F3A4E813 		.ascii	"\363\244\350\023u\243{\002\310~\356\225\362f\023\310"
 281      75A37B02 
 281      C87EEE95 
 281      F26613C8 
 282 05fa DF6CEC4D 		.ascii	"\337l\354M\255\363\310\011>\365\270\276\025\203\356"
 282      ADF3C809 
 282      3EF5B8BE 
 282      1583EE
 283 0609 E04AC695 		.ascii	"\340J\306\225K\025\336\344,W\272\356\215\035%\3442W"
 283      4B15DEE4 
 283      2C57BAEE 
 283      8D1D25E4 
 283      3257
 284 061b 76F497AC 		.ascii	"v\364\227\254\365!\015\\\271\223\273\246\337Ki\326\231"
 284      F5210D5C 
 284      B993BBA6 
 284      DF4B69D6 
 284      99
 285 062c AFD3AC0B 		.ascii	"\257\323\254\013\206\333\356\313\277m\241\250\256o,"
 285      86DBEECB 
 285      BF6DA1A8 
 285      AE6F2C
 286 063b 6A51CB47 		.ascii	"jQ\313GH\177\222s\352sJ}\311\015\306\356\233_\336\277"
 286      487F9273 
 286      EA734A7D 
 286      C90DC6EE 
 286      9B5FDEBF 
 287 064f 0E603A6F 		.ascii	"\016`:oD\330\207B&$D\016nx\023\333p\256\310\263a\033"
 287      44D88742 
 287      2624440E 
 287      6E7813DB 
 287      70AEC8B3 
 288 0665 66469118 		.ascii	"fF\221\030\002[Q\362P\212Q\362Q\012P\266\240\024\242"
 288      025B51F2 
 288      508A51F2 
 288      510A50B6 
 288      A014A2
 289 0678 FC4B0C91 		.ascii	"\374K\014\221S\036\023\300Q\337\"\247<=oZ\351\271n\311"
 289      531E13C0 
 289      51DF22A7 
 289      3C3D6F5A 
 289      E9B96EC9 
 290 068c 201FA7D2 		.ascii	" \037\247\322F\020\336\267\204\247<Eg\211\036\350\014"
 290      4610DEB7 
 290      84A73C45 
 290      67891EE8 
 290      0C
 291 069d 7774860D 		.ascii	"wt\206\015\013DF\323\350l\360DO\350\"\024\335\354\206"
 291      0B4446D3 
 291      E86CF044 
 291      4FE82214 
 291      DDEC86
 292 06b0 5EE789FE 		.ascii	"^\347\211\376\247'w\247\033z\355\313\321\023\272\345"
 292      A72777A7 
 292      1B7AEDCB 
 292      D113BAE5 
 293 06c0 12DE74D6 		.ascii	"\022\336t\326\210\201\360\225\014W\022Fv\234\303yQ>"
ARM GAS  C:\Users\hunter\AppData\Local\Temp\ccothkZS.s 			page 23


 293      8881F095 
 293      0C571246 
 293      769CC379 
 293      513E
 294 06d2 6CE66D02 		.ascii	"l\346m\002a\036m\002M\277P\316\214\332\336\354i\373"
 294      611E6D02 
 294      4DBF50CE 
 294      8CDADEEC 
 294      69FB
 295 06e4 EA84669A 		.ascii	"\352\204f\232\203\370\261\217\271\253\033E\015d\277"
 295      83F8B18F 
 295      B9AB1B45 
 295      0D64BF
 296 06f3 F418DCF6 		.ascii	"\364\030\334\366\325\344\266\257\365\236\340Un\216b"
 296      D5E4B6AF 
 296      F59EE055 
 296      6E8E62
 297 0702 AED4B76F 		.ascii	"\256\324\267o\256W\221\026\336U\00676V\200\263\253\234"
 297      AE579116 
 297      DE550637 
 297      365680B3 
 297      AB9C
 298 0714 6F9D42BB 		.ascii	"o\235B\273J)\256\336\356\352*t;\036]EI\"(\301\334\371"
 298      4A29AEDE 
 298      EEEA2A74 
 298      3B1E5D45 
 298      492228C1 
 299 072a 2979847E 		.ascii	")y\204~\364\245\257\033\360s\357(\245\023:J\231\334"
 299      F4A5AF1B 
 299      F073EF28 
 299      A5133A4A 
 299      99DC
 300 073c 51CA5847 		.ascii	"Q\312XGi\354k\311\362&]\274|Jz\353.\311\375\344\015"
 300      69EC6BC9 
 300      F2265DBC 
 300      7C4A7AEB 
 300      2EC9FDE4 
 301 0751 FAEEBF09 		.ascii	"\372\356\277\011\363\235\027C/}\001\331^7\234\253!C"
 301      F39D1743 
 301      2F7D01D9 
 301      5E379CAB 
 301      2143
 302 0763 1C7BD4FE 		.ascii	"\034{\324\376 \222C\203\350\337\346\254\326\026\230"
 302      20924383 
 302      E8DFE6AC 
 302      D61698
 303 0772 B4BBEC56 		.ascii	"\264\273\354V\272\313.\221\025\335\215\247\3661?\362"
 303      BACB2E91 
 303      15DD8DA7 
 303      F6313FF2 
 304 0782 8C11A9F6 		.ascii	"\214\021\251\366\330v\017\250 4\010\020\016\232\035"
 304      D8760FA8 
 304      20340810 
 304      0E9A1D
 305 0791 CA7F6901 		.ascii	"\312\177i\001\2520@\225\"Q\376\234\347KH?\360\005\035"
 305      AA304095 
 305      2251FE9C 
ARM GAS  C:\Users\hunter\AppData\Local\Temp\ccothkZS.s 			page 24


 305      E74B483F 
 305      F0051D
 306 07a4 C66735BB 		.ascii	"\306g5\273\263?\263R\251Df\0120\2075/\330\203\207U\305"
 306      B33FB352 
 306      A944660A 
 306      3087352F 
 306      D8838755 
 307 07b9 ECEDC5B3 		.ascii	"\354\355\305\263\37477XTt\362\246[\207\002\306]\201"
 307      FC373758 
 307      5474F2A6 
 307      5B8702C6 
 307      5D81
 308 07cb F33B5808 		.ascii	"\363;X\010\367"
 308      F7
 309 07d0 B10EB55B 		.ascii	"\261\016\265[\351P\325\205\027G}42w\346\177\343\256"
 309      E950D585 
 309      17477D34 
 309      3277E67F 
 309      E3AE
 310 07e2 1C2A7BEE 		.ascii	"\034*{\356\353\316]\375*\356\234\265\325#\2527K\245"
 310      EBCE5DFD 
 310      2AEE9CB5 
 310      D523AA37 
 310      4BA5
 311 07f4 4687E418 		.ascii	"F\207\344\030\256\015/X\351\220l\363`?\326\301NL\014"
 311      AE0D2F58 
 311      E9906CF3 
 311      603FD6C1 
 311      4E4C0C
 312 0807 FC7BE2B6 		.ascii	"\374{\342\266\264\034G\376\"\012p@|S\210\014\013\323"
 312      B41C47FE 
 312      220A7040 
 312      7C53880C 
 312      0BD3
 313 0819 E2277E79 		.ascii	"\342'~y\342\322DKj\304o#\265\226T\355\362\270$\355g"
 313      E2D2444B 
 313      6AC46F23 
 313      B59654ED 
 313      F2B824ED 
 314 082e 96146BAA 		.ascii	"\226\024k\2526\336\222\234l1k\347\353\027\351\026}\256"
 314      36DE929C 
 314      6C316BE7 
 314      EB17E916 
 314      7DAE
 315 0840 35FF2331 		.ascii	"5\377#1>,^\375\307\367?\014\326ED\010\032\2431-\321"
 315      3E2C5EFD 
 315      C7F73F0C 
 315      D6454408 
 315      1AA3312D 
 316 0855 6C9D1369 		.ascii	"l\235\023i\264.\213\377],\343H\265\246%$Zb\255\026K"
 316      B42E8BFF 
 316      5D2CE348 
 316      B5A62524 
 316      5A62AD16 
 317 086a 526AECA7 		.ascii	"Rj\354\247\346\264`\366\024\034\227\222\034lJ^jJH0%"
 317      E6B460F6 
 317      141C9792 
ARM GAS  C:\Users\hunter\AppData\Local\Temp\ccothkZS.s 			page 25


 317      1C6C4A5E 
 317      6A4A4830 
 318 087f C4BE1316 		.ascii	"\304\276\023\026\036\034\031\036\361\316\337\337\216"
 318      1E1C191E 
 318      F1CEDFDF 
 318      8E
 319 088c C5F1B7CC 		.ascii	"\305\361\267\314\026\263\351-S\334\322\304\330Ds|RZ"
 319      16B3E92D 
 319      53DCD2C4 
 319      D844737C 
 319      525A
 320 089e 82293639 		.ascii	"\202)69\016\271\314\246Xc\202iY\\Z\222\325h]\361\231"
 320      0EB9CCA6 
 320      58638269 
 320      595C5A92 
 320      D5685DF1 
 321 08b3 29356CB9 		.ascii	")5l\271\240V\354-\371\277\332K]\221\032kL\265& 9\032"
 321      A056EC2D 
 321      F9BFDA4B 
 321      5D911A6B 
 321      4CB52620 
 322 08c9 9946B719 		.ascii	"\231F\267\031e\216[\232dZl\212\267ZR\346\374\357g$\374"
 322      658E5B9A 
 322      645A6C8A 
 322      B75A52E6 
 322      FCEF6724 
 323 08de 8CDE1724 		.ascii	"\214\336\027$\246\272X\202\350\210\301d5\254H\265\232"
 323      A6BA5882 
 323      E888C164 
 323      35AC48B5 
 323      9A
 324 08ef 9217C699 		.ascii	"\222\027\306\231\023\222L)1)\211\226\224D\353\012fS"
 324      13924C29 
 324      31298996 
 324      9444EB0A 
 324      6653
 325 0901 97648A4B 		.ascii	"\227d\212K\2111\231\321\217O}\364Q\206(\375\342\250"
 325      893199D1 
 325      8F4F7DF4 
 325      518628FD 
 325      E2A8
 326 0913 056F3B9F 		.ascii	"\005o;\237\346\250\242u1z\247\032\251\2126\304\350\325"
 326      E6A8A275 
 326      317AA71A 
 326      A98A36C4 
 326      E8D5
 327 0925 7AAE45E0 		.ascii	"z\256E\340d\224k2\034'\243\364bt\314\374\227\371.{l"
 327      64946B32 
 327      1C27A3F4 
 327      6274CCFC 
 327      97F92E7B 
 328 093a FADC4ABD 		.ascii	"\372\334J\275\326\352\026\031\242\015Z\235%\305\244"
 328      D6EA1619 
 328      A20D5A9D 
 328      25C5A4
 329 0949 8DE62782 		.ascii	"\215\346'\202\210\024\2231>9\034\217\303\347\375\305"
 329      88149331 
ARM GAS  C:\Users\hunter\AppData\Local\Temp\ccothkZS.s 			page 26


 329      3E391C8F 
 329      C3E7FDC5 
 330 0959 D13AE39F 		.ascii	"\321:\343\2370\002\304\2600\306i!\202\350tzb\320\351"
 330      3002C4B0 
 330      30C66921 
 330      82E8747A 
 330      62D0E9
 331 096c BDE647EB 		.ascii	"\275\346G\353uz4o\320{\351b>\214^\340eX\210\317j\203"
 331      757A346F 
 331      D07BE962 
 331      3E8C5EE0 
 331      655888CF 
 332 0982 EEF76C95 		.ascii	"\356\367l\225\277\321\270,\315\034o4\206\315\235;7\\"
 332      BFD1B82C 
 332      CD1C6F34 
 332      86CD9D3B 
 332      375C
 333 0994 AD68AAF8 		.ascii	"\255h\252\370\345q)\377\001\207\220\203W"
 333      E57129FF 
 333      01879083 
 333      57
 334              		.text
 335              		.section	.gnu.lto_.symtab.3dd4a48f,"",%progbits
 336 0000 6E766963 		.ascii	"nvicEnableVector\000"
 336      456E6162 
 336      6C655665 
 336      63746F72 
 336      00
 337 0011 00       		.ascii	"\000"
 338 0012 00       		.ascii	"\000"
 339 0013 00       		.ascii	"\000"
 340 0014 00000000 		.ascii	"\000\000\000\000\000\000\000\000"
 340      00000000 
 341 001c C7000000 		.ascii	"\307\000\000\000"
 342 0020 6E766963 		.ascii	"nvicDisableVector\000"
 342      44697361 
 342      626C6556 
 342      6563746F 
 342      7200
 343 0032 00       		.ascii	"\000"
 344 0033 00       		.ascii	"\000"
 345 0034 00       		.ascii	"\000"
 346 0035 00000000 		.ascii	"\000\000\000\000\000\000\000\000"
 346      00000000 
 347 003d CB000000 		.ascii	"\313\000\000\000"
 348 0041 6E766963 		.ascii	"nvicSetSystemHandlerPriority\000"
 348      53657453 
 348      79737465 
 348      6D48616E 
 348      646C6572 
 349 005e 00       		.ascii	"\000"
 350 005f 00       		.ascii	"\000"
 351 0060 00       		.ascii	"\000"
 352 0061 00000000 		.ascii	"\000\000\000\000\000\000\000\000"
 352      00000000 
 353 0069 CD000000 		.ascii	"\315\000\000\000"
 354 006d 6E766963 		.ascii	"nvicClearPending\000"
ARM GAS  C:\Users\hunter\AppData\Local\Temp\ccothkZS.s 			page 27


 354      436C6561 
 354      7250656E 
 354      64696E67 
 354      00
 355 007e 00       		.ascii	"\000"
 356 007f 00       		.ascii	"\000"
 357 0080 00       		.ascii	"\000"
 358 0081 00000000 		.ascii	"\000\000\000\000\000\000\000\000"
 358      00000000 
 359 0089 CF000000 		.ascii	"\317\000\000\000"
 360              		.text
 361              		.section	.gnu.lto_.opts,"",%progbits
 362 0000 272D666D 		.ascii	"'-fmath-errno' '-fsigned-zeros' '-ftrapping-math' '"
 362      6174682D 
 362      6572726E 
 362      6F272027 
 362      2D667369 
 363 0033 2D666E6F 		.ascii	"-fno-trapv' '-fno-openmp' '-fno-openacc' '-mcpu=cor"
 363      2D747261 
 363      70762720 
 363      272D666E 
 363      6F2D6F70 
 364 0066 7465782D 		.ascii	"tex-m0' '-mno-thumb-interwork' '-mthumb' '-O2' '-fo"
 364      6D302720 
 364      272D6D6E 
 364      6F2D7468 
 364      756D622D 
 365 0099 6D69742D 		.ascii	"mit-frame-pointer' '-falign-functions=16' '-ffuncti"
 365      6672616D 
 365      652D706F 
 365      696E7465 
 365      72272027 
 366 00cc 6F6E2D73 		.ascii	"on-sections' '-fdata-sections' '-fno-common' '-flto"
 366      65637469 
 366      6F6E7327 
 366      20272D66 
 366      64617461 
 367 00ff 2700     		.ascii	"'\000"
 368              		.text
 369              		.comm	__gnu_lto_v1,1,1
 370              		.comm	__gnu_lto_slim,1,1
 371              		.ident	"GCC: (GNU Tools for Arm Embedded Processors 7-2017-q4-major) 7.2.1 20170904 (release) [ARM
ARM GAS  C:\Users\hunter\AppData\Local\Temp\ccothkZS.s 			page 28


DEFINED SYMBOLS
                            *ABS*:00000000 nvic.c
                            *COM*:00000001 __gnu_lto_v1
                            *COM*:00000001 __gnu_lto_slim

NO UNDEFINED SYMBOLS
