ARM GAS  C:\Users\hunter\AppData\Local\Temp\cc0SyOT2.s 			page 1


   1              		.cpu cortex-m0
   2              		.eabi_attribute 20, 1
   3              		.eabi_attribute 21, 1
   4              		.eabi_attribute 23, 3
   5              		.eabi_attribute 24, 1
   6              		.eabi_attribute 25, 1
   7              		.eabi_attribute 26, 1
   8              		.eabi_attribute 30, 2
   9              		.eabi_attribute 34, 0
  10              		.eabi_attribute 18, 4
  11              		.file	"stm32_isr.c"
  12              		.section	.gnu.lto_.profile.3dd4aa51,"",%progbits
  13 0000 789C6363 		.ascii	"x\234cc```\001bF\006OA\000\001\033\000f"
  13      60606001 
  13      6246064F 
  13      4100011B 
  13      0066
  14              		.text
  15              		.section	.gnu.lto_.icf.3dd4aa51,"",%progbits
  16 0000 789C6363 		.ascii	"x\234cc``\340c@\000&\206\333\235\215\237\371\031\233"
  16      6060E063 
  16      40002686 
  16      DB9D8D9F 
  16      F9199B
  17 0013 6F4CF9CC 		.ascii	"oL\371\314\310\000\000-\012\005\342"
  17      C800002D 
  17      0A05E2
  18              		.text
  19              		.section	.gnu.lto_.jmpfuncs.3dd4aa51,"",%progbits
  20 0000 789C6363 		.ascii	"x\234cc``\270\305\200\000L@\314\3028\205\231\361\344"
  20      6060B8C5 
  20      80004C40 
  20      CCC23885 
  20      99F1E4
  21 0013 A9E92B78 		.ascii	"\251\351+x\272\231\347030\2623nf\224a`<\300\302\310"
  21      BA99E730 
  21      3330B233 
  21      6E669461 
  21      603CC0C2 
  22 0028 0EC40C0C 		.ascii	"\016\304\014\014 \351\31693W\263C\244\231\031\267@\245"
  22      20E9CE39 
  22      3357B343 
  22      A49919B7 
  22      40A5
  23 003a 99C1D260 		.ascii	"\231\301\322`\355OW\034~\314\005\221gc\334\012\225g"
  23      ED4F571C 
  23      7ECC0591 
  23      6763DC0A 
  23      9567
  24 004c 8368C7A6 		.ascii	"\203h\307\246\376\337\353\207\257y!\352Y\031\267A\345"
  24      FEDFEB87 
  24      AF7921EA 
  24      5919B741 
  24      E5
  25 005d 59B1AA07 		.ascii	"Y\261\252\007\"&F4'\001\005P-\001\012\240\232\302\000"
  25      22264634 
  25      27010550 
ARM GAS  C:\Users\hunter\AppData\Local\Temp\cc0SyOT2.s 			page 2


  25      2D010AA0 
  25      9AC200
  26 0070 000D3929 		.ascii	"\000\0159)\357"
  26      EF
  27              		.text
  28              		.section	.gnu.lto_.inline.3dd4aa51,"",%progbits
  29 0000 789C6363 		.ascii	"x\234cc``\360e@\000&\006\006\0365F\020\305\300\266@"
  29      6060F065 
  29      40002606 
  29      061E3546 
  29      10C5C0B6 
  30 0015 1E443130 		.ascii	"\036D10\363\200\205Q)F\006NeTeL\334 Qd\222\001\000\205"
  30      F3808551 
  30      2946064E 
  30      6554654C 
  30      DC205164 
  31 002d D602A6   		.ascii	"\326\002\246"
  32              		.text
  33              		.section	.gnu.lto_.pureconst.3dd4aa51,"",%progbits
  34 0000 789C6363 		.ascii	"x\234cc```\005b&\006\011F\011\000\000\364\000?"
  34      60606005 
  34      62260609 
  34      46090000 
  34      F4003F
  35              		.text
  36              		.section	.gnu.lto_irqInit.3dd4aa51,"",%progbits
  37 0000 789C6363 		.ascii	"x\234cc``\360cd`\260\001\322\322@\314\310\314\300\310"
  37      6060F063 
  37      6460B001 
  37      D2D240CC 
  37      C8CCC0C8 
  38 0014 34E11C03 		.ascii	"4\341\034\003C#\007\023##\210\321\300\301\310P\317\304"
  38      43230713 
  38      232388D1 
  38      C0C1C850 
  38      CFC4
  39 0026 58CFD8C3 		.ascii	"X\317\330\303<\205\231\361P\373\263\235L\232\313\033"
  39      3C8599F1 
  39      50FBB39D 
  39      4C9ACB1B 
  40 0036 80E0C0F4 		.ascii	"\200\340\300\364\013\\m\015\255\022s\230\031\030\246"
  40      0B5C6D0D 
  40      AD127398 
  40      1918A6
  41 0045 01310830 		.ascii	"\0011\0100nf\324d\000*{\264\361\337T^6\026\2108\343"
  41      6E66D464 
  41      002A7BB4 
  41      F1DF545E 
  41      36168838 
  42 005a 16463606 		.ascii	"\026F6\006\240\035\014\353/\261\036h\370\367\277\275"
  42      A01D0CEB 
  42      2FB11E68 
  42      F8F7BFBD 
  43 006a E1C09345 		.ascii	"\341\300\223E\214\367\275X\031\030:\200\362@K\032\016"
  43      8CF7BD58 
  43      19183A80 
  43      F2404B1A 
ARM GAS  C:\Users\hunter\AppData\Local\Temp\cc0SyOT2.s 			page 3


  43      0E
  44 007b 30743233 		.ascii	"0t23\201X\315\007\030\3360\266.X?\225\031\254\013h\324"
  44      8158CD07 
  44      18DE30B6 
  44      2E583F95 
  44      19AC0B68 
  45 0090 CE9D6F6E 		.ascii	"\316\235on\263\327\377m\340\230\303\3148\215\031h\014"
  45      B3D7FF6D 
  45      E098C3CC 
  45      388D1968 
  45      0C
  46 00a1 E356C67A 		.ascii	"\343V\306z\220\304\277\327\017_\363v3\317afbde\334\306"
  46      90C4BFD7 
  46      0F5FF376 
  46      33CF6166 
  46      626465DC 
  47 00b6 280314EA 		.ascii	"(\003\024\352\2343s5;D\210\231q;\243\314\034ff\260q"
  47      9C337335 
  47      3B448899 
  47      713BA3CC 
  47      1C6666B0 
  48 00cb 1B45719B 		.ascii	"\033Eq\233\266\003b\332\323\025\207\037sA\264\2621\356"
  48      B60362DA 
  48      D315871F 
  48      7341B4B2 
  48      31EE
  49 00dd 649441D6 		.ascii	"d\224A\326\276\025\217\366]\020\355'OM_\301\003\321"
  49      BE158FF6 
  49      5D10ED27 
  49      4F4D5FC1 
  49      03D1
  50 00ef CECEB81B 		.ascii	"\316\316\270\033\241\375\035c\323\202\375S\031\301\372"
  50      A1FD1D63 
  50      D382FD53 
  50      19C1FA
  51 00fe 41A003A8 		.ascii	"A\240\003\250\011\350M&\006\006+==} J\316\310L\312\314"
  51      09E84D26 
  51      06062B3D 
  51      3D7D204A 
  51      CEC84CCA 
  52 0113 2F36B430 		.ascii	"/6\2640\322\317/\326\317H\314\321/\310/*)\326\017\016"
  52      D2CF2FD6 
  52      CF48CCD1 
  52      2FC82F2A 
  52      29D60F0E 
  53 0127 F1353682 		.ascii	"\36156\202\220n\006\025\025\372\305%\271\306F\361\231"
  53      906E0615 
  53      15FAC525 
  53      B9C646F1 
  53      99
  54 0138 C5457AC9 		.ascii	"\305Ez\311\014\000\010\015}\377"
  54      0C00080D 
  54      7DFF
  55              		.text
  56              		.section	.gnu.lto_irqDeinit.3dd4aa51,"",%progbits
  57 0000 789C6363 		.ascii	"x\234cc``0fd`\260\001\322\322@\314\310\314\300\3104"
  57      60603066 
ARM GAS  C:\Users\hunter\AppData\Local\Temp\cc0SyOT2.s 			page 4


  57      6460B001 
  57      D2D240CC 
  57      C8CCC0C8 
  58 0015 E11C0343 		.ascii	"\341\034\003C#\007\023##\210\321\300\301\310P\317\304"
  58      23071323 
  58      2388D1C0 
  58      C1C850CF 
  58      C4
  59 0026 58CFD8C3 		.ascii	"X\317\330\303<\205\231\361P\373\263\235L\232\313\033"
  59      3C8599F1 
  59      50FBB39D 
  59      4C9ACB1B 
  60 0036 80E0C0F4 		.ascii	"\200\340\300\364?\\m\015\255\022s\230\031\030\246\001"
  60      3F5C6D0D 
  60      AD127398 
  60      1918A601 
  61 0046 3108306E 		.ascii	"1\0100nf\324d\000*{\264\361\337T^6\026\2108\343\026"
  61      66D46400 
  61      2A7BB4F1 
  61      DF545E36 
  61      168838E3 
  62 005b 463606A0 		.ascii	"F6\006\240\035\014\353/\261\036h\370\367\277\275\341"
  62      1D0CEB2F 
  62      B11E68F8 
  62      F7BFBDE1 
  63 006b C097458C 		.ascii	"\300\227E\214\263\275Y\031\030:\200\362@K\032\0160t"
  63      B3BD5919 
  63      183A80F2 
  63      404B1A0E 
  63      3074
  64 007d 32338158 		.ascii	"23\201X\315\007\030\3360\266,X>\215\031\254\013h\324"
  64      CD0718DE 
  64      30B62C58 
  64      3E8D19AC 
  64      0B68D4
  65 0090 CE9D6F6E 		.ascii	"\316\235on\263\327\377m\340\230\303\314\010\024\005"
  65      B3D7FF6D 
  65      E098C3CC 
  65      081405
  66 009f 1AB795B1 		.ascii	"\032\267\225\261\036$\361\357\365\303\327\274\335\314"
  66      1E24F1EF 
  66      F5C3D7BC 
  66      DDCC
  67 00ad 73989918 		.ascii	"s\230\231\030Y\031\2671\312\314af\006\353])\206[\353"
  67      5919B731 
  67      CACC6166 
  67      06EB5D29 
  67      865BEB
  68 00c0 7688D6A7 		.ascii	"v\210\326\247+\016?\346\202hec\334\201\320\272\026\217"
  68      2B0E3FE6 
  68      82686563 
  68      DC81D0BA 
  68      168F
  69 00d2 D69D10AD 		.ascii	"\326\235\020\255'OM_\301\003\321\312\316\270\013\242"
  69      274F4D5F 
  69      C103D1CA 
  69      CEB80BA2 
ARM GAS  C:\Users\hunter\AppData\Local\Temp\cc0SyOT2.s 			page 5


  70 00e2 F51D63D3 		.ascii	"\365\035c\323\202\355\323\030\301zA\240\003\250\001"
  70      82EDD318 
  70      C17A41A0 
  70      03A801
  71 00f1 E8172606 		.ascii	"\350\027&\006\006+==} J\316\310L\312\314/6\2640\322"
  71      062B3D3D 
  71      7D204ACE 
  71      C84CCACC 
  71      2F36B430 
  72 0106 CF2FD6CF 		.ascii	"\317/\326\317H\314\321/\310/*)\326\017\016\36156\202"
  72      48CCD12F 
  72      C82F2A29 
  72      D60F0EF1 
  72      353682
  73 0119 906E0615 		.ascii	"\220n\006\025\025\372\305%\271\306F\361\231\305Ez\311"
  73      15FAC525 
  73      B9C646F1 
  73      99C5457A 
  73      C9
  74 012a 0C0088F5 		.ascii	"\014\000\210\365w\000"
  74      7700
  75              		.text
  76              		.section	.gnu.lto_.symbol_nodes.3dd4aa51,"",%progbits
  77 0000 789C6363 		.ascii	"x\234cc``\250\000b\006\246\353\214\365\014\014\023\316"
  77      6060A800 
  77      6206A6EB 
  77      8CF50C0C 
  77      13CE
  78 0012 313000A9 		.ascii	"10\000\251]\015\216@\221\033\214\365\214(\"\2147\031"
  78      5D0D8E40 
  78      911B8CF5 
  78      8C28228C 
  78      3719
  79 0024 EB99C022 		.ascii	"\353\231\300\"\014\014\015\015\016@\201[\214\365\314"
  79      0C0C0D0D 
  79      0E40815B 
  79      8CF5CC
  80 0033 C802CC0C 		.ascii	"\310\002\314\014L\014K\036\374c\004\321G\240\364\023"
  80      4C0C4B1E 
  80      FC6304D1 
  80      47A0F413 
  81 0043 100D642D 		.ascii	"\020\015d-\201\322G\2404H\234\001\000\221\374!\317"
  81      81D247A0 
  81      34489C01 
  81      0091FC21 
  81      CF
  82              		.text
  83              		.section	.gnu.lto_.refs.3dd4aa51,"",%progbits
  84 0000 789C6363 		.ascii	"x\234cc```\004b\006\000\000D\000\010"
  84      60606004 
  84      62060000 
  84      440008
  85              		.text
  86              		.section	.gnu.lto_.decls.3dd4aa51,"",%progbits
  87 0000 789CAD53 		.ascii	"x\234\255S]lTE\024\236s\357R\332k\013\225\020\203\011"
  87      5D6C5445 
  87      149E73EF 
ARM GAS  C:\Users\hunter\AppData\Local\Temp\cc0SyOT2.s 			page 6


  87      52DA6B0B 
  87      95108309 
  88 0014 0F9BBE40 		.ascii	"\017\233\276@b\330\355\217\011?\017\004\303\217\372"
  88      62D8ED8F 
  88      093F0F04 
  88      C38FFA
  89 0023 501FFC7B 		.ascii	"P\037\374{\361&\313v\367Bo\262{/\354\275KJ\342\303\244"
  89      F126CB76 
  89      F7426FB2 
  89      7B2FECBD 
  89      4B4AE2C3 
  90 0038 082196A4 		.ascii	"\010!\226\244\230\324*KM\0126Z\244\301FEh\261t[l\267"
  90      98D42A4B 
  90      4D0A365A 
  90      A4C14645 
  90      68B1745B 
  91 004e DAADFD51 		.ascii	"\332\255\375Q $\320m\300\006\010&B#4\340\303rf\346\336"
  91      2024D06D 
  91      C0060826 
  91      422334E0 
  91      C37266E6 
  92 0063 EE565D1F 		.ascii	"\356V]\037\214\223;sf\316=\347\373\276\2319SD\0109\341"
  92      8C933B73 
  92      66CE3DE7 
  92      FBBE9939 
  92      53440839 
  93 0078 21A41F08 		.ascii	"!\244\037\010\351\304y\026\233\214v\000;\272H\037\021"
  93      E9C47916 
  93      9B8C7600 
  93      3BBA481F 
  93      11
  94 0089 0D43C810 		.ascii	"\015C\310\020\366\024\3664\366\011\362\367\326\004\""
  94      F614F634 
  94      F609F2F7 
  94      D60422
  95 0098 6E27F649 		.ascii	"n'\366I'w\324\371'9\371\351\177\310k\316\313\233r\362"
  95      2777D4F9 
  95      2739F9E9 
  95      7FC86BCE 
  95      CB9B72F2 
  96 00ac C6F3F252 		.ascii	"\306\363\362R\005\370Zd\2701r\352\264\334$\303\032\005"
  96      05F85A64 
  96      B83172EA 
  96      B4DC24C3 
  96      1A05
  97 00be 98F2E5E8 		.ascii	"\230\362\345\350\372\362\267\236\307e\302\305\"f/w\266"
  97      FAF2B79E 
  97      C765C2C5 
  97      22662F77 
  97      B6
  98 00cf 95C8129F 		.ascii	"\225\310\022\237\377>\225I\202\257\213\212V\374.\201"
  98      FF3E9549 
  98      82AF8B8A 
  98      56FC2E81 
  99 00df B320BB50 		.ascii	"\263 \273PS\315s\035K\345\355<p\362\275\3566\006\273"
  99      53CD731D 
  99      4BE5ED3C 
ARM GAS  C:\Users\hunter\AppData\Local\Temp\cc0SyOT2.s 			page 7


  99      70F2BDEE 
  99      3606BB
 100 00f2 42010F2E 		.ascii	"B\001\017.\037\214%n-\303\345J\005\274-\262\224\271"
 100      1F8C256E 
 100      2DC3E54A 
 100      05BC2DB2 
 100      94B9
 101 0104 F6E7F565 		.ascii	"\366\347\365e\240\254=Li#m?@K^!\320\003\253\341<\254"
 101      A0AC3D4C 
 101      69236D3F 
 101      404B5E21 
 101      D003ABE1 
 102 011a 267001D6 		.ascii	"&p\001\3262\352o\301G\340\033t~\215\316\317\030]2\225"
 102      32EA6FC1 
 102      47E01B74 
 102      7E8DCECF 
 102      185D3295 
 103 012e D87C6C8E 		.ascii	"\330|l\216R/\364\202\002\347@\3461x\312k\024!\340T\307"
 103      522FF482 
 103      02E740E6 
 103      3178CA6B 
 103      1421E054 
 104 0143 07278BE4 		.ascii	"\007'\213\344s\300\024H\027\216\317\016I\2058.\026\346"
 104      73C01448 
 104      178ECF0E 
 104      4985382E 
 104      16E6
 105 0155 385F317C 		.ascii	"8_1|\220R\011\372\220\343\273\034\007R2\203^$\352\031"
 105      905209FA 
 105      90E3BB1C 
 105      07523283 
 105      5E24EA19 
 106 0169 3C345996 		.ascii	"<4Y\226\201\033\200\207\013\345|\377\000bD\313:_g\335"
 106      811B8087 
 106      0BE57CFF 
 106      006244CB 
 106      3A5F67DD 
 107 017d 06C28F5E 		.ascii	"\006\302\217^I\030'\224-\334\024g\216\243\344`H..\377"
 107      49182794 
 107      2DDC1467 
 107      8EA3E460 
 107      482E2EFF 
 108 0191 1C00C847 		.ascii	"\034\000\310G\025\377\005\235\333\210\013/d\271yD@."
 108      15FF059D 
 108      DB880B2F 
 108      64B97944 
 108      402E
 109 01a3 26CB4B5A 		.ascii	"&\313KZ\244\225,\374^\220\231\333$8\327\335{\342\314"
 109      A4952CFC 
 109      5E9099DB 
 109      2438D7DD 
 109      7BE2CC
 110 01b6 6DCF0C4C 		.ascii	"m\317\014L\343z\007!G\213\243\334\333t\357I3\310m\242"
 110      E37A0721 
 110      478BA3DC 
 110      DB74EF49 
 110      33C86DA2 
ARM GAS  C:\Users\hunter\AppData\Local\Temp\cc0SyOT2.s 			page 8


 111 01ca 5C86B2F3 		.ascii	"\\\206\262\363\311\345\242\012$V \367\323\237<#\252"
 111      C9E5A20A 
 111      245620F7 
 111      D39F3C23 
 111      AA
 112 01db A01C975D 		.ascii	"\240\034\227]G\262-KV\265\262c?z\200\226K\260\3639\270"
 112      47B22D4B 
 112      56B5B263 
 112      3F7A8096 
 112      4BB0F339 
 113 01f0 84973188 		.ascii	"\204\2271\210\227A\340{X\205\243\341\021d\231\326\304"
 113      9741E07B 
 113      5885A3E1 
 113      116499D6 
 113      C4
 114 0201 6C51453B 		.ascii	"lQE;m\237\241\311\333i\357\027\351Ct\002\363\266\360"
 114      6D9FA1C9 
 114      DB69EF17 
 114      E9437402 
 114      F3B6F0
 115 0214 3818C8DD 		.ascii	"8\030\310\335\323\000\253GH\302\014@?dP\371\020T`\376"
 115      D300AB47 
 115      48C20C40 
 115      3F6450F9 
 115      105460FE 
 116 0228 9D5F1FFD 		.ascii	"\235_\037\375\241\310\031!\353\343\256\361+.\330\334"
 116      A1C81921 
 116      EBE3AEF1 
 116      2B2ED8DC 
 117 0238 0B099A6C 		.ascii	"\013\011\232l\244\354\306\031\322p\016i\370\257H)\216"
 117      A4ECC619 
 117      D2700E69 
 117      F8AF4829 
 117      8E
 118 0249 74FC979B 		.ascii	"t\374\227\233\237J\362]\201\224\352<;\000\036I\024\006"
 118      9F4AF25D 
 118      8194EA3C 
 118      3B001E49 
 118      1406
 119 025b 138BBED1 		.ascii	"\023\213\276\321\371\317\373=\013\276\037\200;\037\\"
 119      F9CFFB3D 
 119      0BBE1F80 
 119      3B1F5C
 120 026a 9C6E950A 		.ascii	"\234n\225\012\356u\224\357\365Gp6\333\361U\333\351R"
 120      EE7594EF 
 120      F5477036 
 120      DBF155DB 
 120      E952
 121 027c D43783F5 		.ascii	"\3247\203\365x5\263\341X\367\035zX\341Q0\222\3237\342"
 121      7835B3E1 
 121      58F71D7A 
 121      58E15130 
 121      92D337E2 
 122 0290 BC3C4873 		.ascii	"\274<Hs]\227\247\373\356\313\362\031\271\240\256\217"
 122      5D97A7FB 
 122      EECBF219 
 122      B9A0AE8F 
ARM GAS  C:\Users\hunter\AppData\Local\Temp\cc0SyOT2.s 			page 9


 123 02a0 7E3ED95B 		.ascii	"~>\331[VP\3028\227\360\223+\241\375\341|\245\243\340"
 123      5650C238 
 123      97F0932B 
 123      A1FDE17C 
 123      A5A3E0
 124 02b3 C9F3093A 		.ascii	"\311\363\011:(\261\000\030\313\261\217\271\354\023\234"
 124      28B10018 
 124      CBB18FB9 
 124      EC139C
 125 02c2 3DD1D87D 		.ascii	"=\321\330}\263\250\364\375\205\267\306\305\272\317\215"
 125      B3A8F4FD 
 125      85B7C6C5 
 125      BACF8D
 126 02d1 C02494F2 		.ascii	"\300$\224\362`\264\030\374av\376\326\222\374\340\361"
 126      60B418FC 
 126      6176FED6 
 126      92FCE0F1 
 127 02e1 45C1534E 		.ascii	"E\301SN0\263\033}>?~\241z\275N7\255\252\015\325~\323"
 127      30B31B7D 
 127      3E3F7EA1 
 127      7ABD4E37 
 127      ADAA0DD5 
 128 02f7 F2D70723 		.ascii	"\362\327\007#\376=f\314\266\374o\274Y[S-\306\035\225"
 128      FE3D66CC 
 128      B6FC6FBC 
 128      595B532D 
 128      C61D95
 129 030a 0D0D7ECB 		.ascii	"\015\015~\313\216\326T\007t+\346\013\025\277\374\332"
 129      8ED65407 
 129      742BE60B 
 129      15BFFCDA 
 130 031a 5BDEAD55 		.ascii	"[\336\255UUD\011\004\342\272a\243\337\336\025\332\244"
 130      55440904 
 130      E2BA61A3 
 130      DFDE15DA 
 130      A4
 131 032b 7228CB8E 		.ascii	"r(\313\216\207uS\265M3b\251\273\215\270\227\317\274"
 131      877553B5 
 131      4D3362A9 
 131      BB8DB897 
 131      CFBC
 132 033d C158D4AB 		.ascii	"\301X\324\253E\353\264pX\013\253\353}\225\336\352\312"
 132      45EBB470 
 132      580BABEB 
 132      7D95DEEA 
 132      CA
 133 034e AAF57B5F 		.ascii	"\252\365{_T\321\277\3160\015m\235\026\254\323U\335\010"
 133      54D1BFCE 
 133      300D6D9D 
 133      16ACD355 
 133      DD08
 134 0360 45E2614D 		.ascii	"E\342aM\215\006\021\313\320\324@X\333\025\214G\354\200"
 134      8D0611CB 
 134      D0D44058 
 134      DB158C47 
 134      EC80
 135 0372 BD7F8F66 		.ascii	"\275\177\217f\371\352I\261\313\367\316\377\312g\355"
ARM GAS  C:\Users\hunter\AppData\Local\Temp\cc0SyOT2.s 			page 10


 135      F9EA49B1 
 135      CBF7CEFF 
 135      CA67ED
 136 0381 B7D48065 		.ascii	"\267\324\200e\207\021\034I\226\352\261\275\257\032\272"
 136      87111C49 
 136      96EAB1BD 
 136      AF1ABA
 137 0390 BDE93F9F 		.ascii	"\275\351?\237\020)A\210m\232\216 \345\306>=\264\335"
 137      10294188 
 137      6D9A8E20 
 137      E5C63E3D 
 137      B4DD
 138 03a2 08D645B4 		.ascii	"\010\326E\264\267\265\220m\306j\376\0355dF\243\246\341"
 138      B7B5906D 
 138      C66AFE1D 
 138      356446A3 
 138      A6E1
 139 03b4 7FE9F5DA 		.ascii	"\177\351\365\332\255\265\015~\226\214\212\236ev\233"
 139      ADB50D7E 
 139      968C8A9E 
 139      65769B
 140 03c3 6EE5509E 		.ascii	"n\345P\236\002\235\250\341\250"
 140      029DA8E1 
 140      A8
 141              		.text
 142              		.section	.gnu.lto_.symtab.3dd4aa51,"",%progbits
 143 0000 69727149 		.ascii	"irqInit\000"
 143      6E697400 
 144 0008 00       		.ascii	"\000"
 145 0009 00       		.ascii	"\000"
 146 000a 00       		.ascii	"\000"
 147 000b 00000000 		.ascii	"\000\000\000\000\000\000\000\000"
 147      00000000 
 148 0013 C5000000 		.ascii	"\305\000\000\000"
 149 0017 69727144 		.ascii	"irqDeinit\000"
 149      65696E69 
 149      7400
 150 0021 00       		.ascii	"\000"
 151 0022 00       		.ascii	"\000"
 152 0023 00       		.ascii	"\000"
 153 0024 00000000 		.ascii	"\000\000\000\000\000\000\000\000"
 153      00000000 
 154 002c C7000000 		.ascii	"\307\000\000\000"
 155 0030 6E766963 		.ascii	"nvicEnableVector\000"
 155      456E6162 
 155      6C655665 
 155      63746F72 
 155      00
 156 0041 00       		.ascii	"\000"
 157 0042 02       		.ascii	"\002"
 158 0043 00       		.ascii	"\000"
 159 0044 00000000 		.ascii	"\000\000\000\000\000\000\000\000"
 159      00000000 
 160 004c CC000000 		.ascii	"\314\000\000\000"
 161 0050 6E766963 		.ascii	"nvicDisableVector\000"
 161      44697361 
 161      626C6556 
ARM GAS  C:\Users\hunter\AppData\Local\Temp\cc0SyOT2.s 			page 11


 161      6563746F 
 161      7200
 162 0062 00       		.ascii	"\000"
 163 0063 02       		.ascii	"\002"
 164 0064 00       		.ascii	"\000"
 165 0065 00000000 		.ascii	"\000\000\000\000\000\000\000\000"
 165      00000000 
 166 006d D0000000 		.ascii	"\320\000\000\000"
 167              		.text
 168              		.section	.gnu.lto_.opts,"",%progbits
 169 0000 272D666D 		.ascii	"'-fmath-errno' '-fsigned-zeros' '-ftrapping-math' '"
 169      6174682D 
 169      6572726E 
 169      6F272027 
 169      2D667369 
 170 0033 2D666E6F 		.ascii	"-fno-trapv' '-fno-openmp' '-fno-openacc' '-mcpu=cor"
 170      2D747261 
 170      70762720 
 170      272D666E 
 170      6F2D6F70 
 171 0066 7465782D 		.ascii	"tex-m0' '-mno-thumb-interwork' '-mthumb' '-O2' '-fo"
 171      6D302720 
 171      272D6D6E 
 171      6F2D7468 
 171      756D622D 
 172 0099 6D69742D 		.ascii	"mit-frame-pointer' '-falign-functions=16' '-ffuncti"
 172      6672616D 
 172      652D706F 
 172      696E7465 
 172      72272027 
 173 00cc 6F6E2D73 		.ascii	"on-sections' '-fdata-sections' '-fno-common' '-flto"
 173      65637469 
 173      6F6E7327 
 173      20272D66 
 173      64617461 
 174 00ff 2700     		.ascii	"'\000"
 175              		.text
 176              		.comm	__gnu_lto_v1,1,1
 177              		.comm	__gnu_lto_slim,1,1
 178              		.ident	"GCC: (GNU Tools for Arm Embedded Processors 7-2017-q4-major) 7.2.1 20170904 (release) [ARM
ARM GAS  C:\Users\hunter\AppData\Local\Temp\cc0SyOT2.s 			page 12


DEFINED SYMBOLS
                            *ABS*:00000000 stm32_isr.c
                            *COM*:00000001 __gnu_lto_v1
                            *COM*:00000001 __gnu_lto_slim

NO UNDEFINED SYMBOLS
